38.0 APEX_CODE,FINEST;APEX_PROFILING,INFO;CALLOUT,INFO;DB,INFO;NBA,INFO;SYSTEM,DEBUG;VALIDATION,INFO;VISUALFORCE,INFO;WAVE,INFO;WORKFLOW,INFO
17:01:15.0 (93803)|USER_INFO|[EXTERNAL]|0056F000008202z|s023879@au-portal.local.fullsand|日本標準時|GMT+09:00
17:01:15.0 (140711)|EXECUTION_STARTED
17:01:15.0 (146871)|CODE_UNIT_STARTED|[EXTERNAL]|0666F000006TarA|VF: /apex/auSwitchScreenPage
17:01:15.0 (24868151)|SYSTEM_MODE_ENTER|true
17:01:15.0 (25171191)|VARIABLE_SCOPE_BEGIN|[25]|auMainTopCompCtrl.TYPE_SCREEN_ACCOUNT_LIST|Integer|false|true
17:01:15.0 (25185604)|VARIABLE_SCOPE_BEGIN|[26]|auMainTopCompCtrl.TYPE_SCREEN_ACTIVITY_LIST|Integer|false|true
17:01:15.0 (25193919)|VARIABLE_SCOPE_BEGIN|[7]|auMainTopCompCtrl.TYPE_SCREEN_CX_SCREEN|Integer|false|true
17:01:15.0 (25200541)|VARIABLE_SCOPE_BEGIN|[8]|auMainTopCompCtrl.TYPE_SCREEN_CX_TIMELINE|Integer|false|true
17:01:15.0 (25207727)|VARIABLE_SCOPE_BEGIN|[9]|auMainTopCompCtrl.TYPE_SCREEN_EVENT_SCHEDULE|Integer|false|true
17:01:15.0 (25215044)|VARIABLE_SCOPE_BEGIN|[10]|auMainTopCompCtrl.TYPE_SCREEN_EVENT_SCHEDULE_LIST|Integer|false|true
17:01:15.0 (25222280)|VARIABLE_SCOPE_BEGIN|[27]|auMainTopCompCtrl.TYPE_SCREEN_FILE_LIST|Integer|false|true
17:01:15.0 (25228506)|VARIABLE_SCOPE_BEGIN|[24]|auMainTopCompCtrl.TYPE_SCREEN_HONBU_DIRECT|Integer|false|true
17:01:15.0 (25234803)|VARIABLE_SCOPE_BEGIN|[11]|auMainTopCompCtrl.TYPE_SCREEN_KNOWLEDGE_DASHBOARD|Integer|false|true
17:01:15.0 (25241851)|VARIABLE_SCOPE_BEGIN|[12]|auMainTopCompCtrl.TYPE_SCREEN_KNOWLEDGE_LIST|Integer|false|true
17:01:15.0 (25248261)|VARIABLE_SCOPE_BEGIN|[15]|auMainTopCompCtrl.TYPE_SCREEN_SA_CHATTER|Integer|false|true
17:01:15.0 (25254427)|VARIABLE_SCOPE_BEGIN|[16]|auMainTopCompCtrl.TYPE_SCREEN_SA_DAILYREPORT|Integer|false|true
17:01:15.0 (25260773)|VARIABLE_SCOPE_BEGIN|[22]|auMainTopCompCtrl.TYPE_SCREEN_SA_DAILYREPORTLIST|Integer|false|true
17:01:15.0 (25279524)|VARIABLE_SCOPE_BEGIN|[18]|auMainTopCompCtrl.TYPE_SCREEN_SA_DOCUMENTS|Integer|false|true
17:01:15.0 (25287765)|VARIABLE_SCOPE_BEGIN|[17]|auMainTopCompCtrl.TYPE_SCREEN_SA_ENQUETE|Integer|false|true
17:01:15.0 (25295131)|VARIABLE_SCOPE_BEGIN|[20]|auMainTopCompCtrl.TYPE_SCREEN_SA_LINKS|Integer|false|true
17:01:15.0 (25302516)|VARIABLE_SCOPE_BEGIN|[13]|auMainTopCompCtrl.TYPE_SCREEN_SA_MESSAGES|Integer|false|true
17:01:15.0 (25310171)|VARIABLE_SCOPE_BEGIN|[19]|auMainTopCompCtrl.TYPE_SCREEN_SA_RANKING|Integer|false|true
17:01:15.0 (25317423)|VARIABLE_SCOPE_BEGIN|[14]|auMainTopCompCtrl.TYPE_SCREEN_SA_REPORTS|Integer|false|true
17:01:15.0 (25324636)|VARIABLE_SCOPE_BEGIN|[23]|auMainTopCompCtrl.TYPE_SCREEN_SA_TODO|Integer|false|true
17:01:15.0 (25331344)|VARIABLE_SCOPE_BEGIN|[21]|auMainTopCompCtrl.TYPE_SCREEN_SA_USRSETTINGS|Integer|false|true
17:01:15.0 (25338067)|VARIABLE_SCOPE_BEGIN|[4]|auMainTopCompCtrl.TYPE_SCREEN_STPD_EVENT|Integer|false|true
17:01:15.0 (25345086)|VARIABLE_SCOPE_BEGIN|[6]|auMainTopCompCtrl.TYPE_SCREEN_STPD_SCREEN|Integer|false|true
17:01:15.0 (25352296)|VARIABLE_SCOPE_BEGIN|[5]|auMainTopCompCtrl.TYPE_SCREEN_STPD_TIMELINE|Integer|false|true
17:01:15.0 (25358975)|VARIABLE_SCOPE_BEGIN|[3]|auMainTopCompCtrl.TYPE_SCREEN_SWITCH|Integer|false|true
17:01:15.0 (25480614)|HEAP_ALLOCATE|[72]|Bytes:3
17:01:15.0 (25523158)|HEAP_ALLOCATE|[77]|Bytes:152
17:01:15.0 (25535455)|HEAP_ALLOCATE|[342]|Bytes:408
17:01:15.0 (25547722)|HEAP_ALLOCATE|[355]|Bytes:408
17:01:15.0 (25559547)|HEAP_ALLOCATE|[467]|Bytes:48
17:01:15.0 (25585247)|HEAP_ALLOCATE|[139]|Bytes:6
17:01:15.0 (25599288)|HEAP_ALLOCATE|[EXTERNAL]|Bytes:284
17:01:15.0 (25622959)|HEAP_ALLOCATE|[EXTERNAL]|Bytes:160
17:01:15.0 (25647784)|METHOD_ENTRY|[1]|01p6F0000084OtI|auMainTopCompCtrl.auMainTopCompCtrl()
17:01:15.0 (25655376)|STATEMENT_EXECUTE|[1]
17:01:15.0 (25660180)|STATEMENT_EXECUTE|[1]
17:01:15.0 (25661911)|STATEMENT_EXECUTE|[3]
17:01:15.0 (25666907)|HEAP_ALLOCATE|[3]|Bytes:4
17:01:15.0 (25694798)|VARIABLE_ASSIGNMENT|[3]|auMainTopCompCtrl.TYPE_SCREEN_SWITCH|0
17:01:15.0 (25700345)|STATEMENT_EXECUTE|[4]
17:01:15.0 (25703495)|HEAP_ALLOCATE|[4]|Bytes:4
17:01:15.0 (25712222)|VARIABLE_ASSIGNMENT|[4]|auMainTopCompCtrl.TYPE_SCREEN_STPD_EVENT|11
17:01:15.0 (25717175)|STATEMENT_EXECUTE|[5]
17:01:15.0 (25719569)|HEAP_ALLOCATE|[5]|Bytes:4
17:01:15.0 (25726274)|VARIABLE_ASSIGNMENT|[5]|auMainTopCompCtrl.TYPE_SCREEN_STPD_TIMELINE|12
17:01:15.0 (25734803)|STATEMENT_EXECUTE|[6]
17:01:15.0 (25737213)|HEAP_ALLOCATE|[6]|Bytes:4
17:01:15.0 (25745222)|VARIABLE_ASSIGNMENT|[6]|auMainTopCompCtrl.TYPE_SCREEN_STPD_SCREEN|13
17:01:15.0 (25750706)|STATEMENT_EXECUTE|[7]
17:01:15.0 (25752917)|HEAP_ALLOCATE|[7]|Bytes:4
17:01:15.0 (25759995)|VARIABLE_ASSIGNMENT|[7]|auMainTopCompCtrl.TYPE_SCREEN_CX_SCREEN|21
17:01:15.0 (25764262)|STATEMENT_EXECUTE|[8]
17:01:15.0 (25766372)|HEAP_ALLOCATE|[8]|Bytes:4
17:01:15.0 (25772052)|VARIABLE_ASSIGNMENT|[8]|auMainTopCompCtrl.TYPE_SCREEN_CX_TIMELINE|22
17:01:15.0 (25775493)|STATEMENT_EXECUTE|[9]
17:01:15.0 (25777611)|HEAP_ALLOCATE|[9]|Bytes:4
17:01:15.0 (25783161)|VARIABLE_ASSIGNMENT|[9]|auMainTopCompCtrl.TYPE_SCREEN_EVENT_SCHEDULE|31
17:01:15.0 (25787498)|STATEMENT_EXECUTE|[10]
17:01:15.0 (25789912)|HEAP_ALLOCATE|[10]|Bytes:4
17:01:15.0 (25796021)|VARIABLE_ASSIGNMENT|[10]|auMainTopCompCtrl.TYPE_SCREEN_EVENT_SCHEDULE_LIST|32
17:01:15.0 (25799550)|STATEMENT_EXECUTE|[11]
17:01:15.0 (25801889)|HEAP_ALLOCATE|[11]|Bytes:4
17:01:15.0 (25807978)|VARIABLE_ASSIGNMENT|[11]|auMainTopCompCtrl.TYPE_SCREEN_KNOWLEDGE_DASHBOARD|41
17:01:15.0 (25811355)|STATEMENT_EXECUTE|[12]
17:01:15.0 (25813481)|HEAP_ALLOCATE|[12]|Bytes:4
17:01:15.0 (25819383)|VARIABLE_ASSIGNMENT|[12]|auMainTopCompCtrl.TYPE_SCREEN_KNOWLEDGE_LIST|42
17:01:15.0 (25823489)|STATEMENT_EXECUTE|[13]
17:01:15.0 (25825647)|HEAP_ALLOCATE|[13]|Bytes:4
17:01:15.0 (25831794)|VARIABLE_ASSIGNMENT|[13]|auMainTopCompCtrl.TYPE_SCREEN_SA_MESSAGES|51
17:01:15.0 (25835064)|STATEMENT_EXECUTE|[14]
17:01:15.0 (25837202)|HEAP_ALLOCATE|[14]|Bytes:4
17:01:15.0 (25843467)|VARIABLE_ASSIGNMENT|[14]|auMainTopCompCtrl.TYPE_SCREEN_SA_REPORTS|52
17:01:15.0 (25847213)|STATEMENT_EXECUTE|[15]
17:01:15.0 (25849745)|HEAP_ALLOCATE|[15]|Bytes:4
17:01:15.0 (25855659)|VARIABLE_ASSIGNMENT|[15]|auMainTopCompCtrl.TYPE_SCREEN_SA_CHATTER|53
17:01:15.0 (25858958)|STATEMENT_EXECUTE|[16]
17:01:15.0 (25860988)|HEAP_ALLOCATE|[16]|Bytes:4
17:01:15.0 (25867023)|VARIABLE_ASSIGNMENT|[16]|auMainTopCompCtrl.TYPE_SCREEN_SA_DAILYREPORT|54
17:01:15.0 (25870346)|STATEMENT_EXECUTE|[17]
17:01:15.0 (25872461)|HEAP_ALLOCATE|[17]|Bytes:4
17:01:15.0 (25879444)|VARIABLE_ASSIGNMENT|[17]|auMainTopCompCtrl.TYPE_SCREEN_SA_ENQUETE|55
17:01:15.0 (25882721)|STATEMENT_EXECUTE|[18]
17:01:15.0 (25884879)|HEAP_ALLOCATE|[18]|Bytes:4
17:01:15.0 (25891396)|VARIABLE_ASSIGNMENT|[18]|auMainTopCompCtrl.TYPE_SCREEN_SA_DOCUMENTS|56
17:01:15.0 (25895390)|STATEMENT_EXECUTE|[19]
17:01:15.0 (25897564)|HEAP_ALLOCATE|[19]|Bytes:4
17:01:15.0 (25903916)|VARIABLE_ASSIGNMENT|[19]|auMainTopCompCtrl.TYPE_SCREEN_SA_RANKING|57
17:01:15.0 (25907725)|STATEMENT_EXECUTE|[20]
17:01:15.0 (25910113)|HEAP_ALLOCATE|[20]|Bytes:4
17:01:15.0 (25916271)|VARIABLE_ASSIGNMENT|[20]|auMainTopCompCtrl.TYPE_SCREEN_SA_LINKS|58
17:01:15.0 (25920775)|STATEMENT_EXECUTE|[21]
17:01:15.0 (25923247)|HEAP_ALLOCATE|[21]|Bytes:4
17:01:15.0 (25929678)|VARIABLE_ASSIGNMENT|[21]|auMainTopCompCtrl.TYPE_SCREEN_SA_USRSETTINGS|59
17:01:15.0 (25933729)|STATEMENT_EXECUTE|[22]
17:01:15.0 (25935912)|HEAP_ALLOCATE|[22]|Bytes:4
17:01:15.0 (25942409)|VARIABLE_ASSIGNMENT|[22]|auMainTopCompCtrl.TYPE_SCREEN_SA_DAILYREPORTLIST|60
17:01:15.0 (25946385)|STATEMENT_EXECUTE|[23]
17:01:15.0 (25948536)|HEAP_ALLOCATE|[23]|Bytes:4
17:01:15.0 (25954517)|VARIABLE_ASSIGNMENT|[23]|auMainTopCompCtrl.TYPE_SCREEN_SA_TODO|61
17:01:15.0 (25958445)|STATEMENT_EXECUTE|[24]
17:01:15.0 (25960723)|HEAP_ALLOCATE|[24]|Bytes:4
17:01:15.0 (25966312)|VARIABLE_ASSIGNMENT|[24]|auMainTopCompCtrl.TYPE_SCREEN_HONBU_DIRECT|71
17:01:15.0 (25969977)|STATEMENT_EXECUTE|[25]
17:01:15.0 (25972302)|HEAP_ALLOCATE|[25]|Bytes:4
17:01:15.0 (25977801)|VARIABLE_ASSIGNMENT|[25]|auMainTopCompCtrl.TYPE_SCREEN_ACCOUNT_LIST|81
17:01:15.0 (25981170)|STATEMENT_EXECUTE|[26]
17:01:15.0 (25983285)|HEAP_ALLOCATE|[26]|Bytes:4
17:01:15.0 (25988475)|VARIABLE_ASSIGNMENT|[26]|auMainTopCompCtrl.TYPE_SCREEN_ACTIVITY_LIST|82
17:01:15.0 (25992343)|STATEMENT_EXECUTE|[27]
17:01:15.0 (25994359)|HEAP_ALLOCATE|[27]|Bytes:4
17:01:15.0 (26001716)|VARIABLE_ASSIGNMENT|[27]|auMainTopCompCtrl.TYPE_SCREEN_FILE_LIST|83
17:01:15.0 (26026304)|METHOD_EXIT|[1]|auMainTopCompCtrl
17:01:15.0 (26096639)|HEAP_ALLOCATE|[EXTERNAL]|Bytes:44
17:01:15.0 (26105106)|VARIABLE_SCOPE_BEGIN|[48]|this|auMainTopCompCtrl|true|false
17:01:15.0 (26160301)|VARIABLE_ASSIGNMENT|[48]|this|{}|0x6863e15c
17:01:15.0 (26169738)|STATEMENT_EXECUTE|[1]
17:01:15.0 (26171488)|STATEMENT_EXECUTE|[29]
17:01:15.0 (26173406)|STATEMENT_EXECUTE|[30]
17:01:15.0 (26174913)|STATEMENT_EXECUTE|[31]
17:01:15.0 (26176694)|STATEMENT_EXECUTE|[34]
17:01:15.0 (26178071)|STATEMENT_EXECUTE|[35]
17:01:15.0 (26179498)|STATEMENT_EXECUTE|[36]
17:01:15.0 (26180885)|STATEMENT_EXECUTE|[38]
17:01:15.0 (26182318)|STATEMENT_EXECUTE|[39]
17:01:15.0 (26183688)|STATEMENT_EXECUTE|[41]
17:01:15.0 (26185081)|STATEMENT_EXECUTE|[46]
17:01:15.0 (26214639)|HEAP_ALLOCATE|[50]|Bytes:5
17:01:15.0 (26234668)|HEAP_ALLOCATE|[56]|Bytes:5
17:01:15.0 (26242903)|HEAP_ALLOCATE|[64]|Bytes:7
17:01:15.0 (26258043)|HEAP_ALLOCATE|[46]|Bytes:5
17:01:15.0 (26278396)|VARIABLE_ASSIGNMENT|[46]|this.isSAUser|false|0x6863e15c
17:01:15.0 (26287540)|HEAP_ALLOCATE|[46]|Bytes:6
17:01:15.0 (26337477)|STATEMENT_EXECUTE|[48]
17:01:15.0 (26339919)|STATEMENT_EXECUTE|[49]
17:01:15.0 (26469211)|VARIABLE_ASSIGNMENT|[EXTERNAL]|this|{"isSAUser":false}|0x6863e15c
17:01:15.0 (26481612)|VARIABLE_ASSIGNMENT|[EXTERNAL]|value|0
17:01:15.0 (26488132)|HEAP_ALLOCATE|[34]|Bytes:4
17:01:15.0 (26496979)|VARIABLE_ASSIGNMENT|[34]|this.iTypeOfScreen|0|0x6863e15c
17:01:15.0 (26508041)|STATEMENT_EXECUTE|[51]
17:01:15.0 (27819787)|HEAP_ALLOCATE|[51]|Bytes:136
17:01:15.0 (27939700)|VARIABLE_ASSIGNMENT|[EXTERNAL]|this|{"isSAUser":false,"iTypeOfScreen":0}|0x6863e15c
17:01:15.0 (27955718)|VARIABLE_ASSIGNMENT|[EXTERNAL]|value|"https://au-portal.li (90 more) ..."
17:01:15.0 (27984417)|VARIABLE_ASSIGNMENT|[39]|this.urlReportsSFA|"https://au-portal.li (90 more) ..."|0x6863e15c
17:01:15.0 (28000546)|STATEMENT_EXECUTE|[53]
17:01:15.0 (28009755)|HEAP_ALLOCATE|[53]|Bytes:202
17:01:15.0 (28029315)|HEAP_ALLOCATE|[53]|Bytes:4
17:01:15.0 (28040986)|HEAP_ALLOCATE|[53]|Bytes:7
17:01:15.0 (28074599)|HEAP_ALLOCATE|[58]|Bytes:89
17:01:15.0 (28084704)|SYSTEM_METHOD_ENTRY|[1]|UserInfo.UserInfo()
17:01:15.0 (28088957)|STATEMENT_EXECUTE|[1]
17:01:15.0 (28094923)|SYSTEM_METHOD_EXIT|[1]|UserInfo
17:01:15.0 (28105910)|METHOD_ENTRY|[58]||System.UserInfo.getUserId()
17:01:15.0 (28141742)|METHOD_EXIT|[58]||System.UserInfo.getUserId()
17:01:15.0 (31576256)|SOQL_EXECUTE_BEGIN|[53]|Aggregations:0|SELECT SmallPhotoUrl, Account.Name, Account.RegionalOfficeId__r.RegionalOfficeName__c, Account.BranchId__r.BranchName__c, Name, Department, UserRole.Name, Profile.Name FROM User WHERE User.ID = :tmpVar1
17:01:15.0 (58439184)|SOQL_EXECUTE_END|[53]|Rows:1
17:01:15.0 (58472152)|HEAP_ALLOCATE|[53]|Bytes:8
17:01:15.0 (58504021)|HEAP_ALLOCATE|[53]|Bytes:278
17:01:15.0 (58570953)|HEAP_ALLOCATE|[53]|Bytes:8
17:01:15.0 (58590461)|HEAP_ALLOCATE|[53]|Bytes:30
17:01:15.0 (58628960)|HEAP_ALLOCATE|[53]|Bytes:36
17:01:15.0 (58740496)|VARIABLE_ASSIGNMENT|[EXTERNAL]|this|{"isSAUser":false,"iTypeOfScreen":0,"urlReportsSFA":"https://au-portal.li (90 more) ..."}|0x6863e15c
17:01:15.0 (58777370)|VARIABLE_ASSIGNMENT|[EXTERNAL]|value|{"SmallPhotoUrl":"/profilephoto/005/T","Name":"高橋 賢悦","Department":"東北量販支店","UserRoleId":"00E6F000001edMbUAI","ProfileId":"00e6F000002FIslQAG","Id":"0056F000008202zQAA","UserRole":{"Name":"W060 - 東北量販支店","Id":"00E6F000001edMbUAI"},"Profile":{"Name":"KDDI - 支店","Id":"00e6F000002FIslQAG"}}|0x44c4dedf
17:01:15.0 (58812336)|VARIABLE_ASSIGNMENT|[38]|this.currentUser|{"SmallPhotoUrl":"/profilephoto/005/T","Name":"高橋 賢悦","Department":"東北量販支店","UserRoleId":"00E6F000001edMbUAI","ProfileId":"00e6F000002FIslQAG","Id":"0056F000008202zQAA","UserRole":{"Name":"W060 - 東北量販支店","Id":"00E6F000001edMbUAI"},"Profile":{"Name":"KDDI - 支店","Id":"00e6F000002FIslQAG"}}|0x6863e15c
17:01:15.0 (58828500)|STATEMENT_EXECUTE|[60]
17:01:15.0 (58889783)|VARIABLE_ASSIGNMENT|[EXTERNAL]|this|{"currentUser":"0x44c4dedf","isSAUser":false,"iTypeOfScreen":0,"urlReportsSFA":"https://au-portal.li (90 more) ..."}|0x6863e15c
17:01:15.0 (59175157)|VARIABLE_SCOPE_BEGIN|[131]|auConstantCmn.ACCESS_TYPE_KDDI|String|false|true
17:01:15.0 (59204727)|VARIABLE_SCOPE_BEGIN|[130]|auConstantCmn.ACCESS_TYPE_SA|String|false|true
17:01:15.0 (59213244)|VARIABLE_SCOPE_BEGIN|[132]|auConstantCmn.ACCESS_TYPE_SHOP|String|false|true
17:01:15.0 (59221243)|VARIABLE_SCOPE_BEGIN|[56]|auConstantCmn.ACCOUNT_CHANNEL_DAIRITEN|String|false|true
17:01:15.0 (59229554)|VARIABLE_SCOPE_BEGIN|[54]|auConstantCmn.ACCOUNT_CHANNEL_SHOP|String|false|true
17:01:15.0 (59237531)|VARIABLE_SCOPE_BEGIN|[55]|auConstantCmn.ACCOUNT_CHANNEL_UNEIHOJIN|String|false|true
17:01:15.0 (59245374)|VARIABLE_SCOPE_BEGIN|[107]|auConstantCmn.CX_KNOWLEDGE_SHARING_NATIONAL|String|false|true
17:01:15.0 (59252924)|VARIABLE_SCOPE_BEGIN|[106]|auConstantCmn.CX_KNOWLEDGE_SHARING_REGIONAL_OFFICE|String|false|true
17:01:15.0 (59268354)|VARIABLE_SCOPE_BEGIN|[112]|auConstantCmn.CX_KNOWLEDGE_STATUS_APPROVED|String|false|true
17:01:15.0 (59276945)|VARIABLE_SCOPE_BEGIN|[113]|auConstantCmn.CX_KNOWLEDGE_STATUS_NATIONAL_APPROVED|String|false|true
17:01:15.0 (59285052)|VARIABLE_SCOPE_BEGIN|[114]|auConstantCmn.CX_KNOWLEDGE_STATUS_REJECTED|String|false|true
17:01:15.0 (59292427)|VARIABLE_SCOPE_BEGIN|[111]|auConstantCmn.CX_KNOWLEDGE_STATUS_SAVED|String|false|true
17:01:15.0 (59301438)|VARIABLE_SCOPE_BEGIN|[110]|auConstantCmn.CX_KNOWLEDGE_STATUS_TEMPORARY_SAVED|String|false|true
17:01:15.0 (59308787)|VARIABLE_SCOPE_BEGIN|[20]|auConstantCmn.FORGOT_PASSWORD_ERR_MESSAGE001|String|false|true
17:01:15.0 (59315638)|VARIABLE_SCOPE_BEGIN|[127]|auConstantCmn.HONBU_DIRECT_DETAIL_TYPE_FAVORITE|String|false|true
17:01:15.0 (59322732)|VARIABLE_SCOPE_BEGIN|[126]|auConstantCmn.HONBU_DIRECT_DETAIL_TYPE_READ|String|false|true
17:01:15.0 (59329752)|VARIABLE_SCOPE_BEGIN|[118]|auConstantCmn.KDDI_KNOWLEDGE_STATUS_SAVED|String|false|true
17:01:15.0 (59337089)|VARIABLE_SCOPE_BEGIN|[117]|auConstantCmn.KDDI_KNOWLEDGE_STATUS_TEMPORARY_SAVED|String|false|true
17:01:15.0 (59344045)|VARIABLE_SCOPE_BEGIN|[14]|auConstantCmn.LOGIN_ERR_MESSAGE001|String|false|true
17:01:15.0 (59351142)|VARIABLE_SCOPE_BEGIN|[15]|auConstantCmn.LOGIN_ERR_MESSAGE002|String|false|true
17:01:15.0 (59357738)|VARIABLE_SCOPE_BEGIN|[16]|auConstantCmn.LOGIN_ERR_MESSAGE003|String|false|true
17:01:15.0 (59365465)|VARIABLE_SCOPE_BEGIN|[17]|auConstantCmn.LOGIN_ERR_MESSAGE004|String|false|true
17:01:15.0 (59373493)|VARIABLE_SCOPE_BEGIN|[93]|auConstantCmn.PAGE_ALIAS_SHOP_CX|String|false|true
17:01:15.0 (59380842)|VARIABLE_SCOPE_BEGIN|[84]|auConstantCmn.PAGE_ALIAS_SHOP_EVENTS|String|false|true
17:01:15.0 (59388008)|VARIABLE_SCOPE_BEGIN|[70]|auConstantCmn.PAGE_ALIAS_SHOP_FORGOTPW|String|false|true
17:01:15.0 (59396020)|VARIABLE_SCOPE_BEGIN|[74]|auConstantCmn.PAGE_ALIAS_SHOP_FORGOTPWCOMP|String|false|true
17:01:15.0 (59404978)|VARIABLE_SCOPE_BEGIN|[81]|auConstantCmn.PAGE_ALIAS_SHOP_HOME|String|false|true
17:01:15.0 (59413900)|VARIABLE_SCOPE_BEGIN|[62]|auConstantCmn.PAGE_ALIAS_SHOP_LOGIN|String|false|true
17:01:15.0 (59421618)|VARIABLE_SCOPE_BEGIN|[66]|auConstantCmn.PAGE_ALIAS_SHOP_LOGOUT|String|false|true
17:01:15.0 (59428848)|VARIABLE_SCOPE_BEGIN|[78]|auConstantCmn.PAGE_ALIAS_SHOP_PASSWORDSIGNUP|String|false|true
17:01:15.0 (59436260)|VARIABLE_SCOPE_BEGIN|[99]|auConstantCmn.PAGE_ALIAS_SHOP_SCHEDULE|String|false|true
17:01:15.0 (59443904)|VARIABLE_SCOPE_BEGIN|[102]|auConstantCmn.PAGE_ALIAS_SHOP_SCHEDULE_LIST|String|false|true
17:01:15.0 (59451344)|VARIABLE_SCOPE_BEGIN|[87]|auConstantCmn.PAGE_ALIAS_SHOP_STPD|String|false|true
17:01:15.0 (59459069)|VARIABLE_SCOPE_BEGIN|[96]|auConstantCmn.PAGE_ALIAS_SHOP_TIMELINE_CX|String|false|true
17:01:15.0 (59468090)|VARIABLE_SCOPE_BEGIN|[90]|auConstantCmn.PAGE_ALIAS_SHOP_TIMELINE_STPD|String|false|true
17:01:15.0 (59476827)|VARIABLE_SCOPE_BEGIN|[92]|auConstantCmn.PAGE_VF_SHOP_CX|String|false|true
17:01:15.0 (59484926)|VARIABLE_SCOPE_BEGIN|[83]|auConstantCmn.PAGE_VF_SHOP_EVENTS|String|false|true
17:01:15.0 (59492554)|VARIABLE_SCOPE_BEGIN|[69]|auConstantCmn.PAGE_VF_SHOP_FORGOTPW|String|false|true
17:01:15.0 (59501178)|VARIABLE_SCOPE_BEGIN|[73]|auConstantCmn.PAGE_VF_SHOP_FORGOTPWCOMP|String|false|true
17:01:15.0 (59509404)|VARIABLE_SCOPE_BEGIN|[80]|auConstantCmn.PAGE_VF_SHOP_HOME|String|false|true
17:01:15.0 (59523468)|VARIABLE_SCOPE_BEGIN|[61]|auConstantCmn.PAGE_VF_SHOP_LOGIN|String|false|true
17:01:15.0 (59532084)|VARIABLE_SCOPE_BEGIN|[65]|auConstantCmn.PAGE_VF_SHOP_LOGOUT|String|false|true
17:01:15.0 (59541267)|VARIABLE_SCOPE_BEGIN|[77]|auConstantCmn.PAGE_VF_SHOP_PASSWORDSIGNUP|String|false|true
17:01:15.0 (59550222)|VARIABLE_SCOPE_BEGIN|[98]|auConstantCmn.PAGE_VF_SHOP_SCHEDULE|String|false|true
17:01:15.0 (59558000)|VARIABLE_SCOPE_BEGIN|[101]|auConstantCmn.PAGE_VF_SHOP_SCHEDULE_LIST|String|false|true
17:01:15.0 (59566021)|VARIABLE_SCOPE_BEGIN|[86]|auConstantCmn.PAGE_VF_SHOP_STPD|String|false|true
17:01:15.0 (59575271)|VARIABLE_SCOPE_BEGIN|[95]|auConstantCmn.PAGE_VF_SHOP_TIMELINE_CX|String|false|true
17:01:15.0 (59583169)|VARIABLE_SCOPE_BEGIN|[89]|auConstantCmn.PAGE_VF_SHOP_TIMELINE_STPD|String|false|true
17:01:15.0 (59591568)|VARIABLE_SCOPE_BEGIN|[28]|auConstantCmn.PASSWORD_SIGNUP_ERR_EXPIREDURL|String|false|true
17:01:15.0 (59600010)|VARIABLE_SCOPE_BEGIN|[31]|auConstantCmn.PASSWORD_SIGNUP_ERR_INTERNAL|String|false|true
17:01:15.0 (59609809)|VARIABLE_SCOPE_BEGIN|[29]|auConstantCmn.PASSWORD_SIGNUP_ERR_INVALIDURL|String|false|true
17:01:15.0 (59618240)|VARIABLE_SCOPE_BEGIN|[23]|auConstantCmn.PASSWORD_SIGNUP_ERR_MESSAGE001|String|false|true
17:01:15.0 (59626265)|VARIABLE_SCOPE_BEGIN|[24]|auConstantCmn.PASSWORD_SIGNUP_ERR_MESSAGE002|String|false|true
17:01:15.0 (59635282)|VARIABLE_SCOPE_BEGIN|[25]|auConstantCmn.PASSWORD_SIGNUP_ERR_MESSAGE003|String|false|true
17:01:15.0 (59645256)|VARIABLE_SCOPE_BEGIN|[26]|auConstantCmn.PASSWORD_SIGNUP_ERR_MESSAGE004|String|false|true
17:01:15.0 (59655558)|VARIABLE_SCOPE_BEGIN|[27]|auConstantCmn.PASSWORD_SIGNUP_ERR_MESSAGE005|String|false|true
17:01:15.0 (59664547)|VARIABLE_SCOPE_BEGIN|[30]|auConstantCmn.PASSWORD_SIGNUP_ERR_OLDURL|String|false|true
17:01:15.0 (59675104)|VARIABLE_SCOPE_BEGIN|[35]|auConstantCmn.PROFILE_COMMUNITY_MANAGEMENT|String|false|true
17:01:15.0 (59683851)|VARIABLE_SCOPE_BEGIN|[36]|auConstantCmn.PROFILE_COMMUNITY_PRIMARY_AGENT|String|false|true
17:01:15.0 (59693640)|VARIABLE_SCOPE_BEGIN|[34]|auConstantCmn.PROFILE_COMMUNITY_SHOP|String|false|true
17:01:15.0 (59703364)|VARIABLE_SCOPE_BEGIN|[48]|auConstantCmn.PROFILE_EVOLVA_ADMIN_USER|String|false|true
17:01:15.0 (59713741)|VARIABLE_SCOPE_BEGIN|[47]|auConstantCmn.PROFILE_EVOLVA_USER|String|false|true
17:01:15.0 (59723001)|VARIABLE_SCOPE_BEGIN|[37]|auConstantCmn.PROFILE_KDDI_BRANCH|String|false|true
17:01:15.0 (59732373)|VARIABLE_SCOPE_BEGIN|[38]|auConstantCmn.PROFILE_KDDI_BRANCH_V2|String|false|true
17:01:15.0 (59742967)|VARIABLE_SCOPE_BEGIN|[41]|auConstantCmn.PROFILE_KDDI_HEADQUARTERS|String|false|true
17:01:15.0 (59753026)|VARIABLE_SCOPE_BEGIN|[42]|auConstantCmn.PROFILE_KDDI_HEADQUARTERS_V2|String|false|true
17:01:15.0 (59763407)|VARIABLE_SCOPE_BEGIN|[44]|auConstantCmn.PROFILE_KDDI_KNOWLEDGE_ACTIVITIES|String|false|true
17:01:15.0 (59774090)|VARIABLE_SCOPE_BEGIN|[43]|auConstantCmn.PROFILE_KDDI_KNOWLEDGE_ONLY|String|false|true
17:01:15.0 (59784047)|VARIABLE_SCOPE_BEGIN|[39]|auConstantCmn.PROFILE_KDDI_REGIONAL_OFFICE|String|false|true
17:01:15.0 (59795384)|VARIABLE_SCOPE_BEGIN|[40]|auConstantCmn.PROFILE_KDDI_REGIONAL_OFFICE_V2|String|false|true
17:01:15.0 (59804851)|VARIABLE_SCOPE_BEGIN|[46]|auConstantCmn.PROFILE_SA_USER_CSA|String|false|true
17:01:15.0 (59817649)|VARIABLE_SCOPE_BEGIN|[45]|auConstantCmn.PROFILE_SA_USER_SA|String|false|true
17:01:15.0 (59827224)|VARIABLE_SCOPE_BEGIN|[49]|auConstantCmn.PROFILE_SYSADMIN_CUSTOM|String|false|true
17:01:15.0 (59837160)|VARIABLE_SCOPE_BEGIN|[50]|auConstantCmn.PROFILE_SYSADMIN_DEFAULT_EN|String|false|true
17:01:15.0 (59847917)|VARIABLE_SCOPE_BEGIN|[51]|auConstantCmn.PROFILE_SYSADMIN_DEFAULT_JP|String|false|true
17:01:15.0 (59858351)|VARIABLE_SCOPE_BEGIN|[9]|auConstantCmn.ROLE_CODE_EVOLVA_HONBU|String|false|true
17:01:15.0 (59868122)|VARIABLE_SCOPE_BEGIN|[10]|auConstantCmn.ROLE_CODE_EVOLVA_SHISHA|String|false|true
17:01:15.0 (59878457)|VARIABLE_SCOPE_BEGIN|[11]|auConstantCmn.ROLE_CODE_EVOLVA_SHITEN|String|false|true
17:01:15.0 (59888904)|VARIABLE_SCOPE_BEGIN|[7]|auConstantCmn.ROLE_CODE_HONBU|String|false|true
17:01:15.0 (59898885)|VARIABLE_SCOPE_BEGIN|[8]|auConstantCmn.ROLE_CODE_SA_HONBU|String|false|true
17:01:15.0 (59910390)|VARIABLE_SCOPE_BEGIN|[123]|auConstantCmn.USER_CLASSIFICATION_CONTRACTOR|String|false|true
17:01:15.0 (59920786)|VARIABLE_SCOPE_BEGIN|[122]|auConstantCmn.USER_CLASSIFICATION_CSA|String|false|true
17:01:15.0 (59931374)|VARIABLE_SCOPE_BEGIN|[121]|auConstantCmn.USER_CLASSIFICATION_SA|String|false|true
17:01:15.0 (59943213)|HEAP_ALLOCATE|[60]|Bytes:11
17:01:15.0 (59973632)|VARIABLE_ASSIGNMENT|[60]|auConstantCmn.ACCESS_TYPE_KDDI|"KDDI_ACCESS"
17:01:15.0 (59980057)|HEAP_ALLOCATE|[60]|Bytes:9
17:01:15.0 (59988143)|VARIABLE_ASSIGNMENT|[60]|auConstantCmn.ACCESS_TYPE_SA|"SA_ACCESS"
17:01:15.0 (59994219)|HEAP_ALLOCATE|[60]|Bytes:11
17:01:15.0 (60000596)|VARIABLE_ASSIGNMENT|[60]|auConstantCmn.ACCESS_TYPE_SHOP|"SHOP_ACCESS"
17:01:15.0 (60010736)|HEAP_ALLOCATE|[60]|Bytes:5
17:01:15.0 (60018296)|VARIABLE_ASSIGNMENT|[60]|auConstantCmn.ACCOUNT_CHANNEL_DAIRITEN|"一次代理店"
17:01:15.0 (60023727)|HEAP_ALLOCATE|[60]|Bytes:6
17:01:15.0 (60030110)|VARIABLE_ASSIGNMENT|[60]|auConstantCmn.ACCOUNT_CHANNEL_SHOP|"auショップ"
17:01:15.0 (60034638)|HEAP_ALLOCATE|[60]|Bytes:4
17:01:15.0 (60041252)|VARIABLE_ASSIGNMENT|[60]|auConstantCmn.ACCOUNT_CHANNEL_UNEIHOJIN|"運営法人"
17:01:15.0 (60045782)|HEAP_ALLOCATE|[60]|Bytes:8
17:01:15.0 (60051782)|VARIABLE_ASSIGNMENT|[60]|auConstantCmn.CX_KNOWLEDGE_SHARING_NATIONAL|"National"
17:01:15.0 (60060454)|HEAP_ALLOCATE|[60]|Bytes:14
17:01:15.0 (60067614)|VARIABLE_ASSIGNMENT|[60]|auConstantCmn.CX_KNOWLEDGE_SHARING_REGIONAL_OFFICE|"RegionalOffice"
17:01:15.0 (60074829)|HEAP_ALLOCATE|[60]|Bytes:8
17:01:15.0 (60082005)|VARIABLE_ASSIGNMENT|[60]|auConstantCmn.CX_KNOWLEDGE_STATUS_APPROVED|"Approved"
17:01:15.0 (60087209)|HEAP_ALLOCATE|[60]|Bytes:16
17:01:15.0 (60094543)|VARIABLE_ASSIGNMENT|[60]|auConstantCmn.CX_KNOWLEDGE_STATUS_NATIONAL_APPROVED|"NationalApproved"
17:01:15.0 (60099428)|HEAP_ALLOCATE|[60]|Bytes:8
17:01:15.0 (60107178)|VARIABLE_ASSIGNMENT|[60]|auConstantCmn.CX_KNOWLEDGE_STATUS_REJECTED|"Rejected"
17:01:15.0 (60111303)|HEAP_ALLOCATE|[60]|Bytes:5
17:01:15.0 (60117281)|VARIABLE_ASSIGNMENT|[60]|auConstantCmn.CX_KNOWLEDGE_STATUS_SAVED|"Saved"
17:01:15.0 (60121615)|HEAP_ALLOCATE|[60]|Bytes:14
17:01:15.0 (60128090)|VARIABLE_ASSIGNMENT|[60]|auConstantCmn.CX_KNOWLEDGE_STATUS_TEMPORARY_SAVED|"TemporarySaved"
17:01:15.0 (60132863)|HEAP_ALLOCATE|[60]|Bytes:12
17:01:15.0 (60140360)|VARIABLE_ASSIGNMENT|[60]|auConstantCmn.FORGOT_PASSWORD_ERR_MESSAGE001|"IDを入力してください。"
17:01:15.0 (60145302)|HEAP_ALLOCATE|[60]|Bytes:8
17:01:15.0 (60152368)|VARIABLE_ASSIGNMENT|[60]|auConstantCmn.HONBU_DIRECT_DETAIL_TYPE_FAVORITE|"FAVORITE"
17:01:15.0 (60156580)|HEAP_ALLOCATE|[60]|Bytes:4
17:01:15.0 (60163892)|VARIABLE_ASSIGNMENT|[60]|auConstantCmn.HONBU_DIRECT_DETAIL_TYPE_READ|"READ"
17:01:15.0 (60167849)|HEAP_ALLOCATE|[60]|Bytes:5
17:01:15.0 (60174030)|VARIABLE_ASSIGNMENT|[60]|auConstantCmn.KDDI_KNOWLEDGE_STATUS_SAVED|"Saved"
17:01:15.0 (60178033)|HEAP_ALLOCATE|[60]|Bytes:14
17:01:15.0 (60184989)|VARIABLE_ASSIGNMENT|[60]|auConstantCmn.KDDI_KNOWLEDGE_STATUS_TEMPORARY_SAVED|"TemporarySaved"
17:01:15.0 (60189739)|HEAP_ALLOCATE|[60]|Bytes:15
17:01:15.0 (60196739)|VARIABLE_ASSIGNMENT|[60]|auConstantCmn.LOGIN_ERR_MESSAGE001|"パスワードを入力してください。"
17:01:15.0 (60201622)|HEAP_ALLOCATE|[60]|Bytes:27
17:01:15.0 (60210353)|VARIABLE_ASSIGNMENT|[60]|auConstantCmn.LOGIN_ERR_MESSAGE002|"8文字以上の英数字混在のパスワードを指定 (7 more) ..."
17:01:15.0 (60215111)|HEAP_ALLOCATE|[60]|Bytes:19
17:01:15.0 (60223092)|VARIABLE_ASSIGNMENT|[60]|auConstantCmn.LOGIN_ERR_MESSAGE003|"ID或いはパスワードが間違っています。"
17:01:15.0 (60228047)|HEAP_ALLOCATE|[60]|Bytes:46
17:01:15.0 (60235934)|VARIABLE_ASSIGNMENT|[60]|auConstantCmn.LOGIN_ERR_MESSAGE004|"ログイン失敗回数を超えた為、ロックされま (26 more) ..."
17:01:15.0 (60241700)|HEAP_ALLOCATE|[60]|Bytes:3
17:01:15.0 (60248288)|VARIABLE_ASSIGNMENT|[60]|auConstantCmn.PAGE_ALIAS_SHOP_CX|"/CX"
17:01:15.0 (60252616)|HEAP_ALLOCATE|[60]|Bytes:7
17:01:15.0 (60259254)|VARIABLE_ASSIGNMENT|[60]|auConstantCmn.PAGE_ALIAS_SHOP_EVENTS|"/events"
17:01:15.0 (60267866)|HEAP_ALLOCATE|[60]|Bytes:16
17:01:15.0 (60276671)|VARIABLE_ASSIGNMENT|[60]|auConstantCmn.PAGE_ALIAS_SHOP_FORGOTPW|"/forgot-password"
17:01:15.0 (60281605)|HEAP_ALLOCATE|[60]|Bytes:25
17:01:15.0 (60290011)|VARIABLE_ASSIGNMENT|[60]|auConstantCmn.PAGE_ALIAS_SHOP_FORGOTPWCOMP|"/forgot-password-com (5 more) ..."
17:01:15.0 (60294621)|HEAP_ALLOCATE|[60]|Bytes:5
17:01:15.0 (60301322)|VARIABLE_ASSIGNMENT|[60]|auConstantCmn.PAGE_ALIAS_SHOP_HOME|"/home"
17:01:15.0 (60306629)|HEAP_ALLOCATE|[60]|Bytes:6
17:01:15.0 (60313711)|VARIABLE_ASSIGNMENT|[60]|auConstantCmn.PAGE_ALIAS_SHOP_LOGIN|"/login"
17:01:15.0 (60318021)|HEAP_ALLOCATE|[60]|Bytes:7
17:01:15.0 (60325490)|VARIABLE_ASSIGNMENT|[60]|auConstantCmn.PAGE_ALIAS_SHOP_LOGOUT|"/logout"
17:01:15.0 (60329900)|HEAP_ALLOCATE|[60]|Bytes:16
17:01:15.0 (60338701)|VARIABLE_ASSIGNMENT|[60]|auConstantCmn.PAGE_ALIAS_SHOP_PASSWORDSIGNUP|"/password-signup"
17:01:15.0 (60343479)|HEAP_ALLOCATE|[60]|Bytes:9
17:01:15.0 (60350717)|VARIABLE_ASSIGNMENT|[60]|auConstantCmn.PAGE_ALIAS_SHOP_SCHEDULE|"/calendar"
17:01:15.0 (60354958)|HEAP_ALLOCATE|[60]|Bytes:11
17:01:15.0 (60362555)|VARIABLE_ASSIGNMENT|[60]|auConstantCmn.PAGE_ALIAS_SHOP_SCHEDULE_LIST|"/activities"
17:01:15.0 (60367044)|HEAP_ALLOCATE|[60]|Bytes:5
17:01:15.0 (60374662)|VARIABLE_ASSIGNMENT|[60]|auConstantCmn.PAGE_ALIAS_SHOP_STPD|"/STPD"
17:01:15.0 (60379007)|HEAP_ALLOCATE|[60]|Bytes:11
17:01:15.0 (60386139)|VARIABLE_ASSIGNMENT|[60]|auConstantCmn.PAGE_ALIAS_SHOP_TIMELINE_CX|"/timelineCX"
17:01:15.0 (60391354)|HEAP_ALLOCATE|[60]|Bytes:13
17:01:15.0 (60399261)|VARIABLE_ASSIGNMENT|[60]|auConstantCmn.PAGE_ALIAS_SHOP_TIMELINE_STPD|"/timelineSTPD"
17:01:15.0 (60404045)|HEAP_ALLOCATE|[60]|Bytes:27
17:01:15.0 (60412919)|VARIABLE_ASSIGNMENT|[60]|auConstantCmn.PAGE_VF_SHOP_CX|"/apex/auCXKnowledgeL (7 more) ..."
17:01:15.0 (60417563)|HEAP_ALLOCATE|[60]|Bytes:22
17:01:15.0 (60426286)|VARIABLE_ASSIGNMENT|[60]|auConstantCmn.PAGE_VF_SHOP_EVENTS|"/apex/auEventsListPa (2 more) ..."
17:01:15.0 (60431035)|HEAP_ALLOCATE|[60]|Bytes:21
17:01:15.0 (60439809)|VARIABLE_ASSIGNMENT|[60]|auConstantCmn.PAGE_VF_SHOP_FORGOTPW|"/auForgotPasswordPag (1 more) ..."
17:01:15.0 (60444658)|HEAP_ALLOCATE|[60]|Bytes:29
17:01:15.0 (60453917)|VARIABLE_ASSIGNMENT|[60]|auConstantCmn.PAGE_VF_SHOP_FORGOTPWCOMP|"/auForgotPasswordCom (9 more) ..."
17:01:15.0 (60458102)|HEAP_ALLOCATE|[60]|Bytes:24
17:01:15.0 (60466454)|VARIABLE_ASSIGNMENT|[60]|auConstantCmn.PAGE_VF_SHOP_HOME|"/apex/auSwitchScreen (4 more) ..."
17:01:15.0 (60470866)|HEAP_ALLOCATE|[60]|Bytes:12
17:01:15.0 (60479114)|VARIABLE_ASSIGNMENT|[60]|auConstantCmn.PAGE_VF_SHOP_LOGIN|"/auLoginPage"
17:01:15.0 (60483903)|HEAP_ALLOCATE|[60]|Bytes:13
17:01:15.0 (60498533)|VARIABLE_ASSIGNMENT|[60]|auConstantCmn.PAGE_VF_SHOP_LOGOUT|"/auLogoutPage"
17:01:15.0 (60503806)|HEAP_ALLOCATE|[60]|Bytes:21
17:01:15.0 (60513332)|VARIABLE_ASSIGNMENT|[60]|auConstantCmn.PAGE_VF_SHOP_PASSWORDSIGNUP|"/auPasswordSignupPag (1 more) ..."
17:01:15.0 (60518260)|HEAP_ALLOCATE|[60]|Bytes:16
17:01:15.0 (60527103)|VARIABLE_ASSIGNMENT|[60]|auConstantCmn.PAGE_VF_SHOP_SCHEDULE|"/apex/auSchedule"
17:01:15.0 (60531915)|HEAP_ALLOCATE|[60]|Bytes:20
17:01:15.0 (60540856)|VARIABLE_ASSIGNMENT|[60]|auConstantCmn.PAGE_VF_SHOP_SCHEDULE_LIST|"/apex/auScheduleList"
17:01:15.0 (60545726)|HEAP_ALLOCATE|[60]|Bytes:20
17:01:15.0 (60554264)|VARIABLE_ASSIGNMENT|[60]|auConstantCmn.PAGE_VF_SHOP_STPD|"/apex/auSTPDListPage"
17:01:15.0 (60559160)|HEAP_ALLOCATE|[60]|Bytes:31
17:01:15.0 (60568648)|VARIABLE_ASSIGNMENT|[60]|auConstantCmn.PAGE_VF_SHOP_TIMELINE_CX|"/apex/auCxKnowledgeT (11 more) ..."
17:01:15.0 (60573473)|HEAP_ALLOCATE|[60]|Bytes:24
17:01:15.0 (60582735)|VARIABLE_ASSIGNMENT|[60]|auConstantCmn.PAGE_VF_SHOP_TIMELINE_STPD|"/apex/auSTPDTimeline (4 more) ..."
17:01:15.0 (60587376)|HEAP_ALLOCATE|[60]|Bytes:55
17:01:15.0 (60597235)|VARIABLE_ASSIGNMENT|[60]|auConstantCmn.PASSWORD_SIGNUP_ERR_EXPIREDURL|"パスワードリセットの有効期限が切れていま (35 more) ..."
17:01:15.0 (60601789)|HEAP_ALLOCATE|[60]|Bytes:27
17:01:15.0 (60611129)|VARIABLE_ASSIGNMENT|[60]|auConstantCmn.PASSWORD_SIGNUP_ERR_INTERNAL|"内部エラーが発生しました。サイト管理者に (7 more) ..."
17:01:15.0 (60616942)|HEAP_ALLOCATE|[60]|Bytes:51
17:01:15.0 (60627041)|VARIABLE_ASSIGNMENT|[60]|auConstantCmn.PASSWORD_SIGNUP_ERR_INVALIDURL|"不正なパスワードリセットURLです。<b (31 more) ..."
17:01:15.0 (60632717)|HEAP_ALLOCATE|[60]|Bytes:15
17:01:15.0 (60641077)|VARIABLE_ASSIGNMENT|[60]|auConstantCmn.PASSWORD_SIGNUP_ERR_MESSAGE001|"パスワードを入力してください。"
17:01:15.0 (60645920)|HEAP_ALLOCATE|[60]|Bytes:19
17:01:15.0 (60654836)|VARIABLE_ASSIGNMENT|[60]|auConstantCmn.PASSWORD_SIGNUP_ERR_MESSAGE002|"確認用のパスワードを入力してください。"
17:01:15.0 (60659638)|HEAP_ALLOCATE|[60]|Bytes:27
17:01:15.0 (60668955)|VARIABLE_ASSIGNMENT|[60]|auConstantCmn.PASSWORD_SIGNUP_ERR_MESSAGE003|"8文字以上の英数字混在のパスワードを指定 (7 more) ..."
17:01:15.0 (60673820)|HEAP_ALLOCATE|[60]|Bytes:22
17:01:15.0 (60683761)|VARIABLE_ASSIGNMENT|[60]|auConstantCmn.PASSWORD_SIGNUP_ERR_MESSAGE004|"パスワードと確認用のパスワードが不一致で (2 more) ..."
17:01:15.0 (60689032)|HEAP_ALLOCATE|[60]|Bytes:21
17:01:15.0 (60698280)|VARIABLE_ASSIGNMENT|[60]|auConstantCmn.PASSWORD_SIGNUP_ERR_MESSAGE005|"以前利用したパスワードはご利用できません (1 more) ..."
17:01:15.0 (60703560)|HEAP_ALLOCATE|[60]|Bytes:46
17:01:15.0 (60713941)|VARIABLE_ASSIGNMENT|[60]|auConstantCmn.PASSWORD_SIGNUP_ERR_OLDURL|"以前のパスワードリセットURLは利用でき (26 more) ..."
17:01:15.0 (60721996)|HEAP_ALLOCATE|[60]|Bytes:14
17:01:15.0 (60732963)|VARIABLE_ASSIGNMENT|[60]|auConstantCmn.PROFILE_COMMUNITY_MANAGEMENT|"au ショップ - 運営法人"
17:01:15.0 (60737885)|HEAP_ALLOCATE|[60]|Bytes:15
17:01:15.0 (60746721)|VARIABLE_ASSIGNMENT|[60]|auConstantCmn.PROFILE_COMMUNITY_PRIMARY_AGENT|"au ショップ - 一次代理店"
17:01:15.0 (60751620)|HEAP_ALLOCATE|[60]|Bytes:12
17:01:15.0 (60760592)|VARIABLE_ASSIGNMENT|[60]|auConstantCmn.PROFILE_COMMUNITY_SHOP|"au ショップ - 店舗"
17:01:15.0 (60765816)|HEAP_ALLOCATE|[60]|Bytes:17
17:01:15.0 (60775519)|VARIABLE_ASSIGNMENT|[60]|auConstantCmn.PROFILE_EVOLVA_ADMIN_USER|"Evolva Admin User"
17:01:15.0 (60779959)|HEAP_ALLOCATE|[60]|Bytes:11
17:01:15.0 (60788538)|VARIABLE_ASSIGNMENT|[60]|auConstantCmn.PROFILE_EVOLVA_USER|"Evolva User"
17:01:15.0 (60793306)|HEAP_ALLOCATE|[60]|Bytes:9
17:01:15.0 (60802847)|VARIABLE_ASSIGNMENT|[60]|auConstantCmn.PROFILE_KDDI_BRANCH|"KDDI - 支店"
17:01:15.0 (60807197)|HEAP_ALLOCATE|[60]|Bytes:12
17:01:15.0 (60816237)|VARIABLE_ASSIGNMENT|[60]|auConstantCmn.PROFILE_KDDI_BRANCH_V2|"KDDI - 支店 v2"
17:01:15.0 (60820967)|HEAP_ALLOCATE|[60]|Bytes:9
17:01:15.0 (60830350)|VARIABLE_ASSIGNMENT|[60]|auConstantCmn.PROFILE_KDDI_HEADQUARTERS|"KDDI - 本部"
17:01:15.0 (60834782)|HEAP_ALLOCATE|[60]|Bytes:12
17:01:15.0 (60843872)|VARIABLE_ASSIGNMENT|[60]|auConstantCmn.PROFILE_KDDI_HEADQUARTERS_V2|"KDDI - 本部 v2"
17:01:15.0 (60848219)|HEAP_ALLOCATE|[60]|Bytes:29
17:01:15.0 (60858606)|VARIABLE_ASSIGNMENT|[60]|auConstantCmn.PROFILE_KDDI_KNOWLEDGE_ACTIVITIES|"KDDI - Knowledge & A (9 more) ..."
17:01:15.0 (60863735)|HEAP_ALLOCATE|[60]|Bytes:21
17:01:15.0 (60875141)|VARIABLE_ASSIGNMENT|[60]|auConstantCmn.PROFILE_KDDI_KNOWLEDGE_ONLY|"KDDI - Knowledge onl (1 more) ..."
17:01:15.0 (60879249)|HEAP_ALLOCATE|[60]|Bytes:9
17:01:15.0 (60888318)|VARIABLE_ASSIGNMENT|[60]|auConstantCmn.PROFILE_KDDI_REGIONAL_OFFICE|"KDDI - 支社"
17:01:15.0 (60893460)|HEAP_ALLOCATE|[60]|Bytes:12
17:01:15.0 (60902427)|VARIABLE_ASSIGNMENT|[60]|auConstantCmn.PROFILE_KDDI_REGIONAL_OFFICE_V2|"KDDI - 支社 v2"
17:01:15.0 (60907241)|HEAP_ALLOCATE|[60]|Bytes:13
17:01:15.0 (60916551)|VARIABLE_ASSIGNMENT|[60]|auConstantCmn.PROFILE_SA_USER_CSA|"SA User - CSA"
17:01:15.0 (60921384)|HEAP_ALLOCATE|[60]|Bytes:12
17:01:15.0 (60931336)|VARIABLE_ASSIGNMENT|[60]|auConstantCmn.PROFILE_SA_USER_SA|"SA User - SA"
17:01:15.0 (60935791)|HEAP_ALLOCATE|[60]|Bytes:12
17:01:15.0 (60945309)|VARIABLE_ASSIGNMENT|[60]|auConstantCmn.PROFILE_SYSADMIN_CUSTOM|"System Admin"
17:01:15.0 (60950408)|HEAP_ALLOCATE|[60]|Bytes:20
17:01:15.0 (60960848)|VARIABLE_ASSIGNMENT|[60]|auConstantCmn.PROFILE_SYSADMIN_DEFAULT_EN|"System Administrator"
17:01:15.0 (60965347)|HEAP_ALLOCATE|[60]|Bytes:7
17:01:15.0 (60974853)|VARIABLE_ASSIGNMENT|[60]|auConstantCmn.PROFILE_SYSADMIN_DEFAULT_JP|"システム管理者"
17:01:15.0 (60979290)|HEAP_ALLOCATE|[60]|Bytes:7
17:01:15.0 (60989498)|VARIABLE_ASSIGNMENT|[60]|auConstantCmn.ROLE_CODE_EVOLVA_HONBU|"E000000"
17:01:15.0 (60993434)|HEAP_ALLOCATE|[60]|Bytes:6
17:01:15.0 (61003011)|VARIABLE_ASSIGNMENT|[60]|auConstantCmn.ROLE_CODE_EVOLVA_SHISHA|"EKEV01"
17:01:15.0 (61011537)|HEAP_ALLOCATE|[60]|Bytes:8
17:01:15.0 (61021762)|VARIABLE_ASSIGNMENT|[60]|auConstantCmn.ROLE_CODE_EVOLVA_SHITEN|"EKEV0101"
17:01:15.0 (61026823)|HEAP_ALLOCATE|[60]|Bytes:7
17:01:15.0 (61036824)|VARIABLE_ASSIGNMENT|[60]|auConstantCmn.ROLE_CODE_HONBU|"C000000"
17:01:15.0 (61041351)|HEAP_ALLOCATE|[60]|Bytes:7
17:01:15.0 (61050852)|VARIABLE_ASSIGNMENT|[60]|auConstantCmn.ROLE_CODE_SA_HONBU|"S000000"
17:01:15.0 (61055362)|HEAP_ALLOCATE|[60]|Bytes:10
17:01:15.0 (61065183)|VARIABLE_ASSIGNMENT|[60]|auConstantCmn.USER_CLASSIFICATION_CONTRACTOR|"CONTRACTOR"
17:01:15.0 (61069925)|HEAP_ALLOCATE|[60]|Bytes:3
17:01:15.0 (61079757)|VARIABLE_ASSIGNMENT|[60]|auConstantCmn.USER_CLASSIFICATION_CSA|"CSA"
17:01:15.0 (61084852)|HEAP_ALLOCATE|[60]|Bytes:2
17:01:15.0 (61094967)|VARIABLE_ASSIGNMENT|[60]|auConstantCmn.USER_CLASSIFICATION_SA|"SA"
17:01:15.0 (61115347)|METHOD_ENTRY|[4]|01p6F0000084Osz|auConstantCmn.auConstantCmn()
17:01:15.0 (61121810)|STATEMENT_EXECUTE|[4]
17:01:15.0 (61125952)|STATEMENT_EXECUTE|[4]
17:01:15.0 (61481867)|SYSTEM_MODE_ENTER|false
17:01:15.0 (61494838)|HEAP_ALLOCATE|[60]|Bytes:5
17:01:15.0 (61504534)|SYSTEM_MODE_EXIT|false
17:01:15.0 (61515207)|METHOD_EXIT|[4]|auConstantCmn
17:01:15.0 (61617603)|VARIABLE_ASSIGNMENT|[EXTERNAL]|this|{"currentUser":"0x44c4dedf","isSAUser":false,"iTypeOfScreen":0,"urlReportsSFA":"https://au-portal.li (90 more) ..."}|0x6863e15c
17:01:15.0 (61692125)|VARIABLE_ASSIGNMENT|[EXTERNAL]|this|{"currentUser":"0x44c4dedf","isSAUser":false,"iTypeOfScreen":0,"urlReportsSFA":"https://au-portal.li (90 more) ..."}|0x6863e15c
17:01:15.0 (61749309)|VARIABLE_ASSIGNMENT|[EXTERNAL]|this|{"currentUser":"0x44c4dedf","isSAUser":false,"iTypeOfScreen":0,"urlReportsSFA":"https://au-portal.li (90 more) ..."}|0x6863e15c
17:01:15.0 (61777187)|HEAP_ALLOCATE|[60]|Bytes:5
17:01:15.0 (61788319)|VARIABLE_ASSIGNMENT|[60]|this.isSAUser|false|0x6863e15c
17:01:15.0 (74594732)|SYSTEM_MODE_ENTER|true
17:01:15.0 (74688425)|HEAP_ALLOCATE|[EXTERNAL]|Bytes:260
17:01:15.0 (74700460)|HEAP_ALLOCATE|[EXTERNAL]|Bytes:52
17:01:15.0 (74714075)|METHOD_ENTRY|[1]|01p6F0000084OtZ|auSwitchScreenCtrl.auSwitchScreenCtrl()
17:01:15.0 (74721379)|STATEMENT_EXECUTE|[1]
17:01:15.0 (74727841)|STATEMENT_EXECUTE|[1]
17:01:15.0 (74734732)|SYSTEM_MODE_ENTER|false
17:01:15.0 (74743750)|HEAP_ALLOCATE|[EXTERNAL]|Bytes:5
17:01:15.0 (74751628)|SYSTEM_MODE_EXIT|false
17:01:15.0 (74760394)|METHOD_EXIT|[1]|auSwitchScreenCtrl
17:01:15.0 (74776240)|HEAP_ALLOCATE|[EXTERNAL]|Bytes:32
17:01:15.0 (74784023)|VARIABLE_SCOPE_BEGIN|[13]|this|auSwitchScreenCtrl|true|false
17:01:15.0 (74842619)|VARIABLE_ASSIGNMENT|[13]|this|{}|0x239abe5b
17:01:15.0 (74853732)|SYSTEM_MODE_ENTER|false
17:01:15.0 (74859442)|HEAP_ALLOCATE|[15]|Bytes:5
17:01:15.0 (74865011)|STATEMENT_EXECUTE|[1]
17:01:15.0 (74867798)|HEAP_ALLOCATE|[15]|Bytes:5
17:01:15.0 (74871145)|STATEMENT_EXECUTE|[3]
17:01:15.0 (74872985)|STATEMENT_EXECUTE|[4]
17:01:15.0 (74874358)|STATEMENT_EXECUTE|[5]
17:01:15.0 (74875775)|STATEMENT_EXECUTE|[6]
17:01:15.0 (74877192)|STATEMENT_EXECUTE|[7]
17:01:15.0 (74878806)|STATEMENT_EXECUTE|[8]
17:01:15.0 (74880280)|STATEMENT_EXECUTE|[9]
17:01:15.0 (74906903)|STATEMENT_EXECUTE|[13]
17:01:15.0 (74908836)|STATEMENT_EXECUTE|[15]
17:01:15.0 (74997819)|HEAP_ALLOCATE|[15]|Bytes:28
17:01:15.0 (75048949)|HEAP_ALLOCATE|[15]|Bytes:631
17:01:15.0 (75084377)|HEAP_ALLOCATE|[15]|Bytes:10
17:01:15.0 (75107175)|VARIABLE_SCOPE_BEGIN|[15]|userAgent|String|false|false
17:01:15.0 (75125691)|VARIABLE_ASSIGNMENT|[15]|userAgent|"Mozilla/5.0 (Macinto (100 more) ..."
17:01:15.0 (75131019)|STATEMENT_EXECUTE|[16]
17:01:15.0 (75134038)|HEAP_ALLOCATE|[16]|Bytes:6
17:01:15.0 (75216368)|VARIABLE_ASSIGNMENT|[EXTERNAL]|this|{}|0x239abe5b
17:01:15.0 (75229248)|VARIABLE_ASSIGNMENT|[EXTERNAL]|value|false
17:01:15.0 (75236893)|HEAP_ALLOCATE|[9]|Bytes:5
17:01:15.0 (75248051)|VARIABLE_ASSIGNMENT|[9]|this.isIPhone|false|0x239abe5b
17:01:15.0 (75257315)|STATEMENT_EXECUTE|[18]
17:01:15.0 (75260310)|HEAP_ALLOCATE|[18]|Bytes:54
17:01:15.0 (75272594)|HEAP_ALLOCATE|[18]|Bytes:4
17:01:15.0 (75286494)|METHOD_ENTRY|[20]||System.UserInfo.getUserId()
17:01:15.0 (75311316)|METHOD_EXIT|[20]||System.UserInfo.getUserId()
17:01:15.0 (75536427)|SOQL_EXECUTE_BEGIN|[18]|Aggregations:0|SELECT Profile.Name FROM User WHERE User.ID = :tmpVar1
17:01:15.0 (80717627)|SOQL_EXECUTE_END|[18]|Rows:1
17:01:15.0 (80744732)|HEAP_ALLOCATE|[18]|Bytes:8
17:01:15.0 (80764329)|HEAP_ALLOCATE|[18]|Bytes:116
17:01:15.0 (80792085)|HEAP_ALLOCATE|[18]|Bytes:8
17:01:15.0 (80824457)|HEAP_ALLOCATE|[18]|Bytes:16
17:01:15.0 (80833600)|VARIABLE_SCOPE_BEGIN|[18]|currentUser|User|true|false
17:01:15.0 (80873677)|VARIABLE_ASSIGNMENT|[18]|currentUser|{"ProfileId":"00e6F000002FIslQAG","Id":"0056F000008202zQAA","Profile":{"Name":"KDDI - 支店","Id":"00e6F000002FIslQAG"}}|0x109a6c7e
17:01:15.0 (80882006)|STATEMENT_EXECUTE|[22]
17:01:15.0 (81040061)|VARIABLE_ASSIGNMENT|[EXTERNAL]|this|{"isIPhone":false}|0x239abe5b
17:01:15.0 (81055260)|VARIABLE_ASSIGNMENT|[EXTERNAL]|value|false
17:01:15.0 (81063032)|HEAP_ALLOCATE|[3]|Bytes:5
17:01:15.0 (81074046)|VARIABLE_ASSIGNMENT|[3]|this.isCommunityUser|false|0x239abe5b
17:01:15.0 (81085617)|STATEMENT_EXECUTE|[26]
17:01:15.0 (81160148)|VARIABLE_ASSIGNMENT|[EXTERNAL]|this|{"isCommunityUser":false,"isIPhone":false}|0x239abe5b
17:01:15.0 (81171397)|VARIABLE_ASSIGNMENT|[EXTERNAL]|value|false
17:01:15.0 (81177505)|HEAP_ALLOCATE|[4]|Bytes:5
17:01:15.0 (81185030)|VARIABLE_ASSIGNMENT|[4]|this.isSystemAdministrator|false|0x239abe5b
17:01:15.0 (81194665)|STATEMENT_EXECUTE|[30]
17:01:15.0 (81225856)|VARIABLE_ASSIGNMENT|[EXTERNAL]|this|{"isCommunityUser":false,"isIPhone":false,"isSystemAdministrator":false}|0x239abe5b
17:01:15.0 (81283331)|VARIABLE_ASSIGNMENT|[EXTERNAL]|this|{"isCommunityUser":false,"isIPhone":false,"isSystemAdministrator":false}|0x239abe5b
17:01:15.0 (81293771)|VARIABLE_ASSIGNMENT|[EXTERNAL]|value|true
17:01:15.0 (81299652)|HEAP_ALLOCATE|[5]|Bytes:5
17:01:15.0 (81307224)|VARIABLE_ASSIGNMENT|[5]|this.isKDDIUser|true|0x239abe5b
17:01:15.0 (81315402)|STATEMENT_EXECUTE|[38]
17:01:15.0 (81387838)|VARIABLE_ASSIGNMENT|[EXTERNAL]|this|{"isCommunityUser":false,"isIPhone":false,"isKDDIUser":true,"isSystemAdministrator":false}|0x239abe5b
17:01:15.0 (81398628)|VARIABLE_ASSIGNMENT|[EXTERNAL]|value|false
17:01:15.0 (81404312)|HEAP_ALLOCATE|[6]|Bytes:5
17:01:15.0 (81411588)|VARIABLE_ASSIGNMENT|[6]|this.isSAorEvolvaUser|false|0x239abe5b
17:01:15.0 (81420246)|STATEMENT_EXECUTE|[43]
17:01:15.0 (81471181)|VARIABLE_ASSIGNMENT|[EXTERNAL]|this|{"isCommunityUser":false,"isIPhone":false,"isKDDIUser":true,"isSAorEvolvaUser":false,"isSystemAdministrator":false}|0x239abe5b
17:01:15.0 (81482524)|VARIABLE_ASSIGNMENT|[EXTERNAL]|value|false
17:01:15.0 (81488908)|HEAP_ALLOCATE|[7]|Bytes:5
17:01:15.0 (81495443)|VARIABLE_ASSIGNMENT|[7]|this.isKDDIKnowledgeOnly|false|0x239abe5b
17:01:15.0 (81503468)|STATEMENT_EXECUTE|[45]
17:01:15.0 (81556680)|VARIABLE_ASSIGNMENT|[EXTERNAL]|this|{"isCommunityUser":false,"isIPhone":false,"isKDDIKnowledgeOnly":false,"isKDDIUser":true,"isSAorEvolvaUser":false,"isSystemAdministrator":false}|0x239abe5b
17:01:15.0 (81567335)|VARIABLE_ASSIGNMENT|[EXTERNAL]|value|false
17:01:15.0 (81573189)|HEAP_ALLOCATE|[8]|Bytes:5
17:01:15.0 (81579731)|VARIABLE_ASSIGNMENT|[8]|this.isKDDIKnowledgeActivities|false|0x239abe5b
17:01:15.0 (81597936)|SYSTEM_MODE_EXIT|false
17:01:15.0 (81731868)|HEAP_ALLOCATE|[EXTERNAL]|Bytes:32
17:01:15.0 (81741421)|VARIABLE_SCOPE_BEGIN|[50]|this|auSwitchScreenCtrl|true|false
17:01:15.0 (81770628)|VARIABLE_ASSIGNMENT|[50]|this|{"isCommunityUser":false,"isIPhone":false,"isKDDIKnowledgeActivities":false,"isKDDIKnowledgeOnly":false,"isKDDIUser":true,"isSAorEvolvaUser":false,"isSystemAdministrator":false}|0x239abe5b
17:01:15.0 (81785328)|SYSTEM_MODE_ENTER|false
17:01:15.0 (81791419)|HEAP_ALLOCATE|[52]|Bytes:5
17:01:15.0 (81796177)|STATEMENT_EXECUTE|[50]
17:01:15.0 (81798286)|STATEMENT_EXECUTE|[52]
17:01:15.0 (81801586)|HEAP_ALLOCATE|[52]|Bytes:63
17:01:15.0 (81819399)|HEAP_ALLOCATE|[52]|Bytes:4
17:01:15.0 (81834222)|METHOD_ENTRY|[54]||System.UserInfo.getUserId()
17:01:15.0 (81859580)|METHOD_EXIT|[54]||System.UserInfo.getUserId()
17:01:15.0 (82024946)|SOQL_EXECUTE_BEGIN|[52]|Aggregations:0|SELECT ForcePasswordReset__c FROM User WHERE User.ID = :tmpVar1
17:01:15.0 (84622046)|SOQL_EXECUTE_END|[52]|Rows:1
17:01:15.0 (84643388)|HEAP_ALLOCATE|[52]|Bytes:8
17:01:15.0 (84656446)|HEAP_ALLOCATE|[52]|Bytes:58
17:01:15.0 (84680420)|HEAP_ALLOCATE|[52]|Bytes:8
17:01:15.0 (84704253)|HEAP_ALLOCATE|[52]|Bytes:12
17:01:15.0 (84712671)|VARIABLE_SCOPE_BEGIN|[52]|currentUser|User|true|false
17:01:15.0 (84739625)|VARIABLE_ASSIGNMENT|[52]|currentUser|{"ForcePasswordReset__c":false,"Id":"0056F000008202zQAA"}|0x4a3b4592
17:01:15.0 (84771349)|STATEMENT_EXECUTE|[56]
17:01:15.0 (84835540)|VARIABLE_ASSIGNMENT|[EXTERNAL]|this|{"isCommunityUser":false,"isIPhone":false,"isKDDIKnowledgeActivities":false,"isKDDIKnowledgeOnly":false,"isKDDIUser":true,"isSAorEvolvaUser":false,"isSystemAdministrator":false}|0x239abe5b
17:01:15.0 (84853304)|STATEMENT_EXECUTE|[61]
17:01:15.0 (84855326)|STATEMENT_EXECUTE|[66]
17:01:15.0 (84860493)|SYSTEM_MODE_EXIT|false
17:01:15.0 (85302808)|SYSTEM_MODE_ENTER|true
17:01:15.0 (85325574)|HEAP_ALLOCATE|[EXTERNAL]|Bytes:44
17:01:15.0 (85332783)|VARIABLE_SCOPE_BEGIN|[48]|this|auMainTopCompCtrl|true|false
17:01:15.0 (85367700)|VARIABLE_ASSIGNMENT|[48]|this|{}|0x248f4cc7
17:01:15.0 (85377433)|STATEMENT_EXECUTE|[1]
17:01:15.0 (85379248)|STATEMENT_EXECUTE|[29]
17:01:15.0 (85380847)|STATEMENT_EXECUTE|[30]
17:01:15.0 (85382451)|STATEMENT_EXECUTE|[31]
17:01:15.0 (85383936)|STATEMENT_EXECUTE|[34]
17:01:15.0 (85385398)|STATEMENT_EXECUTE|[35]
17:01:15.0 (85386922)|STATEMENT_EXECUTE|[36]
17:01:15.0 (85388415)|STATEMENT_EXECUTE|[38]
17:01:15.0 (85389776)|STATEMENT_EXECUTE|[39]
17:01:15.0 (85391284)|STATEMENT_EXECUTE|[41]
17:01:15.0 (85393064)|STATEMENT_EXECUTE|[46]
17:01:15.0 (85398663)|HEAP_ALLOCATE|[46]|Bytes:5
17:01:15.0 (85408516)|VARIABLE_ASSIGNMENT|[46]|this.isSAUser|false|0x248f4cc7
17:01:15.0 (85427759)|STATEMENT_EXECUTE|[48]
17:01:15.0 (85429815)|STATEMENT_EXECUTE|[49]
17:01:15.0 (85455715)|VARIABLE_ASSIGNMENT|[EXTERNAL]|this|{"isSAUser":false}|0x248f4cc7
17:01:15.0 (85467317)|VARIABLE_ASSIGNMENT|[EXTERNAL]|value|0
17:01:15.0 (85472940)|HEAP_ALLOCATE|[34]|Bytes:4
17:01:15.0 (85479987)|VARIABLE_ASSIGNMENT|[34]|this.iTypeOfScreen|0|0x248f4cc7
17:01:15.0 (85489229)|STATEMENT_EXECUTE|[51]
17:01:15.0 (85646601)|HEAP_ALLOCATE|[51]|Bytes:136
17:01:15.0 (85692368)|VARIABLE_ASSIGNMENT|[EXTERNAL]|this|{"isSAUser":false,"iTypeOfScreen":0}|0x248f4cc7
17:01:15.0 (85705443)|VARIABLE_ASSIGNMENT|[EXTERNAL]|value|"https://au-portal.li (90 more) ..."
17:01:15.0 (85720873)|VARIABLE_ASSIGNMENT|[39]|this.urlReportsSFA|"https://au-portal.li (90 more) ..."|0x248f4cc7
17:01:15.0 (85729947)|STATEMENT_EXECUTE|[53]
17:01:15.0 (85742812)|HEAP_ALLOCATE|[53]|Bytes:4
17:01:15.0 (85756065)|METHOD_ENTRY|[58]||System.UserInfo.getUserId()
17:01:15.0 (85771907)|METHOD_EXIT|[58]||System.UserInfo.getUserId()
17:01:15.0 (86211006)|SOQL_EXECUTE_BEGIN|[53]|Aggregations:0|SELECT SmallPhotoUrl, Account.Name, Account.RegionalOfficeId__r.RegionalOfficeName__c, Account.BranchId__r.BranchName__c, Name, Department, UserRole.Name, Profile.Name FROM User WHERE User.ID = :tmpVar1
17:01:15.0 (92629532)|SOQL_EXECUTE_END|[53]|Rows:1
17:01:15.0 (92660769)|HEAP_ALLOCATE|[53]|Bytes:8
17:01:15.0 (92691790)|HEAP_ALLOCATE|[53]|Bytes:278
17:01:15.0 (92722823)|HEAP_ALLOCATE|[53]|Bytes:8
17:01:15.0 (92754485)|HEAP_ALLOCATE|[53]|Bytes:36
17:01:15.0 (92839624)|VARIABLE_ASSIGNMENT|[EXTERNAL]|this|{"isSAUser":false,"iTypeOfScreen":0,"urlReportsSFA":"https://au-portal.li (90 more) ..."}|0x248f4cc7
17:01:15.0 (92870776)|VARIABLE_ASSIGNMENT|[EXTERNAL]|value|{"SmallPhotoUrl":"/profilephoto/005/T","Name":"高橋 賢悦","Department":"東北量販支店","UserRoleId":"00E6F000001edMbUAI","ProfileId":"00e6F000002FIslQAG","Id":"0056F000008202zQAA","UserRole":{"Name":"W060 - 東北量販支店","Id":"00E6F000001edMbUAI"},"Profile":{"Name":"KDDI - 支店","Id":"00e6F000002FIslQAG"}}|0x263e5cee
17:01:15.0 (92902726)|VARIABLE_ASSIGNMENT|[38]|this.currentUser|{"SmallPhotoUrl":"/profilephoto/005/T","Name":"高橋 賢悦","Department":"東北量販支店","UserRoleId":"00E6F000001edMbUAI","ProfileId":"00e6F000002FIslQAG","Id":"0056F000008202zQAA","UserRole":{"Name":"W060 - 東北量販支店","Id":"00E6F000001edMbUAI"},"Profile":{"Name":"KDDI - 支店","Id":"00e6F000002FIslQAG"}}|0x248f4cc7
17:01:15.0 (92923580)|STATEMENT_EXECUTE|[60]
17:01:15.0 (92959301)|VARIABLE_ASSIGNMENT|[EXTERNAL]|this|{"currentUser":"0x263e5cee","isSAUser":false,"iTypeOfScreen":0,"urlReportsSFA":"https://au-portal.li (90 more) ..."}|0x248f4cc7
17:01:15.0 (93044955)|VARIABLE_ASSIGNMENT|[EXTERNAL]|this|{"currentUser":"0x263e5cee","isSAUser":false,"iTypeOfScreen":0,"urlReportsSFA":"https://au-portal.li (90 more) ..."}|0x248f4cc7
17:01:15.0 (93092963)|VARIABLE_ASSIGNMENT|[EXTERNAL]|this|{"currentUser":"0x263e5cee","isSAUser":false,"iTypeOfScreen":0,"urlReportsSFA":"https://au-portal.li (90 more) ..."}|0x248f4cc7
17:01:15.0 (93137507)|VARIABLE_ASSIGNMENT|[EXTERNAL]|this|{"currentUser":"0x263e5cee","isSAUser":false,"iTypeOfScreen":0,"urlReportsSFA":"https://au-portal.li (90 more) ..."}|0x248f4cc7
17:01:15.0 (93160455)|HEAP_ALLOCATE|[60]|Bytes:5
17:01:15.0 (93169854)|VARIABLE_ASSIGNMENT|[60]|this.isSAUser|false|0x248f4cc7
17:01:15.0 (93651076)|SYSTEM_MODE_ENTER|true
17:01:15.0 (93679335)|HEAP_ALLOCATE|[EXTERNAL]|Bytes:44
17:01:15.0 (93701655)|VARIABLE_ASSIGNMENT|[EXTERNAL]|this.iCountComments|null|0x248f4cc7
17:01:15.0 (93750888)|SYSTEM_MODE_ENTER|true
17:01:15.0 (93764425)|HEAP_ALLOCATE|[EXTERNAL]|Bytes:44
17:01:15.0 (93772681)|VARIABLE_ASSIGNMENT|[EXTERNAL]|this.iCountLikes|null|0x248f4cc7
17:01:15.0 (93938460)|SYSTEM_MODE_ENTER|true
17:01:15.0 (93994254)|HEAP_ALLOCATE|[EXTERNAL]|Bytes:32
17:01:15.0 (94003649)|VARIABLE_SCOPE_BEGIN|[11]|this|auSwitchScreenCtrl|true|false
17:01:15.0 (94047281)|VARIABLE_ASSIGNMENT|[11]|this|{"isCommunityUser":false,"isIPhone":false,"isKDDIKnowledgeActivities":false,"isKDDIKnowledgeOnly":false,"isKDDIUser":true,"isSAorEvolvaUser":false,"isSystemAdministrator":false}|0x239abe5b
17:01:15.0 (94061653)|SYSTEM_MODE_ENTER|false
17:01:15.0 (94067947)|HEAP_ALLOCATE|[11]|Bytes:5
17:01:15.0 (94073288)|STATEMENT_EXECUTE|[11]
17:01:15.0 (94075174)|STATEMENT_EXECUTE|[11]
17:01:15.0 (94082590)|SYSTEM_MODE_EXIT|false
17:01:15.0 (94136611)|SYSTEM_MODE_ENTER|true
17:01:15.0 (94154106)|HEAP_ALLOCATE|[EXTERNAL]|Bytes:8
17:01:15.0 (94158775)|HEAP_ALLOCATE|[EXTERNAL]|Bytes:44
17:01:15.0 (94167125)|VARIABLE_ASSIGNMENT|[EXTERNAL]|this.iTypeOfScreen|0|0x248f4cc7
17:01:15.0 (94325236)|SYSTEM_MODE_ENTER|true
17:01:15.0 (94362168)|HEAP_ALLOCATE|[EXTERNAL]|Bytes:44
17:01:15.0 (94369929)|VARIABLE_SCOPE_BEGIN|[204]|this|auMainTopCompCtrl|true|false
17:01:15.0 (94406469)|VARIABLE_ASSIGNMENT|[204]|this|{"currentUser":"0x263e5cee","isSAUser":false,"iTypeOfScreen":0,"urlReportsSFA":"https://au-portal.li (90 more) ..."}|0x248f4cc7
17:01:15.0 (94417540)|STATEMENT_EXECUTE|[204]
17:01:15.0 (94466617)|VARIABLE_ASSIGNMENT|[EXTERNAL]|this|{"currentUser":"0x263e5cee","isSAUser":false,"iTypeOfScreen":0,"urlReportsSFA":"https://au-portal.li (90 more) ..."}|0x248f4cc7
17:01:15.0 (94516170)|VARIABLE_ASSIGNMENT|[EXTERNAL]|this|{"currentUser":"0x263e5cee","isSAUser":false,"iTypeOfScreen":0,"urlReportsSFA":"https://au-portal.li (90 more) ..."}|0x248f4cc7
17:01:15.0 (94553705)|VARIABLE_ASSIGNMENT|[EXTERNAL]|this|{"currentUser":"0x263e5cee","isSAUser":false,"iTypeOfScreen":0,"urlReportsSFA":"https://au-portal.li (90 more) ..."}|0x248f4cc7
17:01:15.0 (94595138)|VARIABLE_ASSIGNMENT|[EXTERNAL]|this|{"currentUser":"0x263e5cee","isSAUser":false,"iTypeOfScreen":0,"urlReportsSFA":"https://au-portal.li (90 more) ..."}|0x248f4cc7
17:01:15.0 (94631360)|VARIABLE_ASSIGNMENT|[EXTERNAL]|this|{"currentUser":"0x263e5cee","isSAUser":false,"iTypeOfScreen":0,"urlReportsSFA":"https://au-portal.li (90 more) ..."}|0x248f4cc7
17:01:15.0 (94643878)|STATEMENT_EXECUTE|[213]
17:01:15.0 (94645638)|STATEMENT_EXECUTE|[214]
17:01:15.0 (94726591)|SYSTEM_MODE_ENTER|true
17:01:15.0 (94761279)|HEAP_ALLOCATE|[EXTERNAL]|Bytes:44
17:01:15.0 (94768869)|VARIABLE_SCOPE_BEGIN|[218]|this|auMainTopCompCtrl|true|false
17:01:15.0 (94800635)|VARIABLE_ASSIGNMENT|[218]|this|{"currentUser":"0x263e5cee","isSAUser":false,"iTypeOfScreen":0,"urlReportsSFA":"https://au-portal.li (90 more) ..."}|0x248f4cc7
17:01:15.0 (94809790)|STATEMENT_EXECUTE|[218]
17:01:15.0 (94844671)|VARIABLE_ASSIGNMENT|[EXTERNAL]|this|{"currentUser":"0x263e5cee","isSAUser":false,"iTypeOfScreen":0,"urlReportsSFA":"https://au-portal.li (90 more) ..."}|0x248f4cc7
17:01:15.0 (94884299)|VARIABLE_ASSIGNMENT|[EXTERNAL]|this|{"currentUser":"0x263e5cee","isSAUser":false,"iTypeOfScreen":0,"urlReportsSFA":"https://au-portal.li (90 more) ..."}|0x248f4cc7
17:01:15.0 (94941597)|VARIABLE_ASSIGNMENT|[EXTERNAL]|this|{"currentUser":"0x263e5cee","isSAUser":false,"iTypeOfScreen":0,"urlReportsSFA":"https://au-portal.li (90 more) ..."}|0x248f4cc7
17:01:15.0 (94982323)|VARIABLE_ASSIGNMENT|[EXTERNAL]|this|{"currentUser":"0x263e5cee","isSAUser":false,"iTypeOfScreen":0,"urlReportsSFA":"https://au-portal.li (90 more) ..."}|0x248f4cc7
17:01:15.0 (95021108)|VARIABLE_ASSIGNMENT|[EXTERNAL]|this|{"currentUser":"0x263e5cee","isSAUser":false,"iTypeOfScreen":0,"urlReportsSFA":"https://au-portal.li (90 more) ..."}|0x248f4cc7
17:01:15.0 (95038134)|STATEMENT_EXECUTE|[227]
17:01:15.0 (95040009)|STATEMENT_EXECUTE|[228]
17:01:15.0 (96502884)|SYSTEM_MODE_ENTER|true
17:01:15.0 (98280396)|SYSTEM_MODE_ENTER|true
17:01:15.0 (98332534)|HEAP_ALLOCATE|[EXTERNAL]|Bytes:44
17:01:15.0 (98344178)|VARIABLE_SCOPE_BEGIN|[67]|this|auMainTopCompCtrl|true|false
17:01:15.0 (98397107)|VARIABLE_ASSIGNMENT|[67]|this|{"currentUser":"0x263e5cee","isSAUser":false,"iTypeOfScreen":0,"urlReportsSFA":"https://au-portal.li (90 more) ..."}|0x248f4cc7
17:01:15.0 (98409974)|STATEMENT_EXECUTE|[67]
17:01:15.0 (98411981)|STATEMENT_EXECUTE|[68]
17:01:15.0 (98457158)|VARIABLE_ASSIGNMENT|[EXTERNAL]|this|{"currentUser":"0x263e5cee","isSAUser":false,"iTypeOfScreen":0,"urlReportsSFA":"https://au-portal.li (90 more) ..."}|0x248f4cc7
17:01:15.0 (98506313)|VARIABLE_ASSIGNMENT|[EXTERNAL]|this|{"currentUser":"0x263e5cee","isSAUser":false,"iTypeOfScreen":0,"urlReportsSFA":"https://au-portal.li (90 more) ..."}|0x248f4cc7
17:01:15.0 (98546506)|VARIABLE_ASSIGNMENT|[EXTERNAL]|this|{"currentUser":"0x263e5cee","isSAUser":false,"iTypeOfScreen":0,"urlReportsSFA":"https://au-portal.li (90 more) ..."}|0x248f4cc7
17:01:15.0 (98563631)|HEAP_ALLOCATE|[68]|Bytes:5
17:01:15.0 (98637596)|SYSTEM_MODE_ENTER|true
17:01:15.0 (98672894)|HEAP_ALLOCATE|[EXTERNAL]|Bytes:44
17:01:15.0 (98683744)|VARIABLE_SCOPE_BEGIN|[73]|this|auMainTopCompCtrl|true|false
17:01:15.0 (98728281)|VARIABLE_ASSIGNMENT|[73]|this|{"currentUser":"0x263e5cee","isSAUser":false,"iTypeOfScreen":0,"urlReportsSFA":"https://au-portal.li (90 more) ..."}|0x248f4cc7
17:01:15.0 (98739516)|STATEMENT_EXECUTE|[73]
17:01:15.0 (98741495)|STATEMENT_EXECUTE|[74]
17:01:15.0 (98781181)|VARIABLE_ASSIGNMENT|[EXTERNAL]|this|{"currentUser":"0x263e5cee","isSAUser":false,"iTypeOfScreen":0,"urlReportsSFA":"https://au-portal.li (90 more) ..."}|0x248f4cc7
17:01:15.0 (98837950)|VARIABLE_ASSIGNMENT|[EXTERNAL]|this|{"currentUser":"0x263e5cee","isSAUser":false,"iTypeOfScreen":0,"urlReportsSFA":"https://au-portal.li (90 more) ..."}|0x248f4cc7
17:01:15.0 (98853881)|HEAP_ALLOCATE|[74]|Bytes:5
17:01:15.0 (98926306)|SYSTEM_MODE_ENTER|true
17:01:15.0 (98966049)|HEAP_ALLOCATE|[EXTERNAL]|Bytes:44
17:01:15.0 (98974025)|VARIABLE_SCOPE_BEGIN|[83]|this|auMainTopCompCtrl|true|false
17:01:15.0 (99006351)|VARIABLE_ASSIGNMENT|[83]|this|{"currentUser":"0x263e5cee","isSAUser":false,"iTypeOfScreen":0,"urlReportsSFA":"https://au-portal.li (90 more) ..."}|0x248f4cc7
17:01:15.0 (99016649)|STATEMENT_EXECUTE|[83]
17:01:15.0 (99018536)|STATEMENT_EXECUTE|[84]
17:01:15.0 (99052519)|VARIABLE_ASSIGNMENT|[EXTERNAL]|this|{"currentUser":"0x263e5cee","isSAUser":false,"iTypeOfScreen":0,"urlReportsSFA":"https://au-portal.li (90 more) ..."}|0x248f4cc7
17:01:15.0 (99094092)|VARIABLE_ASSIGNMENT|[EXTERNAL]|this|{"currentUser":"0x263e5cee","isSAUser":false,"iTypeOfScreen":0,"urlReportsSFA":"https://au-portal.li (90 more) ..."}|0x248f4cc7
17:01:15.0 (99108716)|HEAP_ALLOCATE|[84]|Bytes:5
17:01:15.0 (99173492)|SYSTEM_MODE_ENTER|true
17:01:15.0 (99209803)|HEAP_ALLOCATE|[EXTERNAL]|Bytes:44
17:01:15.0 (99217634)|VARIABLE_SCOPE_BEGIN|[100]|this|auMainTopCompCtrl|true|false
17:01:15.0 (99249786)|VARIABLE_ASSIGNMENT|[100]|this|{"currentUser":"0x263e5cee","isSAUser":false,"iTypeOfScreen":0,"urlReportsSFA":"https://au-portal.li (90 more) ..."}|0x248f4cc7
17:01:15.0 (99258998)|STATEMENT_EXECUTE|[100]
17:01:15.0 (99260915)|STATEMENT_EXECUTE|[101]
17:01:15.0 (99294823)|VARIABLE_ASSIGNMENT|[EXTERNAL]|this|{"currentUser":"0x263e5cee","isSAUser":false,"iTypeOfScreen":0,"urlReportsSFA":"https://au-portal.li (90 more) ..."}|0x248f4cc7
17:01:15.0 (99334684)|VARIABLE_ASSIGNMENT|[EXTERNAL]|this|{"currentUser":"0x263e5cee","isSAUser":false,"iTypeOfScreen":0,"urlReportsSFA":"https://au-portal.li (90 more) ..."}|0x248f4cc7
17:01:15.0 (99375181)|VARIABLE_ASSIGNMENT|[EXTERNAL]|this|{"currentUser":"0x263e5cee","isSAUser":false,"iTypeOfScreen":0,"urlReportsSFA":"https://au-portal.li (90 more) ..."}|0x248f4cc7
17:01:15.0 (99389645)|HEAP_ALLOCATE|[101]|Bytes:5
17:01:15.0 (99481693)|SYSTEM_MODE_ENTER|true
17:01:15.0 (99513998)|HEAP_ALLOCATE|[EXTERNAL]|Bytes:32
17:01:15.0 (99521965)|VARIABLE_SCOPE_BEGIN|[69]|this|auSwitchScreenCtrl|true|false
17:01:15.0 (99556425)|VARIABLE_ASSIGNMENT|[69]|this|{"isCommunityUser":false,"isIPhone":false,"isKDDIKnowledgeActivities":false,"isKDDIKnowledgeOnly":false,"isKDDIUser":true,"isSAorEvolvaUser":false,"isSystemAdministrator":false}|0x239abe5b
17:01:15.0 (99569914)|SYSTEM_MODE_ENTER|false
17:01:15.0 (99575871)|HEAP_ALLOCATE|[71]|Bytes:5
17:01:15.0 (99581442)|STATEMENT_EXECUTE|[69]
17:01:15.0 (99583274)|STATEMENT_EXECUTE|[71]
17:01:15.0 (99623050)|VARIABLE_ASSIGNMENT|[EXTERNAL]|this|{"isCommunityUser":false,"isIPhone":false,"isKDDIKnowledgeActivities":false,"isKDDIKnowledgeOnly":false,"isKDDIUser":true,"isSAorEvolvaUser":false,"isSystemAdministrator":false}|0x239abe5b
17:01:15.0 (99639351)|HEAP_ALLOCATE|[71]|Bytes:5
17:01:15.0 (99646107)|SYSTEM_MODE_EXIT|false
17:01:15.0 (99651341)|HEAP_ALLOCATE|[71]|Bytes:5
17:01:15.0 (99721458)|SYSTEM_MODE_ENTER|true
17:01:15.0 (99750879)|HEAP_ALLOCATE|[EXTERNAL]|Bytes:32
17:01:15.0 (99758429)|VARIABLE_SCOPE_BEGIN|[75]|this|auSwitchScreenCtrl|true|false
17:01:15.0 (99785318)|VARIABLE_ASSIGNMENT|[75]|this|{"isCommunityUser":false,"isIPhone":false,"isKDDIKnowledgeActivities":false,"isKDDIKnowledgeOnly":false,"isKDDIUser":true,"isSAorEvolvaUser":false,"isSystemAdministrator":false}|0x239abe5b
17:01:15.0 (99797977)|SYSTEM_MODE_ENTER|false
17:01:15.0 (99803096)|HEAP_ALLOCATE|[77]|Bytes:5
17:01:15.0 (99807803)|STATEMENT_EXECUTE|[75]
17:01:15.0 (99809634)|STATEMENT_EXECUTE|[77]
17:01:15.0 (99841771)|VARIABLE_ASSIGNMENT|[EXTERNAL]|this|{"isCommunityUser":false,"isIPhone":false,"isKDDIKnowledgeActivities":false,"isKDDIKnowledgeOnly":false,"isKDDIUser":true,"isSAorEvolvaUser":false,"isSystemAdministrator":false}|0x239abe5b
17:01:15.0 (99878562)|VARIABLE_ASSIGNMENT|[EXTERNAL]|this|{"isCommunityUser":false,"isIPhone":false,"isKDDIKnowledgeActivities":false,"isKDDIKnowledgeOnly":false,"isKDDIUser":true,"isSAorEvolvaUser":false,"isSystemAdministrator":false}|0x239abe5b
17:01:15.0 (99892582)|HEAP_ALLOCATE|[77]|Bytes:5
17:01:15.0 (99898863)|SYSTEM_MODE_EXIT|false
17:01:15.0 (99903329)|HEAP_ALLOCATE|[77]|Bytes:5
17:01:15.0 (99977177)|SYSTEM_MODE_ENTER|true
17:01:15.0 (100006392)|HEAP_ALLOCATE|[EXTERNAL]|Bytes:32
17:01:15.0 (100014554)|VARIABLE_SCOPE_BEGIN|[81]|this|auSwitchScreenCtrl|true|false
17:01:15.0 (100041393)|VARIABLE_ASSIGNMENT|[81]|this|{"isCommunityUser":false,"isIPhone":false,"isKDDIKnowledgeActivities":false,"isKDDIKnowledgeOnly":false,"isKDDIUser":true,"isSAorEvolvaUser":false,"isSystemAdministrator":false}|0x239abe5b
17:01:15.0 (100053666)|SYSTEM_MODE_ENTER|false
17:01:15.0 (100059324)|HEAP_ALLOCATE|[83]|Bytes:5
17:01:15.0 (100063723)|STATEMENT_EXECUTE|[81]
17:01:15.0 (100065502)|STATEMENT_EXECUTE|[83]
17:01:15.0 (100097399)|VARIABLE_ASSIGNMENT|[EXTERNAL]|this|{"isCommunityUser":false,"isIPhone":false,"isKDDIKnowledgeActivities":false,"isKDDIKnowledgeOnly":false,"isKDDIUser":true,"isSAorEvolvaUser":false,"isSystemAdministrator":false}|0x239abe5b
17:01:15.0 (100130318)|VARIABLE_ASSIGNMENT|[EXTERNAL]|this|{"isCommunityUser":false,"isIPhone":false,"isKDDIKnowledgeActivities":false,"isKDDIKnowledgeOnly":false,"isKDDIUser":true,"isSAorEvolvaUser":false,"isSystemAdministrator":false}|0x239abe5b
17:01:15.0 (100142970)|HEAP_ALLOCATE|[83]|Bytes:5
17:01:15.0 (100148727)|SYSTEM_MODE_EXIT|false
17:01:15.0 (100153360)|HEAP_ALLOCATE|[83]|Bytes:5
17:01:15.0 (100217964)|SYSTEM_MODE_ENTER|true
17:01:15.0 (100246530)|HEAP_ALLOCATE|[EXTERNAL]|Bytes:32
17:01:15.0 (100254068)|VARIABLE_SCOPE_BEGIN|[99]|this|auSwitchScreenCtrl|true|false
17:01:15.0 (100280101)|VARIABLE_ASSIGNMENT|[99]|this|{"isCommunityUser":false,"isIPhone":false,"isKDDIKnowledgeActivities":false,"isKDDIKnowledgeOnly":false,"isKDDIUser":true,"isSAorEvolvaUser":false,"isSystemAdministrator":false}|0x239abe5b
17:01:15.0 (100291585)|SYSTEM_MODE_ENTER|false
17:01:15.0 (100296502)|HEAP_ALLOCATE|[101]|Bytes:5
17:01:15.0 (100300755)|STATEMENT_EXECUTE|[99]
17:01:15.0 (100302534)|STATEMENT_EXECUTE|[101]
17:01:15.0 (100332919)|VARIABLE_ASSIGNMENT|[EXTERNAL]|this|{"isCommunityUser":false,"isIPhone":false,"isKDDIKnowledgeActivities":false,"isKDDIKnowledgeOnly":false,"isKDDIUser":true,"isSAorEvolvaUser":false,"isSystemAdministrator":false}|0x239abe5b
17:01:15.0 (100345093)|SYSTEM_MODE_EXIT|false
17:01:15.0 (100408697)|SYSTEM_MODE_ENTER|true
17:01:15.0 (100436285)|HEAP_ALLOCATE|[EXTERNAL]|Bytes:32
17:01:15.0 (100443412)|VARIABLE_SCOPE_BEGIN|[93]|this|auSwitchScreenCtrl|true|false
17:01:15.0 (100470328)|VARIABLE_ASSIGNMENT|[93]|this|{"isCommunityUser":false,"isIPhone":false,"isKDDIKnowledgeActivities":false,"isKDDIKnowledgeOnly":false,"isKDDIUser":true,"isSAorEvolvaUser":false,"isSystemAdministrator":false}|0x239abe5b
17:01:15.0 (100481692)|SYSTEM_MODE_ENTER|false
17:01:15.0 (100486509)|HEAP_ALLOCATE|[95]|Bytes:5
17:01:15.0 (100491212)|STATEMENT_EXECUTE|[93]
17:01:15.0 (100492826)|STATEMENT_EXECUTE|[95]
17:01:15.0 (100523156)|VARIABLE_ASSIGNMENT|[EXTERNAL]|this|{"isCommunityUser":false,"isIPhone":false,"isKDDIKnowledgeActivities":false,"isKDDIKnowledgeOnly":false,"isKDDIUser":true,"isSAorEvolvaUser":false,"isSystemAdministrator":false}|0x239abe5b
17:01:15.0 (100535573)|SYSTEM_MODE_EXIT|false
17:01:15.0 (100603262)|SYSTEM_MODE_ENTER|true
17:01:15.0 (100631713)|HEAP_ALLOCATE|[EXTERNAL]|Bytes:32
17:01:15.0 (100641993)|VARIABLE_SCOPE_BEGIN|[105]|this|auSwitchScreenCtrl|true|false
17:01:15.0 (100668055)|VARIABLE_ASSIGNMENT|[105]|this|{"isCommunityUser":false,"isIPhone":false,"isKDDIKnowledgeActivities":false,"isKDDIKnowledgeOnly":false,"isKDDIUser":true,"isSAorEvolvaUser":false,"isSystemAdministrator":false}|0x239abe5b
17:01:15.0 (100679227)|SYSTEM_MODE_ENTER|false
17:01:15.0 (100684101)|HEAP_ALLOCATE|[107]|Bytes:5
17:01:15.0 (100689120)|STATEMENT_EXECUTE|[105]
17:01:15.0 (100691041)|STATEMENT_EXECUTE|[107]
17:01:15.0 (100722636)|VARIABLE_ASSIGNMENT|[EXTERNAL]|this|{"isCommunityUser":false,"isIPhone":false,"isKDDIKnowledgeActivities":false,"isKDDIKnowledgeOnly":false,"isKDDIUser":true,"isSAorEvolvaUser":false,"isSystemAdministrator":false}|0x239abe5b
17:01:15.0 (100735491)|SYSTEM_MODE_EXIT|false
17:01:15.0 (100797899)|SYSTEM_MODE_ENTER|true
17:01:15.0 (100825537)|HEAP_ALLOCATE|[EXTERNAL]|Bytes:32
17:01:15.0 (100832690)|VARIABLE_SCOPE_BEGIN|[87]|this|auSwitchScreenCtrl|true|false
17:01:15.0 (100857813)|VARIABLE_ASSIGNMENT|[87]|this|{"isCommunityUser":false,"isIPhone":false,"isKDDIKnowledgeActivities":false,"isKDDIKnowledgeOnly":false,"isKDDIUser":true,"isSAorEvolvaUser":false,"isSystemAdministrator":false}|0x239abe5b
17:01:15.0 (100868857)|SYSTEM_MODE_ENTER|false
17:01:15.0 (100873666)|HEAP_ALLOCATE|[89]|Bytes:5
17:01:15.0 (100878006)|STATEMENT_EXECUTE|[87]
17:01:15.0 (100879749)|STATEMENT_EXECUTE|[89]
17:01:15.0 (100910312)|VARIABLE_ASSIGNMENT|[EXTERNAL]|this|{"isCommunityUser":false,"isIPhone":false,"isKDDIKnowledgeActivities":false,"isKDDIKnowledgeOnly":false,"isKDDIUser":true,"isSAorEvolvaUser":false,"isSystemAdministrator":false}|0x239abe5b
17:01:15.0 (100922832)|SYSTEM_MODE_EXIT|false
17:01:15.0 (100989952)|SYSTEM_MODE_ENTER|true
17:01:15.0 (101016909)|HEAP_ALLOCATE|[EXTERNAL]|Bytes:32
17:01:15.0 (101024338)|VARIABLE_SCOPE_BEGIN|[111]|this|auSwitchScreenCtrl|true|false
17:01:15.0 (101050069)|VARIABLE_ASSIGNMENT|[111]|this|{"isCommunityUser":false,"isIPhone":false,"isKDDIKnowledgeActivities":false,"isKDDIKnowledgeOnly":false,"isKDDIUser":true,"isSAorEvolvaUser":false,"isSystemAdministrator":false}|0x239abe5b
17:01:15.0 (101061507)|SYSTEM_MODE_ENTER|false
17:01:15.0 (101066553)|HEAP_ALLOCATE|[113]|Bytes:5
17:01:15.0 (101070914)|STATEMENT_EXECUTE|[111]
17:01:15.0 (101072536)|STATEMENT_EXECUTE|[113]
17:01:15.0 (101102075)|VARIABLE_ASSIGNMENT|[EXTERNAL]|this|{"isCommunityUser":false,"isIPhone":false,"isKDDIKnowledgeActivities":false,"isKDDIKnowledgeOnly":false,"isKDDIUser":true,"isSAorEvolvaUser":false,"isSystemAdministrator":false}|0x239abe5b
17:01:15.0 (101134424)|VARIABLE_ASSIGNMENT|[EXTERNAL]|this|{"isCommunityUser":false,"isIPhone":false,"isKDDIKnowledgeActivities":false,"isKDDIKnowledgeOnly":false,"isKDDIUser":true,"isSAorEvolvaUser":false,"isSystemAdministrator":false}|0x239abe5b
17:01:15.0 (101146325)|HEAP_ALLOCATE|[113]|Bytes:5
17:01:15.0 (101151706)|SYSTEM_MODE_EXIT|false
17:01:15.0 (101156503)|HEAP_ALLOCATE|[113]|Bytes:5
17:01:15.0 (101218576)|SYSTEM_MODE_ENTER|true
17:01:15.0 (101245728)|HEAP_ALLOCATE|[EXTERNAL]|Bytes:32
17:01:15.0 (101252870)|VARIABLE_SCOPE_BEGIN|[117]|this|auSwitchScreenCtrl|true|false
17:01:15.0 (101278710)|VARIABLE_ASSIGNMENT|[117]|this|{"isCommunityUser":false,"isIPhone":false,"isKDDIKnowledgeActivities":false,"isKDDIKnowledgeOnly":false,"isKDDIUser":true,"isSAorEvolvaUser":false,"isSystemAdministrator":false}|0x239abe5b
17:01:15.0 (101289525)|SYSTEM_MODE_ENTER|false
17:01:15.0 (101294408)|HEAP_ALLOCATE|[119]|Bytes:5
17:01:15.0 (101298917)|STATEMENT_EXECUTE|[117]
17:01:15.0 (101300774)|STATEMENT_EXECUTE|[119]
17:01:15.0 (101331014)|VARIABLE_ASSIGNMENT|[EXTERNAL]|this|{"isCommunityUser":false,"isIPhone":false,"isKDDIKnowledgeActivities":false,"isKDDIKnowledgeOnly":false,"isKDDIUser":true,"isSAorEvolvaUser":false,"isSystemAdministrator":false}|0x239abe5b
17:01:15.0 (101362849)|VARIABLE_ASSIGNMENT|[EXTERNAL]|this|{"isCommunityUser":false,"isIPhone":false,"isKDDIKnowledgeActivities":false,"isKDDIKnowledgeOnly":false,"isKDDIUser":true,"isSAorEvolvaUser":false,"isSystemAdministrator":false}|0x239abe5b
17:01:15.0 (101373982)|HEAP_ALLOCATE|[119]|Bytes:5
17:01:15.0 (101379191)|SYSTEM_MODE_EXIT|false
17:01:15.0 (101383831)|HEAP_ALLOCATE|[119]|Bytes:5
17:01:15.0 (101454310)|SYSTEM_MODE_ENTER|true
17:01:15.0 (105076838)|SYSTEM_MODE_ENTER|true
17:01:15.0 (105125809)|HEAP_ALLOCATE|[EXTERNAL]|Bytes:240
17:01:15.0 (105134887)|HEAP_ALLOCATE|[EXTERNAL]|Bytes:14
17:01:15.0 (105146350)|METHOD_ENTRY|[1]|01p6F000006ymET|auSwitchScreenBtmCompCtrl.auSwitchScreenBtmCompCtrl()
17:01:15.0 (105152238)|STATEMENT_EXECUTE|[1]
17:01:15.0 (105156705)|STATEMENT_EXECUTE|[1]
17:01:15.0 (105161489)|METHOD_EXIT|[1]|auSwitchScreenBtmCompCtrl
17:01:15.0 (105175071)|HEAP_ALLOCATE|[EXTERNAL]|Bytes:28
17:01:15.0 (105181673)|VARIABLE_SCOPE_BEGIN|[10]|this|auSwitchScreenBtmCompCtrl|true|false
17:01:15.0 (105221542)|VARIABLE_ASSIGNMENT|[10]|this|{}|0x5dd10916
17:01:15.0 (105230388)|STATEMENT_EXECUTE|[1]
17:01:15.0 (105232411)|STATEMENT_EXECUTE|[3]
17:01:15.0 (105234099)|STATEMENT_EXECUTE|[4]
17:01:15.0 (105235870)|STATEMENT_EXECUTE|[5]
17:01:15.0 (105237446)|STATEMENT_EXECUTE|[6]
17:01:15.0 (105238879)|STATEMENT_EXECUTE|[7]
17:01:15.0 (105240286)|STATEMENT_EXECUTE|[8]
17:01:15.0 (105256462)|STATEMENT_EXECUTE|[10]
17:01:15.0 (105258360)|STATEMENT_EXECUTE|[12]
17:01:15.0 (105433993)|HEAP_ALLOCATE|[12]|Bytes:136
17:01:15.0 (105492984)|VARIABLE_ASSIGNMENT|[EXTERNAL]|this|{}|0x5dd10916
17:01:15.0 (105509012)|VARIABLE_ASSIGNMENT|[EXTERNAL]|value|"https://c.ap4.conten (102 more) ..."
17:01:15.0 (105521720)|VARIABLE_ASSIGNMENT|[4]|this.urlDailyReportManual|"https://c.ap4.conten (102 more) ..."|0x5dd10916
17:01:15.0 (105531157)|STATEMENT_EXECUTE|[13]
17:01:15.0 (105624860)|HEAP_ALLOCATE|[13]|Bytes:136
17:01:15.0 (105676309)|VARIABLE_ASSIGNMENT|[EXTERNAL]|this|{"urlDailyReportManual":"https://c.ap4.conten (102 more) ..."}|0x5dd10916
17:01:15.0 (105688296)|VARIABLE_ASSIGNMENT|[EXTERNAL]|value|"https://ap4.salesfor (84 more) ..."
17:01:15.0 (105698526)|VARIABLE_ASSIGNMENT|[5]|this.urlExternalCxSTPDManual|"https://ap4.salesfor (84 more) ..."|0x5dd10916
17:01:15.0 (105707813)|STATEMENT_EXECUTE|[14]
17:01:15.0 (105794972)|HEAP_ALLOCATE|[14]|Bytes:136
17:01:15.0 (105852560)|VARIABLE_ASSIGNMENT|[EXTERNAL]|this|{"urlDailyReportManual":"https://c.ap4.conten (102 more) ...","urlExternalCxSTPDManual":"https://ap4.salesfor (84 more) ..."}|0x5dd10916
17:01:15.0 (105865656)|VARIABLE_ASSIGNMENT|[EXTERNAL]|value|"https://c.ap4.conten (102 more) ..."
17:01:15.0 (105876927)|VARIABLE_ASSIGNMENT|[6]|this.urlInternalCxSTPDManual|"https://c.ap4.conten (102 more) ..."|0x5dd10916
17:01:15.0 (105885857)|STATEMENT_EXECUTE|[16]
17:01:15.0 (105898778)|HEAP_ALLOCATE|[16]|Bytes:4
17:01:15.0 (105912089)|METHOD_ENTRY|[18]||System.UserInfo.getUserId()
17:01:15.0 (105941729)|METHOD_EXIT|[18]||System.UserInfo.getUserId()
17:01:15.0 (106143699)|SOQL_EXECUTE_BEGIN|[16]|Aggregations:0|SELECT Profile.Name FROM User WHERE User.ID = :tmpVar1
17:01:15.0 (111536427)|SOQL_EXECUTE_END|[16]|Rows:1
17:01:15.0 (111559741)|HEAP_ALLOCATE|[16]|Bytes:8
17:01:15.0 (111575439)|HEAP_ALLOCATE|[16]|Bytes:116
17:01:15.0 (111604759)|HEAP_ALLOCATE|[16]|Bytes:8
17:01:15.0 (111631235)|HEAP_ALLOCATE|[16]|Bytes:16
17:01:15.0 (111640558)|VARIABLE_SCOPE_BEGIN|[16]|currentUser|User|true|false
17:01:15.0 (111673864)|VARIABLE_ASSIGNMENT|[16]|currentUser|{"ProfileId":"00e6F000002FIslQAG","Id":"0056F000008202zQAA","Profile":{"Name":"KDDI - 支店","Id":"00e6F000002FIslQAG"}}|0x22a15549
17:01:15.0 (111682567)|STATEMENT_EXECUTE|[20]
17:01:15.0 (111852695)|VARIABLE_ASSIGNMENT|[EXTERNAL]|this|{"urlDailyReportManual":"https://c.ap4.conten (102 more) ...","urlExternalCxSTPDManual":"https://ap4.salesfor (84 more) ...","urlInternalCxSTPDManual":"https://c.ap4.conten (102 more) ..."}|0x5dd10916
17:01:15.0 (111870130)|VARIABLE_ASSIGNMENT|[EXTERNAL]|value|false
17:01:15.0 (111877619)|HEAP_ALLOCATE|[7]|Bytes:5
17:01:15.0 (111886599)|VARIABLE_ASSIGNMENT|[7]|this.isCommunityUser|false|0x5dd10916
17:01:15.0 (111897392)|STATEMENT_EXECUTE|[24]
17:01:15.0 (111945809)|VARIABLE_ASSIGNMENT|[EXTERNAL]|this|{"isCommunityUser":false,"urlDailyReportManual":"https://c.ap4.conten (102 more) ...","urlExternalCxSTPDManual":"https://ap4.salesfor (84 more) ...","urlInternalCxSTPDManual":"https://c.ap4.conten (102 more) ..."}|0x5dd10916
17:01:15.0 (111957923)|VARIABLE_ASSIGNMENT|[EXTERNAL]|value|""
17:01:15.0 (111966811)|VARIABLE_ASSIGNMENT|[3]|this.urlSFDCHome|""|0x5dd10916
17:01:15.0 (112015051)|VARIABLE_ASSIGNMENT|[EXTERNAL]|this|{"isCommunityUser":false,"urlDailyReportManual":"https://c.ap4.conten (102 more) ...","urlExternalCxSTPDManual":"https://ap4.salesfor (84 more) ...","urlInternalCxSTPDManual":"https://c.ap4.conten (102 more) ...","urlSFDCHome":""}|0x5dd10916
17:01:15.0 (112032264)|STATEMENT_EXECUTE|[25]
17:01:15.0 (112034116)|STATEMENT_EXECUTE|[26]
17:01:15.0 (112166398)|HEAP_ALLOCATE|[26]|Bytes:136
17:01:15.0 (112224795)|VARIABLE_ASSIGNMENT|[EXTERNAL]|this|{"isCommunityUser":false,"urlDailyReportManual":"https://c.ap4.conten (102 more) ...","urlExternalCxSTPDManual":"https://ap4.salesfor (84 more) ...","urlInternalCxSTPDManual":"https://c.ap4.conten (102 more) ...","urlSFDCHome":""}|0x5dd10916
17:01:15.0 (112238164)|VARIABLE_ASSIGNMENT|[EXTERNAL]|value|"https://au-portal.li (49 more) ..."
17:01:15.0 (112248733)|VARIABLE_ASSIGNMENT|[3]|this.urlSFDCHome|"https://au-portal.li (49 more) ..."|0x5dd10916
17:01:15.0 (112257843)|STATEMENT_EXECUTE|[27]
17:01:15.0 (112347487)|HEAP_ALLOCATE|[27]|Bytes:136
17:01:15.0 (112407635)|VARIABLE_ASSIGNMENT|[EXTERNAL]|this|{"isCommunityUser":false,"urlDailyReportManual":"https://c.ap4.conten (102 more) ...","urlExternalCxSTPDManual":"https://ap4.salesfor (84 more) ...","urlInternalCxSTPDManual":"https://c.ap4.conten (102 more) ...","urlSFDCHome":"https://au-portal.li (49 more) ..."}|0x5dd10916
17:01:15.0 (112421660)|VARIABLE_ASSIGNMENT|[EXTERNAL]|value|"http://lucas-idp.kdd (77 more) ..."
17:01:15.0 (112432163)|VARIABLE_ASSIGNMENT|[8]|this.urlSingleSignOn|"http://lucas-idp.kdd (77 more) ..."|0x5dd10916
17:01:15.0 (112989294)|SYSTEM_MODE_ENTER|true
17:01:15.0 (113082036)|SYSTEM_MODE_ENTER|true
17:01:15.0 (114416525)|SYSTEM_MODE_ENTER|true
17:01:15.0 (114444426)|HEAP_ALLOCATE|[EXTERNAL]|Bytes:44
17:01:15.0 (114457369)|VARIABLE_ASSIGNMENT|[EXTERNAL]|this.iCountComments|null|0x248f4cc7
17:01:15.0 (114498604)|SYSTEM_MODE_ENTER|true
17:01:15.0 (114511770)|HEAP_ALLOCATE|[EXTERNAL]|Bytes:44
17:01:15.0 (114519680)|VARIABLE_ASSIGNMENT|[EXTERNAL]|this.iCountLikes|null|0x248f4cc7
17:01:15.0 (114580944)|SYSTEM_MODE_ENTER|true
17:01:15.0 (114597459)|HEAP_ALLOCATE|[EXTERNAL]|Bytes:8
17:01:15.0 (114602114)|HEAP_ALLOCATE|[EXTERNAL]|Bytes:44
17:01:15.0 (114611213)|VARIABLE_ASSIGNMENT|[EXTERNAL]|this.iTypeOfScreen|0|0x248f4cc7
17:01:15.0 (114844247)|SYSTEM_MODE_ENTER|true
17:01:15.0 (114890167)|HEAP_ALLOCATE|[EXTERNAL]|Bytes:44
17:01:15.0 (114899456)|VARIABLE_SCOPE_BEGIN|[204]|this|auMainTopCompCtrl|true|false
17:01:15.0 (114943991)|VARIABLE_ASSIGNMENT|[204]|this|{"currentUser":"0x263e5cee","isSAUser":false,"iTypeOfScreen":0,"urlReportsSFA":"https://au-portal.li (90 more) ..."}|0x248f4cc7
17:01:15.0 (114955410)|STATEMENT_EXECUTE|[204]
17:01:15.0 (114990132)|VARIABLE_ASSIGNMENT|[EXTERNAL]|this|{"currentUser":"0x263e5cee","isSAUser":false,"iTypeOfScreen":0,"urlReportsSFA":"https://au-portal.li (90 more) ..."}|0x248f4cc7
17:01:15.0 (115036138)|VARIABLE_ASSIGNMENT|[EXTERNAL]|this|{"currentUser":"0x263e5cee","isSAUser":false,"iTypeOfScreen":0,"urlReportsSFA":"https://au-portal.li (90 more) ..."}|0x248f4cc7
17:01:15.0 (115071332)|VARIABLE_ASSIGNMENT|[EXTERNAL]|this|{"currentUser":"0x263e5cee","isSAUser":false,"iTypeOfScreen":0,"urlReportsSFA":"https://au-portal.li (90 more) ..."}|0x248f4cc7
17:01:15.0 (115105057)|VARIABLE_ASSIGNMENT|[EXTERNAL]|this|{"currentUser":"0x263e5cee","isSAUser":false,"iTypeOfScreen":0,"urlReportsSFA":"https://au-portal.li (90 more) ..."}|0x248f4cc7
17:01:15.0 (115136772)|VARIABLE_ASSIGNMENT|[EXTERNAL]|this|{"currentUser":"0x263e5cee","isSAUser":false,"iTypeOfScreen":0,"urlReportsSFA":"https://au-portal.li (90 more) ..."}|0x248f4cc7
17:01:15.0 (115148762)|STATEMENT_EXECUTE|[213]
17:01:15.0 (115150612)|STATEMENT_EXECUTE|[214]
17:01:15.0 (115208794)|SYSTEM_MODE_ENTER|true
17:01:15.0 (115240543)|HEAP_ALLOCATE|[EXTERNAL]|Bytes:44
17:01:15.0 (115247609)|VARIABLE_SCOPE_BEGIN|[218]|this|auMainTopCompCtrl|true|false
17:01:15.0 (115279587)|VARIABLE_ASSIGNMENT|[218]|this|{"currentUser":"0x263e5cee","isSAUser":false,"iTypeOfScreen":0,"urlReportsSFA":"https://au-portal.li (90 more) ..."}|0x248f4cc7
17:01:15.0 (115289339)|STATEMENT_EXECUTE|[218]
17:01:15.0 (115316695)|VARIABLE_ASSIGNMENT|[EXTERNAL]|this|{"currentUser":"0x263e5cee","isSAUser":false,"iTypeOfScreen":0,"urlReportsSFA":"https://au-portal.li (90 more) ..."}|0x248f4cc7
17:01:15.0 (115350682)|VARIABLE_ASSIGNMENT|[EXTERNAL]|this|{"currentUser":"0x263e5cee","isSAUser":false,"iTypeOfScreen":0,"urlReportsSFA":"https://au-portal.li (90 more) ..."}|0x248f4cc7
17:01:15.0 (115382269)|VARIABLE_ASSIGNMENT|[EXTERNAL]|this|{"currentUser":"0x263e5cee","isSAUser":false,"iTypeOfScreen":0,"urlReportsSFA":"https://au-portal.li (90 more) ..."}|0x248f4cc7
17:01:15.0 (115414127)|VARIABLE_ASSIGNMENT|[EXTERNAL]|this|{"currentUser":"0x263e5cee","isSAUser":false,"iTypeOfScreen":0,"urlReportsSFA":"https://au-portal.li (90 more) ..."}|0x248f4cc7
17:01:15.0 (115444976)|VARIABLE_ASSIGNMENT|[EXTERNAL]|this|{"currentUser":"0x263e5cee","isSAUser":false,"iTypeOfScreen":0,"urlReportsSFA":"https://au-portal.li (90 more) ..."}|0x248f4cc7
17:01:15.0 (115455154)|STATEMENT_EXECUTE|[227]
17:01:15.0 (115456795)|STATEMENT_EXECUTE|[228]
17:01:15.0 (115759378)|SYSTEM_MODE_ENTER|true
17:01:15.0 (120704828)|SYSTEM_MODE_ENTER|true
17:01:15.0 (120753419)|HEAP_ALLOCATE|[EXTERNAL]|Bytes:44
17:01:15.0 (120763519)|VARIABLE_SCOPE_BEGIN|[67]|this|auMainTopCompCtrl|true|false
17:01:15.0 (120813573)|VARIABLE_ASSIGNMENT|[67]|this|{"currentUser":"0x263e5cee","isSAUser":false,"iTypeOfScreen":0,"urlReportsSFA":"https://au-portal.li (90 more) ..."}|0x248f4cc7
17:01:15.0 (120825493)|STATEMENT_EXECUTE|[67]
17:01:15.0 (120827626)|STATEMENT_EXECUTE|[68]
17:01:15.0 (120861014)|VARIABLE_ASSIGNMENT|[EXTERNAL]|this|{"currentUser":"0x263e5cee","isSAUser":false,"iTypeOfScreen":0,"urlReportsSFA":"https://au-portal.li (90 more) ..."}|0x248f4cc7
17:01:15.0 (120900555)|VARIABLE_ASSIGNMENT|[EXTERNAL]|this|{"currentUser":"0x263e5cee","isSAUser":false,"iTypeOfScreen":0,"urlReportsSFA":"https://au-portal.li (90 more) ..."}|0x248f4cc7
17:01:15.0 (120934179)|VARIABLE_ASSIGNMENT|[EXTERNAL]|this|{"currentUser":"0x263e5cee","isSAUser":false,"iTypeOfScreen":0,"urlReportsSFA":"https://au-portal.li (90 more) ..."}|0x248f4cc7
17:01:15.0 (120948725)|HEAP_ALLOCATE|[68]|Bytes:5
17:01:15.0 (121010393)|SYSTEM_MODE_ENTER|true
17:01:15.0 (121042971)|HEAP_ALLOCATE|[EXTERNAL]|Bytes:44
17:01:15.0 (121049923)|VARIABLE_SCOPE_BEGIN|[73]|this|auMainTopCompCtrl|true|false
17:01:15.0 (121082164)|VARIABLE_ASSIGNMENT|[73]|this|{"currentUser":"0x263e5cee","isSAUser":false,"iTypeOfScreen":0,"urlReportsSFA":"https://au-portal.li (90 more) ..."}|0x248f4cc7
17:01:15.0 (121091700)|STATEMENT_EXECUTE|[73]
17:01:15.0 (121093577)|STATEMENT_EXECUTE|[74]
17:01:15.0 (121120569)|VARIABLE_ASSIGNMENT|[EXTERNAL]|this|{"currentUser":"0x263e5cee","isSAUser":false,"iTypeOfScreen":0,"urlReportsSFA":"https://au-portal.li (90 more) ..."}|0x248f4cc7
17:01:15.0 (121154154)|VARIABLE_ASSIGNMENT|[EXTERNAL]|this|{"currentUser":"0x263e5cee","isSAUser":false,"iTypeOfScreen":0,"urlReportsSFA":"https://au-portal.li (90 more) ..."}|0x248f4cc7
17:01:15.0 (121167280)|HEAP_ALLOCATE|[74]|Bytes:5
17:01:15.0 (121215386)|SYSTEM_MODE_ENTER|true
17:01:15.0 (121243179)|HEAP_ALLOCATE|[EXTERNAL]|Bytes:44
17:01:15.0 (121248669)|VARIABLE_SCOPE_BEGIN|[83]|this|auMainTopCompCtrl|true|false
17:01:15.0 (121278481)|VARIABLE_ASSIGNMENT|[83]|this|{"currentUser":"0x263e5cee","isSAUser":false,"iTypeOfScreen":0,"urlReportsSFA":"https://au-portal.li (90 more) ..."}|0x248f4cc7
17:01:15.0 (121287624)|STATEMENT_EXECUTE|[83]
17:01:15.0 (121289272)|STATEMENT_EXECUTE|[84]
17:01:15.0 (121346640)|VARIABLE_ASSIGNMENT|[EXTERNAL]|this|{"currentUser":"0x263e5cee","isSAUser":false,"iTypeOfScreen":0,"urlReportsSFA":"https://au-portal.li (90 more) ..."}|0x248f4cc7
17:01:15.0 (121403685)|VARIABLE_ASSIGNMENT|[EXTERNAL]|this|{"currentUser":"0x263e5cee","isSAUser":false,"iTypeOfScreen":0,"urlReportsSFA":"https://au-portal.li (90 more) ..."}|0x248f4cc7
17:01:15.0 (121418947)|HEAP_ALLOCATE|[84]|Bytes:5
17:01:15.0 (121475451)|SYSTEM_MODE_ENTER|true
17:01:15.0 (121507465)|HEAP_ALLOCATE|[EXTERNAL]|Bytes:44
17:01:15.0 (121513457)|VARIABLE_SCOPE_BEGIN|[100]|this|auMainTopCompCtrl|true|false
17:01:15.0 (121550636)|VARIABLE_ASSIGNMENT|[100]|this|{"currentUser":"0x263e5cee","isSAUser":false,"iTypeOfScreen":0,"urlReportsSFA":"https://au-portal.li (90 more) ..."}|0x248f4cc7
17:01:15.0 (121560689)|STATEMENT_EXECUTE|[100]
17:01:15.0 (121562496)|STATEMENT_EXECUTE|[101]
17:01:15.0 (121590254)|VARIABLE_ASSIGNMENT|[EXTERNAL]|this|{"currentUser":"0x263e5cee","isSAUser":false,"iTypeOfScreen":0,"urlReportsSFA":"https://au-portal.li (90 more) ..."}|0x248f4cc7
17:01:15.0 (121625211)|VARIABLE_ASSIGNMENT|[EXTERNAL]|this|{"currentUser":"0x263e5cee","isSAUser":false,"iTypeOfScreen":0,"urlReportsSFA":"https://au-portal.li (90 more) ..."}|0x248f4cc7
17:01:15.0 (121657445)|VARIABLE_ASSIGNMENT|[EXTERNAL]|this|{"currentUser":"0x263e5cee","isSAUser":false,"iTypeOfScreen":0,"urlReportsSFA":"https://au-portal.li (90 more) ..."}|0x248f4cc7
17:01:15.0 (121671058)|HEAP_ALLOCATE|[101]|Bytes:5
17:01:15.0 (124134366)|SYSTEM_MODE_ENTER|true
17:01:15.0 (124552187)|SYSTEM_MODE_ENTER|true
17:01:15.0 (125110360)|VF_SERIALIZE_VIEWSTATE_BEGIN|0666F000006TarA
17:01:15.0 (128480132)|VF_SERIALIZE_VIEWSTATE_END
17:01:15.135 (135710425)|CUMULATIVE_LIMIT_USAGE
17:01:15.135 (135710425)|LIMIT_USAGE_FOR_NS|(default)|
  Number of SOQL queries: 5 out of 100
  Number of query rows: 5 out of 50000
  Number of SOSL queries: 0 out of 20
  Number of DML statements: 0 out of 150
  Number of DML rows: 0 out of 10000
  Maximum CPU time: 0 out of 10000
  Maximum heap size: 0 out of 6000000
  Number of callouts: 0 out of 100
  Number of Email Invocations: 0 out of 10
  Number of future calls: 0 out of 50
  Number of queueable jobs added to the queue: 0 out of 50
  Number of Mobile Apex push calls: 0 out of 10

17:01:15.135 (135710425)|CUMULATIVE_LIMIT_USAGE_END

17:01:15.0 (135748678)|CODE_UNIT_FINISHED|VF: /apex/auSwitchScreenPage
17:01:15.0 (136785432)|EXECUTION_FINISHED
