36.0 APEX_CODE,FINEST;APEX_PROFILING,INFO;CALLOUT,INFO;DB,INFO;NBA,INFO;SYSTEM,DEBUG;VALIDATION,INFO;VISUALFORCE,INFO;WAVE,INFO;WORKFLOW,INFO
16:05:36.0 (86027)|USER_INFO|[EXTERNAL]|0056F000006PtYl|gwadmin@gw.jp.kddi.fullsand|日本標準時|GMT+09:00
16:05:36.0 (119552)|EXECUTION_STARTED
16:05:36.0 (125523)|CODE_UNIT_STARTED|[EXTERNAL]|0666F0000066wqY|VF: /apex/saDailyReportEditorForAdmin
16:05:36.0 (627383)|VF_DESERIALIZE_VIEWSTATE_BEGIN|0666F0000066wqY
16:05:36.0 (5222208)|HEAP_ALLOCATE|[72]|Bytes:3
16:05:36.0 (5270196)|HEAP_ALLOCATE|[77]|Bytes:152
16:05:36.0 (5288689)|HEAP_ALLOCATE|[342]|Bytes:408
16:05:36.0 (5304078)|HEAP_ALLOCATE|[355]|Bytes:408
16:05:36.0 (5316242)|HEAP_ALLOCATE|[467]|Bytes:48
16:05:36.0 (5341718)|HEAP_ALLOCATE|[139]|Bytes:6
16:05:36.0 (5757273)|HEAP_ALLOCATE|[50]|Bytes:5
16:05:36.0 (5783946)|HEAP_ALLOCATE|[56]|Bytes:5
16:05:36.0 (5792802)|HEAP_ALLOCATE|[64]|Bytes:7
16:05:36.0 (10155317)|VARIABLE_SCOPE_BEGIN|[10]|saDailyReportEditorForAdminCtl.CALL_TYPE_AU_HEARING|String|false|true
16:05:36.0 (10168482)|VARIABLE_SCOPE_BEGIN|[8]|saDailyReportEditorForAdminCtl.CALL_TYPE_DAILYREPORT|String|false|true
16:05:36.0 (10175786)|VARIABLE_SCOPE_BEGIN|[9]|saDailyReportEditorForAdminCtl.CALL_TYPE_SANX_HEARING|String|false|true
16:05:36.0 (10182767)|VARIABLE_SCOPE_BEGIN|[3]|saDailyReportEditorForAdminCtl.PARAM_ID|String|false|true
16:05:36.0 (10189724)|VARIABLE_SCOPE_BEGIN|[4]|saDailyReportEditorForAdminCtl.SCROLL_TOP|String|false|true
16:05:36.0 (10196059)|VARIABLE_SCOPE_BEGIN|[6]|saDailyReportEditorForAdminCtl.URL_PARAM_NAME_CALLTYPE|String|false|true
16:05:36.0 (10202446)|VARIABLE_SCOPE_BEGIN|[5]|saDailyReportEditorForAdminCtl.URL_PARAM_NAME_ISCOPY|String|false|true
16:05:36.0 (10208083)|VARIABLE_SCOPE_BEGIN|[12]|saDailyReportEditorForAdminCtl.USER_BASE_QUERY|String|false|true
16:05:36.0 (10214571)|VARIABLE_SCOPE_BEGIN|[13]|saDailyReportEditorForAdminCtl.USER_BASE_QUERY_SA|String|false|true
16:05:36.0 (16029535)|VF_DESERIALIZE_VIEWSTATE_END
16:05:36.0 (21246700)|SYSTEM_MODE_ENTER|true
16:05:36.0 (21283971)|HEAP_ALLOCATE|[EXTERNAL]|Bytes:48
16:05:36.0 (21300281)|HEAP_ALLOCATE|[EXTERNAL]|Bytes:740
16:05:36.0 (21306339)|HEAP_ALLOCATE|[EXTERNAL]|Bytes:277
16:05:36.0 (21311357)|HEAP_ALLOCATE|[EXTERNAL]|Bytes:54
16:05:36.0 (21316036)|HEAP_ALLOCATE|[EXTERNAL]|Bytes:1
16:05:36.0 (21339522)|VARIABLE_ASSIGNMENT|[EXTERNAL]|saDailyReportEditorForAdminCtl.CALL_TYPE_AU_HEARING|"3"
16:05:36.0 (21345452)|HEAP_ALLOCATE|[EXTERNAL]|Bytes:1
16:05:36.0 (21352331)|VARIABLE_ASSIGNMENT|[EXTERNAL]|saDailyReportEditorForAdminCtl.CALL_TYPE_DAILYREPORT|"1"
16:05:36.0 (21356730)|HEAP_ALLOCATE|[EXTERNAL]|Bytes:1
16:05:36.0 (21361840)|VARIABLE_ASSIGNMENT|[EXTERNAL]|saDailyReportEditorForAdminCtl.CALL_TYPE_SANX_HEARING|"2"
16:05:36.0 (21366211)|HEAP_ALLOCATE|[EXTERNAL]|Bytes:2
16:05:36.0 (21372707)|VARIABLE_ASSIGNMENT|[EXTERNAL]|saDailyReportEditorForAdminCtl.PARAM_ID|"id"
16:05:36.0 (21377621)|HEAP_ALLOCATE|[EXTERNAL]|Bytes:3
16:05:36.0 (21383557)|VARIABLE_ASSIGNMENT|[EXTERNAL]|saDailyReportEditorForAdminCtl.SCROLL_TOP|"top"
16:05:36.0 (21387863)|HEAP_ALLOCATE|[EXTERNAL]|Bytes:4
16:05:36.0 (21393439)|VARIABLE_ASSIGNMENT|[EXTERNAL]|saDailyReportEditorForAdminCtl.URL_PARAM_NAME_CALLTYPE|"type"
16:05:36.0 (21398182)|HEAP_ALLOCATE|[EXTERNAL]|Bytes:6
16:05:36.0 (21404987)|VARIABLE_ASSIGNMENT|[EXTERNAL]|saDailyReportEditorForAdminCtl.URL_PARAM_NAME_ISCOPY|"isCopy"
16:05:36.0 (21409701)|HEAP_ALLOCATE|[EXTERNAL]|Bytes:100
16:05:36.0 (21419941)|VARIABLE_ASSIGNMENT|[EXTERNAL]|saDailyReportEditorForAdminCtl.USER_BASE_QUERY|" SELECT id, Name, Pr (80 more) ..."
16:05:36.0 (21424731)|HEAP_ALLOCATE|[EXTERNAL]|Bytes:220
16:05:36.0 (21432632)|VARIABLE_ASSIGNMENT|[EXTERNAL]|saDailyReportEditorForAdminCtl.USER_BASE_QUERY_SA|" SELECT id, (Select  (200 more) ..."
16:05:36.0 (21447303)|METHOD_ENTRY|[1]|01p6F000006sUQn|saDailyReportEditorForAdminCtl.saDailyReportEditorForAdminCtl()
16:05:36.0 (21454086)|STATEMENT_EXECUTE|[1]
16:05:36.0 (21461452)|STATEMENT_EXECUTE|[1]
16:05:36.0 (21473140)|SYSTEM_MODE_ENTER|false
16:05:36.0 (21488140)|HEAP_ALLOCATE|[EXTERNAL]|Bytes:5
16:05:36.0 (21493547)|STATEMENT_EXECUTE|[1322]
16:05:36.0 (21495463)|STATEMENT_EXECUTE|[1879]
16:05:36.0 (21497057)|STATEMENT_EXECUTE|[1927]
16:05:36.0 (21503212)|SYSTEM_MODE_EXIT|false
16:05:36.0 (21513914)|METHOD_EXIT|[1]|saDailyReportEditorForAdminCtl
16:05:36.0 (21689856)|SYSTEM_MODE_ENTER|true
16:05:36.0 (21750053)|SYSTEM_MODE_ENTER|true
16:05:36.0 (21844717)|SYSTEM_MODE_ENTER|true
16:05:36.0 (21942485)|SYSTEM_MODE_ENTER|true
16:05:36.22 (22264364)|SYSTEM_MODE_ENTER|true
16:05:36.22 (22334889)|HEAP_ALLOCATE|[EXTERNAL]|Bytes:38
16:05:36.22 (22342663)|HEAP_ALLOCATE|[EXTERNAL]|Bytes:7
16:05:36.23 (23178694)|SYSTEM_MODE_ENTER|true
16:05:36.23 (23235417)|HEAP_ALLOCATE|[EXTERNAL]|Bytes:8
16:05:36.23 (23244644)|VARIABLE_SCOPE_BEGIN|[88]|this|ApexPage.PageMessagesComponentController|true|false
16:05:36.23 (23278476)|VARIABLE_ASSIGNMENT|[88]|this|{}|0x19d264a4
16:05:36.23 (23285482)|VARIABLE_SCOPE_BEGIN|[88]|escape|Boolean|false|false
16:05:36.23 (23293579)|VARIABLE_ASSIGNMENT|[88]|escape|null
16:05:36.0 (24695896)|SYSTEM_MODE_ENTER|true
16:05:36.0 (24765494)|HEAP_ALLOCATE|[EXTERNAL]|Bytes:552
16:05:36.0 (24776643)|HEAP_ALLOCATE|[EXTERNAL]|Bytes:254
16:05:36.0 (24780924)|HEAP_ALLOCATE|[EXTERNAL]|Bytes:4
16:05:36.0 (26027945)|HEAP_ALLOCATE|[EXTERNAL]|Bytes:112
16:05:36.0 (26037858)|VARIABLE_SCOPE_BEGIN|[1527]|this|saDailyReportEditorForAdminCtl.InquiryManage|true|false
16:05:36.0 (26109528)|VARIABLE_ASSIGNMENT|[1527]|this|{"baseItemsDetail":"0xd14a588","baseItemsReply":"0x68db917f","baseParentRec":"0x43f354d1","itemsDetail":"0x5410e00f","itemsReply":"0x7c8037e0","lastSearchUserKddiRole6Filter":"dummy1stTime","lastSearchUserSARole8Filter":"dummy1stTime","lastSearchUserShopRole6Filter":"dummy1stTime","parentRec":"0x67504f4a"}|0x6d2de10f
16:05:36.0 (26125069)|STATEMENT_EXECUTE|[1527]
16:05:36.0 (26127401)|STATEMENT_EXECUTE|[1528]
16:05:36.0 (26178976)|HEAP_ALLOCATE|[1528]|Bytes:4
16:05:36.0 (26286873)|HEAP_ALLOCATE|[EXTERNAL]|Bytes:112
16:05:36.0 (26294266)|VARIABLE_SCOPE_BEGIN|[1442]|this|saDailyReportEditorForAdminCtl.InquiryManage|true|false
16:05:36.0 (26352430)|VARIABLE_ASSIGNMENT|[1442]|this|{"baseItemsDetail":"0xd14a588","baseItemsReply":"0x68db917f","baseParentRec":"0x43f354d1","itemsDetail":"0x5410e00f","itemsReply":"0x7c8037e0","lastSearchUserKddiRole6Filter":"dummy1stTime","lastSearchUserSARole8Filter":"dummy1stTime","lastSearchUserShopRole6Filter":"dummy1stTime","parentRec":"0x67504f4a"}|0x6d2de10f
16:05:36.0 (26365012)|STATEMENT_EXECUTE|[1442]
16:05:36.0 (26366918)|STATEMENT_EXECUTE|[1443]
16:05:36.0 (26385920)|METHOD_ENTRY|[1443]|01p6F000006sUQn|saDailyReportEditorForAdminCtl.InquiryManage.refresh()
16:05:36.0 (26399558)|VARIABLE_SCOPE_BEGIN|[1481]|this|saDailyReportEditorForAdminCtl.InquiryManage|true|false
16:05:36.0 (26450508)|VARIABLE_ASSIGNMENT|[1481]|this|{"baseItemsDetail":"0xd14a588","baseItemsReply":"0x68db917f","baseParentRec":"0x43f354d1","itemsDetail":"0x5410e00f","itemsReply":"0x7c8037e0","lastSearchUserKddiRole6Filter":"dummy1stTime","lastSearchUserSARole8Filter":"dummy1stTime","lastSearchUserShopRole6Filter":"dummy1stTime","parentRec":"0x67504f4a"}|0x6d2de10f
16:05:36.0 (26461323)|STATEMENT_EXECUTE|[1481]
16:05:36.0 (26463186)|STATEMENT_EXECUTE|[1483]
16:05:36.0 (26470217)|VARIABLE_SCOPE_BEGIN|[1483]|localItemsDetail|List<saDailyReportEditorForAdminCtl.InquiryDetailItem>|true|false
16:05:36.0 (26491745)|HEAP_ALLOCATE|[1483]|Bytes:156
16:05:36.0 (26498828)|HEAP_ALLOCATE|[1483]|Bytes:49
16:05:36.0 (26519311)|VARIABLE_ASSIGNMENT|[1483]|localItemsDetail|[{"IdxRow":"caf5efb9-82eb-70be-9 (16 more) ...","isCopy":false,"isDeleted":false,"rec":"0x11688177"}]|0x5410e00f
16:05:36.0 (26526271)|STATEMENT_EXECUTE|[1484]
16:05:36.0 (26536766)|HEAP_ALLOCATE|[1484]|Bytes:4
16:05:36.0 (26559520)|VARIABLE_SCOPE_BEGIN|[1484]|newItemsDetail|List<saDailyReportEditorForAdminCtl.InquiryDetailItem>|true|false
16:05:36.0 (26578783)|HEAP_ALLOCATE|[EXTERNAL]|Bytes:4
16:05:36.0 (26587278)|VARIABLE_ASSIGNMENT|[1484]|newItemsDetail|[]|0x42ab0bcd
16:05:36.0 (26598467)|STATEMENT_EXECUTE|[1486]
16:05:36.0 (26632917)|HEAP_ALLOCATE|[EXTERNAL]|Bytes:4
16:05:36.0 (26642549)|STATEMENT_EXECUTE|[1487]
16:05:36.0 (26647150)|VARIABLE_SCOPE_BEGIN|[1487]|cnt|Integer|false|false
16:05:36.0 (26655110)|HEAP_ALLOCATE|[1487]|Bytes:4
16:05:36.0 (26662450)|VARIABLE_ASSIGNMENT|[1487]|cnt|0
16:05:36.0 (26774677)|HEAP_ALLOCATE|[1488]|Bytes:5
16:05:36.0 (26789078)|HEAP_ALLOCATE|[1488]|Bytes:20
16:05:36.0 (26796815)|VARIABLE_SCOPE_BEGIN|[1488]|item|saDailyReportEditorForAdminCtl.InquiryDetailItem|true|false
16:05:36.0 (26825110)|VARIABLE_ASSIGNMENT|[1488]|item|{"IdxRow":"caf5efb9-82eb-70be-9 (16 more) ...","isCopy":false,"isDeleted":false,"rec":"0x11688177"}|0x57ee52e5
16:05:36.0 (26833456)|STATEMENT_EXECUTE|[1488]
16:05:36.0 (26867763)|VARIABLE_ASSIGNMENT|[EXTERNAL]|this|{"IdxRow":"caf5efb9-82eb-70be-9 (16 more) ...","isCopy":false,"isDeleted":false,"rec":"0x11688177"}|0x57ee52e5
16:05:36.0 (26882837)|STATEMENT_EXECUTE|[1489]
16:05:36.0 (26884530)|STATEMENT_EXECUTE|[1490]
16:05:36.0 (26920098)|HEAP_ALLOCATE|[1490]|Bytes:28
16:05:36.0 (26925602)|HEAP_ALLOCATE|[1490]|Bytes:28
16:05:36.0 (26957033)|VARIABLE_ASSIGNMENT|[EXTERNAL]|this|{"IdxRow":"caf5efb9-82eb-70be-9 (16 more) ...","isCopy":false,"isDeleted":false,"rec":"0x11688177"}|0x57ee52e5
16:05:36.0 (27610964)|VARIABLE_ASSIGNMENT|[1490]|this.SortNo__c|0|0x11688177
16:05:36.0 (27621225)|STATEMENT_EXECUTE|[1491]
16:05:36.0 (27658130)|HEAP_ALLOCATE|[EXTERNAL]|Bytes:4
16:05:36.0 (27717446)|VARIABLE_ASSIGNMENT|[EXTERNAL]|this|{"IdxRow":"caf5efb9-82eb-70be-9 (16 more) ...","isCopy":false,"isDeleted":false,"rec":"0x11688177"}|0x57ee52e5
16:05:36.0 (27739947)|STATEMENT_EXECUTE|[1493]
16:05:36.0 (27743240)|STATEMENT_EXECUTE|[1500]
16:05:36.0 (27747171)|HEAP_ALLOCATE|[1500]|Bytes:4
16:05:36.0 (27762648)|VARIABLE_ASSIGNMENT|[1500]|cnt|1
16:05:36.0 (27785169)|HEAP_ALLOCATE|[1488]|Bytes:5
16:05:36.0 (27807257)|VARIABLE_ASSIGNMENT|[1488]|item|null|
16:05:36.0 (27816564)|STATEMENT_EXECUTE|[1504]
16:05:36.0 (27848061)|VARIABLE_ASSIGNMENT|[1504]|this.itemsDetail|[{"IdxRow":"caf5efb9-82eb-70be-9 (16 more) ...","isCopy":false,"isDeleted":false,"rec":"0x11688177"}]|0x6d2de10f
16:05:36.0 (27854733)|STATEMENT_EXECUTE|[1506]
16:05:36.0 (27861182)|VARIABLE_SCOPE_BEGIN|[1506]|localItemsReply|List<saDailyReportEditorForAdminCtl.InquiryReplyItem>|true|false
16:05:36.0 (27878688)|HEAP_ALLOCATE|[1506]|Bytes:272
16:05:36.0 (27886070)|HEAP_ALLOCATE|[1506]|Bytes:69
16:05:36.0 (27938035)|VARIABLE_ASSIGNMENT|[1506]|localItemsReply|[{"IdxRow":"22221bbe-2105-7422-d (16 more) ...","isCopy":false,"isDeleted":false,"isInquiryDone":true,"rec":"0x2d81256","usrName":"auPortal システム開発","usrRoleCode":"C000000","usrRoleName":"コンシューマ事業本部"},{"IdxRow":"b73f09c5-cfe5-1f32-2 (16 more) ...","isCopy":false,"isDeleted":false,"isInquiryDone":false,"rec":"0x18b794a3","usrName":"SA Test GW","usrRoleCode":"C000000","usrRoleName":"コンシューマ事業本部"}]|0x7c8037e0
16:05:36.0 (27949388)|STATEMENT_EXECUTE|[1507]
16:05:36.0 (27959630)|HEAP_ALLOCATE|[1507]|Bytes:4
16:05:36.0 (27998506)|VARIABLE_SCOPE_BEGIN|[1507]|newItemsReply|List<saDailyReportEditorForAdminCtl.InquiryReplyItem>|true|false
16:05:36.0 (28016200)|HEAP_ALLOCATE|[EXTERNAL]|Bytes:4
16:05:36.0 (28024850)|VARIABLE_ASSIGNMENT|[1507]|newItemsReply|[]|0x6f734799
16:05:36.0 (28030222)|STATEMENT_EXECUTE|[1509]
16:05:36.0 (28057886)|VARIABLE_SCOPE_BEGIN|[1967]|this|saDailyReportEditorForAdminCtl.InquiryReplyItem|true|false
16:05:36.0 (28094286)|VARIABLE_ASSIGNMENT|[1967]|this|{"IdxRow":"22221bbe-2105-7422-d (16 more) ...","isCopy":false,"isDeleted":false,"isInquiryDone":true,"rec":"0x2d81256","usrName":"auPortal システム開発","usrRoleCode":"C000000","usrRoleName":"コンシューマ事業本部"}|0x8a7b849
16:05:36.0 (28102720)|VARIABLE_SCOPE_BEGIN|[1967]|compareTo|Object|false|false
16:05:36.0 (28130192)|VARIABLE_ASSIGNMENT|[1967]|compareTo|{"IdxRow":"b73f09c5-cfe5-1f32-2 (16 more) ...","isCopy":false,"isDeleted":false,"isInquiryDone":false,"rec":"0x18b794a3","usrName":"SA Test GW","usrRoleCode":"C000000","usrRoleName":"コンシューマ事業本部"}
16:05:36.0 (28140520)|STATEMENT_EXECUTE|[1967]
16:05:36.0 (28142227)|STATEMENT_EXECUTE|[1968]
16:05:36.0 (28147158)|VARIABLE_SCOPE_BEGIN|[1968]|compareTarget|saDailyReportEditorForAdminCtl.InquiryReplyItem|true|false
16:05:36.0 (28176298)|VARIABLE_ASSIGNMENT|[1968]|compareTarget|{"IdxRow":"b73f09c5-cfe5-1f32-2 (16 more) ...","isCopy":false,"isDeleted":false,"isInquiryDone":false,"rec":"0x18b794a3","usrName":"SA Test GW","usrRoleCode":"C000000","usrRoleName":"コンシューマ事業本部"}|0x2c113772
16:05:36.0 (28183749)|STATEMENT_EXECUTE|[1969]
16:05:36.0 (28187054)|VARIABLE_SCOPE_BEGIN|[1969]|returnValue|Integer|false|false
16:05:36.0 (28194477)|HEAP_ALLOCATE|[1969]|Bytes:4
16:05:36.0 (28200924)|VARIABLE_ASSIGNMENT|[1969]|returnValue|0
16:05:36.0 (28246577)|VARIABLE_ASSIGNMENT|[EXTERNAL]|this|{"IdxRow":"22221bbe-2105-7422-d (16 more) ...","isCopy":false,"isDeleted":false,"isInquiryDone":true,"rec":"0x2d81256","usrName":"auPortal システム開発","usrRoleCode":"C000000","usrRoleName":"コンシューマ事業本部"}|0x8a7b849
16:05:36.0 (28286690)|VARIABLE_ASSIGNMENT|[EXTERNAL]|this|{"IdxRow":"b73f09c5-cfe5-1f32-2 (16 more) ...","isCopy":false,"isDeleted":false,"isInquiryDone":false,"rec":"0x18b794a3","usrName":"SA Test GW","usrRoleCode":"C000000","usrRoleName":"コンシューマ事業本部"}|0x2c113772
16:05:36.0 (28355478)|VARIABLE_ASSIGNMENT|[EXTERNAL]|this|{"IdxRow":"22221bbe-2105-7422-d (16 more) ...","isCopy":false,"isDeleted":false,"isInquiryDone":true,"rec":"0x2d81256","usrName":"auPortal システム開発","usrRoleCode":"C000000","usrRoleName":"コンシューマ事業本部"}|0x8a7b849
16:05:36.0 (28391173)|VARIABLE_ASSIGNMENT|[EXTERNAL]|this|{"IdxRow":"b73f09c5-cfe5-1f32-2 (16 more) ...","isCopy":false,"isDeleted":false,"isInquiryDone":false,"rec":"0x18b794a3","usrName":"SA Test GW","usrRoleCode":"C000000","usrRoleName":"コンシューマ事業本部"}|0x2c113772
16:05:36.0 (28440788)|VARIABLE_ASSIGNMENT|[EXTERNAL]|this|{"IdxRow":"22221bbe-2105-7422-d (16 more) ...","isCopy":false,"isDeleted":false,"isInquiryDone":true,"rec":"0x2d81256","usrName":"auPortal システム開発","usrRoleCode":"C000000","usrRoleName":"コンシューマ事業本部"}|0x8a7b849
16:05:36.0 (28477888)|VARIABLE_ASSIGNMENT|[EXTERNAL]|this|{"IdxRow":"b73f09c5-cfe5-1f32-2 (16 more) ...","isCopy":false,"isDeleted":false,"isInquiryDone":false,"rec":"0x18b794a3","usrName":"SA Test GW","usrRoleCode":"C000000","usrRoleName":"コンシューマ事業本部"}|0x2c113772
16:05:36.0 (28526648)|VARIABLE_ASSIGNMENT|[EXTERNAL]|this|{"IdxRow":"22221bbe-2105-7422-d (16 more) ...","isCopy":false,"isDeleted":false,"isInquiryDone":true,"rec":"0x2d81256","usrName":"auPortal システム開発","usrRoleCode":"C000000","usrRoleName":"コンシューマ事業本部"}|0x8a7b849
16:05:36.0 (28562032)|VARIABLE_ASSIGNMENT|[EXTERNAL]|this|{"IdxRow":"b73f09c5-cfe5-1f32-2 (16 more) ...","isCopy":false,"isDeleted":false,"isInquiryDone":false,"rec":"0x18b794a3","usrName":"SA Test GW","usrRoleCode":"C000000","usrRoleName":"コンシューマ事業本部"}|0x2c113772
16:05:36.0 (28576000)|STATEMENT_EXECUTE|[1976]
16:05:36.0 (28577809)|STATEMENT_EXECUTE|[1977]
16:05:36.0 (28581616)|HEAP_ALLOCATE|[1977]|Bytes:4
16:05:36.0 (28588719)|VARIABLE_ASSIGNMENT|[1977]|returnValue|-1
16:05:36.0 (28598765)|STATEMENT_EXECUTE|[1979]
16:05:36.0 (28600959)|HEAP_ALLOCATE|[1979]|Bytes:4
16:05:36.0 (28609208)|HEAP_ALLOCATE|[EXTERNAL]|Bytes:4
16:05:36.0 (28612791)|HEAP_ALLOCATE|[EXTERNAL]|Bytes:4
16:05:36.0 (28693462)|HEAP_ALLOCATE|[1510]|Bytes:5
16:05:36.0 (28706049)|HEAP_ALLOCATE|[1510]|Bytes:40
16:05:36.0 (28713905)|VARIABLE_SCOPE_BEGIN|[1510]|item|saDailyReportEditorForAdminCtl.InquiryReplyItem|true|false
16:05:36.0 (28747982)|VARIABLE_ASSIGNMENT|[1510]|item|{"IdxRow":"22221bbe-2105-7422-d (16 more) ...","isCopy":false,"isDeleted":false,"isInquiryDone":true,"rec":"0x2d81256","usrName":"auPortal システム開発","usrRoleCode":"C000000","usrRoleName":"コンシューマ事業本部"}|0x8a7b849
16:05:36.0 (28756377)|STATEMENT_EXECUTE|[1510]
16:05:36.0 (28795838)|VARIABLE_ASSIGNMENT|[EXTERNAL]|this|{"IdxRow":"22221bbe-2105-7422-d (16 more) ...","isCopy":false,"isDeleted":false,"isInquiryDone":true,"rec":"0x2d81256","usrName":"auPortal システム開発","usrRoleCode":"C000000","usrRoleName":"コンシューマ事業本部"}|0x8a7b849
16:05:36.0 (28809020)|STATEMENT_EXECUTE|[1511]
16:05:36.0 (28810831)|STATEMENT_EXECUTE|[1512]
16:05:36.0 (28832603)|HEAP_ALLOCATE|[EXTERNAL]|Bytes:4
16:05:36.0 (28872837)|VARIABLE_ASSIGNMENT|[EXTERNAL]|this|{"IdxRow":"22221bbe-2105-7422-d (16 more) ...","isCopy":false,"isDeleted":false,"isInquiryDone":true,"rec":"0x2d81256","usrName":"auPortal システム開発","usrRoleCode":"C000000","usrRoleName":"コンシューマ事業本部"}|0x8a7b849
16:05:36.0 (28884794)|STATEMENT_EXECUTE|[1514]
16:05:36.0 (28893494)|HEAP_ALLOCATE|[1510]|Bytes:5
16:05:36.0 (28902227)|HEAP_ALLOCATE|[1510]|Bytes:40
16:05:36.0 (28907761)|VARIABLE_SCOPE_BEGIN|[1510]|item|saDailyReportEditorForAdminCtl.InquiryReplyItem|true|false
16:05:36.0 (28937218)|VARIABLE_ASSIGNMENT|[1510]|item|{"IdxRow":"b73f09c5-cfe5-1f32-2 (16 more) ...","isCopy":false,"isDeleted":false,"isInquiryDone":false,"rec":"0x18b794a3","usrName":"SA Test GW","usrRoleCode":"C000000","usrRoleName":"コンシューマ事業本部"}|0x2c113772
16:05:36.0 (28944559)|STATEMENT_EXECUTE|[1510]
16:05:36.0 (28972446)|VARIABLE_ASSIGNMENT|[EXTERNAL]|this|{"IdxRow":"b73f09c5-cfe5-1f32-2 (16 more) ...","isCopy":false,"isDeleted":false,"isInquiryDone":false,"rec":"0x18b794a3","usrName":"SA Test GW","usrRoleCode":"C000000","usrRoleName":"コンシューマ事業本部"}|0x2c113772
16:05:36.0 (28984276)|STATEMENT_EXECUTE|[1511]
16:05:36.0 (28985999)|STATEMENT_EXECUTE|[1512]
16:05:36.0 (28991926)|HEAP_ALLOCATE|[EXTERNAL]|Bytes:4
16:05:36.0 (29022314)|VARIABLE_ASSIGNMENT|[EXTERNAL]|this|{"IdxRow":"b73f09c5-cfe5-1f32-2 (16 more) ...","isCopy":false,"isDeleted":false,"isInquiryDone":false,"rec":"0x18b794a3","usrName":"SA Test GW","usrRoleCode":"C000000","usrRoleName":"コンシューマ事業本部"}|0x2c113772
16:05:36.0 (29033749)|STATEMENT_EXECUTE|[1514]
16:05:36.0 (29040626)|HEAP_ALLOCATE|[1510]|Bytes:5
16:05:36.0 (29050194)|VARIABLE_ASSIGNMENT|[1510]|item|null|
16:05:36.0 (29054250)|STATEMENT_EXECUTE|[1523]
16:05:36.0 (29099908)|VARIABLE_ASSIGNMENT|[1523]|this.itemsReply|[{"IdxRow":"22221bbe-2105-7422-d (16 more) ...","isCopy":false,"isDeleted":false,"isInquiryDone":true,"rec":"0x2d81256","usrName":"auPortal システム開発","usrRoleCode":"C000000","usrRoleName":"コンシューマ事業本部"},{"IdxRow":"b73f09c5-cfe5-1f32-2 (16 more) ...","isCopy":false,"isDeleted":false,"isInquiryDone":false,"rec":"0x18b794a3","usrName":"SA Test GW","usrRoleCode":"C000000","usrRoleName":"コンシューマ事業本部"}]|0x6d2de10f
16:05:36.0 (29113163)|METHOD_EXIT|[1443]|01p6F000006sUQn|saDailyReportEditorForAdminCtl.InquiryManage.refresh()
16:05:36.0 (29118094)|STATEMENT_EXECUTE|[1444]
16:05:36.0 (30171408)|SYSTEM_MODE_ENTER|true
16:05:36.0 (30213867)|HEAP_ALLOCATE|[EXTERNAL]|Bytes:156
16:05:36.0 (30222209)|VARIABLE_SCOPE_BEGIN|[484]|this|saDailyReportEditorForAdminCtl|true|false
16:05:36.0 (30350849)|VARIABLE_ASSIGNMENT|[484]|this|{"callType":"2","currentInquiryId":"a0I0k000003wZqQEAU","currentScrollValue":0.0,"currentUser":"0x79248ee4","filterKDDIRole5Option":"","filterKDDIRole6Option":"","filterSARole5Option":"","filterSARole6Option":"","filterSARole7Option":"","filterSARole8Option":"","filterShopRole5Option":"","filterShopRole6Option":"","idm":"0x6d2de10f","isCopy":false,"isNew":false,"isReadOnly":true,"isReadOnlyUsers":true,"isTypeAuHearing":false,"isTypeSanxHearing":true,"isValid":true,"KDDIRole5Options":"0x7f9e7fe4","KDDIRole6Options":"0x4ed50ab5","lsRolesFull":"0x4ebbd5e3","mpAnswerType":"0x13b5317e","mpShishaOptions":"0x1fd81db3","mpShitenOptions":"0x79be2c5f","previewURL":"https://fullsand-au- (67 more) ...","roleDisplayedOptions":"0x69bafa46","roleShitenDisplayedOptions":"0x53be08ce","SARole5Options":"0xcd4b28f","SARole6Options":"0x480bb9e","SARole7Options":"0x3a560982","SARole8Options":"0x190d8e7e","scrollTopValue":0.0,"ShopRole5Options":"0x30e4171a","ShopRole6Options":"0x313906d3"}|0x6340ecab
16:05:36.0 (30376669)|SYSTEM_MODE_ENTER|false
16:05:36.0 (30384651)|HEAP_ALLOCATE|[486]|Bytes:5
16:05:36.0 (30389958)|STATEMENT_EXECUTE|[484]
16:05:36.0 (30392191)|STATEMENT_EXECUTE|[486]
16:05:36.0 (30402286)|HEAP_ALLOCATE|[486]|Bytes:4
16:05:36.0 (30427537)|VARIABLE_SCOPE_BEGIN|[486]|lsReturn|List<System.SelectOption>|true|false
16:05:36.0 (30450422)|HEAP_ALLOCATE|[EXTERNAL]|Bytes:4
16:05:36.0 (30459035)|VARIABLE_ASSIGNMENT|[486]|lsReturn|[]|0x3ba9136f
16:05:36.0 (30464550)|STATEMENT_EXECUTE|[487]
16:05:36.0 (30473324)|HEAP_ALLOCATE|[487]|Bytes:1
16:05:36.0 (30525104)|HEAP_ALLOCATE|[EXTERNAL]|Bytes:4
16:05:36.0 (30534470)|STATEMENT_EXECUTE|[488]
16:05:36.0 (30538457)|HEAP_ALLOCATE|[488]|Bytes:1
16:05:36.0 (30561722)|HEAP_ALLOCATE|[EXTERNAL]|Bytes:4
16:05:36.0 (30569137)|STATEMENT_EXECUTE|[489]
16:05:36.0 (30573113)|HEAP_ALLOCATE|[489]|Bytes:1
16:05:36.0 (30597893)|HEAP_ALLOCATE|[EXTERNAL]|Bytes:4
16:05:36.0 (30604623)|STATEMENT_EXECUTE|[490]
16:05:36.0 (30607998)|HEAP_ALLOCATE|[490]|Bytes:1
16:05:36.0 (30627581)|HEAP_ALLOCATE|[EXTERNAL]|Bytes:4
16:05:36.0 (30634391)|STATEMENT_EXECUTE|[491]
16:05:36.0 (30637440)|HEAP_ALLOCATE|[491]|Bytes:1
16:05:36.0 (30655597)|HEAP_ALLOCATE|[EXTERNAL]|Bytes:4
16:05:36.0 (30662056)|STATEMENT_EXECUTE|[492]
16:05:36.0 (30665336)|HEAP_ALLOCATE|[492]|Bytes:1
16:05:36.0 (30683537)|HEAP_ALLOCATE|[EXTERNAL]|Bytes:4
16:05:36.0 (30689407)|STATEMENT_EXECUTE|[493]
16:05:36.0 (30692422)|HEAP_ALLOCATE|[493]|Bytes:1
16:05:36.0 (30710052)|HEAP_ALLOCATE|[EXTERNAL]|Bytes:4
16:05:36.0 (30716012)|STATEMENT_EXECUTE|[494]
16:05:36.0 (30719005)|HEAP_ALLOCATE|[494]|Bytes:1
16:05:36.0 (30738163)|HEAP_ALLOCATE|[EXTERNAL]|Bytes:4
16:05:36.0 (30744180)|STATEMENT_EXECUTE|[495]
16:05:36.0 (30747265)|HEAP_ALLOCATE|[495]|Bytes:1
16:05:36.0 (30764939)|HEAP_ALLOCATE|[EXTERNAL]|Bytes:4
16:05:36.0 (30771542)|STATEMENT_EXECUTE|[496]
16:05:36.0 (30774995)|HEAP_ALLOCATE|[496]|Bytes:2
16:05:36.0 (30793043)|HEAP_ALLOCATE|[EXTERNAL]|Bytes:4
16:05:36.0 (30798950)|STATEMENT_EXECUTE|[497]
16:05:36.0 (30801917)|HEAP_ALLOCATE|[497]|Bytes:2
16:05:36.0 (30820039)|HEAP_ALLOCATE|[EXTERNAL]|Bytes:4
16:05:36.0 (30826241)|STATEMENT_EXECUTE|[498]
16:05:36.0 (30829620)|HEAP_ALLOCATE|[498]|Bytes:2
16:05:36.0 (30847873)|HEAP_ALLOCATE|[EXTERNAL]|Bytes:4
16:05:36.0 (30853957)|STATEMENT_EXECUTE|[499]
16:05:36.0 (30856967)|HEAP_ALLOCATE|[499]|Bytes:2
16:05:36.0 (30874044)|HEAP_ALLOCATE|[EXTERNAL]|Bytes:4
16:05:36.0 (30880707)|STATEMENT_EXECUTE|[500]
16:05:36.0 (30884087)|HEAP_ALLOCATE|[500]|Bytes:2
16:05:36.0 (30902058)|HEAP_ALLOCATE|[EXTERNAL]|Bytes:4
16:05:36.0 (30908361)|STATEMENT_EXECUTE|[501]
16:05:36.0 (30911420)|HEAP_ALLOCATE|[501]|Bytes:2
16:05:36.0 (30929518)|HEAP_ALLOCATE|[EXTERNAL]|Bytes:4
16:05:36.0 (30935700)|STATEMENT_EXECUTE|[502]
16:05:36.0 (30939053)|HEAP_ALLOCATE|[502]|Bytes:2
16:05:36.0 (30957778)|HEAP_ALLOCATE|[EXTERNAL]|Bytes:4
16:05:36.0 (30963878)|STATEMENT_EXECUTE|[503]
16:05:36.0 (30967053)|HEAP_ALLOCATE|[503]|Bytes:2
16:05:36.0 (30985490)|HEAP_ALLOCATE|[EXTERNAL]|Bytes:4
16:05:36.0 (30991522)|STATEMENT_EXECUTE|[504]
16:05:36.0 (30994763)|HEAP_ALLOCATE|[504]|Bytes:2
16:05:36.0 (31012797)|HEAP_ALLOCATE|[EXTERNAL]|Bytes:4
16:05:36.0 (31019765)|STATEMENT_EXECUTE|[505]
16:05:36.0 (31022633)|HEAP_ALLOCATE|[505]|Bytes:2
16:05:36.0 (31040746)|HEAP_ALLOCATE|[EXTERNAL]|Bytes:4
16:05:36.0 (31046901)|STATEMENT_EXECUTE|[506]
16:05:36.0 (31050038)|HEAP_ALLOCATE|[506]|Bytes:2
16:05:36.0 (31067554)|HEAP_ALLOCATE|[EXTERNAL]|Bytes:4
16:05:36.0 (31073308)|STATEMENT_EXECUTE|[507]
16:05:36.0 (31076448)|HEAP_ALLOCATE|[507]|Bytes:2
16:05:36.0 (31094087)|HEAP_ALLOCATE|[EXTERNAL]|Bytes:4
16:05:36.0 (31099995)|STATEMENT_EXECUTE|[508]
16:05:36.0 (31103538)|HEAP_ALLOCATE|[508]|Bytes:2
16:05:36.0 (31121177)|HEAP_ALLOCATE|[EXTERNAL]|Bytes:4
16:05:36.0 (31126913)|STATEMENT_EXECUTE|[509]
16:05:36.0 (31129709)|HEAP_ALLOCATE|[509]|Bytes:2
16:05:36.0 (31148005)|HEAP_ALLOCATE|[EXTERNAL]|Bytes:4
16:05:36.0 (31154070)|STATEMENT_EXECUTE|[510]
16:05:36.0 (31157227)|HEAP_ALLOCATE|[510]|Bytes:2
16:05:36.0 (31174890)|HEAP_ALLOCATE|[EXTERNAL]|Bytes:4
16:05:36.0 (31180745)|STATEMENT_EXECUTE|[511]
16:05:36.0 (31183670)|HEAP_ALLOCATE|[511]|Bytes:2
16:05:36.0 (31201031)|HEAP_ALLOCATE|[EXTERNAL]|Bytes:4
16:05:36.0 (31207375)|STATEMENT_EXECUTE|[512]
16:05:36.0 (31212984)|SYSTEM_MODE_EXIT|false
16:05:36.0 (31998036)|HEAP_ALLOCATE|[EXTERNAL]|Bytes:112
16:05:36.0 (32006785)|VARIABLE_SCOPE_BEGIN|[1531]|this|saDailyReportEditorForAdminCtl.InquiryManage|true|false
16:05:36.0 (32070368)|VARIABLE_ASSIGNMENT|[1531]|this|{"baseItemsDetail":"0xd14a588","baseItemsReply":"0x68db917f","baseParentRec":"0x43f354d1","itemsDetail":"0x42ab0bcd","itemsReply":"0x6f734799","lastSearchUserKddiRole6Filter":"dummy1stTime","lastSearchUserSARole8Filter":"dummy1stTime","lastSearchUserShopRole6Filter":"dummy1stTime","parentRec":"0x67504f4a"}|0x6d2de10f
16:05:36.0 (32083779)|STATEMENT_EXECUTE|[1531]
16:05:36.0 (32086131)|STATEMENT_EXECUTE|[1532]
16:05:36.0 (32111736)|HEAP_ALLOCATE|[1532]|Bytes:4
16:05:36.0 (32356752)|HEAP_ALLOCATE|[EXTERNAL]|Bytes:112
16:05:36.0 (32364996)|VARIABLE_SCOPE_BEGIN|[1456]|this|saDailyReportEditorForAdminCtl.InquiryManage|true|false
16:05:36.0 (32424583)|VARIABLE_ASSIGNMENT|[1456]|this|{"baseItemsDetail":"0xd14a588","baseItemsReply":"0x68db917f","baseParentRec":"0x43f354d1","itemsDetail":"0x42ab0bcd","itemsReply":"0x6f734799","lastSearchUserKddiRole6Filter":"dummy1stTime","lastSearchUserSARole8Filter":"dummy1stTime","lastSearchUserShopRole6Filter":"dummy1stTime","parentRec":"0x67504f4a"}|0x6d2de10f
16:05:36.0 (32437377)|STATEMENT_EXECUTE|[1456]
16:05:36.0 (32439384)|STATEMENT_EXECUTE|[1457]
16:05:36.0 (32451758)|METHOD_ENTRY|[1457]|01p6F000006sUQn|saDailyReportEditorForAdminCtl.InquiryManage.refresh()
16:05:36.0 (32464787)|VARIABLE_SCOPE_BEGIN|[1481]|this|saDailyReportEditorForAdminCtl.InquiryManage|true|false
16:05:36.0 (32525576)|VARIABLE_ASSIGNMENT|[1481]|this|{"baseItemsDetail":"0xd14a588","baseItemsReply":"0x68db917f","baseParentRec":"0x43f354d1","itemsDetail":"0x42ab0bcd","itemsReply":"0x6f734799","lastSearchUserKddiRole6Filter":"dummy1stTime","lastSearchUserSARole8Filter":"dummy1stTime","lastSearchUserShopRole6Filter":"dummy1stTime","parentRec":"0x67504f4a"}|0x6d2de10f
16:05:36.0 (32537081)|STATEMENT_EXECUTE|[1481]
16:05:36.0 (32538834)|STATEMENT_EXECUTE|[1483]
16:05:36.0 (32543354)|VARIABLE_SCOPE_BEGIN|[1483]|localItemsDetail|List<saDailyReportEditorForAdminCtl.InquiryDetailItem>|true|false
16:05:36.0 (32569980)|VARIABLE_ASSIGNMENT|[1483]|localItemsDetail|[{"IdxRow":"caf5efb9-82eb-70be-9 (16 more) ...","isCopy":false,"isDeleted":false,"rec":"0x11688177"}]|0x42ab0bcd
16:05:36.0 (32576346)|STATEMENT_EXECUTE|[1484]
16:05:36.0 (32585579)|HEAP_ALLOCATE|[1484]|Bytes:4
16:05:36.0 (32603880)|VARIABLE_SCOPE_BEGIN|[1484]|newItemsDetail|List<saDailyReportEditorForAdminCtl.InquiryDetailItem>|true|false
16:05:36.0 (32621010)|HEAP_ALLOCATE|[EXTERNAL]|Bytes:4
16:05:36.0 (32628942)|VARIABLE_ASSIGNMENT|[1484]|newItemsDetail|[]|0x27181c83
16:05:36.0 (32634612)|STATEMENT_EXECUTE|[1486]
16:05:36.0 (32646065)|HEAP_ALLOCATE|[EXTERNAL]|Bytes:4
16:05:36.0 (32653734)|STATEMENT_EXECUTE|[1487]
16:05:36.0 (32657117)|VARIABLE_SCOPE_BEGIN|[1487]|cnt|Integer|false|false
16:05:36.0 (32663709)|HEAP_ALLOCATE|[1487]|Bytes:4
16:05:36.0 (32670408)|VARIABLE_ASSIGNMENT|[1487]|cnt|0
16:05:36.0 (32689635)|HEAP_ALLOCATE|[1488]|Bytes:5
16:05:36.0 (32700657)|HEAP_ALLOCATE|[1488]|Bytes:20
16:05:36.0 (32707332)|VARIABLE_SCOPE_BEGIN|[1488]|item|saDailyReportEditorForAdminCtl.InquiryDetailItem|true|false
16:05:36.0 (32731650)|VARIABLE_ASSIGNMENT|[1488]|item|{"IdxRow":"caf5efb9-82eb-70be-9 (16 more) ...","isCopy":false,"isDeleted":false,"rec":"0x11688177"}|0x57ee52e5
16:05:36.0 (32737931)|STATEMENT_EXECUTE|[1488]
16:05:36.0 (32757713)|VARIABLE_ASSIGNMENT|[EXTERNAL]|this|{"IdxRow":"caf5efb9-82eb-70be-9 (16 more) ...","isCopy":false,"isDeleted":false,"rec":"0x11688177"}|0x57ee52e5
16:05:36.0 (32769499)|STATEMENT_EXECUTE|[1489]
16:05:36.0 (32771128)|STATEMENT_EXECUTE|[1490]
16:05:36.0 (32779890)|HEAP_ALLOCATE|[1490]|Bytes:28
16:05:36.0 (32784509)|HEAP_ALLOCATE|[1490]|Bytes:28
16:05:36.0 (32806574)|VARIABLE_ASSIGNMENT|[EXTERNAL]|this|{"IdxRow":"caf5efb9-82eb-70be-9 (16 more) ...","isCopy":false,"isDeleted":false,"rec":"0x11688177"}|0x57ee52e5
16:05:36.0 (32848839)|VARIABLE_ASSIGNMENT|[1490]|this.SortNo__c|0|0x11688177
16:05:36.0 (32855697)|STATEMENT_EXECUTE|[1491]
16:05:36.0 (32864629)|HEAP_ALLOCATE|[EXTERNAL]|Bytes:4
16:05:36.0 (32891163)|VARIABLE_ASSIGNMENT|[EXTERNAL]|this|{"IdxRow":"caf5efb9-82eb-70be-9 (16 more) ...","isCopy":false,"isDeleted":false,"rec":"0x11688177"}|0x57ee52e5
16:05:36.0 (32900837)|STATEMENT_EXECUTE|[1493]
16:05:36.0 (32902453)|STATEMENT_EXECUTE|[1500]
16:05:36.0 (32904834)|HEAP_ALLOCATE|[1500]|Bytes:4
16:05:36.0 (32912083)|VARIABLE_ASSIGNMENT|[1500]|cnt|1
16:05:36.0 (32923383)|HEAP_ALLOCATE|[1488]|Bytes:5
16:05:36.0 (32933534)|VARIABLE_ASSIGNMENT|[1488]|item|null|
16:05:36.0 (32938208)|STATEMENT_EXECUTE|[1504]
16:05:36.0 (32957762)|VARIABLE_ASSIGNMENT|[1504]|this.itemsDetail|[{"IdxRow":"caf5efb9-82eb-70be-9 (16 more) ...","isCopy":false,"isDeleted":false,"rec":"0x11688177"}]|0x6d2de10f
16:05:36.0 (32964962)|STATEMENT_EXECUTE|[1506]
16:05:36.0 (32968699)|VARIABLE_SCOPE_BEGIN|[1506]|localItemsReply|List<saDailyReportEditorForAdminCtl.InquiryReplyItem>|true|false
16:05:36.0 (33018410)|VARIABLE_ASSIGNMENT|[1506]|localItemsReply|[{"IdxRow":"22221bbe-2105-7422-d (16 more) ...","isCopy":false,"isDeleted":false,"isInquiryDone":true,"rec":"0x2d81256","usrName":"auPortal システム開発","usrRoleCode":"C000000","usrRoleName":"コンシューマ事業本部"},{"IdxRow":"b73f09c5-cfe5-1f32-2 (16 more) ...","isCopy":false,"isDeleted":false,"isInquiryDone":false,"rec":"0x18b794a3","usrName":"SA Test GW","usrRoleCode":"C000000","usrRoleName":"コンシューマ事業本部"}]|0x6f734799
16:05:36.0 (33029596)|STATEMENT_EXECUTE|[1507]
16:05:36.0 (33037646)|HEAP_ALLOCATE|[1507]|Bytes:4
16:05:36.0 (33048506)|VARIABLE_SCOPE_BEGIN|[1507]|newItemsReply|List<saDailyReportEditorForAdminCtl.InquiryReplyItem>|true|false
16:05:36.0 (33063795)|HEAP_ALLOCATE|[EXTERNAL]|Bytes:4
16:05:36.0 (33070402)|VARIABLE_ASSIGNMENT|[1507]|newItemsReply|[]|0x54595164
16:05:36.0 (33075407)|STATEMENT_EXECUTE|[1509]
16:05:36.0 (33083994)|VARIABLE_SCOPE_BEGIN|[1967]|this|saDailyReportEditorForAdminCtl.InquiryReplyItem|true|false
16:05:36.0 (33116329)|VARIABLE_ASSIGNMENT|[1967]|this|{"IdxRow":"22221bbe-2105-7422-d (16 more) ...","isCopy":false,"isDeleted":false,"isInquiryDone":true,"rec":"0x2d81256","usrName":"auPortal システム開発","usrRoleCode":"C000000","usrRoleName":"コンシューマ事業本部"}|0x8a7b849
16:05:36.0 (33124471)|VARIABLE_SCOPE_BEGIN|[1967]|compareTo|Object|false|false
16:05:36.0 (33150231)|VARIABLE_ASSIGNMENT|[1967]|compareTo|{"IdxRow":"b73f09c5-cfe5-1f32-2 (16 more) ...","isCopy":false,"isDeleted":false,"isInquiryDone":false,"rec":"0x18b794a3","usrName":"SA Test GW","usrRoleCode":"C000000","usrRoleName":"コンシューマ事業本部"}
16:05:36.0 (33158934)|STATEMENT_EXECUTE|[1967]
16:05:36.0 (33160610)|STATEMENT_EXECUTE|[1968]
16:05:36.0 (33164607)|VARIABLE_SCOPE_BEGIN|[1968]|compareTarget|saDailyReportEditorForAdminCtl.InquiryReplyItem|true|false
16:05:36.0 (33192821)|VARIABLE_ASSIGNMENT|[1968]|compareTarget|{"IdxRow":"b73f09c5-cfe5-1f32-2 (16 more) ...","isCopy":false,"isDeleted":false,"isInquiryDone":false,"rec":"0x18b794a3","usrName":"SA Test GW","usrRoleCode":"C000000","usrRoleName":"コンシューマ事業本部"}|0x2c113772
16:05:36.0 (33200062)|STATEMENT_EXECUTE|[1969]
16:05:36.0 (33202839)|VARIABLE_SCOPE_BEGIN|[1969]|returnValue|Integer|false|false
16:05:36.0 (33210147)|HEAP_ALLOCATE|[1969]|Bytes:4
16:05:36.0 (33215815)|VARIABLE_ASSIGNMENT|[1969]|returnValue|0
16:05:36.0 (33246678)|VARIABLE_ASSIGNMENT|[EXTERNAL]|this|{"IdxRow":"22221bbe-2105-7422-d (16 more) ...","isCopy":false,"isDeleted":false,"isInquiryDone":true,"rec":"0x2d81256","usrName":"auPortal システム開発","usrRoleCode":"C000000","usrRoleName":"コンシューマ事業本部"}|0x8a7b849
16:05:36.0 (33281236)|VARIABLE_ASSIGNMENT|[EXTERNAL]|this|{"IdxRow":"b73f09c5-cfe5-1f32-2 (16 more) ...","isCopy":false,"isDeleted":false,"isInquiryDone":false,"rec":"0x18b794a3","usrName":"SA Test GW","usrRoleCode":"C000000","usrRoleName":"コンシューマ事業本部"}|0x2c113772
16:05:36.0 (33325104)|VARIABLE_ASSIGNMENT|[EXTERNAL]|this|{"IdxRow":"22221bbe-2105-7422-d (16 more) ...","isCopy":false,"isDeleted":false,"isInquiryDone":true,"rec":"0x2d81256","usrName":"auPortal システム開発","usrRoleCode":"C000000","usrRoleName":"コンシューマ事業本部"}|0x8a7b849
16:05:36.0 (33357808)|VARIABLE_ASSIGNMENT|[EXTERNAL]|this|{"IdxRow":"b73f09c5-cfe5-1f32-2 (16 more) ...","isCopy":false,"isDeleted":false,"isInquiryDone":false,"rec":"0x18b794a3","usrName":"SA Test GW","usrRoleCode":"C000000","usrRoleName":"コンシューマ事業本部"}|0x2c113772
16:05:36.0 (33396980)|VARIABLE_ASSIGNMENT|[EXTERNAL]|this|{"IdxRow":"22221bbe-2105-7422-d (16 more) ...","isCopy":false,"isDeleted":false,"isInquiryDone":true,"rec":"0x2d81256","usrName":"auPortal システム開発","usrRoleCode":"C000000","usrRoleName":"コンシューマ事業本部"}|0x8a7b849
16:05:36.0 (33429893)|VARIABLE_ASSIGNMENT|[EXTERNAL]|this|{"IdxRow":"b73f09c5-cfe5-1f32-2 (16 more) ...","isCopy":false,"isDeleted":false,"isInquiryDone":false,"rec":"0x18b794a3","usrName":"SA Test GW","usrRoleCode":"C000000","usrRoleName":"コンシューマ事業本部"}|0x2c113772
16:05:36.0 (33468803)|VARIABLE_ASSIGNMENT|[EXTERNAL]|this|{"IdxRow":"22221bbe-2105-7422-d (16 more) ...","isCopy":false,"isDeleted":false,"isInquiryDone":true,"rec":"0x2d81256","usrName":"auPortal システム開発","usrRoleCode":"C000000","usrRoleName":"コンシューマ事業本部"}|0x8a7b849
16:05:36.0 (33502343)|VARIABLE_ASSIGNMENT|[EXTERNAL]|this|{"IdxRow":"b73f09c5-cfe5-1f32-2 (16 more) ...","isCopy":false,"isDeleted":false,"isInquiryDone":false,"rec":"0x18b794a3","usrName":"SA Test GW","usrRoleCode":"C000000","usrRoleName":"コンシューマ事業本部"}|0x2c113772
16:05:36.0 (33516538)|STATEMENT_EXECUTE|[1976]
16:05:36.0 (33518706)|STATEMENT_EXECUTE|[1977]
16:05:36.0 (33521339)|HEAP_ALLOCATE|[1977]|Bytes:4
16:05:36.0 (33528182)|VARIABLE_ASSIGNMENT|[1977]|returnValue|-1
16:05:36.0 (33532536)|STATEMENT_EXECUTE|[1979]
16:05:36.0 (33534631)|HEAP_ALLOCATE|[1979]|Bytes:4
16:05:36.0 (33541184)|HEAP_ALLOCATE|[EXTERNAL]|Bytes:4
16:05:36.0 (33544471)|HEAP_ALLOCATE|[EXTERNAL]|Bytes:4
16:05:36.0 (33564379)|HEAP_ALLOCATE|[1510]|Bytes:5
16:05:36.0 (33574065)|HEAP_ALLOCATE|[1510]|Bytes:40
16:05:36.0 (33579811)|VARIABLE_SCOPE_BEGIN|[1510]|item|saDailyReportEditorForAdminCtl.InquiryReplyItem|true|false
16:05:36.0 (33615902)|VARIABLE_ASSIGNMENT|[1510]|item|{"IdxRow":"22221bbe-2105-7422-d (16 more) ...","isCopy":false,"isDeleted":false,"isInquiryDone":true,"rec":"0x2d81256","usrName":"auPortal システム開発","usrRoleCode":"C000000","usrRoleName":"コンシューマ事業本部"}|0x8a7b849
16:05:36.0 (33623488)|STATEMENT_EXECUTE|[1510]
16:05:36.0 (33650279)|VARIABLE_ASSIGNMENT|[EXTERNAL]|this|{"IdxRow":"22221bbe-2105-7422-d (16 more) ...","isCopy":false,"isDeleted":false,"isInquiryDone":true,"rec":"0x2d81256","usrName":"auPortal システム開発","usrRoleCode":"C000000","usrRoleName":"コンシューマ事業本部"}|0x8a7b849
16:05:36.0 (33662232)|STATEMENT_EXECUTE|[1511]
16:05:36.0 (33664095)|STATEMENT_EXECUTE|[1512]
16:05:36.0 (33669734)|HEAP_ALLOCATE|[EXTERNAL]|Bytes:4
16:05:36.0 (33700666)|VARIABLE_ASSIGNMENT|[EXTERNAL]|this|{"IdxRow":"22221bbe-2105-7422-d (16 more) ...","isCopy":false,"isDeleted":false,"isInquiryDone":true,"rec":"0x2d81256","usrName":"auPortal システム開発","usrRoleCode":"C000000","usrRoleName":"コンシューマ事業本部"}|0x8a7b849
16:05:36.0 (33711132)|STATEMENT_EXECUTE|[1514]
16:05:36.0 (33718301)|HEAP_ALLOCATE|[1510]|Bytes:5
16:05:36.0 (33726643)|HEAP_ALLOCATE|[1510]|Bytes:40
16:05:36.0 (33731660)|VARIABLE_SCOPE_BEGIN|[1510]|item|saDailyReportEditorForAdminCtl.InquiryReplyItem|true|false
16:05:36.0 (33760595)|VARIABLE_ASSIGNMENT|[1510]|item|{"IdxRow":"b73f09c5-cfe5-1f32-2 (16 more) ...","isCopy":false,"isDeleted":false,"isInquiryDone":false,"rec":"0x18b794a3","usrName":"SA Test GW","usrRoleCode":"C000000","usrRoleName":"コンシューマ事業本部"}|0x2c113772
16:05:36.0 (33768372)|STATEMENT_EXECUTE|[1510]
16:05:36.0 (33794992)|VARIABLE_ASSIGNMENT|[EXTERNAL]|this|{"IdxRow":"b73f09c5-cfe5-1f32-2 (16 more) ...","isCopy":false,"isDeleted":false,"isInquiryDone":false,"rec":"0x18b794a3","usrName":"SA Test GW","usrRoleCode":"C000000","usrRoleName":"コンシューマ事業本部"}|0x2c113772
16:05:36.0 (33805946)|STATEMENT_EXECUTE|[1511]
16:05:36.0 (33807500)|STATEMENT_EXECUTE|[1512]
16:05:36.0 (33812625)|HEAP_ALLOCATE|[EXTERNAL]|Bytes:4
16:05:36.0 (33842563)|VARIABLE_ASSIGNMENT|[EXTERNAL]|this|{"IdxRow":"b73f09c5-cfe5-1f32-2 (16 more) ...","isCopy":false,"isDeleted":false,"isInquiryDone":false,"rec":"0x18b794a3","usrName":"SA Test GW","usrRoleCode":"C000000","usrRoleName":"コンシューマ事業本部"}|0x2c113772
16:05:36.0 (33852394)|STATEMENT_EXECUTE|[1514]
16:05:36.0 (33858976)|HEAP_ALLOCATE|[1510]|Bytes:5
16:05:36.0 (33868337)|VARIABLE_ASSIGNMENT|[1510]|item|null|
16:05:36.0 (33872524)|STATEMENT_EXECUTE|[1523]
16:05:36.0 (33918393)|VARIABLE_ASSIGNMENT|[1523]|this.itemsReply|[{"IdxRow":"22221bbe-2105-7422-d (16 more) ...","isCopy":false,"isDeleted":false,"isInquiryDone":true,"rec":"0x2d81256","usrName":"auPortal システム開発","usrRoleCode":"C000000","usrRoleName":"コンシューマ事業本部"},{"IdxRow":"b73f09c5-cfe5-1f32-2 (16 more) ...","isCopy":false,"isDeleted":false,"isInquiryDone":false,"rec":"0x18b794a3","usrName":"SA Test GW","usrRoleCode":"C000000","usrRoleName":"コンシューマ事業本部"}]|0x6d2de10f
16:05:36.0 (33932247)|METHOD_EXIT|[1457]|01p6F000006sUQn|saDailyReportEditorForAdminCtl.InquiryManage.refresh()
16:05:36.0 (33938535)|STATEMENT_EXECUTE|[1459]
16:05:36.0 (33966622)|HEAP_ALLOCATE|[1459]|Bytes:4
16:05:36.0 (34005955)|VARIABLE_SCOPE_BEGIN|[1459]|lsLsReturn|List<List<saDailyReportEditorForAdminCtl.InquiryReplyItem>>|true|false
16:05:36.0 (34031157)|HEAP_ALLOCATE|[EXTERNAL]|Bytes:4
16:05:36.0 (34038824)|VARIABLE_ASSIGNMENT|[1459]|lsLsReturn|[]|0xa050d31
16:05:36.0 (34044037)|STATEMENT_EXECUTE|[1460]
16:05:36.0 (34051039)|HEAP_ALLOCATE|[1460]|Bytes:4
16:05:36.0 (34066349)|VARIABLE_SCOPE_BEGIN|[1460]|lsReturn|List<saDailyReportEditorForAdminCtl.InquiryReplyItem>|true|false
16:05:36.0 (34079777)|HEAP_ALLOCATE|[EXTERNAL]|Bytes:4
16:05:36.0 (34086278)|VARIABLE_ASSIGNMENT|[1460]|lsReturn|[]|0x20715cfc
16:05:36.0 (34117074)|HEAP_ALLOCATE|[1462]|Bytes:5
16:05:36.0 (34127525)|HEAP_ALLOCATE|[1462]|Bytes:40
16:05:36.0 (34133546)|VARIABLE_SCOPE_BEGIN|[1462]|idi|saDailyReportEditorForAdminCtl.InquiryReplyItem|true|false
16:05:36.0 (34167238)|VARIABLE_ASSIGNMENT|[1462]|idi|{"IdxRow":"22221bbe-2105-7422-d (16 more) ...","isCopy":false,"isDeleted":false,"isInquiryDone":true,"rec":"0x2d81256","usrName":"auPortal システム開発","usrRoleCode":"C000000","usrRoleName":"コンシューマ事業本部"}|0x8a7b849
16:05:36.0 (34175927)|STATEMENT_EXECUTE|[1462]
16:05:36.0 (34193630)|STATEMENT_EXECUTE|[1463]
16:05:36.0 (34195470)|STATEMENT_EXECUTE|[1468]
16:05:36.0 (34214360)|HEAP_ALLOCATE|[EXTERNAL]|Bytes:4
16:05:36.0 (34227192)|HEAP_ALLOCATE|[1462]|Bytes:5
16:05:36.0 (34235248)|HEAP_ALLOCATE|[1462]|Bytes:40
16:05:36.0 (34240180)|VARIABLE_SCOPE_BEGIN|[1462]|idi|saDailyReportEditorForAdminCtl.InquiryReplyItem|true|false
16:05:36.0 (34270467)|VARIABLE_ASSIGNMENT|[1462]|idi|{"IdxRow":"b73f09c5-cfe5-1f32-2 (16 more) ...","isCopy":false,"isDeleted":false,"isInquiryDone":false,"rec":"0x18b794a3","usrName":"SA Test GW","usrRoleCode":"C000000","usrRoleName":"コンシューマ事業本部"}|0x2c113772
16:05:36.0 (34277922)|STATEMENT_EXECUTE|[1462]
16:05:36.0 (34286517)|STATEMENT_EXECUTE|[1463]
16:05:36.0 (34288284)|STATEMENT_EXECUTE|[1468]
16:05:36.0 (34292898)|HEAP_ALLOCATE|[EXTERNAL]|Bytes:4
16:05:36.0 (34302775)|HEAP_ALLOCATE|[1462]|Bytes:5
16:05:36.0 (34311522)|VARIABLE_ASSIGNMENT|[1462]|idi|null|
16:05:36.0 (34315703)|STATEMENT_EXECUTE|[1470]
16:05:36.0 (34345946)|HEAP_ALLOCATE|[EXTERNAL]|Bytes:4
16:05:36.0 (34353768)|STATEMENT_EXECUTE|[1472]
16:05:36.0 (34623390)|SYSTEM_MODE_ENTER|true
16:05:36.0 (34680005)|SYSTEM_MODE_ENTER|true
16:05:36.0 (34714646)|HEAP_ALLOCATE|[EXTERNAL]|Bytes:156
16:05:36.0 (34722551)|VARIABLE_SCOPE_BEGIN|[65]|this|saDailyReportEditorForAdminCtl|true|false
16:05:36.0 (34831065)|VARIABLE_ASSIGNMENT|[65]|this|{"callType":"2","currentInquiryId":"a0I0k000003wZqQEAU","currentScrollValue":0.0,"currentUser":"0x79248ee4","filterKDDIRole5Option":"","filterKDDIRole6Option":"","filterSARole5Option":"","filterSARole6Option":"","filterSARole7Option":"","filterSARole8Option":"","filterShopRole5Option":"","filterShopRole6Option":"","idm":"0x6d2de10f","isCopy":false,"isNew":false,"isReadOnly":true,"isReadOnlyUsers":true,"isTypeAuHearing":false,"isTypeSanxHearing":true,"isValid":true,"KDDIRole5Options":"0x7f9e7fe4","KDDIRole6Options":"0x4ed50ab5","lsRolesFull":"0x4ebbd5e3","mpAnswerType":"0x13b5317e","mpShishaOptions":"0x1fd81db3","mpShitenOptions":"0x79be2c5f","previewURL":"https://fullsand-au- (67 more) ...","roleDisplayedOptions":"0x69bafa46","roleShitenDisplayedOptions":"0x53be08ce","SARole5Options":"0xcd4b28f","SARole6Options":"0x480bb9e","SARole7Options":"0x3a560982","SARole8Options":"0x190d8e7e","scrollTopValue":0.0,"ShopRole5Options":"0x30e4171a","ShopRole6Options":"0x313906d3"}|0x6340ecab
16:05:36.0 (34854446)|SYSTEM_MODE_ENTER|false
16:05:36.0 (34861140)|HEAP_ALLOCATE|[66]|Bytes:5
16:05:36.0 (34866515)|STATEMENT_EXECUTE|[65]
16:05:36.0 (34868332)|STATEMENT_EXECUTE|[66]
16:05:36.0 (34892572)|METHOD_ENTRY|[66]|01p6F000006sUQn|saDailyReportEditorForAdminCtl.isUserProfileEvolva()
16:05:36.0 (34906690)|VARIABLE_SCOPE_BEGIN|[60]|this|saDailyReportEditorForAdminCtl|true|false
16:05:36.0 (35003760)|VARIABLE_ASSIGNMENT|[60]|this|{"callType":"2","currentInquiryId":"a0I0k000003wZqQEAU","currentScrollValue":0.0,"currentUser":"0x79248ee4","filterKDDIRole5Option":"","filterKDDIRole6Option":"","filterSARole5Option":"","filterSARole6Option":"","filterSARole7Option":"","filterSARole8Option":"","filterShopRole5Option":"","filterShopRole6Option":"","idm":"0x6d2de10f","isCopy":false,"isNew":false,"isReadOnly":true,"isReadOnlyUsers":true,"isTypeAuHearing":false,"isTypeSanxHearing":true,"isValid":true,"KDDIRole5Options":"0x7f9e7fe4","KDDIRole6Options":"0x4ed50ab5","lsRolesFull":"0x4ebbd5e3","mpAnswerType":"0x13b5317e","mpShishaOptions":"0x1fd81db3","mpShitenOptions":"0x79be2c5f","previewURL":"https://fullsand-au- (67 more) ...","roleDisplayedOptions":"0x69bafa46","roleShitenDisplayedOptions":"0x53be08ce","SARole5Options":"0xcd4b28f","SARole6Options":"0x480bb9e","SARole7Options":"0x3a560982","SARole8Options":"0x190d8e7e","scrollTopValue":0.0,"ShopRole5Options":"0x30e4171a","ShopRole6Options":"0x313906d3"}|0x6340ecab
16:05:36.0 (35024909)|HEAP_ALLOCATE|[61]|Bytes:5
16:05:36.0 (35029055)|STATEMENT_EXECUTE|[60]
16:05:36.0 (35030851)|STATEMENT_EXECUTE|[61]
16:05:36.0 (38514423)|VARIABLE_SCOPE_BEGIN|[131]|auConstantCmn.ACCESS_TYPE_KDDI|String|false|true
16:05:36.0 (38533068)|VARIABLE_SCOPE_BEGIN|[130]|auConstantCmn.ACCESS_TYPE_SA|String|false|true
16:05:36.0 (38544105)|VARIABLE_SCOPE_BEGIN|[132]|auConstantCmn.ACCESS_TYPE_SHOP|String|false|true
16:05:36.0 (38554626)|VARIABLE_SCOPE_BEGIN|[56]|auConstantCmn.ACCOUNT_CHANNEL_DAIRITEN|String|false|true
16:05:36.0 (38565918)|VARIABLE_SCOPE_BEGIN|[54]|auConstantCmn.ACCOUNT_CHANNEL_SHOP|String|false|true
16:05:36.0 (38576352)|VARIABLE_SCOPE_BEGIN|[55]|auConstantCmn.ACCOUNT_CHANNEL_UNEIHOJIN|String|false|true
16:05:36.0 (38587380)|VARIABLE_SCOPE_BEGIN|[107]|auConstantCmn.CX_KNOWLEDGE_SHARING_NATIONAL|String|false|true
16:05:36.0 (38604064)|VARIABLE_SCOPE_BEGIN|[106]|auConstantCmn.CX_KNOWLEDGE_SHARING_REGIONAL_OFFICE|String|false|true
16:05:36.0 (38615610)|VARIABLE_SCOPE_BEGIN|[112]|auConstantCmn.CX_KNOWLEDGE_STATUS_APPROVED|String|false|true
16:05:36.0 (38625464)|VARIABLE_SCOPE_BEGIN|[113]|auConstantCmn.CX_KNOWLEDGE_STATUS_NATIONAL_APPROVED|String|false|true
16:05:36.0 (38635493)|VARIABLE_SCOPE_BEGIN|[114]|auConstantCmn.CX_KNOWLEDGE_STATUS_REJECTED|String|false|true
16:05:36.0 (38646274)|VARIABLE_SCOPE_BEGIN|[111]|auConstantCmn.CX_KNOWLEDGE_STATUS_SAVED|String|false|true
16:05:36.0 (38655926)|VARIABLE_SCOPE_BEGIN|[110]|auConstantCmn.CX_KNOWLEDGE_STATUS_TEMPORARY_SAVED|String|false|true
16:05:36.0 (38665924)|VARIABLE_SCOPE_BEGIN|[20]|auConstantCmn.FORGOT_PASSWORD_ERR_MESSAGE001|String|false|true
16:05:36.0 (38676150)|VARIABLE_SCOPE_BEGIN|[127]|auConstantCmn.HONBU_DIRECT_DETAIL_TYPE_FAVORITE|String|false|true
16:05:36.0 (38683351)|VARIABLE_SCOPE_BEGIN|[126]|auConstantCmn.HONBU_DIRECT_DETAIL_TYPE_READ|String|false|true
16:05:36.0 (38691157)|VARIABLE_SCOPE_BEGIN|[118]|auConstantCmn.KDDI_KNOWLEDGE_STATUS_SAVED|String|false|true
16:05:36.0 (38698104)|VARIABLE_SCOPE_BEGIN|[117]|auConstantCmn.KDDI_KNOWLEDGE_STATUS_TEMPORARY_SAVED|String|false|true
16:05:36.0 (38705250)|VARIABLE_SCOPE_BEGIN|[14]|auConstantCmn.LOGIN_ERR_MESSAGE001|String|false|true
16:05:36.0 (38711805)|VARIABLE_SCOPE_BEGIN|[15]|auConstantCmn.LOGIN_ERR_MESSAGE002|String|false|true
16:05:36.0 (38718094)|VARIABLE_SCOPE_BEGIN|[16]|auConstantCmn.LOGIN_ERR_MESSAGE003|String|false|true
16:05:36.0 (38724445)|VARIABLE_SCOPE_BEGIN|[17]|auConstantCmn.LOGIN_ERR_MESSAGE004|String|false|true
16:05:36.0 (38730824)|VARIABLE_SCOPE_BEGIN|[93]|auConstantCmn.PAGE_ALIAS_SHOP_CX|String|false|true
16:05:36.0 (38737578)|VARIABLE_SCOPE_BEGIN|[84]|auConstantCmn.PAGE_ALIAS_SHOP_EVENTS|String|false|true
16:05:36.0 (38744238)|VARIABLE_SCOPE_BEGIN|[70]|auConstantCmn.PAGE_ALIAS_SHOP_FORGOTPW|String|false|true
16:05:36.0 (38750995)|VARIABLE_SCOPE_BEGIN|[74]|auConstantCmn.PAGE_ALIAS_SHOP_FORGOTPWCOMP|String|false|true
16:05:36.0 (38757963)|VARIABLE_SCOPE_BEGIN|[81]|auConstantCmn.PAGE_ALIAS_SHOP_HOME|String|false|true
16:05:36.0 (38764544)|VARIABLE_SCOPE_BEGIN|[62]|auConstantCmn.PAGE_ALIAS_SHOP_LOGIN|String|false|true
16:05:36.0 (38771619)|VARIABLE_SCOPE_BEGIN|[66]|auConstantCmn.PAGE_ALIAS_SHOP_LOGOUT|String|false|true
16:05:36.0 (38778309)|VARIABLE_SCOPE_BEGIN|[78]|auConstantCmn.PAGE_ALIAS_SHOP_PASSWORDSIGNUP|String|false|true
16:05:36.0 (38785318)|VARIABLE_SCOPE_BEGIN|[99]|auConstantCmn.PAGE_ALIAS_SHOP_SCHEDULE|String|false|true
16:05:36.0 (38792088)|VARIABLE_SCOPE_BEGIN|[102]|auConstantCmn.PAGE_ALIAS_SHOP_SCHEDULE_LIST|String|false|true
16:05:36.0 (38799198)|VARIABLE_SCOPE_BEGIN|[87]|auConstantCmn.PAGE_ALIAS_SHOP_STPD|String|false|true
16:05:36.0 (38806703)|VARIABLE_SCOPE_BEGIN|[96]|auConstantCmn.PAGE_ALIAS_SHOP_TIMELINE_CX|String|false|true
16:05:36.0 (38813975)|VARIABLE_SCOPE_BEGIN|[90]|auConstantCmn.PAGE_ALIAS_SHOP_TIMELINE_STPD|String|false|true
16:05:36.0 (38821203)|VARIABLE_SCOPE_BEGIN|[92]|auConstantCmn.PAGE_VF_SHOP_CX|String|false|true
16:05:36.0 (38828752)|VARIABLE_SCOPE_BEGIN|[83]|auConstantCmn.PAGE_VF_SHOP_EVENTS|String|false|true
16:05:36.0 (38835905)|VARIABLE_SCOPE_BEGIN|[69]|auConstantCmn.PAGE_VF_SHOP_FORGOTPW|String|false|true
16:05:36.0 (38843181)|VARIABLE_SCOPE_BEGIN|[73]|auConstantCmn.PAGE_VF_SHOP_FORGOTPWCOMP|String|false|true
16:05:36.0 (38850279)|VARIABLE_SCOPE_BEGIN|[80]|auConstantCmn.PAGE_VF_SHOP_HOME|String|false|true
16:05:36.0 (38857819)|VARIABLE_SCOPE_BEGIN|[61]|auConstantCmn.PAGE_VF_SHOP_LOGIN|String|false|true
16:05:36.0 (38865452)|VARIABLE_SCOPE_BEGIN|[65]|auConstantCmn.PAGE_VF_SHOP_LOGOUT|String|false|true
16:05:36.0 (38873032)|VARIABLE_SCOPE_BEGIN|[77]|auConstantCmn.PAGE_VF_SHOP_PASSWORDSIGNUP|String|false|true
16:05:36.0 (38881333)|VARIABLE_SCOPE_BEGIN|[98]|auConstantCmn.PAGE_VF_SHOP_SCHEDULE|String|false|true
16:05:36.0 (38888831)|VARIABLE_SCOPE_BEGIN|[101]|auConstantCmn.PAGE_VF_SHOP_SCHEDULE_LIST|String|false|true
16:05:36.0 (38896491)|VARIABLE_SCOPE_BEGIN|[86]|auConstantCmn.PAGE_VF_SHOP_STPD|String|false|true
16:05:36.0 (38904285)|VARIABLE_SCOPE_BEGIN|[95]|auConstantCmn.PAGE_VF_SHOP_TIMELINE_CX|String|false|true
16:05:36.0 (38911768)|VARIABLE_SCOPE_BEGIN|[89]|auConstantCmn.PAGE_VF_SHOP_TIMELINE_STPD|String|false|true
16:05:36.0 (38919541)|VARIABLE_SCOPE_BEGIN|[28]|auConstantCmn.PASSWORD_SIGNUP_ERR_EXPIREDURL|String|false|true
16:05:36.0 (38927586)|VARIABLE_SCOPE_BEGIN|[31]|auConstantCmn.PASSWORD_SIGNUP_ERR_INTERNAL|String|false|true
16:05:36.0 (38935704)|VARIABLE_SCOPE_BEGIN|[29]|auConstantCmn.PASSWORD_SIGNUP_ERR_INVALIDURL|String|false|true
16:05:36.0 (38944342)|VARIABLE_SCOPE_BEGIN|[23]|auConstantCmn.PASSWORD_SIGNUP_ERR_MESSAGE001|String|false|true
16:05:36.0 (38952261)|VARIABLE_SCOPE_BEGIN|[24]|auConstantCmn.PASSWORD_SIGNUP_ERR_MESSAGE002|String|false|true
16:05:36.0 (38960064)|VARIABLE_SCOPE_BEGIN|[25]|auConstantCmn.PASSWORD_SIGNUP_ERR_MESSAGE003|String|false|true
16:05:36.0 (38968198)|VARIABLE_SCOPE_BEGIN|[26]|auConstantCmn.PASSWORD_SIGNUP_ERR_MESSAGE004|String|false|true
16:05:36.0 (38976143)|VARIABLE_SCOPE_BEGIN|[27]|auConstantCmn.PASSWORD_SIGNUP_ERR_MESSAGE005|String|false|true
16:05:36.0 (38984478)|VARIABLE_SCOPE_BEGIN|[30]|auConstantCmn.PASSWORD_SIGNUP_ERR_OLDURL|String|false|true
16:05:36.0 (38992789)|VARIABLE_SCOPE_BEGIN|[35]|auConstantCmn.PROFILE_COMMUNITY_MANAGEMENT|String|false|true
16:05:36.0 (39001214)|VARIABLE_SCOPE_BEGIN|[36]|auConstantCmn.PROFILE_COMMUNITY_PRIMARY_AGENT|String|false|true
16:05:36.0 (39010420)|VARIABLE_SCOPE_BEGIN|[34]|auConstantCmn.PROFILE_COMMUNITY_SHOP|String|false|true
16:05:36.0 (39018931)|VARIABLE_SCOPE_BEGIN|[48]|auConstantCmn.PROFILE_EVOLVA_ADMIN_USER|String|false|true
16:05:36.0 (39028207)|VARIABLE_SCOPE_BEGIN|[47]|auConstantCmn.PROFILE_EVOLVA_USER|String|false|true
16:05:36.0 (39038001)|VARIABLE_SCOPE_BEGIN|[37]|auConstantCmn.PROFILE_KDDI_BRANCH|String|false|true
16:05:36.0 (39047234)|VARIABLE_SCOPE_BEGIN|[38]|auConstantCmn.PROFILE_KDDI_BRANCH_V2|String|false|true
16:05:36.0 (39055814)|VARIABLE_SCOPE_BEGIN|[41]|auConstantCmn.PROFILE_KDDI_HEADQUARTERS|String|false|true
16:05:36.0 (39064682)|VARIABLE_SCOPE_BEGIN|[42]|auConstantCmn.PROFILE_KDDI_HEADQUARTERS_V2|String|false|true
16:05:36.0 (39073612)|VARIABLE_SCOPE_BEGIN|[44]|auConstantCmn.PROFILE_KDDI_KNOWLEDGE_ACTIVITIES|String|false|true
16:05:36.0 (39082854)|VARIABLE_SCOPE_BEGIN|[43]|auConstantCmn.PROFILE_KDDI_KNOWLEDGE_ONLY|String|false|true
16:05:36.0 (39091610)|VARIABLE_SCOPE_BEGIN|[39]|auConstantCmn.PROFILE_KDDI_REGIONAL_OFFICE|String|false|true
16:05:36.0 (39100390)|VARIABLE_SCOPE_BEGIN|[40]|auConstantCmn.PROFILE_KDDI_REGIONAL_OFFICE_V2|String|false|true
16:05:36.0 (39109361)|VARIABLE_SCOPE_BEGIN|[46]|auConstantCmn.PROFILE_SA_USER_CSA|String|false|true
16:05:36.0 (39118312)|VARIABLE_SCOPE_BEGIN|[45]|auConstantCmn.PROFILE_SA_USER_SA|String|false|true
16:05:36.0 (39127234)|VARIABLE_SCOPE_BEGIN|[49]|auConstantCmn.PROFILE_SYSADMIN_CUSTOM|String|false|true
16:05:36.0 (39138572)|VARIABLE_SCOPE_BEGIN|[50]|auConstantCmn.PROFILE_SYSADMIN_DEFAULT_EN|String|false|true
16:05:36.0 (39148408)|VARIABLE_SCOPE_BEGIN|[51]|auConstantCmn.PROFILE_SYSADMIN_DEFAULT_JP|String|false|true
16:05:36.0 (39158116)|VARIABLE_SCOPE_BEGIN|[9]|auConstantCmn.ROLE_CODE_EVOLVA_HONBU|String|false|true
16:05:36.0 (39167095)|VARIABLE_SCOPE_BEGIN|[10]|auConstantCmn.ROLE_CODE_EVOLVA_SHISHA|String|false|true
16:05:36.0 (39176731)|VARIABLE_SCOPE_BEGIN|[11]|auConstantCmn.ROLE_CODE_EVOLVA_SHITEN|String|false|true
16:05:36.0 (39186144)|VARIABLE_SCOPE_BEGIN|[7]|auConstantCmn.ROLE_CODE_HONBU|String|false|true
16:05:36.0 (39196152)|VARIABLE_SCOPE_BEGIN|[8]|auConstantCmn.ROLE_CODE_SA_HONBU|String|false|true
16:05:36.0 (39205643)|VARIABLE_SCOPE_BEGIN|[123]|auConstantCmn.USER_CLASSIFICATION_CONTRACTOR|String|false|true
16:05:36.0 (39215538)|VARIABLE_SCOPE_BEGIN|[122]|auConstantCmn.USER_CLASSIFICATION_CSA|String|false|true
16:05:36.0 (39225019)|VARIABLE_SCOPE_BEGIN|[121]|auConstantCmn.USER_CLASSIFICATION_SA|String|false|true
16:05:36.0 (39237790)|HEAP_ALLOCATE|[61]|Bytes:11
16:05:36.0 (39254339)|VARIABLE_ASSIGNMENT|[61]|auConstantCmn.ACCESS_TYPE_KDDI|"KDDI_ACCESS"
16:05:36.0 (39259473)|HEAP_ALLOCATE|[61]|Bytes:9
16:05:36.0 (39266470)|VARIABLE_ASSIGNMENT|[61]|auConstantCmn.ACCESS_TYPE_SA|"SA_ACCESS"
16:05:36.0 (39270597)|HEAP_ALLOCATE|[61]|Bytes:11
16:05:36.0 (39276557)|VARIABLE_ASSIGNMENT|[61]|auConstantCmn.ACCESS_TYPE_SHOP|"SHOP_ACCESS"
16:05:36.0 (39280901)|HEAP_ALLOCATE|[61]|Bytes:5
16:05:36.0 (39286770)|VARIABLE_ASSIGNMENT|[61]|auConstantCmn.ACCOUNT_CHANNEL_DAIRITEN|"一次代理店"
16:05:36.0 (39291088)|HEAP_ALLOCATE|[61]|Bytes:6
16:05:36.0 (39297499)|VARIABLE_ASSIGNMENT|[61]|auConstantCmn.ACCOUNT_CHANNEL_SHOP|"auショップ"
16:05:36.0 (39301161)|HEAP_ALLOCATE|[61]|Bytes:4
16:05:36.0 (39306652)|VARIABLE_ASSIGNMENT|[61]|auConstantCmn.ACCOUNT_CHANNEL_UNEIHOJIN|"運営法人"
16:05:36.0 (39310932)|HEAP_ALLOCATE|[61]|Bytes:8
16:05:36.0 (39316851)|VARIABLE_ASSIGNMENT|[61]|auConstantCmn.CX_KNOWLEDGE_SHARING_NATIONAL|"National"
16:05:36.0 (39320651)|HEAP_ALLOCATE|[61]|Bytes:14
16:05:36.0 (39326347)|VARIABLE_ASSIGNMENT|[61]|auConstantCmn.CX_KNOWLEDGE_SHARING_REGIONAL_OFFICE|"RegionalOffice"
16:05:36.0 (39330582)|HEAP_ALLOCATE|[61]|Bytes:8
16:05:36.0 (39336388)|VARIABLE_ASSIGNMENT|[61]|auConstantCmn.CX_KNOWLEDGE_STATUS_APPROVED|"Approved"
16:05:36.0 (39340670)|HEAP_ALLOCATE|[61]|Bytes:16
16:05:36.0 (39347499)|VARIABLE_ASSIGNMENT|[61]|auConstantCmn.CX_KNOWLEDGE_STATUS_NATIONAL_APPROVED|"NationalApproved"
16:05:36.0 (39351986)|HEAP_ALLOCATE|[61]|Bytes:8
16:05:36.0 (39358108)|VARIABLE_ASSIGNMENT|[61]|auConstantCmn.CX_KNOWLEDGE_STATUS_REJECTED|"Rejected"
16:05:36.0 (39361691)|HEAP_ALLOCATE|[61]|Bytes:5
16:05:36.0 (39367068)|VARIABLE_ASSIGNMENT|[61]|auConstantCmn.CX_KNOWLEDGE_STATUS_SAVED|"Saved"
16:05:36.0 (39371120)|HEAP_ALLOCATE|[61]|Bytes:14
16:05:36.0 (39377443)|VARIABLE_ASSIGNMENT|[61]|auConstantCmn.CX_KNOWLEDGE_STATUS_TEMPORARY_SAVED|"TemporarySaved"
16:05:36.0 (39381204)|HEAP_ALLOCATE|[61]|Bytes:12
16:05:36.0 (39387183)|VARIABLE_ASSIGNMENT|[61]|auConstantCmn.FORGOT_PASSWORD_ERR_MESSAGE001|"IDを入力してください。"
16:05:36.0 (39412428)|HEAP_ALLOCATE|[61]|Bytes:8
16:05:36.0 (39421030)|VARIABLE_ASSIGNMENT|[61]|auConstantCmn.HONBU_DIRECT_DETAIL_TYPE_FAVORITE|"FAVORITE"
16:05:36.0 (39425315)|HEAP_ALLOCATE|[61]|Bytes:4
16:05:36.0 (39431751)|VARIABLE_ASSIGNMENT|[61]|auConstantCmn.HONBU_DIRECT_DETAIL_TYPE_READ|"READ"
16:05:36.0 (39435583)|HEAP_ALLOCATE|[61]|Bytes:5
16:05:36.0 (39441712)|VARIABLE_ASSIGNMENT|[61]|auConstantCmn.KDDI_KNOWLEDGE_STATUS_SAVED|"Saved"
16:05:36.0 (39445385)|HEAP_ALLOCATE|[61]|Bytes:14
16:05:36.0 (39453064)|VARIABLE_ASSIGNMENT|[61]|auConstantCmn.KDDI_KNOWLEDGE_STATUS_TEMPORARY_SAVED|"TemporarySaved"
16:05:36.0 (39456737)|HEAP_ALLOCATE|[61]|Bytes:15
16:05:36.0 (39463128)|VARIABLE_ASSIGNMENT|[61]|auConstantCmn.LOGIN_ERR_MESSAGE001|"パスワードを入力してください。"
16:05:36.0 (39468663)|HEAP_ALLOCATE|[61]|Bytes:27
16:05:36.0 (39477153)|VARIABLE_ASSIGNMENT|[61]|auConstantCmn.LOGIN_ERR_MESSAGE002|"8文字以上の英数字混在のパスワードを指定 (7 more) ..."
16:05:36.0 (39497822)|HEAP_ALLOCATE|[61]|Bytes:19
16:05:36.0 (39526051)|VARIABLE_ASSIGNMENT|[61]|auConstantCmn.LOGIN_ERR_MESSAGE003|"ID或いはパスワードが間違っています。"
16:05:36.0 (39535768)|HEAP_ALLOCATE|[61]|Bytes:46
16:05:36.0 (39547808)|VARIABLE_ASSIGNMENT|[61]|auConstantCmn.LOGIN_ERR_MESSAGE004|"ログイン失敗回数を超えた為、ロックされま (26 more) ..."
16:05:36.0 (39568401)|HEAP_ALLOCATE|[61]|Bytes:3
16:05:36.0 (39578651)|VARIABLE_ASSIGNMENT|[61]|auConstantCmn.PAGE_ALIAS_SHOP_CX|"/CX"
16:05:36.0 (39585616)|HEAP_ALLOCATE|[61]|Bytes:7
16:05:36.0 (39603381)|VARIABLE_ASSIGNMENT|[61]|auConstantCmn.PAGE_ALIAS_SHOP_EVENTS|"/events"
16:05:36.0 (39608887)|HEAP_ALLOCATE|[61]|Bytes:16
16:05:36.0 (39617213)|VARIABLE_ASSIGNMENT|[61]|auConstantCmn.PAGE_ALIAS_SHOP_FORGOTPW|"/forgot-password"
16:05:36.0 (39622164)|HEAP_ALLOCATE|[61]|Bytes:25
16:05:36.0 (39630272)|VARIABLE_ASSIGNMENT|[61]|auConstantCmn.PAGE_ALIAS_SHOP_FORGOTPWCOMP|"/forgot-password-com (5 more) ..."
16:05:36.0 (39634895)|HEAP_ALLOCATE|[61]|Bytes:5
16:05:36.0 (39642298)|VARIABLE_ASSIGNMENT|[61]|auConstantCmn.PAGE_ALIAS_SHOP_HOME|"/home"
16:05:36.0 (39646550)|HEAP_ALLOCATE|[61]|Bytes:6
16:05:36.0 (39653042)|VARIABLE_ASSIGNMENT|[61]|auConstantCmn.PAGE_ALIAS_SHOP_LOGIN|"/login"
16:05:36.0 (39657552)|HEAP_ALLOCATE|[61]|Bytes:7
16:05:36.0 (39663976)|VARIABLE_ASSIGNMENT|[61]|auConstantCmn.PAGE_ALIAS_SHOP_LOGOUT|"/logout"
16:05:36.0 (39668096)|HEAP_ALLOCATE|[61]|Bytes:16
16:05:36.0 (39675434)|VARIABLE_ASSIGNMENT|[61]|auConstantCmn.PAGE_ALIAS_SHOP_PASSWORDSIGNUP|"/password-signup"
16:05:36.0 (39679249)|HEAP_ALLOCATE|[61]|Bytes:9
16:05:36.0 (39685973)|VARIABLE_ASSIGNMENT|[61]|auConstantCmn.PAGE_ALIAS_SHOP_SCHEDULE|"/calendar"
16:05:36.0 (39690300)|HEAP_ALLOCATE|[61]|Bytes:11
16:05:36.0 (39697675)|VARIABLE_ASSIGNMENT|[61]|auConstantCmn.PAGE_ALIAS_SHOP_SCHEDULE_LIST|"/activities"
16:05:36.0 (39702260)|HEAP_ALLOCATE|[61]|Bytes:5
16:05:36.0 (39709178)|VARIABLE_ASSIGNMENT|[61]|auConstantCmn.PAGE_ALIAS_SHOP_STPD|"/STPD"
16:05:36.0 (39712852)|HEAP_ALLOCATE|[61]|Bytes:11
16:05:36.0 (39719828)|VARIABLE_ASSIGNMENT|[61]|auConstantCmn.PAGE_ALIAS_SHOP_TIMELINE_CX|"/timelineCX"
16:05:36.0 (39723965)|HEAP_ALLOCATE|[61]|Bytes:13
16:05:36.0 (39731401)|VARIABLE_ASSIGNMENT|[61]|auConstantCmn.PAGE_ALIAS_SHOP_TIMELINE_STPD|"/timelineSTPD"
16:05:36.0 (39735174)|HEAP_ALLOCATE|[61]|Bytes:27
16:05:36.0 (39743434)|VARIABLE_ASSIGNMENT|[61]|auConstantCmn.PAGE_VF_SHOP_CX|"/apex/auCXKnowledgeL (7 more) ..."
16:05:36.0 (39747801)|HEAP_ALLOCATE|[61]|Bytes:22
16:05:36.0 (39756047)|VARIABLE_ASSIGNMENT|[61]|auConstantCmn.PAGE_VF_SHOP_EVENTS|"/apex/auEventsListPa (2 more) ..."
16:05:36.0 (39759777)|HEAP_ALLOCATE|[61]|Bytes:21
16:05:36.0 (39768142)|VARIABLE_ASSIGNMENT|[61]|auConstantCmn.PAGE_VF_SHOP_FORGOTPW|"/auForgotPasswordPag (1 more) ..."
16:05:36.0 (39772455)|HEAP_ALLOCATE|[61]|Bytes:29
16:05:36.0 (39781594)|VARIABLE_ASSIGNMENT|[61]|auConstantCmn.PAGE_VF_SHOP_FORGOTPWCOMP|"/auForgotPasswordCom (9 more) ..."
16:05:36.0 (39785942)|HEAP_ALLOCATE|[61]|Bytes:24
16:05:36.0 (39794498)|VARIABLE_ASSIGNMENT|[61]|auConstantCmn.PAGE_VF_SHOP_HOME|"/apex/auSwitchScreen (4 more) ..."
16:05:36.0 (39799096)|HEAP_ALLOCATE|[61]|Bytes:12
16:05:36.0 (39806343)|VARIABLE_ASSIGNMENT|[61]|auConstantCmn.PAGE_VF_SHOP_LOGIN|"/auLoginPage"
16:05:36.0 (39810578)|HEAP_ALLOCATE|[61]|Bytes:13
16:05:36.0 (39818267)|VARIABLE_ASSIGNMENT|[61]|auConstantCmn.PAGE_VF_SHOP_LOGOUT|"/auLogoutPage"
16:05:36.0 (39822281)|HEAP_ALLOCATE|[61]|Bytes:21
16:05:36.0 (39831379)|VARIABLE_ASSIGNMENT|[61]|auConstantCmn.PAGE_VF_SHOP_PASSWORDSIGNUP|"/auPasswordSignupPag (1 more) ..."
16:05:36.0 (39835088)|HEAP_ALLOCATE|[61]|Bytes:16
16:05:36.0 (39848474)|VARIABLE_ASSIGNMENT|[61]|auConstantCmn.PAGE_VF_SHOP_SCHEDULE|"/apex/auSchedule"
16:05:36.0 (39852840)|HEAP_ALLOCATE|[61]|Bytes:20
16:05:36.0 (39860893)|VARIABLE_ASSIGNMENT|[61]|auConstantCmn.PAGE_VF_SHOP_SCHEDULE_LIST|"/apex/auScheduleList"
16:05:36.0 (39864999)|HEAP_ALLOCATE|[61]|Bytes:20
16:05:36.0 (39872808)|VARIABLE_ASSIGNMENT|[61]|auConstantCmn.PAGE_VF_SHOP_STPD|"/apex/auSTPDListPage"
16:05:36.0 (39876974)|HEAP_ALLOCATE|[61]|Bytes:31
16:05:36.0 (39885960)|VARIABLE_ASSIGNMENT|[61]|auConstantCmn.PAGE_VF_SHOP_TIMELINE_CX|"/apex/auCxKnowledgeT (11 more) ..."
16:05:36.0 (39890599)|HEAP_ALLOCATE|[61]|Bytes:24
16:05:36.0 (39899413)|VARIABLE_ASSIGNMENT|[61]|auConstantCmn.PAGE_VF_SHOP_TIMELINE_STPD|"/apex/auSTPDTimeline (4 more) ..."
16:05:36.0 (39903960)|HEAP_ALLOCATE|[61]|Bytes:55
16:05:36.0 (39912993)|VARIABLE_ASSIGNMENT|[61]|auConstantCmn.PASSWORD_SIGNUP_ERR_EXPIREDURL|"パスワードリセットの有効期限が切れていま (35 more) ..."
16:05:36.0 (39917162)|HEAP_ALLOCATE|[61]|Bytes:27
16:05:36.0 (39926115)|VARIABLE_ASSIGNMENT|[61]|auConstantCmn.PASSWORD_SIGNUP_ERR_INTERNAL|"内部エラーが発生しました。サイト管理者に (7 more) ..."
16:05:36.0 (39931756)|HEAP_ALLOCATE|[61]|Bytes:51
16:05:36.0 (39940661)|VARIABLE_ASSIGNMENT|[61]|auConstantCmn.PASSWORD_SIGNUP_ERR_INVALIDURL|"不正なパスワードリセットURLです。<b (31 more) ..."
16:05:36.0 (39945282)|HEAP_ALLOCATE|[61]|Bytes:15
16:05:36.0 (39953432)|VARIABLE_ASSIGNMENT|[61]|auConstantCmn.PASSWORD_SIGNUP_ERR_MESSAGE001|"パスワードを入力してください。"
16:05:36.0 (39957984)|HEAP_ALLOCATE|[61]|Bytes:19
16:05:36.0 (39966763)|VARIABLE_ASSIGNMENT|[61]|auConstantCmn.PASSWORD_SIGNUP_ERR_MESSAGE002|"確認用のパスワードを入力してください。"
16:05:36.0 (39970729)|HEAP_ALLOCATE|[61]|Bytes:27
16:05:36.0 (39979460)|VARIABLE_ASSIGNMENT|[61]|auConstantCmn.PASSWORD_SIGNUP_ERR_MESSAGE003|"8文字以上の英数字混在のパスワードを指定 (7 more) ..."
16:05:36.0 (39984460)|HEAP_ALLOCATE|[61]|Bytes:22
16:05:36.0 (39993983)|VARIABLE_ASSIGNMENT|[61]|auConstantCmn.PASSWORD_SIGNUP_ERR_MESSAGE004|"パスワードと確認用のパスワードが不一致で (2 more) ..."
16:05:36.0 (39998503)|HEAP_ALLOCATE|[61]|Bytes:21
16:05:36.0 (40007998)|VARIABLE_ASSIGNMENT|[61]|auConstantCmn.PASSWORD_SIGNUP_ERR_MESSAGE005|"以前利用したパスワードはご利用できません (1 more) ..."
16:05:36.0 (40012985)|HEAP_ALLOCATE|[61]|Bytes:46
16:05:36.0 (40022060)|VARIABLE_ASSIGNMENT|[61]|auConstantCmn.PASSWORD_SIGNUP_ERR_OLDURL|"以前のパスワードリセットURLは利用でき (26 more) ..."
16:05:36.0 (40026796)|HEAP_ALLOCATE|[61]|Bytes:14
16:05:36.0 (40036185)|VARIABLE_ASSIGNMENT|[61]|auConstantCmn.PROFILE_COMMUNITY_MANAGEMENT|"au ショップ - 運営法人"
16:05:36.0 (40040035)|HEAP_ALLOCATE|[61]|Bytes:15
16:05:36.0 (40048194)|VARIABLE_ASSIGNMENT|[61]|auConstantCmn.PROFILE_COMMUNITY_PRIMARY_AGENT|"au ショップ - 一次代理店"
16:05:36.0 (40052334)|HEAP_ALLOCATE|[61]|Bytes:12
16:05:36.0 (40061272)|VARIABLE_ASSIGNMENT|[61]|auConstantCmn.PROFILE_COMMUNITY_SHOP|"au ショップ - 店舗"
16:05:36.0 (40065687)|HEAP_ALLOCATE|[61]|Bytes:17
16:05:36.0 (40074513)|VARIABLE_ASSIGNMENT|[61]|auConstantCmn.PROFILE_EVOLVA_ADMIN_USER|"Evolva Admin User"
16:05:36.0 (40078649)|HEAP_ALLOCATE|[61]|Bytes:11
16:05:36.0 (40087360)|VARIABLE_ASSIGNMENT|[61]|auConstantCmn.PROFILE_EVOLVA_USER|"Evolva User"
16:05:36.0 (40091494)|HEAP_ALLOCATE|[61]|Bytes:9
16:05:36.0 (40099600)|VARIABLE_ASSIGNMENT|[61]|auConstantCmn.PROFILE_KDDI_BRANCH|"KDDI - 支店"
16:05:36.0 (40103726)|HEAP_ALLOCATE|[61]|Bytes:12
16:05:36.0 (40112465)|VARIABLE_ASSIGNMENT|[61]|auConstantCmn.PROFILE_KDDI_BRANCH_V2|"KDDI - 支店 v2"
16:05:36.0 (40117546)|HEAP_ALLOCATE|[61]|Bytes:9
16:05:36.0 (40126059)|VARIABLE_ASSIGNMENT|[61]|auConstantCmn.PROFILE_KDDI_HEADQUARTERS|"KDDI - 本部"
16:05:36.0 (40130487)|HEAP_ALLOCATE|[61]|Bytes:12
16:05:36.0 (40139008)|VARIABLE_ASSIGNMENT|[61]|auConstantCmn.PROFILE_KDDI_HEADQUARTERS_V2|"KDDI - 本部 v2"
16:05:36.0 (40143780)|HEAP_ALLOCATE|[61]|Bytes:29
16:05:36.0 (40153770)|VARIABLE_ASSIGNMENT|[61]|auConstantCmn.PROFILE_KDDI_KNOWLEDGE_ACTIVITIES|"KDDI - Knowledge & A (9 more) ..."
16:05:36.0 (40158813)|HEAP_ALLOCATE|[61]|Bytes:21
16:05:36.0 (40168839)|VARIABLE_ASSIGNMENT|[61]|auConstantCmn.PROFILE_KDDI_KNOWLEDGE_ONLY|"KDDI - Knowledge onl (1 more) ..."
16:05:36.0 (40172913)|HEAP_ALLOCATE|[61]|Bytes:9
16:05:36.0 (40181722)|VARIABLE_ASSIGNMENT|[61]|auConstantCmn.PROFILE_KDDI_REGIONAL_OFFICE|"KDDI - 支社"
16:05:36.0 (40185573)|HEAP_ALLOCATE|[61]|Bytes:12
16:05:36.0 (40194083)|VARIABLE_ASSIGNMENT|[61]|auConstantCmn.PROFILE_KDDI_REGIONAL_OFFICE_V2|"KDDI - 支社 v2"
16:05:36.0 (40198627)|HEAP_ALLOCATE|[61]|Bytes:13
16:05:36.0 (40207264)|VARIABLE_ASSIGNMENT|[61]|auConstantCmn.PROFILE_SA_USER_CSA|"SA User - CSA"
16:05:36.0 (40211510)|HEAP_ALLOCATE|[61]|Bytes:12
16:05:36.0 (40220647)|VARIABLE_ASSIGNMENT|[61]|auConstantCmn.PROFILE_SA_USER_SA|"SA User - SA"
16:05:36.0 (40224181)|HEAP_ALLOCATE|[61]|Bytes:12
16:05:36.0 (40232834)|VARIABLE_ASSIGNMENT|[61]|auConstantCmn.PROFILE_SYSADMIN_CUSTOM|"System Admin"
16:05:36.0 (40237006)|HEAP_ALLOCATE|[61]|Bytes:20
16:05:36.0 (40246213)|VARIABLE_ASSIGNMENT|[61]|auConstantCmn.PROFILE_SYSADMIN_DEFAULT_EN|"System Administrator"
16:05:36.0 (40250396)|HEAP_ALLOCATE|[61]|Bytes:7
16:05:36.0 (40259250)|VARIABLE_ASSIGNMENT|[61]|auConstantCmn.PROFILE_SYSADMIN_DEFAULT_JP|"システム管理者"
16:05:36.0 (40263891)|HEAP_ALLOCATE|[61]|Bytes:7
16:05:36.0 (40273179)|VARIABLE_ASSIGNMENT|[61]|auConstantCmn.ROLE_CODE_EVOLVA_HONBU|"E000000"
16:05:36.0 (40276907)|HEAP_ALLOCATE|[61]|Bytes:6
16:05:36.0 (40285657)|VARIABLE_ASSIGNMENT|[61]|auConstantCmn.ROLE_CODE_EVOLVA_SHISHA|"EKEV01"
16:05:36.0 (40289643)|HEAP_ALLOCATE|[61]|Bytes:8
16:05:36.0 (40298391)|VARIABLE_ASSIGNMENT|[61]|auConstantCmn.ROLE_CODE_EVOLVA_SHITEN|"EKEV0101"
16:05:36.0 (40302433)|HEAP_ALLOCATE|[61]|Bytes:7
16:05:36.0 (40311586)|VARIABLE_ASSIGNMENT|[61]|auConstantCmn.ROLE_CODE_HONBU|"C000000"
16:05:36.0 (40315365)|HEAP_ALLOCATE|[61]|Bytes:7
16:05:36.0 (40324738)|VARIABLE_ASSIGNMENT|[61]|auConstantCmn.ROLE_CODE_SA_HONBU|"S000000"
16:05:36.0 (40328268)|HEAP_ALLOCATE|[61]|Bytes:10
16:05:36.0 (40337986)|VARIABLE_ASSIGNMENT|[61]|auConstantCmn.USER_CLASSIFICATION_CONTRACTOR|"CONTRACTOR"
16:05:36.0 (40341691)|HEAP_ALLOCATE|[61]|Bytes:3
16:05:36.0 (40350728)|VARIABLE_ASSIGNMENT|[61]|auConstantCmn.USER_CLASSIFICATION_CSA|"CSA"
16:05:36.0 (40354813)|HEAP_ALLOCATE|[61]|Bytes:2
16:05:36.0 (40363826)|VARIABLE_ASSIGNMENT|[61]|auConstantCmn.USER_CLASSIFICATION_SA|"SA"
16:05:36.0 (40382534)|METHOD_ENTRY|[4]|01p6F0000084Osz|auConstantCmn.auConstantCmn()
16:05:36.0 (40388891)|STATEMENT_EXECUTE|[4]
16:05:36.0 (40392798)|STATEMENT_EXECUTE|[4]
16:05:36.0 (40400950)|HEAP_ALLOCATE|[61]|Bytes:5
16:05:36.0 (40413889)|METHOD_EXIT|[4]|auConstantCmn
16:05:36.0 (40460076)|HEAP_ALLOCATE|[61]|Bytes:5
16:05:36.0 (40471290)|METHOD_EXIT|[66]|01p6F000006sUQn|saDailyReportEditorForAdminCtl.isUserProfileEvolva()
16:05:36.0 (40479147)|HEAP_ALLOCATE|[66]|Bytes:5
16:05:36.0 (40483486)|SYSTEM_MODE_EXIT|false
16:05:36.0 (40489801)|HEAP_ALLOCATE|[66]|Bytes:5
16:05:36.0 (40704660)|SYSTEM_MODE_ENTER|true
16:05:36.0 (40756670)|SYSTEM_MODE_ENTER|false
16:05:36.0 (40763968)|HEAP_ALLOCATE|[460]|Bytes:5
16:05:36.0 (40773865)|STATEMENT_EXECUTE|[458]
16:05:36.0 (40775731)|STATEMENT_EXECUTE|[460]
16:05:36.0 (40789834)|HEAP_ALLOCATE|[460]|Bytes:4
16:05:36.0 (40815899)|VARIABLE_SCOPE_BEGIN|[460]|options|List<System.SelectOption>|true|false
16:05:36.0 (40842357)|HEAP_ALLOCATE|[EXTERNAL]|Bytes:4
16:05:36.0 (40853418)|VARIABLE_ASSIGNMENT|[460]|options|[]|0x38df72f5
16:05:36.0 (40862211)|HEAP_ALLOCATE|[460]|Bytes:4
16:05:36.0 (40867998)|HEAP_ALLOCATE|[460]|Bytes:19
16:05:36.0 (41661841)|HEAP_ALLOCATE|[462]|Bytes:8
16:05:36.0 (42146675)|HEAP_ALLOCATE|[EXTERNAL]|Bytes:12
16:05:36.0 (42205144)|HEAP_ALLOCATE|[462]|Bytes:12
16:05:36.0 (42341563)|HEAP_ALLOCATE|[462]|Bytes:5
16:05:36.0 (42373854)|HEAP_ALLOCATE|[462]|Bytes:4
16:05:36.0 (42397546)|VARIABLE_SCOPE_BEGIN|[462]|f|Schema.PicklistEntry|true|false
16:05:36.0 (42415002)|VARIABLE_ASSIGNMENT|[462]|f|SA|0xab7d05a
16:05:36.0 (42421361)|STATEMENT_EXECUTE|[462]
16:05:36.0 (42423377)|STATEMENT_EXECUTE|[463]
16:05:36.0 (42440858)|HEAP_ALLOCATE|[463]|Bytes:2
16:05:36.0 (42451193)|HEAP_ALLOCATE|[463]|Bytes:2
16:05:36.0 (42508774)|HEAP_ALLOCATE|[EXTERNAL]|Bytes:4
16:05:36.0 (42529139)|HEAP_ALLOCATE|[462]|Bytes:5
16:05:36.0 (42542908)|HEAP_ALLOCATE|[462]|Bytes:4
16:05:36.0 (42561511)|VARIABLE_SCOPE_BEGIN|[462]|f|Schema.PicklistEntry|true|false
16:05:36.0 (42577173)|VARIABLE_ASSIGNMENT|[462]|f|CONTRACTOR|0x6edf7bdc
16:05:36.0 (42585419)|STATEMENT_EXECUTE|[462]
16:05:36.0 (42587695)|STATEMENT_EXECUTE|[463]
16:05:36.0 (42601456)|HEAP_ALLOCATE|[463]|Bytes:10
16:05:36.0 (42610214)|HEAP_ALLOCATE|[463]|Bytes:4
16:05:36.0 (42624445)|HEAP_ALLOCATE|[EXTERNAL]|Bytes:4
16:05:36.0 (42635682)|HEAP_ALLOCATE|[462]|Bytes:5
16:05:36.0 (42645856)|VARIABLE_ASSIGNMENT|[462]|f|null|
16:05:36.0 (42650807)|STATEMENT_EXECUTE|[465]
16:05:36.0 (42655078)|HEAP_ALLOCATE|[465]|Bytes:5
16:05:36.0 (42665129)|HEAP_ALLOCATE|[465]|Bytes:4
16:05:36.0 (42694115)|HEAP_ALLOCATE|[EXTERNAL]|Bytes:4
16:05:36.0 (42701480)|STATEMENT_EXECUTE|[467]
16:05:36.0 (42705800)|SYSTEM_MODE_EXIT|false
16:05:36.0 (42837918)|SYSTEM_MODE_ENTER|true
16:05:36.0 (42882489)|SYSTEM_MODE_ENTER|false
16:05:36.0 (42889876)|HEAP_ALLOCATE|[473]|Bytes:5
16:05:36.0 (42895538)|STATEMENT_EXECUTE|[471]
16:05:36.0 (42897501)|STATEMENT_EXECUTE|[473]
16:05:36.0 (42906609)|HEAP_ALLOCATE|[473]|Bytes:4
16:05:36.0 (42927118)|VARIABLE_SCOPE_BEGIN|[473]|options|List<System.SelectOption>|true|false
16:05:36.0 (42948997)|HEAP_ALLOCATE|[EXTERNAL]|Bytes:4
16:05:36.0 (42958626)|VARIABLE_ASSIGNMENT|[473]|options|[]|0x150a3b2a
16:05:36.0 (42966732)|HEAP_ALLOCATE|[473]|Bytes:18
16:05:36.0 (43104073)|HEAP_ALLOCATE|[475]|Bytes:8
16:05:36.0 (43525818)|HEAP_ALLOCATE|[EXTERNAL]|Bytes:20
16:05:36.0 (43550445)|HEAP_ALLOCATE|[475]|Bytes:20
16:05:36.0 (43578670)|HEAP_ALLOCATE|[475]|Bytes:5
16:05:36.0 (43596716)|HEAP_ALLOCATE|[475]|Bytes:4
16:05:36.0 (43616073)|VARIABLE_SCOPE_BEGIN|[475]|f|Schema.PicklistEntry|true|false
16:05:36.0 (43629742)|VARIABLE_ASSIGNMENT|[475]|f|NONE|0x53c25013
16:05:36.0 (43636091)|STATEMENT_EXECUTE|[475]
16:05:36.0 (43638075)|STATEMENT_EXECUTE|[476]
16:05:36.0 (43650130)|HEAP_ALLOCATE|[476]|Bytes:4
16:05:36.0 (43657737)|HEAP_ALLOCATE|[476]|Bytes:1
16:05:36.0 (43701728)|HEAP_ALLOCATE|[EXTERNAL]|Bytes:4
16:05:36.0 (43717329)|HEAP_ALLOCATE|[475]|Bytes:5
16:05:36.0 (43728121)|HEAP_ALLOCATE|[475]|Bytes:4
16:05:36.0 (43743112)|VARIABLE_SCOPE_BEGIN|[475]|f|Schema.PicklistEntry|true|false
16:05:36.0 (43754474)|VARIABLE_ASSIGNMENT|[475]|f|BASIC|0x67afe835
16:05:36.0 (43759510)|STATEMENT_EXECUTE|[475]
16:05:36.0 (43761122)|STATEMENT_EXECUTE|[476]
16:05:36.0 (43767352)|HEAP_ALLOCATE|[476]|Bytes:5
16:05:36.0 (43773321)|HEAP_ALLOCATE|[476]|Bytes:5
16:05:36.0 (43784077)|HEAP_ALLOCATE|[EXTERNAL]|Bytes:4
16:05:36.0 (43794028)|HEAP_ALLOCATE|[475]|Bytes:5
16:05:36.0 (43802164)|HEAP_ALLOCATE|[475]|Bytes:4
16:05:36.0 (43813502)|VARIABLE_SCOPE_BEGIN|[475]|f|Schema.PicklistEntry|true|false
16:05:36.0 (43823243)|VARIABLE_ASSIGNMENT|[475]|f|ADVANCED|0x6ee268bf
16:05:36.0 (43828372)|STATEMENT_EXECUTE|[475]
16:05:36.0 (43829857)|STATEMENT_EXECUTE|[476]
16:05:36.0 (43834680)|HEAP_ALLOCATE|[476]|Bytes:8
16:05:36.0 (43839899)|HEAP_ALLOCATE|[476]|Bytes:5
16:05:36.0 (43848751)|HEAP_ALLOCATE|[EXTERNAL]|Bytes:4
16:05:36.0 (43858193)|HEAP_ALLOCATE|[475]|Bytes:5
16:05:36.0 (43866382)|HEAP_ALLOCATE|[475]|Bytes:4
16:05:36.0 (43877422)|VARIABLE_SCOPE_BEGIN|[475]|f|Schema.PicklistEntry|true|false
16:05:36.0 (43886143)|VARIABLE_ASSIGNMENT|[475]|f|CSA|0x56da4f61
16:05:36.0 (43891158)|STATEMENT_EXECUTE|[475]
16:05:36.0 (43892601)|STATEMENT_EXECUTE|[476]
16:05:36.0 (43897336)|HEAP_ALLOCATE|[476]|Bytes:3
16:05:36.0 (43903827)|HEAP_ALLOCATE|[476]|Bytes:3
16:05:36.0 (43911894)|HEAP_ALLOCATE|[EXTERNAL]|Bytes:4
16:05:36.0 (43921305)|HEAP_ALLOCATE|[475]|Bytes:5
16:05:36.0 (43930146)|VARIABLE_ASSIGNMENT|[475]|f|null|
16:05:36.0 (43934896)|STATEMENT_EXECUTE|[478]
16:05:36.0 (43961783)|HEAP_ALLOCATE|[EXTERNAL]|Bytes:4
16:05:36.0 (43969110)|STATEMENT_EXECUTE|[480]
16:05:36.0 (43973469)|SYSTEM_MODE_EXIT|false
16:05:36.0 (44728020)|SYSTEM_MODE_ENTER|true
16:05:36.0 (44789530)|SYSTEM_MODE_ENTER|true
16:05:36.0 (47335310)|SYSTEM_MODE_ENTER|true
16:05:36.0 (47387574)|SYSTEM_MODE_ENTER|true
16:05:36.0 (47426739)|SYSTEM_MODE_ENTER|true
16:05:36.0 (47462348)|SYSTEM_MODE_ENTER|true
16:05:36.0 (47499445)|SYSTEM_MODE_ENTER|true
16:05:36.0 (47534018)|SYSTEM_MODE_ENTER|true
16:05:36.0 (47568937)|SYSTEM_MODE_ENTER|true
16:05:36.0 (47608450)|SYSTEM_MODE_ENTER|true
16:05:36.0 (48006644)|SYSTEM_MODE_ENTER|true
16:05:36.0 (48034732)|HEAP_ALLOCATE|[EXTERNAL]|Bytes:12
16:05:36.0 (48040961)|HEAP_ALLOCATE|[EXTERNAL]|Bytes:156
16:05:36.0 (48055996)|VARIABLE_ASSIGNMENT|[EXTERNAL]|this.currentScrollValue|0.0|0x6340ecab
16:05:36.0 (48087609)|SYSTEM_MODE_ENTER|true
16:05:36.0 (48101625)|HEAP_ALLOCATE|[EXTERNAL]|Bytes:156
16:05:36.0 (48111843)|VARIABLE_ASSIGNMENT|[EXTERNAL]|this.listRowToDel|""|0x6340ecab
16:05:36.0 (48144405)|SYSTEM_MODE_ENTER|true
16:05:36.0 (48185524)|SYSTEM_MODE_ENTER|true
16:05:36.0 (48231500)|SYSTEM_MODE_ENTER|true
16:05:36.0 (48282929)|SYSTEM_MODE_ENTER|true
16:05:36.0 (48322827)|SYSTEM_MODE_ENTER|true
16:05:36.0 (48354287)|HEAP_ALLOCATE|[EXTERNAL]|Bytes:112
16:05:36.0 (48364607)|VARIABLE_ASSIGNMENT|[EXTERNAL]|this.lastSearchUserSARole5Filter|""|0x6d2de10f
16:05:36.0 (48396161)|HEAP_ALLOCATE|[EXTERNAL]|Bytes:112
16:05:36.0 (48404296)|VARIABLE_ASSIGNMENT|[EXTERNAL]|this.lastSearchUserSARole6Filter|""|0x6d2de10f
16:05:36.0 (48432223)|HEAP_ALLOCATE|[EXTERNAL]|Bytes:112
16:05:36.0 (48439424)|VARIABLE_ASSIGNMENT|[EXTERNAL]|this.lastSearchUserSARole7Filter|""|0x6d2de10f
16:05:36.0 (48466044)|HEAP_ALLOCATE|[EXTERNAL]|Bytes:12
16:05:36.0 (48470669)|HEAP_ALLOCATE|[EXTERNAL]|Bytes:112
16:05:36.0 (48478707)|VARIABLE_ASSIGNMENT|[EXTERNAL]|this.lastSearchUserSARole8Filter|"dummy1stTime"|0x6d2de10f
16:05:36.0 (48505829)|HEAP_ALLOCATE|[EXTERNAL]|Bytes:112
16:05:36.0 (48513695)|VARIABLE_ASSIGNMENT|[EXTERNAL]|this.lastSearchUserSAUserName|""|0x6d2de10f
16:05:36.0 (48540825)|HEAP_ALLOCATE|[EXTERNAL]|Bytes:112
16:05:36.0 (48547655)|VARIABLE_ASSIGNMENT|[EXTERNAL]|this.lastSearchUserSABusinessLocation|""|0x6d2de10f
16:05:36.0 (48574551)|HEAP_ALLOCATE|[EXTERNAL]|Bytes:112
16:05:36.0 (48581509)|VARIABLE_ASSIGNMENT|[EXTERNAL]|this.lastSearchUserSAStaffUserId|""|0x6d2de10f
16:05:36.0 (48614025)|HEAP_ALLOCATE|[EXTERNAL]|Bytes:112
16:05:36.0 (48621519)|VARIABLE_ASSIGNMENT|[EXTERNAL]|this.lastSearchUserSAClassification|""|0x6d2de10f
16:05:36.0 (48648288)|HEAP_ALLOCATE|[EXTERNAL]|Bytes:112
16:05:36.0 (48655301)|VARIABLE_ASSIGNMENT|[EXTERNAL]|this.lastSearchUserSACertification|""|0x6d2de10f
16:05:36.0 (48681936)|HEAP_ALLOCATE|[EXTERNAL]|Bytes:112
16:05:36.0 (48688810)|VARIABLE_ASSIGNMENT|[EXTERNAL]|this.lastSearchUserKddiRole5Filter|""|0x6d2de10f
16:05:36.0 (48714943)|HEAP_ALLOCATE|[EXTERNAL]|Bytes:12
16:05:36.0 (48719140)|HEAP_ALLOCATE|[EXTERNAL]|Bytes:112
16:05:36.0 (48725908)|VARIABLE_ASSIGNMENT|[EXTERNAL]|this.lastSearchUserKddiRole6Filter|"dummy1stTime"|0x6d2de10f
16:05:36.0 (48752232)|HEAP_ALLOCATE|[EXTERNAL]|Bytes:112
16:05:36.0 (48759063)|VARIABLE_ASSIGNMENT|[EXTERNAL]|this.lastSearchUserKddiUserName|""|0x6d2de10f
16:05:36.0 (48785344)|HEAP_ALLOCATE|[EXTERNAL]|Bytes:112
16:05:36.0 (48792169)|VARIABLE_ASSIGNMENT|[EXTERNAL]|this.lastSearchUserKddiEmployeeNo|""|0x6d2de10f
16:05:36.0 (48818647)|HEAP_ALLOCATE|[EXTERNAL]|Bytes:112
16:05:36.0 (48826145)|VARIABLE_ASSIGNMENT|[EXTERNAL]|this.lastSearchUserShopRole5Filter|""|0x6d2de10f
16:05:36.0 (48852410)|HEAP_ALLOCATE|[EXTERNAL]|Bytes:12
16:05:36.0 (48856413)|HEAP_ALLOCATE|[EXTERNAL]|Bytes:112
16:05:36.0 (48862563)|VARIABLE_ASSIGNMENT|[EXTERNAL]|this.lastSearchUserShopRole6Filter|"dummy1stTime"|0x6d2de10f
16:05:36.0 (48888309)|HEAP_ALLOCATE|[EXTERNAL]|Bytes:112
16:05:36.0 (48895677)|VARIABLE_ASSIGNMENT|[EXTERNAL]|this.lastSearchUserShopUserName|""|0x6d2de10f
16:05:36.0 (48921845)|HEAP_ALLOCATE|[EXTERNAL]|Bytes:112
16:05:36.0 (48929002)|VARIABLE_ASSIGNMENT|[EXTERNAL]|this.lastSearchUserShopEmployeeNo|""|0x6d2de10f
16:05:36.49 (49037554)|SYSTEM_MODE_ENTER|true
16:05:36.49 (49094488)|HEAP_ALLOCATE|[EXTERNAL]|Bytes:8
16:05:36.49 (49103536)|VARIABLE_SCOPE_BEGIN|[88]|this|ApexPage.PageMessagesComponentController|true|false
16:05:36.49 (49132653)|VARIABLE_ASSIGNMENT|[88]|this|{}|0x19d264a4
16:05:36.49 (49139140)|VARIABLE_SCOPE_BEGIN|[88]|escape|Boolean|false|false
16:05:36.49 (49147265)|VARIABLE_ASSIGNMENT|[88]|escape|null
16:05:36.0 (49224001)|SYSTEM_MODE_ENTER|true
16:05:36.0 (51101508)|SYSTEM_MODE_ENTER|true
16:05:36.0 (51146147)|SYSTEM_MODE_ENTER|true
16:05:36.0 (51181039)|HEAP_ALLOCATE|[EXTERNAL]|Bytes:156
16:05:36.0 (51188757)|VARIABLE_SCOPE_BEGIN|[65]|this|saDailyReportEditorForAdminCtl|true|false
16:05:36.0 (51312445)|VARIABLE_ASSIGNMENT|[65]|this|{"callType":"2","currentInquiryId":"a0I0k000003wZqQEAU","currentScrollValue":0.0,"currentUser":"0x79248ee4","filterKDDIRole5Option":"","filterKDDIRole6Option":"","filterSARole5Option":"","filterSARole6Option":"","filterSARole7Option":"","filterSARole8Option":"","filterShopRole5Option":"","filterShopRole6Option":"","idm":"0x6d2de10f","isCopy":false,"isNew":false,"isReadOnly":true,"isReadOnlyUsers":true,"isTypeAuHearing":false,"isTypeSanxHearing":true,"isValid":true,"KDDIRole5Options":"0x7f9e7fe4","KDDIRole6Options":"0x4ed50ab5","listRowToDel":"","lsRolesFull":"0x4ebbd5e3","mpAnswerType":"0x13b5317e","mpShishaOptions":"0x1fd81db3","mpShitenOptions":"0x79be2c5f","previewURL":"https://fullsand-au- (67 more) ...","roleDisplayedOptions":"0x69bafa46","roleShitenDisplayedOptions":"0x53be08ce","SARole5Options":"0xcd4b28f","SARole6Options":"0x480bb9e","SARole7Options":"0x3a560982","SARole8Options":"0x190d8e7e","scrollTopValue":0.0,"ShopRole5Options":"0x30e4171a","ShopRole6Options":"0x313906d3"}|0x6340ecab
16:05:36.0 (51337273)|SYSTEM_MODE_ENTER|false
16:05:36.0 (51344427)|HEAP_ALLOCATE|[66]|Bytes:5
16:05:36.0 (51349640)|STATEMENT_EXECUTE|[65]
16:05:36.0 (51351522)|STATEMENT_EXECUTE|[66]
16:05:36.0 (51360782)|METHOD_ENTRY|[66]|01p6F000006sUQn|saDailyReportEditorForAdminCtl.isUserProfileEvolva()
16:05:36.0 (51368150)|VARIABLE_SCOPE_BEGIN|[60]|this|saDailyReportEditorForAdminCtl|true|false
16:05:36.0 (51464596)|VARIABLE_ASSIGNMENT|[60]|this|{"callType":"2","currentInquiryId":"a0I0k000003wZqQEAU","currentScrollValue":0.0,"currentUser":"0x79248ee4","filterKDDIRole5Option":"","filterKDDIRole6Option":"","filterSARole5Option":"","filterSARole6Option":"","filterSARole7Option":"","filterSARole8Option":"","filterShopRole5Option":"","filterShopRole6Option":"","idm":"0x6d2de10f","isCopy":false,"isNew":false,"isReadOnly":true,"isReadOnlyUsers":true,"isTypeAuHearing":false,"isTypeSanxHearing":true,"isValid":true,"KDDIRole5Options":"0x7f9e7fe4","KDDIRole6Options":"0x4ed50ab5","listRowToDel":"","lsRolesFull":"0x4ebbd5e3","mpAnswerType":"0x13b5317e","mpShishaOptions":"0x1fd81db3","mpShitenOptions":"0x79be2c5f","previewURL":"https://fullsand-au- (67 more) ...","roleDisplayedOptions":"0x69bafa46","roleShitenDisplayedOptions":"0x53be08ce","SARole5Options":"0xcd4b28f","SARole6Options":"0x480bb9e","SARole7Options":"0x3a560982","SARole8Options":"0x190d8e7e","scrollTopValue":0.0,"ShopRole5Options":"0x30e4171a","ShopRole6Options":"0x313906d3"}|0x6340ecab
16:05:36.0 (51485048)|HEAP_ALLOCATE|[61]|Bytes:5
16:05:36.0 (51489321)|STATEMENT_EXECUTE|[60]
16:05:36.0 (51490944)|STATEMENT_EXECUTE|[61]
16:05:36.0 (51530466)|HEAP_ALLOCATE|[61]|Bytes:5
16:05:36.0 (51539993)|METHOD_EXIT|[66]|01p6F000006sUQn|saDailyReportEditorForAdminCtl.isUserProfileEvolva()
16:05:36.0 (51547047)|HEAP_ALLOCATE|[66]|Bytes:5
16:05:36.0 (51551393)|SYSTEM_MODE_EXIT|false
16:05:36.0 (51556510)|HEAP_ALLOCATE|[66]|Bytes:5
16:05:36.0 (51644435)|SYSTEM_MODE_ENTER|true
16:05:36.0 (51661920)|HEAP_ALLOCATE|[EXTERNAL]|Bytes:156
16:05:36.0 (51672083)|VARIABLE_ASSIGNMENT|[EXTERNAL]|this.filterSARole5Option|null|0x6340ecab
16:05:36.0 (51699349)|SYSTEM_MODE_ENTER|true
16:05:36.0 (51711266)|HEAP_ALLOCATE|[EXTERNAL]|Bytes:156
16:05:36.0 (51718272)|VARIABLE_ASSIGNMENT|[EXTERNAL]|this.filterSARole6Option|null|0x6340ecab
16:05:36.0 (51738945)|SYSTEM_MODE_ENTER|true
16:05:36.0 (51749742)|HEAP_ALLOCATE|[EXTERNAL]|Bytes:156
16:05:36.0 (51756331)|VARIABLE_ASSIGNMENT|[EXTERNAL]|this.filterSARole7Option|null|0x6340ecab
16:05:36.0 (51776793)|SYSTEM_MODE_ENTER|true
16:05:36.0 (51786893)|HEAP_ALLOCATE|[EXTERNAL]|Bytes:156
16:05:36.0 (51793380)|VARIABLE_ASSIGNMENT|[EXTERNAL]|this.filterSARole8Option|null|0x6340ecab
16:05:36.0 (51812961)|SYSTEM_MODE_ENTER|true
16:05:36.0 (51823290)|HEAP_ALLOCATE|[EXTERNAL]|Bytes:156
16:05:36.0 (51829165)|VARIABLE_ASSIGNMENT|[EXTERNAL]|this.filterKDDIRole5Option|null|0x6340ecab
16:05:36.0 (51848242)|SYSTEM_MODE_ENTER|true
16:05:36.0 (51858695)|HEAP_ALLOCATE|[EXTERNAL]|Bytes:156
16:05:36.0 (51864406)|VARIABLE_ASSIGNMENT|[EXTERNAL]|this.filterKDDIRole6Option|null|0x6340ecab
16:05:36.0 (51883755)|SYSTEM_MODE_ENTER|true
16:05:36.0 (51893494)|HEAP_ALLOCATE|[EXTERNAL]|Bytes:156
16:05:36.0 (51899227)|VARIABLE_ASSIGNMENT|[EXTERNAL]|this.filterShopRole5Option|null|0x6340ecab
16:05:36.0 (51917627)|SYSTEM_MODE_ENTER|true
16:05:36.0 (51927455)|HEAP_ALLOCATE|[EXTERNAL]|Bytes:156
16:05:36.0 (51933664)|VARIABLE_ASSIGNMENT|[EXTERNAL]|this.filterShopRole6Option|null|0x6340ecab
16:05:36.0 (52005135)|SYSTEM_MODE_ENTER|true
16:05:36.0 (52095940)|SYSTEM_MODE_ENTER|true
16:05:36.0 (52653562)|HEAP_ALLOCATE|[EXTERNAL]|Bytes:156
16:05:36.0 (52665048)|VARIABLE_SCOPE_BEGIN|[430]|this|saDailyReportEditorForAdminCtl|true|false
16:05:36.0 (52767701)|VARIABLE_ASSIGNMENT|[430]|this|{"callType":"2","currentInquiryId":"a0I0k000003wZqQEAU","currentScrollValue":0.0,"currentUser":"0x79248ee4","idm":"0x6d2de10f","isCopy":false,"isNew":false,"isReadOnly":true,"isReadOnlyUsers":true,"isTypeAuHearing":false,"isTypeSanxHearing":true,"isValid":true,"KDDIRole5Options":"0x7f9e7fe4","KDDIRole6Options":"0x4ed50ab5","listRowToDel":"","lsRolesFull":"0x4ebbd5e3","mpAnswerType":"0x13b5317e","mpShishaOptions":"0x1fd81db3","mpShitenOptions":"0x79be2c5f","previewURL":"https://fullsand-au- (67 more) ...","roleDisplayedOptions":"0x69bafa46","roleShitenDisplayedOptions":"0x53be08ce","SARole5Options":"0xcd4b28f","SARole6Options":"0x480bb9e","SARole7Options":"0x3a560982","SARole8Options":"0x190d8e7e","scrollTopValue":0.0,"ShopRole5Options":"0x30e4171a","ShopRole6Options":"0x313906d3"}|0x6340ecab
16:05:36.0 (52789990)|SYSTEM_MODE_ENTER|false
16:05:36.0 (52797412)|HEAP_ALLOCATE|[431]|Bytes:5
16:05:36.0 (52802836)|STATEMENT_EXECUTE|[430]
16:05:36.0 (52804757)|STATEMENT_EXECUTE|[431]
16:05:36.0 (52810546)|HEAP_ALLOCATE|[431]|Bytes:33
16:05:36.0 (52844739)|VARIABLE_SCOPE_BEGIN|[431]|ref|System.PageReference|true|false
16:05:36.0 (53107555)|HEAP_ALLOCATE|[EXTERNAL]|Bytes:8
16:05:36.53 (53277895)|VARIABLE_SCOPE_BEGIN|[21]|auUrlRewriter.URL_CHANGE_MAP|Map<String,String>|true|true
16:05:36.53 (53297017)|VARIABLE_SCOPE_BEGIN|[4]|auUrlRewriter.URL_KEY_LIST|List<String>|true|true
16:05:36.53 (53353561)|HEAP_ALLOCATE|[EXTERNAL]|Bytes:5
16:05:36.53 (53372969)|STATEMENT_EXECUTE|[1]
16:05:36.53 (53375186)|STATEMENT_EXECUTE|[4]
16:05:36.53 (53385304)|HEAP_ALLOCATE|[4]|Bytes:4
16:05:36.53 (53452104)|HEAP_ALLOCATE|[5]|Bytes:6
16:05:36.53 (53480996)|HEAP_ALLOCATE|[6]|Bytes:7
16:05:36.53 (53500472)|HEAP_ALLOCATE|[7]|Bytes:25
16:05:36.53 (53518650)|HEAP_ALLOCATE|[8]|Bytes:16
16:05:36.53 (53536125)|HEAP_ALLOCATE|[9]|Bytes:16
16:05:36.53 (53553741)|HEAP_ALLOCATE|[10]|Bytes:5
16:05:36.53 (53571589)|HEAP_ALLOCATE|[11]|Bytes:7
16:05:36.53 (53588837)|HEAP_ALLOCATE|[12]|Bytes:5
16:05:36.53 (53611504)|HEAP_ALLOCATE|[13]|Bytes:13
16:05:36.53 (53628453)|HEAP_ALLOCATE|[14]|Bytes:3
16:05:36.53 (53646021)|HEAP_ALLOCATE|[15]|Bytes:11
16:05:36.53 (53663124)|HEAP_ALLOCATE|[16]|Bytes:9
16:05:36.53 (53679580)|HEAP_ALLOCATE|[17]|Bytes:11
16:05:36.53 (53707611)|HEAP_ALLOCATE|[EXTERNAL]|Bytes:56
16:05:36.53 (53726833)|VARIABLE_ASSIGNMENT|[4]|auUrlRewriter.URL_KEY_LIST|"List of size 13 too large to display"|0x28843fcd
16:05:36.53 (53733046)|STATEMENT_EXECUTE|[21]
16:05:36.53 (53745388)|HEAP_ALLOCATE|[21]|Bytes:4
16:05:36.53 (53772058)|HEAP_ALLOCATE|[22]|Bytes:6
16:05:36.53 (53817680)|HEAP_ALLOCATE|[23]|Bytes:7
16:05:36.53 (53841613)|HEAP_ALLOCATE|[24]|Bytes:16
16:05:36.53 (53863932)|HEAP_ALLOCATE|[25]|Bytes:25
16:05:36.53 (53885118)|HEAP_ALLOCATE|[26]|Bytes:16
16:05:36.53 (53907479)|HEAP_ALLOCATE|[27]|Bytes:5
16:05:36.53 (53929115)|HEAP_ALLOCATE|[28]|Bytes:7
16:05:36.53 (53951201)|HEAP_ALLOCATE|[29]|Bytes:5
16:05:36.53 (53973501)|HEAP_ALLOCATE|[30]|Bytes:13
16:05:36.53 (53995959)|HEAP_ALLOCATE|[31]|Bytes:3
16:05:36.53 (54017543)|HEAP_ALLOCATE|[32]|Bytes:11
16:05:36.53 (54039697)|HEAP_ALLOCATE|[33]|Bytes:9
16:05:36.53 (54061499)|HEAP_ALLOCATE|[34]|Bytes:11
16:05:36.53 (54091095)|VARIABLE_ASSIGNMENT|[21]|auUrlRewriter.URL_CHANGE_MAP|"Map of size 13 too large to display"|0x14264cc6
16:05:36.53 (54122289)|HEAP_ALLOCATE|[EXTERNAL]|Bytes:6
16:05:36.53 (54164165)|STATEMENT_EXECUTE|[1]
16:05:36.53 (54254083)|STATEMENT_EXECUTE|[53]
16:05:36.53 (54256514)|STATEMENT_EXECUTE|[54]
16:05:36.53 (54263257)|HEAP_ALLOCATE|[54]|Bytes:4
16:05:36.53 (54284943)|VARIABLE_SCOPE_BEGIN|[54]|myFriendlyUrls|List<System.PageReference>|true|false
16:05:36.53 (54302587)|HEAP_ALLOCATE|[EXTERNAL]|Bytes:4
16:05:36.53 (54312220)|VARIABLE_ASSIGNMENT|[54]|myFriendlyUrls|[]|0x6f8e2528
16:05:36.53 (54351698)|HEAP_ALLOCATE|[55]|Bytes:5
16:05:36.53 (54380813)|HEAP_ALLOCATE|[55]|Bytes:32
16:05:36.53 (54390205)|VARIABLE_SCOPE_BEGIN|[55]|mySalesforceUrl|System.PageReference|true|false
16:05:36.53 (54565802)|VARIABLE_ASSIGNMENT|[55]|mySalesforceUrl|"/sadailyreporteditorforadmin"|0x667d0543
16:05:36.53 (54574984)|STATEMENT_EXECUTE|[55]
16:05:36.53 (54576841)|STATEMENT_EXECUTE|[56]
16:05:36.53 (54610069)|HEAP_ALLOCATE|[EXTERNAL]|Bytes:4
16:05:36.53 (54627939)|HEAP_ALLOCATE|[55]|Bytes:5
16:05:36.53 (54641193)|VARIABLE_ASSIGNMENT|[55]|mySalesforceUrl|null|
16:05:36.53 (54646320)|STATEMENT_EXECUTE|[58]
16:05:36.0 (54695580)|VARIABLE_ASSIGNMENT|[431]|ref|"/apex/sadailyreporteditorforadmin"|0x409b2536
16:05:36.0 (54703123)|STATEMENT_EXECUTE|[432]
16:05:36.0 (54745208)|STATEMENT_EXECUTE|[433]
16:05:36.0 (54772005)|HEAP_ALLOCATE|[433]|Bytes:0
16:05:36.0 (54792162)|VARIABLE_SCOPE_BEGIN|[433]|params|Map<String,String>|true|false
16:05:36.0 (54808239)|VARIABLE_ASSIGNMENT|[433]|params|{}|0x2e08fb33
16:05:36.0 (54814647)|STATEMENT_EXECUTE|[434]
16:05:36.0 (54931973)|VARIABLE_ASSIGNMENT|[EXTERNAL]|this|{"callType":"2","currentInquiryId":"a0I0k000003wZqQEAU","currentScrollValue":0.0,"currentUser":"0x79248ee4","idm":"0x6d2de10f","isCopy":false,"isNew":false,"isReadOnly":true,"isReadOnlyUsers":true,"isTypeAuHearing":false,"isTypeSanxHearing":true,"isValid":true,"KDDIRole5Options":"0x7f9e7fe4","KDDIRole6Options":"0x4ed50ab5","listRowToDel":"","lsRolesFull":"0x4ebbd5e3","mpAnswerType":"0x13b5317e","mpShishaOptions":"0x1fd81db3","mpShitenOptions":"0x79be2c5f","previewURL":"https://fullsand-au- (67 more) ...","roleDisplayedOptions":"0x69bafa46","roleShitenDisplayedOptions":"0x53be08ce","SARole5Options":"0xcd4b28f","SARole6Options":"0x480bb9e","SARole7Options":"0x3a560982","SARole8Options":"0x190d8e7e","scrollTopValue":0.0,"ShopRole5Options":"0x30e4171a","ShopRole6Options":"0x313906d3"}|0x6340ecab
16:05:36.0 (55033773)|VARIABLE_ASSIGNMENT|[EXTERNAL]|this|{"baseItemsDetail":"0xd14a588","baseItemsReply":"0x68db917f","baseParentRec":"0x43f354d1","itemsDetail":"0x27181c83","itemsReply":"0x54595164","lastSearchUserKddiEmployeeNo":"","lastSearchUserKddiRole5Filter":"","lastSearchUserKddiRole6Filter":"dummy1stTime","lastSearchUserKddiUserName":"","lastSearchUserSABusinessLocation":"","lastSearchUserSACertification":"","lastSearchUserSAClassification":"","lastSearchUserSARole5Filter":"","lastSearchUserSARole6Filter":"","lastSearchUserSARole7Filter":"","lastSearchUserSARole8Filter":"dummy1stTime","lastSearchUserSAStaffUserId":"","lastSearchUserSAUserName":"","lastSearchUserShopEmployeeNo":"","lastSearchUserShopRole5Filter":"","lastSearchUserShopRole6Filter":"dummy1stTime","lastSearchUserShopUserName":"","parentRec":"0x67504f4a"}|0x6d2de10f
16:05:36.0 (55100439)|HEAP_ALLOCATE|[EXTERNAL]|Bytes:-4
16:05:36.0 (55108961)|STATEMENT_EXECUTE|[435]
16:05:36.0 (55114611)|HEAP_ALLOCATE|[435]|Bytes:4
16:05:36.0 (55142610)|HEAP_ALLOCATE|[EXTERNAL]|Bytes:-4
16:05:36.0 (55149538)|STATEMENT_EXECUTE|[436]
16:05:36.0 (55154202)|SYSTEM_MODE_EXIT|false
16:05:36.0 (55226418)|HEAP_ALLOCATE|[EXTERNAL]|Bytes:8
16:05:36.55 (55279495)|HEAP_ALLOCATE|[EXTERNAL]|Bytes:4
16:05:36.55 (55288480)|VARIABLE_SCOPE_BEGIN|[1]|this|auUrlRewriter|true|false
16:05:36.55 (55308088)|VARIABLE_ASSIGNMENT|[1]|this|{}|0x30b12cbf
16:05:36.55 (55326644)|STATEMENT_EXECUTE|[1]
16:05:36.55 (55381735)|STATEMENT_EXECUTE|[53]
16:05:36.55 (55383950)|STATEMENT_EXECUTE|[54]
16:05:36.55 (55390246)|HEAP_ALLOCATE|[54]|Bytes:4
16:05:36.55 (55404110)|VARIABLE_SCOPE_BEGIN|[54]|myFriendlyUrls|List<System.PageReference>|true|false
16:05:36.55 (55420517)|HEAP_ALLOCATE|[EXTERNAL]|Bytes:4
16:05:36.55 (55429218)|VARIABLE_ASSIGNMENT|[54]|myFriendlyUrls|[]|0x3ee870f7
16:05:36.55 (55451983)|HEAP_ALLOCATE|[55]|Bytes:5
16:05:36.55 (55479902)|HEAP_ALLOCATE|[55]|Bytes:62
16:05:36.55 (55488649)|VARIABLE_SCOPE_BEGIN|[55]|mySalesforceUrl|System.PageReference|true|false
16:05:36.55 (55658558)|VARIABLE_ASSIGNMENT|[55]|mySalesforceUrl|"/sadailyreporteditorforadmin?id=a0I0k000003wZqQEAU&isCopy=true"|0x27c34089
16:05:36.55 (55667931)|STATEMENT_EXECUTE|[55]
16:05:36.55 (55669757)|STATEMENT_EXECUTE|[56]
16:05:36.55 (55680053)|HEAP_ALLOCATE|[EXTERNAL]|Bytes:4
16:05:36.55 (55695483)|HEAP_ALLOCATE|[55]|Bytes:5
16:05:36.55 (55706997)|VARIABLE_ASSIGNMENT|[55]|mySalesforceUrl|null|
16:05:36.55 (55712610)|STATEMENT_EXECUTE|[58]
16:05:36.57 (57468361)|CUMULATIVE_LIMIT_USAGE
16:05:36.57 (57468361)|LIMIT_USAGE_FOR_NS|(default)|
  Number of SOQL queries: 0 out of 100
  Number of query rows: 0 out of 50000
  Number of SOSL queries: 0 out of 20
  Number of DML statements: 0 out of 150
  Number of DML rows: 0 out of 10000
  Maximum CPU time: 0 out of 10000
  Maximum heap size: 0 out of 6000000
  Number of callouts: 0 out of 100
  Number of Email Invocations: 0 out of 10
  Number of future calls: 0 out of 50
  Number of queueable jobs added to the queue: 0 out of 50
  Number of Mobile Apex push calls: 0 out of 10

16:05:36.57 (57468361)|CUMULATIVE_LIMIT_USAGE_END

16:05:36.0 (57498956)|CODE_UNIT_FINISHED|VF: /apex/saDailyReportEditorForAdmin
16:05:36.0 (58327135)|EXECUTION_FINISHED
