43.0 APEX_CODE,FINEST;APEX_PROFILING,INFO;CALLOUT,INFO;DB,INFO;NBA,INFO;SYSTEM,DEBUG;VALIDATION,INFO;VISUALFORCE,INFO;WAVE,INFO;WORKFLOW,INFO
Execute Anonymous: saInquiryReply__c test = [SELECT Id FROM saInquiryReply__c WHERE Id = 'a0I6F00000jBtrnUAC'];
Execute Anonymous: saInquiryReply__c clonedAcc = test.clone(false, true, false, false);
Execute Anonymous: delete clonedAcc;
16:24:17.1 (1047493)|USER_INFO|[EXTERNAL]|0056F000006PtYl|gwadmin@gw.jp.kddi.fullsand|日本標準時|GMT+09:00
16:24:17.1 (1067413)|EXECUTION_STARTED
16:24:17.1 (1072514)|CODE_UNIT_STARTED|[EXTERNAL]|execute_anonymous_apex
16:24:17.1 (1205802)|VARIABLE_SCOPE_BEGIN|[2]|clonedAcc|saInquiryReply__c|true|false
16:24:17.1 (1218170)|VARIABLE_SCOPE_BEGIN|[1]|test|saInquiryReply__c|true|false
16:24:17.1 (1334850)|HEAP_ALLOCATE|[72]|Bytes:3
16:24:17.1 (1373487)|HEAP_ALLOCATE|[77]|Bytes:152
16:24:17.1 (1386960)|HEAP_ALLOCATE|[342]|Bytes:408
16:24:17.1 (1400392)|HEAP_ALLOCATE|[355]|Bytes:408
16:24:17.1 (1411042)|HEAP_ALLOCATE|[467]|Bytes:48
16:24:17.1 (1437600)|HEAP_ALLOCATE|[139]|Bytes:6
16:24:17.1 (1458377)|HEAP_ALLOCATE|[EXTERNAL]|Bytes:5
16:24:17.1 (1560466)|STATEMENT_EXECUTE|[1]
16:24:17.1 (1563374)|STATEMENT_EXECUTE|[1]
16:24:17.1 (1566380)|HEAP_ALLOCATE|[1]|Bytes:64
16:24:17.1 (1590454)|HEAP_ALLOCATE|[1]|Bytes:4
16:24:17.1 (1628575)|HEAP_ALLOCATE|[50]|Bytes:5
16:24:17.1 (1652061)|HEAP_ALLOCATE|[56]|Bytes:5
16:24:17.1 (1660140)|HEAP_ALLOCATE|[64]|Bytes:7
16:24:17.1 (1861548)|SOQL_EXECUTE_BEGIN|[1]|Aggregations:0|SELECT Id FROM saInquiryReply__c WHERE Id = 'a0I6F00000jBtrnUAC'
16:24:17.1 (11456887)|SOQL_EXECUTE_END|[1]|Rows:0
16:24:17.1 (11497682)|HEAP_ALLOCATE|[1]|Bytes:4
16:24:17.1 (11515270)|HEAP_ALLOCATE|[1]|Bytes:0
16:24:17.1 (11645762)|HEAP_ALLOCATE|[1]|Bytes:4
16:24:17.1 (11666365)|HEAP_ALLOCATE|[1]|Bytes:43
16:24:17.1 (11783363)|HEAP_ALLOCATE|[1]|Bytes:46
16:24:17.1 (11919506)|FATAL_ERROR|System.QueryException: List has no rows for assignment to SObject

AnonymousBlock: line 1, column 1
16:24:17.11 (11990668)|CUMULATIVE_LIMIT_USAGE
16:24:17.11 (11990668)|LIMIT_USAGE_FOR_NS|(default)|
  Number of SOQL queries: 1 out of 100
  Number of query rows: 0 out of 50000
  Number of SOSL queries: 0 out of 20
  Number of DML statements: 0 out of 150
  Number of DML rows: 0 out of 10000
  Maximum CPU time: 0 out of 10000
  Maximum heap size: 0 out of 6000000
  Number of callouts: 0 out of 100
  Number of Email Invocations: 0 out of 10
  Number of future calls: 0 out of 50
  Number of queueable jobs added to the queue: 0 out of 50
  Number of Mobile Apex push calls: 0 out of 10

16:24:17.11 (11990668)|CUMULATIVE_LIMIT_USAGE_END

16:24:17.1 (12035133)|CODE_UNIT_FINISHED|execute_anonymous_apex
16:24:17.1 (12929915)|EXECUTION_FINISHED
