41.0 APEX_CODE,FINEST;APEX_PROFILING,INFO;CALLOUT,INFO;DB,INFO;NBA,INFO;SYSTEM,DEBUG;VALIDATION,INFO;VISUALFORCE,INFO;WAVE,INFO;WORKFLOW,INFO
17:01:14.0 (78688)|USER_INFO|[EXTERNAL]|0056F000008202z|s023879@au-portal.local.fullsand|日本標準時|GMT+09:00
17:01:14.0 (113490)|EXECUTION_STARTED
17:01:14.0 (118625)|CODE_UNIT_STARTED|[EXTERNAL]|0666F000006A0wl|VF: /apex/auPortal
17:01:14.0 (8382693)|SYSTEM_MODE_ENTER|true
17:01:14.0 (8916984)|HEAP_ALLOCATE|[72]|Bytes:3
17:01:14.0 (8978705)|HEAP_ALLOCATE|[77]|Bytes:152
17:01:14.0 (9003477)|HEAP_ALLOCATE|[342]|Bytes:408
17:01:14.0 (9026414)|HEAP_ALLOCATE|[355]|Bytes:408
17:01:14.0 (9046879)|HEAP_ALLOCATE|[467]|Bytes:48
17:01:14.0 (9090675)|HEAP_ALLOCATE|[139]|Bytes:6
17:01:14.0 (9121155)|HEAP_ALLOCATE|[EXTERNAL]|Bytes:3
17:01:14.0 (9141727)|METHOD_ENTRY|[1]|01p6F000006ymEN|auPortalCtrl.auPortalCtrl()
17:01:14.0 (9152196)|STATEMENT_EXECUTE|[1]
17:01:14.0 (9160789)|STATEMENT_EXECUTE|[1]
17:01:14.0 (9203616)|HEAP_ALLOCATE|[50]|Bytes:5
17:01:14.0 (9239223)|HEAP_ALLOCATE|[56]|Bytes:5
17:01:14.0 (9253873)|HEAP_ALLOCATE|[64]|Bytes:7
17:01:14.0 (9280449)|SYSTEM_MODE_ENTER|false
17:01:14.0 (9302072)|HEAP_ALLOCATE|[EXTERNAL]|Bytes:5
17:01:14.0 (9312600)|SYSTEM_MODE_EXIT|false
17:01:14.0 (9324339)|METHOD_EXIT|[1]|auPortalCtrl
17:01:14.0 (9345725)|HEAP_ALLOCATE|[EXTERNAL]|Bytes:4
17:01:14.0 (9358119)|VARIABLE_SCOPE_BEGIN|[3]|this|auPortalCtrl|true|false
17:01:14.0 (9421202)|VARIABLE_ASSIGNMENT|[3]|this|{}|0xa3e14c8
17:01:14.0 (9442108)|SYSTEM_MODE_ENTER|false
17:01:14.0 (9451469)|HEAP_ALLOCATE|[EXTERNAL]|Bytes:5
17:01:14.0 (9458292)|STATEMENT_EXECUTE|[1]
17:01:14.0 (9463360)|HEAP_ALLOCATE|[EXTERNAL]|Bytes:5
17:01:14.0 (9477756)|HEAP_ALLOCATE|[EXTERNAL]|Bytes:6
17:01:14.0 (9555228)|STATEMENT_EXECUTE|[3]
17:01:14.0 (9561894)|SYSTEM_MODE_EXIT|false
17:01:14.0 (9702201)|HEAP_ALLOCATE|[EXTERNAL]|Bytes:4
17:01:14.0 (9713119)|VARIABLE_SCOPE_BEGIN|[7]|this|auPortalCtrl|true|false
17:01:14.0 (9746803)|VARIABLE_ASSIGNMENT|[7]|this|{}|0xa3e14c8
17:01:14.0 (9770539)|SYSTEM_MODE_ENTER|false
17:01:14.0 (9780948)|HEAP_ALLOCATE|[9]|Bytes:5
17:01:14.0 (9787788)|STATEMENT_EXECUTE|[7]
17:01:14.0 (9790271)|STATEMENT_EXECUTE|[9]
17:01:14.0 (11354936)|HEAP_ALLOCATE|[9]|Bytes:136
17:01:14.0 (11455294)|HEAP_ALLOCATE|[9]|Bytes:5
17:01:14.0 (11488672)|HEAP_ALLOCATE|[9]|Bytes:46
17:01:14.0 (11548608)|SYSTEM_MODE_EXIT|false
17:01:14.14 (14183935)|CUMULATIVE_LIMIT_USAGE
17:01:14.14 (14183935)|LIMIT_USAGE_FOR_NS|(default)|
  Number of SOQL queries: 0 out of 100
  Number of query rows: 0 out of 50000
  Number of SOSL queries: 0 out of 20
  Number of DML statements: 0 out of 150
  Number of DML rows: 0 out of 10000
  Maximum CPU time: 0 out of 10000
  Maximum heap size: 0 out of 6000000
  Number of callouts: 0 out of 100
  Number of Email Invocations: 0 out of 10
  Number of future calls: 0 out of 50
  Number of queueable jobs added to the queue: 0 out of 50
  Number of Mobile Apex push calls: 0 out of 10

17:01:14.14 (14183935)|CUMULATIVE_LIMIT_USAGE_END

17:01:14.0 (14225083)|CODE_UNIT_FINISHED|VF: /apex/auPortal
17:01:14.0 (15394158)|EXECUTION_FINISHED
