38.0 APEX_CODE,FINEST;APEX_PROFILING,INFO;CALLOUT,INFO;DB,INFO;NBA,INFO;SYSTEM,DEBUG;VALIDATION,INFO;VISUALFORCE,INFO;WAVE,INFO;WORKFLOW,INFO
16:04:58.0 (67740)|USER_INFO|[EXTERNAL]|0056F000006PtYl|gwadmin@gw.jp.kddi.fullsand|日本標準時|GMT+09:00
16:04:58.0 (95131)|EXECUTION_STARTED
16:04:58.0 (99173)|CODE_UNIT_STARTED|[EXTERNAL]|0666F000006TarA|VF: /apex/auSwitchScreenPage
16:04:58.0 (19026762)|SYSTEM_MODE_ENTER|true
16:04:58.0 (19291005)|VARIABLE_SCOPE_BEGIN|[25]|auMainTopCompCtrl.TYPE_SCREEN_ACCOUNT_LIST|Integer|false|true
16:04:58.0 (19303197)|VARIABLE_SCOPE_BEGIN|[26]|auMainTopCompCtrl.TYPE_SCREEN_ACTIVITY_LIST|Integer|false|true
16:04:58.0 (19310372)|VARIABLE_SCOPE_BEGIN|[7]|auMainTopCompCtrl.TYPE_SCREEN_CX_SCREEN|Integer|false|true
16:04:58.0 (19317020)|VARIABLE_SCOPE_BEGIN|[8]|auMainTopCompCtrl.TYPE_SCREEN_CX_TIMELINE|Integer|false|true
16:04:58.0 (19323694)|VARIABLE_SCOPE_BEGIN|[9]|auMainTopCompCtrl.TYPE_SCREEN_EVENT_SCHEDULE|Integer|false|true
16:04:58.0 (19330493)|VARIABLE_SCOPE_BEGIN|[10]|auMainTopCompCtrl.TYPE_SCREEN_EVENT_SCHEDULE_LIST|Integer|false|true
16:04:58.0 (19337469)|VARIABLE_SCOPE_BEGIN|[27]|auMainTopCompCtrl.TYPE_SCREEN_FILE_LIST|Integer|false|true
16:04:58.0 (19343475)|VARIABLE_SCOPE_BEGIN|[24]|auMainTopCompCtrl.TYPE_SCREEN_HONBU_DIRECT|Integer|false|true
16:04:58.0 (19349708)|VARIABLE_SCOPE_BEGIN|[11]|auMainTopCompCtrl.TYPE_SCREEN_KNOWLEDGE_DASHBOARD|Integer|false|true
16:04:58.0 (19356051)|VARIABLE_SCOPE_BEGIN|[12]|auMainTopCompCtrl.TYPE_SCREEN_KNOWLEDGE_LIST|Integer|false|true
16:04:58.0 (19362501)|VARIABLE_SCOPE_BEGIN|[15]|auMainTopCompCtrl.TYPE_SCREEN_SA_CHATTER|Integer|false|true
16:04:58.0 (19368812)|VARIABLE_SCOPE_BEGIN|[16]|auMainTopCompCtrl.TYPE_SCREEN_SA_DAILYREPORT|Integer|false|true
16:04:58.0 (19374990)|VARIABLE_SCOPE_BEGIN|[22]|auMainTopCompCtrl.TYPE_SCREEN_SA_DAILYREPORTLIST|Integer|false|true
16:04:58.0 (19381170)|VARIABLE_SCOPE_BEGIN|[18]|auMainTopCompCtrl.TYPE_SCREEN_SA_DOCUMENTS|Integer|false|true
16:04:58.0 (19387507)|VARIABLE_SCOPE_BEGIN|[17]|auMainTopCompCtrl.TYPE_SCREEN_SA_ENQUETE|Integer|false|true
16:04:58.0 (19393801)|VARIABLE_SCOPE_BEGIN|[20]|auMainTopCompCtrl.TYPE_SCREEN_SA_LINKS|Integer|false|true
16:04:58.0 (19400147)|VARIABLE_SCOPE_BEGIN|[13]|auMainTopCompCtrl.TYPE_SCREEN_SA_MESSAGES|Integer|false|true
16:04:58.0 (19406757)|VARIABLE_SCOPE_BEGIN|[19]|auMainTopCompCtrl.TYPE_SCREEN_SA_RANKING|Integer|false|true
16:04:58.0 (19413323)|VARIABLE_SCOPE_BEGIN|[14]|auMainTopCompCtrl.TYPE_SCREEN_SA_REPORTS|Integer|false|true
16:04:58.0 (19419861)|VARIABLE_SCOPE_BEGIN|[23]|auMainTopCompCtrl.TYPE_SCREEN_SA_TODO|Integer|false|true
16:04:58.0 (19426585)|VARIABLE_SCOPE_BEGIN|[21]|auMainTopCompCtrl.TYPE_SCREEN_SA_USRSETTINGS|Integer|false|true
16:04:58.0 (19433057)|VARIABLE_SCOPE_BEGIN|[4]|auMainTopCompCtrl.TYPE_SCREEN_STPD_EVENT|Integer|false|true
16:04:58.0 (19439767)|VARIABLE_SCOPE_BEGIN|[6]|auMainTopCompCtrl.TYPE_SCREEN_STPD_SCREEN|Integer|false|true
16:04:58.0 (19446456)|VARIABLE_SCOPE_BEGIN|[5]|auMainTopCompCtrl.TYPE_SCREEN_STPD_TIMELINE|Integer|false|true
16:04:58.0 (19453188)|VARIABLE_SCOPE_BEGIN|[3]|auMainTopCompCtrl.TYPE_SCREEN_SWITCH|Integer|false|true
16:04:58.0 (19556623)|HEAP_ALLOCATE|[72]|Bytes:3
16:04:58.0 (19585966)|HEAP_ALLOCATE|[77]|Bytes:152
16:04:58.0 (19597996)|HEAP_ALLOCATE|[342]|Bytes:408
16:04:58.0 (19608708)|HEAP_ALLOCATE|[355]|Bytes:408
16:04:58.0 (19619292)|HEAP_ALLOCATE|[467]|Bytes:48
16:04:58.0 (19642220)|HEAP_ALLOCATE|[139]|Bytes:6
16:04:58.0 (19656667)|HEAP_ALLOCATE|[EXTERNAL]|Bytes:284
16:04:58.0 (19664619)|HEAP_ALLOCATE|[EXTERNAL]|Bytes:160
16:04:58.0 (19675620)|METHOD_ENTRY|[1]|01p6F0000084OtI|auMainTopCompCtrl.auMainTopCompCtrl()
16:04:58.0 (19681332)|STATEMENT_EXECUTE|[1]
16:04:58.0 (19686005)|STATEMENT_EXECUTE|[1]
16:04:58.0 (19687519)|STATEMENT_EXECUTE|[3]
16:04:58.0 (19692515)|HEAP_ALLOCATE|[3]|Bytes:4
16:04:58.0 (19712867)|VARIABLE_ASSIGNMENT|[3]|auMainTopCompCtrl.TYPE_SCREEN_SWITCH|0
16:04:58.0 (19718194)|STATEMENT_EXECUTE|[4]
16:04:58.0 (19721115)|HEAP_ALLOCATE|[4]|Bytes:4
16:04:58.0 (19729652)|VARIABLE_ASSIGNMENT|[4]|auMainTopCompCtrl.TYPE_SCREEN_STPD_EVENT|11
16:04:58.0 (19733755)|STATEMENT_EXECUTE|[5]
16:04:58.0 (19736067)|HEAP_ALLOCATE|[5]|Bytes:4
16:04:58.0 (19743257)|VARIABLE_ASSIGNMENT|[5]|auMainTopCompCtrl.TYPE_SCREEN_STPD_TIMELINE|12
16:04:58.0 (19747186)|STATEMENT_EXECUTE|[6]
16:04:58.0 (19749236)|HEAP_ALLOCATE|[6]|Bytes:4
16:04:58.0 (19755522)|VARIABLE_ASSIGNMENT|[6]|auMainTopCompCtrl.TYPE_SCREEN_STPD_SCREEN|13
16:04:58.0 (19759084)|STATEMENT_EXECUTE|[7]
16:04:58.0 (19761525)|HEAP_ALLOCATE|[7]|Bytes:4
16:04:58.0 (19767184)|VARIABLE_ASSIGNMENT|[7]|auMainTopCompCtrl.TYPE_SCREEN_CX_SCREEN|21
16:04:58.0 (19770825)|STATEMENT_EXECUTE|[8]
16:04:58.0 (19772891)|HEAP_ALLOCATE|[8]|Bytes:4
16:04:58.0 (19778367)|VARIABLE_ASSIGNMENT|[8]|auMainTopCompCtrl.TYPE_SCREEN_CX_TIMELINE|22
16:04:58.0 (19781730)|STATEMENT_EXECUTE|[9]
16:04:58.0 (19783945)|HEAP_ALLOCATE|[9]|Bytes:4
16:04:58.0 (19789493)|VARIABLE_ASSIGNMENT|[9]|auMainTopCompCtrl.TYPE_SCREEN_EVENT_SCHEDULE|31
16:04:58.0 (19793478)|STATEMENT_EXECUTE|[10]
16:04:58.0 (19795776)|HEAP_ALLOCATE|[10]|Bytes:4
16:04:58.0 (19801501)|VARIABLE_ASSIGNMENT|[10]|auMainTopCompCtrl.TYPE_SCREEN_EVENT_SCHEDULE_LIST|32
16:04:58.0 (19805111)|STATEMENT_EXECUTE|[11]
16:04:58.0 (19807477)|HEAP_ALLOCATE|[11]|Bytes:4
16:04:58.0 (19813085)|VARIABLE_ASSIGNMENT|[11]|auMainTopCompCtrl.TYPE_SCREEN_KNOWLEDGE_DASHBOARD|41
16:04:58.0 (19816718)|STATEMENT_EXECUTE|[12]
16:04:58.0 (19818900)|HEAP_ALLOCATE|[12]|Bytes:4
16:04:58.0 (19824576)|VARIABLE_ASSIGNMENT|[12]|auMainTopCompCtrl.TYPE_SCREEN_KNOWLEDGE_LIST|42
16:04:58.0 (19828175)|STATEMENT_EXECUTE|[13]
16:04:58.0 (19830066)|HEAP_ALLOCATE|[13]|Bytes:4
16:04:58.0 (19836044)|VARIABLE_ASSIGNMENT|[13]|auMainTopCompCtrl.TYPE_SCREEN_SA_MESSAGES|51
16:04:58.0 (19839943)|STATEMENT_EXECUTE|[14]
16:04:58.0 (19842127)|HEAP_ALLOCATE|[14]|Bytes:4
16:04:58.0 (19848151)|VARIABLE_ASSIGNMENT|[14]|auMainTopCompCtrl.TYPE_SCREEN_SA_REPORTS|52
16:04:58.0 (19851803)|STATEMENT_EXECUTE|[15]
16:04:58.0 (19854117)|HEAP_ALLOCATE|[15]|Bytes:4
16:04:58.0 (19859771)|VARIABLE_ASSIGNMENT|[15]|auMainTopCompCtrl.TYPE_SCREEN_SA_CHATTER|53
16:04:58.0 (19863684)|STATEMENT_EXECUTE|[16]
16:04:58.0 (19865649)|HEAP_ALLOCATE|[16]|Bytes:4
16:04:58.0 (19871492)|VARIABLE_ASSIGNMENT|[16]|auMainTopCompCtrl.TYPE_SCREEN_SA_DAILYREPORT|54
16:04:58.0 (19875113)|STATEMENT_EXECUTE|[17]
16:04:58.0 (19877184)|HEAP_ALLOCATE|[17]|Bytes:4
16:04:58.0 (19883027)|VARIABLE_ASSIGNMENT|[17]|auMainTopCompCtrl.TYPE_SCREEN_SA_ENQUETE|55
16:04:58.0 (19886302)|STATEMENT_EXECUTE|[18]
16:04:58.0 (19888405)|HEAP_ALLOCATE|[18]|Bytes:4
16:04:58.0 (19894572)|VARIABLE_ASSIGNMENT|[18]|auMainTopCompCtrl.TYPE_SCREEN_SA_DOCUMENTS|56
16:04:58.0 (19897898)|STATEMENT_EXECUTE|[19]
16:04:58.0 (19900034)|HEAP_ALLOCATE|[19]|Bytes:4
16:04:58.0 (19906073)|VARIABLE_ASSIGNMENT|[19]|auMainTopCompCtrl.TYPE_SCREEN_SA_RANKING|57
16:04:58.0 (19909526)|STATEMENT_EXECUTE|[20]
16:04:58.0 (19911657)|HEAP_ALLOCATE|[20]|Bytes:4
16:04:58.0 (19917956)|VARIABLE_ASSIGNMENT|[20]|auMainTopCompCtrl.TYPE_SCREEN_SA_LINKS|58
16:04:58.0 (19921530)|STATEMENT_EXECUTE|[21]
16:04:58.0 (19923506)|HEAP_ALLOCATE|[21]|Bytes:4
16:04:58.0 (19929569)|VARIABLE_ASSIGNMENT|[21]|auMainTopCompCtrl.TYPE_SCREEN_SA_USRSETTINGS|59
16:04:58.0 (19933219)|STATEMENT_EXECUTE|[22]
16:04:58.0 (19935341)|HEAP_ALLOCATE|[22]|Bytes:4
16:04:58.0 (19941414)|VARIABLE_ASSIGNMENT|[22]|auMainTopCompCtrl.TYPE_SCREEN_SA_DAILYREPORTLIST|60
16:04:58.0 (19944839)|STATEMENT_EXECUTE|[23]
16:04:58.0 (19946894)|HEAP_ALLOCATE|[23]|Bytes:4
16:04:58.0 (19952915)|VARIABLE_ASSIGNMENT|[23]|auMainTopCompCtrl.TYPE_SCREEN_SA_TODO|61
16:04:58.0 (19956513)|STATEMENT_EXECUTE|[24]
16:04:58.0 (19958590)|HEAP_ALLOCATE|[24]|Bytes:4
16:04:58.0 (19964302)|VARIABLE_ASSIGNMENT|[24]|auMainTopCompCtrl.TYPE_SCREEN_HONBU_DIRECT|71
16:04:58.0 (19967622)|STATEMENT_EXECUTE|[25]
16:04:58.0 (19969748)|HEAP_ALLOCATE|[25]|Bytes:4
16:04:58.0 (19974875)|VARIABLE_ASSIGNMENT|[25]|auMainTopCompCtrl.TYPE_SCREEN_ACCOUNT_LIST|81
16:04:58.0 (19978191)|STATEMENT_EXECUTE|[26]
16:04:58.0 (19980132)|HEAP_ALLOCATE|[26]|Bytes:4
16:04:58.0 (19985397)|VARIABLE_ASSIGNMENT|[26]|auMainTopCompCtrl.TYPE_SCREEN_ACTIVITY_LIST|82
16:04:58.0 (19989269)|STATEMENT_EXECUTE|[27]
16:04:58.0 (19991201)|HEAP_ALLOCATE|[27]|Bytes:4
16:04:58.0 (19998151)|VARIABLE_ASSIGNMENT|[27]|auMainTopCompCtrl.TYPE_SCREEN_FILE_LIST|83
16:04:58.0 (20004549)|METHOD_EXIT|[1]|auMainTopCompCtrl
16:04:58.0 (20062169)|HEAP_ALLOCATE|[EXTERNAL]|Bytes:44
16:04:58.0 (20069504)|VARIABLE_SCOPE_BEGIN|[48]|this|auMainTopCompCtrl|true|false
16:04:58.0 (20120669)|VARIABLE_ASSIGNMENT|[48]|this|{}|0xddd4c20
16:04:58.0 (20130235)|STATEMENT_EXECUTE|[1]
16:04:58.0 (20131885)|STATEMENT_EXECUTE|[29]
16:04:58.0 (20133652)|STATEMENT_EXECUTE|[30]
16:04:58.0 (20135205)|STATEMENT_EXECUTE|[31]
16:04:58.0 (20136570)|STATEMENT_EXECUTE|[34]
16:04:58.0 (20137949)|STATEMENT_EXECUTE|[35]
16:04:58.0 (20145492)|STATEMENT_EXECUTE|[36]
16:04:58.0 (20147113)|STATEMENT_EXECUTE|[38]
16:04:58.0 (20148485)|STATEMENT_EXECUTE|[39]
16:04:58.0 (20149875)|STATEMENT_EXECUTE|[41]
16:04:58.0 (20151267)|STATEMENT_EXECUTE|[46]
16:04:58.0 (20176805)|HEAP_ALLOCATE|[50]|Bytes:5
16:04:58.0 (20196195)|HEAP_ALLOCATE|[56]|Bytes:5
16:04:58.0 (20204732)|HEAP_ALLOCATE|[64]|Bytes:7
16:04:58.0 (20219509)|HEAP_ALLOCATE|[46]|Bytes:5
16:04:58.0 (20230436)|VARIABLE_ASSIGNMENT|[46]|this.isSAUser|false|0xddd4c20
16:04:58.0 (20239163)|HEAP_ALLOCATE|[46]|Bytes:6
16:04:58.0 (20269003)|STATEMENT_EXECUTE|[48]
16:04:58.0 (20271119)|STATEMENT_EXECUTE|[49]
16:04:58.0 (20392221)|VARIABLE_ASSIGNMENT|[EXTERNAL]|this|{"isSAUser":false}|0xddd4c20
16:04:58.0 (20404019)|VARIABLE_ASSIGNMENT|[EXTERNAL]|value|0
16:04:58.0 (20409421)|HEAP_ALLOCATE|[34]|Bytes:4
16:04:58.0 (20417492)|VARIABLE_ASSIGNMENT|[34]|this.iTypeOfScreen|0|0xddd4c20
16:04:58.0 (20427703)|STATEMENT_EXECUTE|[51]
16:04:58.0 (21595192)|HEAP_ALLOCATE|[51]|Bytes:136
16:04:58.0 (21696549)|VARIABLE_ASSIGNMENT|[EXTERNAL]|this|{"isSAUser":false,"iTypeOfScreen":0}|0xddd4c20
16:04:58.0 (21713411)|VARIABLE_ASSIGNMENT|[EXTERNAL]|value|"https://au-portal.li (90 more) ..."
16:04:58.0 (21727707)|VARIABLE_ASSIGNMENT|[39]|this.urlReportsSFA|"https://au-portal.li (90 more) ..."|0xddd4c20
16:04:58.0 (21738334)|STATEMENT_EXECUTE|[53]
16:04:58.0 (21742490)|HEAP_ALLOCATE|[53]|Bytes:202
16:04:58.0 (21760622)|HEAP_ALLOCATE|[53]|Bytes:4
16:04:58.0 (21772127)|HEAP_ALLOCATE|[53]|Bytes:7
16:04:58.0 (21804116)|HEAP_ALLOCATE|[58]|Bytes:89
16:04:58.0 (21814140)|SYSTEM_METHOD_ENTRY|[1]|UserInfo.UserInfo()
16:04:58.0 (21818375)|STATEMENT_EXECUTE|[1]
16:04:58.0 (21824259)|SYSTEM_METHOD_EXIT|[1]|UserInfo
16:04:58.0 (21834395)|METHOD_ENTRY|[58]||System.UserInfo.getUserId()
16:04:58.0 (21868890)|METHOD_EXIT|[58]||System.UserInfo.getUserId()
16:04:58.0 (26377667)|SOQL_EXECUTE_BEGIN|[53]|Aggregations:0|SELECT SmallPhotoUrl, Account.Name, Account.RegionalOfficeId__r.RegionalOfficeName__c, Account.BranchId__r.BranchName__c, Name, Department, UserRole.Name, Profile.Name FROM User WHERE User.ID = :tmpVar1
16:04:58.0 (33202496)|SOQL_EXECUTE_END|[53]|Rows:1
16:04:58.0 (33230645)|HEAP_ALLOCATE|[53]|Bytes:8
16:04:58.0 (33256063)|HEAP_ALLOCATE|[53]|Bytes:276
16:04:58.0 (33328988)|HEAP_ALLOCATE|[53]|Bytes:8
16:04:58.0 (33343348)|HEAP_ALLOCATE|[53]|Bytes:30
16:04:58.0 (33389280)|HEAP_ALLOCATE|[53]|Bytes:32
16:04:58.0 (33453748)|VARIABLE_ASSIGNMENT|[EXTERNAL]|this|{"isSAUser":false,"iTypeOfScreen":0,"urlReportsSFA":"https://au-portal.li (90 more) ..."}|0xddd4c20
16:04:58.0 (33482981)|VARIABLE_ASSIGNMENT|[EXTERNAL]|value|{"SmallPhotoUrl":"/profilephoto/005/T","Name":"auPortal システム開発","UserRoleId":"00E6F000001SEaUUAW","ProfileId":"00e6F000002RS1oQAG","Id":"0056F000006PtYlQAK","UserRole":{"Name":"コンシューマ事業本部","Id":"00E6F000001SEaUUAW"},"Profile":{"Name":"System Administrator","Id":"00e6F000002RS1oQAG"}}|0x71bda95d
16:04:58.0 (33513090)|VARIABLE_ASSIGNMENT|[38]|this.currentUser|{"SmallPhotoUrl":"/profilephoto/005/T","Name":"auPortal システム開発","UserRoleId":"00E6F000001SEaUUAW","ProfileId":"00e6F000002RS1oQAG","Id":"0056F000006PtYlQAK","UserRole":{"Name":"コンシューマ事業本部","Id":"00E6F000001SEaUUAW"},"Profile":{"Name":"System Administrator","Id":"00e6F000002RS1oQAG"}}|0xddd4c20
16:04:58.0 (33527761)|STATEMENT_EXECUTE|[60]
16:04:58.0 (33576548)|VARIABLE_ASSIGNMENT|[EXTERNAL]|this|{"currentUser":"0x71bda95d","isSAUser":false,"iTypeOfScreen":0,"urlReportsSFA":"https://au-portal.li (90 more) ..."}|0xddd4c20
16:04:58.0 (33843018)|VARIABLE_SCOPE_BEGIN|[131]|auConstantCmn.ACCESS_TYPE_KDDI|String|false|true
16:04:58.0 (33854292)|VARIABLE_SCOPE_BEGIN|[130]|auConstantCmn.ACCESS_TYPE_SA|String|false|true
16:04:58.0 (33861482)|VARIABLE_SCOPE_BEGIN|[132]|auConstantCmn.ACCESS_TYPE_SHOP|String|false|true
16:04:58.0 (33868057)|VARIABLE_SCOPE_BEGIN|[56]|auConstantCmn.ACCOUNT_CHANNEL_DAIRITEN|String|false|true
16:04:58.0 (33874726)|VARIABLE_SCOPE_BEGIN|[54]|auConstantCmn.ACCOUNT_CHANNEL_SHOP|String|false|true
16:04:58.0 (33881097)|VARIABLE_SCOPE_BEGIN|[55]|auConstantCmn.ACCOUNT_CHANNEL_UNEIHOJIN|String|false|true
16:04:58.0 (33887686)|VARIABLE_SCOPE_BEGIN|[107]|auConstantCmn.CX_KNOWLEDGE_SHARING_NATIONAL|String|false|true
16:04:58.0 (33894590)|VARIABLE_SCOPE_BEGIN|[106]|auConstantCmn.CX_KNOWLEDGE_SHARING_REGIONAL_OFFICE|String|false|true
16:04:58.0 (33901144)|VARIABLE_SCOPE_BEGIN|[112]|auConstantCmn.CX_KNOWLEDGE_STATUS_APPROVED|String|false|true
16:04:58.0 (33907370)|VARIABLE_SCOPE_BEGIN|[113]|auConstantCmn.CX_KNOWLEDGE_STATUS_NATIONAL_APPROVED|String|false|true
16:04:58.0 (33913534)|VARIABLE_SCOPE_BEGIN|[114]|auConstantCmn.CX_KNOWLEDGE_STATUS_REJECTED|String|false|true
16:04:58.0 (33919522)|VARIABLE_SCOPE_BEGIN|[111]|auConstantCmn.CX_KNOWLEDGE_STATUS_SAVED|String|false|true
16:04:58.0 (33925771)|VARIABLE_SCOPE_BEGIN|[110]|auConstantCmn.CX_KNOWLEDGE_STATUS_TEMPORARY_SAVED|String|false|true
16:04:58.0 (33932529)|VARIABLE_SCOPE_BEGIN|[20]|auConstantCmn.FORGOT_PASSWORD_ERR_MESSAGE001|String|false|true
16:04:58.0 (33939112)|VARIABLE_SCOPE_BEGIN|[127]|auConstantCmn.HONBU_DIRECT_DETAIL_TYPE_FAVORITE|String|false|true
16:04:58.0 (33945859)|VARIABLE_SCOPE_BEGIN|[126]|auConstantCmn.HONBU_DIRECT_DETAIL_TYPE_READ|String|false|true
16:04:58.0 (33952393)|VARIABLE_SCOPE_BEGIN|[118]|auConstantCmn.KDDI_KNOWLEDGE_STATUS_SAVED|String|false|true
16:04:58.0 (33958972)|VARIABLE_SCOPE_BEGIN|[117]|auConstantCmn.KDDI_KNOWLEDGE_STATUS_TEMPORARY_SAVED|String|false|true
16:04:58.0 (33965817)|VARIABLE_SCOPE_BEGIN|[14]|auConstantCmn.LOGIN_ERR_MESSAGE001|String|false|true
16:04:58.0 (33972347)|VARIABLE_SCOPE_BEGIN|[15]|auConstantCmn.LOGIN_ERR_MESSAGE002|String|false|true
16:04:58.0 (33978972)|VARIABLE_SCOPE_BEGIN|[16]|auConstantCmn.LOGIN_ERR_MESSAGE003|String|false|true
16:04:58.0 (33985475)|VARIABLE_SCOPE_BEGIN|[17]|auConstantCmn.LOGIN_ERR_MESSAGE004|String|false|true
16:04:58.0 (33992046)|VARIABLE_SCOPE_BEGIN|[93]|auConstantCmn.PAGE_ALIAS_SHOP_CX|String|false|true
16:04:58.0 (33998666)|VARIABLE_SCOPE_BEGIN|[84]|auConstantCmn.PAGE_ALIAS_SHOP_EVENTS|String|false|true
16:04:58.0 (34005659)|VARIABLE_SCOPE_BEGIN|[70]|auConstantCmn.PAGE_ALIAS_SHOP_FORGOTPW|String|false|true
16:04:58.0 (34013323)|VARIABLE_SCOPE_BEGIN|[74]|auConstantCmn.PAGE_ALIAS_SHOP_FORGOTPWCOMP|String|false|true
16:04:58.0 (34020372)|VARIABLE_SCOPE_BEGIN|[81]|auConstantCmn.PAGE_ALIAS_SHOP_HOME|String|false|true
16:04:58.0 (34027427)|VARIABLE_SCOPE_BEGIN|[62]|auConstantCmn.PAGE_ALIAS_SHOP_LOGIN|String|false|true
16:04:58.0 (34034189)|VARIABLE_SCOPE_BEGIN|[66]|auConstantCmn.PAGE_ALIAS_SHOP_LOGOUT|String|false|true
16:04:58.0 (34041034)|VARIABLE_SCOPE_BEGIN|[78]|auConstantCmn.PAGE_ALIAS_SHOP_PASSWORDSIGNUP|String|false|true
16:04:58.0 (34048288)|VARIABLE_SCOPE_BEGIN|[99]|auConstantCmn.PAGE_ALIAS_SHOP_SCHEDULE|String|false|true
16:04:58.0 (34055433)|VARIABLE_SCOPE_BEGIN|[102]|auConstantCmn.PAGE_ALIAS_SHOP_SCHEDULE_LIST|String|false|true
16:04:58.0 (34062374)|VARIABLE_SCOPE_BEGIN|[87]|auConstantCmn.PAGE_ALIAS_SHOP_STPD|String|false|true
16:04:58.0 (34069309)|VARIABLE_SCOPE_BEGIN|[96]|auConstantCmn.PAGE_ALIAS_SHOP_TIMELINE_CX|String|false|true
16:04:58.0 (34076449)|VARIABLE_SCOPE_BEGIN|[90]|auConstantCmn.PAGE_ALIAS_SHOP_TIMELINE_STPD|String|false|true
16:04:58.0 (34083389)|VARIABLE_SCOPE_BEGIN|[92]|auConstantCmn.PAGE_VF_SHOP_CX|String|false|true
16:04:58.0 (34090837)|VARIABLE_SCOPE_BEGIN|[83]|auConstantCmn.PAGE_VF_SHOP_EVENTS|String|false|true
16:04:58.0 (34097919)|VARIABLE_SCOPE_BEGIN|[69]|auConstantCmn.PAGE_VF_SHOP_FORGOTPW|String|false|true
16:04:58.0 (34105376)|VARIABLE_SCOPE_BEGIN|[73]|auConstantCmn.PAGE_VF_SHOP_FORGOTPWCOMP|String|false|true
16:04:58.0 (34113344)|VARIABLE_SCOPE_BEGIN|[80]|auConstantCmn.PAGE_VF_SHOP_HOME|String|false|true
16:04:58.0 (34120524)|VARIABLE_SCOPE_BEGIN|[61]|auConstantCmn.PAGE_VF_SHOP_LOGIN|String|false|true
16:04:58.0 (34127702)|VARIABLE_SCOPE_BEGIN|[65]|auConstantCmn.PAGE_VF_SHOP_LOGOUT|String|false|true
16:04:58.0 (34135436)|VARIABLE_SCOPE_BEGIN|[77]|auConstantCmn.PAGE_VF_SHOP_PASSWORDSIGNUP|String|false|true
16:04:58.0 (34143165)|VARIABLE_SCOPE_BEGIN|[98]|auConstantCmn.PAGE_VF_SHOP_SCHEDULE|String|false|true
16:04:58.0 (34151007)|VARIABLE_SCOPE_BEGIN|[101]|auConstantCmn.PAGE_VF_SHOP_SCHEDULE_LIST|String|false|true
16:04:58.0 (34158768)|VARIABLE_SCOPE_BEGIN|[86]|auConstantCmn.PAGE_VF_SHOP_STPD|String|false|true
16:04:58.0 (34166600)|VARIABLE_SCOPE_BEGIN|[95]|auConstantCmn.PAGE_VF_SHOP_TIMELINE_CX|String|false|true
16:04:58.0 (34174220)|VARIABLE_SCOPE_BEGIN|[89]|auConstantCmn.PAGE_VF_SHOP_TIMELINE_STPD|String|false|true
16:04:58.0 (34182170)|VARIABLE_SCOPE_BEGIN|[28]|auConstantCmn.PASSWORD_SIGNUP_ERR_EXPIREDURL|String|false|true
16:04:58.0 (34189965)|VARIABLE_SCOPE_BEGIN|[31]|auConstantCmn.PASSWORD_SIGNUP_ERR_INTERNAL|String|false|true
16:04:58.0 (34198178)|VARIABLE_SCOPE_BEGIN|[29]|auConstantCmn.PASSWORD_SIGNUP_ERR_INVALIDURL|String|false|true
16:04:58.0 (34206319)|VARIABLE_SCOPE_BEGIN|[23]|auConstantCmn.PASSWORD_SIGNUP_ERR_MESSAGE001|String|false|true
16:04:58.0 (34220399)|VARIABLE_SCOPE_BEGIN|[24]|auConstantCmn.PASSWORD_SIGNUP_ERR_MESSAGE002|String|false|true
16:04:58.0 (34229619)|VARIABLE_SCOPE_BEGIN|[25]|auConstantCmn.PASSWORD_SIGNUP_ERR_MESSAGE003|String|false|true
16:04:58.0 (34237909)|VARIABLE_SCOPE_BEGIN|[26]|auConstantCmn.PASSWORD_SIGNUP_ERR_MESSAGE004|String|false|true
16:04:58.0 (34264761)|VARIABLE_SCOPE_BEGIN|[27]|auConstantCmn.PASSWORD_SIGNUP_ERR_MESSAGE005|String|false|true
16:04:58.0 (34274759)|VARIABLE_SCOPE_BEGIN|[30]|auConstantCmn.PASSWORD_SIGNUP_ERR_OLDURL|String|false|true
16:04:58.0 (34283539)|VARIABLE_SCOPE_BEGIN|[35]|auConstantCmn.PROFILE_COMMUNITY_MANAGEMENT|String|false|true
16:04:58.0 (34291623)|VARIABLE_SCOPE_BEGIN|[36]|auConstantCmn.PROFILE_COMMUNITY_PRIMARY_AGENT|String|false|true
16:04:58.0 (34300883)|VARIABLE_SCOPE_BEGIN|[34]|auConstantCmn.PROFILE_COMMUNITY_SHOP|String|false|true
16:04:58.0 (34309113)|VARIABLE_SCOPE_BEGIN|[48]|auConstantCmn.PROFILE_EVOLVA_ADMIN_USER|String|false|true
16:04:58.0 (34317632)|VARIABLE_SCOPE_BEGIN|[47]|auConstantCmn.PROFILE_EVOLVA_USER|String|false|true
16:04:58.0 (34325865)|VARIABLE_SCOPE_BEGIN|[37]|auConstantCmn.PROFILE_KDDI_BRANCH|String|false|true
16:04:58.0 (34334136)|VARIABLE_SCOPE_BEGIN|[38]|auConstantCmn.PROFILE_KDDI_BRANCH_V2|String|false|true
16:04:58.0 (34342791)|VARIABLE_SCOPE_BEGIN|[41]|auConstantCmn.PROFILE_KDDI_HEADQUARTERS|String|false|true
16:04:58.0 (34351704)|VARIABLE_SCOPE_BEGIN|[42]|auConstantCmn.PROFILE_KDDI_HEADQUARTERS_V2|String|false|true
16:04:58.0 (34361150)|VARIABLE_SCOPE_BEGIN|[44]|auConstantCmn.PROFILE_KDDI_KNOWLEDGE_ACTIVITIES|String|false|true
16:04:58.0 (34370655)|VARIABLE_SCOPE_BEGIN|[43]|auConstantCmn.PROFILE_KDDI_KNOWLEDGE_ONLY|String|false|true
16:04:58.0 (34379900)|VARIABLE_SCOPE_BEGIN|[39]|auConstantCmn.PROFILE_KDDI_REGIONAL_OFFICE|String|false|true
16:04:58.0 (34388505)|VARIABLE_SCOPE_BEGIN|[40]|auConstantCmn.PROFILE_KDDI_REGIONAL_OFFICE_V2|String|false|true
16:04:58.0 (34397286)|VARIABLE_SCOPE_BEGIN|[46]|auConstantCmn.PROFILE_SA_USER_CSA|String|false|true
16:04:58.0 (34406086)|VARIABLE_SCOPE_BEGIN|[45]|auConstantCmn.PROFILE_SA_USER_SA|String|false|true
16:04:58.0 (34414956)|VARIABLE_SCOPE_BEGIN|[49]|auConstantCmn.PROFILE_SYSADMIN_CUSTOM|String|false|true
16:04:58.0 (34423914)|VARIABLE_SCOPE_BEGIN|[50]|auConstantCmn.PROFILE_SYSADMIN_DEFAULT_EN|String|false|true
16:04:58.0 (34433141)|VARIABLE_SCOPE_BEGIN|[51]|auConstantCmn.PROFILE_SYSADMIN_DEFAULT_JP|String|false|true
16:04:58.0 (34442157)|VARIABLE_SCOPE_BEGIN|[9]|auConstantCmn.ROLE_CODE_EVOLVA_HONBU|String|false|true
16:04:58.0 (34451639)|VARIABLE_SCOPE_BEGIN|[10]|auConstantCmn.ROLE_CODE_EVOLVA_SHISHA|String|false|true
16:04:58.0 (34460753)|VARIABLE_SCOPE_BEGIN|[11]|auConstantCmn.ROLE_CODE_EVOLVA_SHITEN|String|false|true
16:04:58.0 (34469798)|VARIABLE_SCOPE_BEGIN|[7]|auConstantCmn.ROLE_CODE_HONBU|String|false|true
16:04:58.0 (34479348)|VARIABLE_SCOPE_BEGIN|[8]|auConstantCmn.ROLE_CODE_SA_HONBU|String|false|true
16:04:58.0 (34488675)|VARIABLE_SCOPE_BEGIN|[123]|auConstantCmn.USER_CLASSIFICATION_CONTRACTOR|String|false|true
16:04:58.0 (34499117)|VARIABLE_SCOPE_BEGIN|[122]|auConstantCmn.USER_CLASSIFICATION_CSA|String|false|true
16:04:58.0 (34508861)|VARIABLE_SCOPE_BEGIN|[121]|auConstantCmn.USER_CLASSIFICATION_SA|String|false|true
16:04:58.0 (34520974)|HEAP_ALLOCATE|[60]|Bytes:11
16:04:58.0 (34534943)|VARIABLE_ASSIGNMENT|[60]|auConstantCmn.ACCESS_TYPE_KDDI|"KDDI_ACCESS"
16:04:58.0 (34540751)|HEAP_ALLOCATE|[60]|Bytes:9
16:04:58.0 (34547338)|VARIABLE_ASSIGNMENT|[60]|auConstantCmn.ACCESS_TYPE_SA|"SA_ACCESS"
16:04:58.0 (34551688)|HEAP_ALLOCATE|[60]|Bytes:11
16:04:58.0 (34573888)|VARIABLE_ASSIGNMENT|[60]|auConstantCmn.ACCESS_TYPE_SHOP|"SHOP_ACCESS"
16:04:58.0 (34581445)|HEAP_ALLOCATE|[60]|Bytes:5
16:04:58.0 (34592292)|VARIABLE_ASSIGNMENT|[60]|auConstantCmn.ACCOUNT_CHANNEL_DAIRITEN|"一次代理店"
16:04:58.0 (34599552)|HEAP_ALLOCATE|[60]|Bytes:6
16:04:58.0 (34608837)|VARIABLE_ASSIGNMENT|[60]|auConstantCmn.ACCOUNT_CHANNEL_SHOP|"auショップ"
16:04:58.0 (34615402)|HEAP_ALLOCATE|[60]|Bytes:4
16:04:58.0 (34624037)|VARIABLE_ASSIGNMENT|[60]|auConstantCmn.ACCOUNT_CHANNEL_UNEIHOJIN|"運営法人"
16:04:58.0 (34630815)|HEAP_ALLOCATE|[60]|Bytes:8
16:04:58.0 (34640843)|VARIABLE_ASSIGNMENT|[60]|auConstantCmn.CX_KNOWLEDGE_SHARING_NATIONAL|"National"
16:04:58.0 (34648422)|HEAP_ALLOCATE|[60]|Bytes:14
16:04:58.0 (34658621)|VARIABLE_ASSIGNMENT|[60]|auConstantCmn.CX_KNOWLEDGE_SHARING_REGIONAL_OFFICE|"RegionalOffice"
16:04:58.0 (34666409)|HEAP_ALLOCATE|[60]|Bytes:8
16:04:58.0 (34676177)|VARIABLE_ASSIGNMENT|[60]|auConstantCmn.CX_KNOWLEDGE_STATUS_APPROVED|"Approved"
16:04:58.0 (34682462)|HEAP_ALLOCATE|[60]|Bytes:16
16:04:58.0 (34692787)|VARIABLE_ASSIGNMENT|[60]|auConstantCmn.CX_KNOWLEDGE_STATUS_NATIONAL_APPROVED|"NationalApproved"
16:04:58.0 (34699579)|HEAP_ALLOCATE|[60]|Bytes:8
16:04:58.0 (34710148)|VARIABLE_ASSIGNMENT|[60]|auConstantCmn.CX_KNOWLEDGE_STATUS_REJECTED|"Rejected"
16:04:58.0 (34717284)|HEAP_ALLOCATE|[60]|Bytes:5
16:04:58.0 (34727927)|VARIABLE_ASSIGNMENT|[60]|auConstantCmn.CX_KNOWLEDGE_STATUS_SAVED|"Saved"
16:04:58.0 (34735351)|HEAP_ALLOCATE|[60]|Bytes:14
16:04:58.0 (34746699)|VARIABLE_ASSIGNMENT|[60]|auConstantCmn.CX_KNOWLEDGE_STATUS_TEMPORARY_SAVED|"TemporarySaved"
16:04:58.0 (34753099)|HEAP_ALLOCATE|[60]|Bytes:12
16:04:58.0 (34760687)|VARIABLE_ASSIGNMENT|[60]|auConstantCmn.FORGOT_PASSWORD_ERR_MESSAGE001|"IDを入力してください。"
16:04:58.0 (34765661)|HEAP_ALLOCATE|[60]|Bytes:8
16:04:58.0 (34772351)|VARIABLE_ASSIGNMENT|[60]|auConstantCmn.HONBU_DIRECT_DETAIL_TYPE_FAVORITE|"FAVORITE"
16:04:58.0 (34776417)|HEAP_ALLOCATE|[60]|Bytes:4
16:04:58.0 (34782416)|VARIABLE_ASSIGNMENT|[60]|auConstantCmn.HONBU_DIRECT_DETAIL_TYPE_READ|"READ"
16:04:58.0 (34786377)|HEAP_ALLOCATE|[60]|Bytes:5
16:04:58.0 (34792620)|VARIABLE_ASSIGNMENT|[60]|auConstantCmn.KDDI_KNOWLEDGE_STATUS_SAVED|"Saved"
16:04:58.0 (34797189)|HEAP_ALLOCATE|[60]|Bytes:14
16:04:58.0 (34803818)|VARIABLE_ASSIGNMENT|[60]|auConstantCmn.KDDI_KNOWLEDGE_STATUS_TEMPORARY_SAVED|"TemporarySaved"
16:04:58.0 (34807746)|HEAP_ALLOCATE|[60]|Bytes:15
16:04:58.0 (34814609)|VARIABLE_ASSIGNMENT|[60]|auConstantCmn.LOGIN_ERR_MESSAGE001|"パスワードを入力してください。"
16:04:58.0 (34819374)|HEAP_ALLOCATE|[60]|Bytes:27
16:04:58.0 (34827462)|VARIABLE_ASSIGNMENT|[60]|auConstantCmn.LOGIN_ERR_MESSAGE002|"8文字以上の英数字混在のパスワードを指定 (7 more) ..."
16:04:58.0 (34832133)|HEAP_ALLOCATE|[60]|Bytes:19
16:04:58.0 (34839237)|VARIABLE_ASSIGNMENT|[60]|auConstantCmn.LOGIN_ERR_MESSAGE003|"ID或いはパスワードが間違っています。"
16:04:58.0 (34843635)|HEAP_ALLOCATE|[60]|Bytes:46
16:04:58.0 (34851569)|VARIABLE_ASSIGNMENT|[60]|auConstantCmn.LOGIN_ERR_MESSAGE004|"ログイン失敗回数を超えた為、ロックされま (26 more) ..."
16:04:58.0 (34855862)|HEAP_ALLOCATE|[60]|Bytes:3
16:04:58.0 (34862231)|VARIABLE_ASSIGNMENT|[60]|auConstantCmn.PAGE_ALIAS_SHOP_CX|"/CX"
16:04:58.0 (34866778)|HEAP_ALLOCATE|[60]|Bytes:7
16:04:58.0 (34873306)|VARIABLE_ASSIGNMENT|[60]|auConstantCmn.PAGE_ALIAS_SHOP_EVENTS|"/events"
16:04:58.0 (34877115)|HEAP_ALLOCATE|[60]|Bytes:16
16:04:58.0 (34884002)|VARIABLE_ASSIGNMENT|[60]|auConstantCmn.PAGE_ALIAS_SHOP_FORGOTPW|"/forgot-password"
16:04:58.0 (34888263)|HEAP_ALLOCATE|[60]|Bytes:25
16:04:58.0 (34895983)|VARIABLE_ASSIGNMENT|[60]|auConstantCmn.PAGE_ALIAS_SHOP_FORGOTPWCOMP|"/forgot-password-com (5 more) ..."
16:04:58.0 (34900274)|HEAP_ALLOCATE|[60]|Bytes:5
16:04:58.0 (34907415)|VARIABLE_ASSIGNMENT|[60]|auConstantCmn.PAGE_ALIAS_SHOP_HOME|"/home"
16:04:58.0 (34924938)|HEAP_ALLOCATE|[60]|Bytes:6
16:04:58.0 (34938150)|VARIABLE_ASSIGNMENT|[60]|auConstantCmn.PAGE_ALIAS_SHOP_LOGIN|"/login"
16:04:58.0 (34945719)|HEAP_ALLOCATE|[60]|Bytes:7
16:04:58.0 (34957120)|VARIABLE_ASSIGNMENT|[60]|auConstantCmn.PAGE_ALIAS_SHOP_LOGOUT|"/logout"
16:04:58.0 (34963671)|HEAP_ALLOCATE|[60]|Bytes:16
16:04:58.0 (34992085)|VARIABLE_ASSIGNMENT|[60]|auConstantCmn.PAGE_ALIAS_SHOP_PASSWORDSIGNUP|"/password-signup"
16:04:58.0 (35000995)|HEAP_ALLOCATE|[60]|Bytes:9
16:04:58.0 (35014833)|VARIABLE_ASSIGNMENT|[60]|auConstantCmn.PAGE_ALIAS_SHOP_SCHEDULE|"/calendar"
16:04:58.0 (35022157)|HEAP_ALLOCATE|[60]|Bytes:11
16:04:58.0 (35034414)|VARIABLE_ASSIGNMENT|[60]|auConstantCmn.PAGE_ALIAS_SHOP_SCHEDULE_LIST|"/activities"
16:04:58.0 (35041746)|HEAP_ALLOCATE|[60]|Bytes:5
16:04:58.0 (35054333)|VARIABLE_ASSIGNMENT|[60]|auConstantCmn.PAGE_ALIAS_SHOP_STPD|"/STPD"
16:04:58.0 (35061594)|HEAP_ALLOCATE|[60]|Bytes:11
16:04:58.0 (35074458)|VARIABLE_ASSIGNMENT|[60]|auConstantCmn.PAGE_ALIAS_SHOP_TIMELINE_CX|"/timelineCX"
16:04:58.0 (35081498)|HEAP_ALLOCATE|[60]|Bytes:13
16:04:58.0 (35090544)|VARIABLE_ASSIGNMENT|[60]|auConstantCmn.PAGE_ALIAS_SHOP_TIMELINE_STPD|"/timelineSTPD"
16:04:58.0 (35095223)|HEAP_ALLOCATE|[60]|Bytes:27
16:04:58.0 (35104674)|VARIABLE_ASSIGNMENT|[60]|auConstantCmn.PAGE_VF_SHOP_CX|"/apex/auCXKnowledgeL (7 more) ..."
16:04:58.0 (35109709)|HEAP_ALLOCATE|[60]|Bytes:22
16:04:58.0 (35118184)|VARIABLE_ASSIGNMENT|[60]|auConstantCmn.PAGE_VF_SHOP_EVENTS|"/apex/auEventsListPa (2 more) ..."
16:04:58.0 (35122368)|HEAP_ALLOCATE|[60]|Bytes:21
16:04:58.0 (35130615)|VARIABLE_ASSIGNMENT|[60]|auConstantCmn.PAGE_VF_SHOP_FORGOTPW|"/auForgotPasswordPag (1 more) ..."
16:04:58.0 (35134921)|HEAP_ALLOCATE|[60]|Bytes:29
16:04:58.0 (35143729)|VARIABLE_ASSIGNMENT|[60]|auConstantCmn.PAGE_VF_SHOP_FORGOTPWCOMP|"/auForgotPasswordCom (9 more) ..."
16:04:58.0 (35148149)|HEAP_ALLOCATE|[60]|Bytes:24
16:04:58.0 (35156682)|VARIABLE_ASSIGNMENT|[60]|auConstantCmn.PAGE_VF_SHOP_HOME|"/apex/auSwitchScreen (4 more) ..."
16:04:58.0 (35161604)|HEAP_ALLOCATE|[60]|Bytes:12
16:04:58.0 (35169439)|VARIABLE_ASSIGNMENT|[60]|auConstantCmn.PAGE_VF_SHOP_LOGIN|"/auLoginPage"
16:04:58.0 (35186223)|HEAP_ALLOCATE|[60]|Bytes:13
16:04:58.0 (35206791)|VARIABLE_ASSIGNMENT|[60]|auConstantCmn.PAGE_VF_SHOP_LOGOUT|"/auLogoutPage"
16:04:58.0 (35219986)|HEAP_ALLOCATE|[60]|Bytes:21
16:04:58.0 (35237119)|VARIABLE_ASSIGNMENT|[60]|auConstantCmn.PAGE_VF_SHOP_PASSWORDSIGNUP|"/auPasswordSignupPag (1 more) ..."
16:04:58.0 (35245244)|HEAP_ALLOCATE|[60]|Bytes:16
16:04:58.0 (35259182)|VARIABLE_ASSIGNMENT|[60]|auConstantCmn.PAGE_VF_SHOP_SCHEDULE|"/apex/auSchedule"
16:04:58.0 (35266732)|HEAP_ALLOCATE|[60]|Bytes:20
16:04:58.0 (35281566)|VARIABLE_ASSIGNMENT|[60]|auConstantCmn.PAGE_VF_SHOP_SCHEDULE_LIST|"/apex/auScheduleList"
16:04:58.0 (35289901)|HEAP_ALLOCATE|[60]|Bytes:20
16:04:58.0 (35302320)|VARIABLE_ASSIGNMENT|[60]|auConstantCmn.PAGE_VF_SHOP_STPD|"/apex/auSTPDListPage"
16:04:58.0 (35307199)|HEAP_ALLOCATE|[60]|Bytes:31
16:04:58.0 (35316894)|VARIABLE_ASSIGNMENT|[60]|auConstantCmn.PAGE_VF_SHOP_TIMELINE_CX|"/apex/auCxKnowledgeT (11 more) ..."
16:04:58.0 (35321420)|HEAP_ALLOCATE|[60]|Bytes:24
16:04:58.0 (35330282)|VARIABLE_ASSIGNMENT|[60]|auConstantCmn.PAGE_VF_SHOP_TIMELINE_STPD|"/apex/auSTPDTimeline (4 more) ..."
16:04:58.0 (35334351)|HEAP_ALLOCATE|[60]|Bytes:55
16:04:58.0 (35343145)|VARIABLE_ASSIGNMENT|[60]|auConstantCmn.PASSWORD_SIGNUP_ERR_EXPIREDURL|"パスワードリセットの有効期限が切れていま (35 more) ..."
16:04:58.0 (35347963)|HEAP_ALLOCATE|[60]|Bytes:27
16:04:58.0 (35357723)|VARIABLE_ASSIGNMENT|[60]|auConstantCmn.PASSWORD_SIGNUP_ERR_INTERNAL|"内部エラーが発生しました。サイト管理者に (7 more) ..."
16:04:58.0 (35362349)|HEAP_ALLOCATE|[60]|Bytes:51
16:04:58.0 (35371816)|VARIABLE_ASSIGNMENT|[60]|auConstantCmn.PASSWORD_SIGNUP_ERR_INVALIDURL|"不正なパスワードリセットURLです。<b (31 more) ..."
16:04:58.0 (35376387)|HEAP_ALLOCATE|[60]|Bytes:15
16:04:58.0 (35385048)|VARIABLE_ASSIGNMENT|[60]|auConstantCmn.PASSWORD_SIGNUP_ERR_MESSAGE001|"パスワードを入力してください。"
16:04:58.0 (35390281)|HEAP_ALLOCATE|[60]|Bytes:19
16:04:58.0 (35398631)|VARIABLE_ASSIGNMENT|[60]|auConstantCmn.PASSWORD_SIGNUP_ERR_MESSAGE002|"確認用のパスワードを入力してください。"
16:04:58.0 (35403384)|HEAP_ALLOCATE|[60]|Bytes:27
16:04:58.0 (35412288)|VARIABLE_ASSIGNMENT|[60]|auConstantCmn.PASSWORD_SIGNUP_ERR_MESSAGE003|"8文字以上の英数字混在のパスワードを指定 (7 more) ..."
16:04:58.0 (35416915)|HEAP_ALLOCATE|[60]|Bytes:22
16:04:58.0 (35426116)|VARIABLE_ASSIGNMENT|[60]|auConstantCmn.PASSWORD_SIGNUP_ERR_MESSAGE004|"パスワードと確認用のパスワードが不一致で (2 more) ..."
16:04:58.0 (35430404)|HEAP_ALLOCATE|[60]|Bytes:21
16:04:58.0 (35439608)|VARIABLE_ASSIGNMENT|[60]|auConstantCmn.PASSWORD_SIGNUP_ERR_MESSAGE005|"以前利用したパスワードはご利用できません (1 more) ..."
16:04:58.0 (35443804)|HEAP_ALLOCATE|[60]|Bytes:46
16:04:58.0 (35453084)|VARIABLE_ASSIGNMENT|[60]|auConstantCmn.PASSWORD_SIGNUP_ERR_OLDURL|"以前のパスワードリセットURLは利用でき (26 more) ..."
16:04:58.0 (35458171)|HEAP_ALLOCATE|[60]|Bytes:14
16:04:58.0 (35466792)|VARIABLE_ASSIGNMENT|[60]|auConstantCmn.PROFILE_COMMUNITY_MANAGEMENT|"au ショップ - 運営法人"
16:04:58.0 (35471316)|HEAP_ALLOCATE|[60]|Bytes:15
16:04:58.0 (35479721)|VARIABLE_ASSIGNMENT|[60]|auConstantCmn.PROFILE_COMMUNITY_PRIMARY_AGENT|"au ショップ - 一次代理店"
16:04:58.0 (35484644)|HEAP_ALLOCATE|[60]|Bytes:12
16:04:58.0 (35493099)|VARIABLE_ASSIGNMENT|[60]|auConstantCmn.PROFILE_COMMUNITY_SHOP|"au ショップ - 店舗"
16:04:58.0 (35497482)|HEAP_ALLOCATE|[60]|Bytes:17
16:04:58.0 (35506350)|VARIABLE_ASSIGNMENT|[60]|auConstantCmn.PROFILE_EVOLVA_ADMIN_USER|"Evolva Admin User"
16:04:58.0 (35510700)|HEAP_ALLOCATE|[60]|Bytes:11
16:04:58.0 (35519817)|VARIABLE_ASSIGNMENT|[60]|auConstantCmn.PROFILE_EVOLVA_USER|"Evolva User"
16:04:58.0 (35523890)|HEAP_ALLOCATE|[60]|Bytes:9
16:04:58.0 (35532391)|VARIABLE_ASSIGNMENT|[60]|auConstantCmn.PROFILE_KDDI_BRANCH|"KDDI - 支店"
16:04:58.0 (35536547)|HEAP_ALLOCATE|[60]|Bytes:12
16:04:58.0 (35545654)|VARIABLE_ASSIGNMENT|[60]|auConstantCmn.PROFILE_KDDI_BRANCH_V2|"KDDI - 支店 v2"
16:04:58.0 (35549676)|HEAP_ALLOCATE|[60]|Bytes:9
16:04:58.0 (35573358)|VARIABLE_ASSIGNMENT|[60]|auConstantCmn.PROFILE_KDDI_HEADQUARTERS|"KDDI - 本部"
16:04:58.0 (35579002)|HEAP_ALLOCATE|[60]|Bytes:12
16:04:58.0 (35590026)|VARIABLE_ASSIGNMENT|[60]|auConstantCmn.PROFILE_KDDI_HEADQUARTERS_V2|"KDDI - 本部 v2"
16:04:58.0 (35594439)|HEAP_ALLOCATE|[60]|Bytes:29
16:04:58.0 (35604810)|VARIABLE_ASSIGNMENT|[60]|auConstantCmn.PROFILE_KDDI_KNOWLEDGE_ACTIVITIES|"KDDI - Knowledge & A (9 more) ..."
16:04:58.0 (35609723)|HEAP_ALLOCATE|[60]|Bytes:21
16:04:58.0 (35619683)|VARIABLE_ASSIGNMENT|[60]|auConstantCmn.PROFILE_KDDI_KNOWLEDGE_ONLY|"KDDI - Knowledge onl (1 more) ..."
16:04:58.0 (35624332)|HEAP_ALLOCATE|[60]|Bytes:9
16:04:58.0 (35633693)|VARIABLE_ASSIGNMENT|[60]|auConstantCmn.PROFILE_KDDI_REGIONAL_OFFICE|"KDDI - 支社"
16:04:58.0 (35638448)|HEAP_ALLOCATE|[60]|Bytes:12
16:04:58.0 (35647329)|VARIABLE_ASSIGNMENT|[60]|auConstantCmn.PROFILE_KDDI_REGIONAL_OFFICE_V2|"KDDI - 支社 v2"
16:04:58.0 (35651945)|HEAP_ALLOCATE|[60]|Bytes:13
16:04:58.0 (35660779)|VARIABLE_ASSIGNMENT|[60]|auConstantCmn.PROFILE_SA_USER_CSA|"SA User - CSA"
16:04:58.0 (35664910)|HEAP_ALLOCATE|[60]|Bytes:12
16:04:58.0 (35674158)|VARIABLE_ASSIGNMENT|[60]|auConstantCmn.PROFILE_SA_USER_SA|"SA User - SA"
16:04:58.0 (35678140)|HEAP_ALLOCATE|[60]|Bytes:12
16:04:58.0 (35687332)|VARIABLE_ASSIGNMENT|[60]|auConstantCmn.PROFILE_SYSADMIN_CUSTOM|"System Admin"
16:04:58.0 (35691324)|HEAP_ALLOCATE|[60]|Bytes:20
16:04:58.0 (35700735)|VARIABLE_ASSIGNMENT|[60]|auConstantCmn.PROFILE_SYSADMIN_DEFAULT_EN|"System Administrator"
16:04:58.0 (35704786)|HEAP_ALLOCATE|[60]|Bytes:7
16:04:58.0 (35713665)|VARIABLE_ASSIGNMENT|[60]|auConstantCmn.PROFILE_SYSADMIN_DEFAULT_JP|"システム管理者"
16:04:58.0 (35717994)|HEAP_ALLOCATE|[60]|Bytes:7
16:04:58.0 (35727209)|VARIABLE_ASSIGNMENT|[60]|auConstantCmn.ROLE_CODE_EVOLVA_HONBU|"E000000"
16:04:58.0 (35731383)|HEAP_ALLOCATE|[60]|Bytes:6
16:04:58.0 (35740347)|VARIABLE_ASSIGNMENT|[60]|auConstantCmn.ROLE_CODE_EVOLVA_SHISHA|"EKEV01"
16:04:58.0 (35744670)|HEAP_ALLOCATE|[60]|Bytes:8
16:04:58.0 (35753612)|VARIABLE_ASSIGNMENT|[60]|auConstantCmn.ROLE_CODE_EVOLVA_SHITEN|"EKEV0101"
16:04:58.0 (35757887)|HEAP_ALLOCATE|[60]|Bytes:7
16:04:58.0 (35766861)|VARIABLE_ASSIGNMENT|[60]|auConstantCmn.ROLE_CODE_HONBU|"C000000"
16:04:58.0 (35770942)|HEAP_ALLOCATE|[60]|Bytes:7
16:04:58.0 (35780694)|VARIABLE_ASSIGNMENT|[60]|auConstantCmn.ROLE_CODE_SA_HONBU|"S000000"
16:04:58.0 (35784672)|HEAP_ALLOCATE|[60]|Bytes:10
16:04:58.0 (35794439)|VARIABLE_ASSIGNMENT|[60]|auConstantCmn.USER_CLASSIFICATION_CONTRACTOR|"CONTRACTOR"
16:04:58.0 (35809113)|HEAP_ALLOCATE|[60]|Bytes:3
16:04:58.0 (35829343)|VARIABLE_ASSIGNMENT|[60]|auConstantCmn.USER_CLASSIFICATION_CSA|"CSA"
16:04:58.0 (35837494)|HEAP_ALLOCATE|[60]|Bytes:2
16:04:58.0 (35854114)|VARIABLE_ASSIGNMENT|[60]|auConstantCmn.USER_CLASSIFICATION_SA|"SA"
16:04:58.0 (35877210)|METHOD_ENTRY|[4]|01p6F0000084Osz|auConstantCmn.auConstantCmn()
16:04:58.0 (35886090)|STATEMENT_EXECUTE|[4]
16:04:58.0 (35891076)|STATEMENT_EXECUTE|[4]
16:04:58.0 (36259395)|SYSTEM_MODE_ENTER|false
16:04:58.0 (36273295)|HEAP_ALLOCATE|[60]|Bytes:5
16:04:58.0 (36283352)|SYSTEM_MODE_EXIT|false
16:04:58.0 (36294504)|METHOD_EXIT|[4]|auConstantCmn
16:04:58.0 (36380291)|VARIABLE_ASSIGNMENT|[EXTERNAL]|this|{"currentUser":"0x71bda95d","isSAUser":false,"iTypeOfScreen":0,"urlReportsSFA":"https://au-portal.li (90 more) ..."}|0xddd4c20
16:04:58.0 (36450607)|VARIABLE_ASSIGNMENT|[EXTERNAL]|this|{"currentUser":"0x71bda95d","isSAUser":false,"iTypeOfScreen":0,"urlReportsSFA":"https://au-portal.li (90 more) ..."}|0xddd4c20
16:04:58.0 (36504324)|VARIABLE_ASSIGNMENT|[EXTERNAL]|this|{"currentUser":"0x71bda95d","isSAUser":false,"iTypeOfScreen":0,"urlReportsSFA":"https://au-portal.li (90 more) ..."}|0xddd4c20
16:04:58.0 (36529031)|HEAP_ALLOCATE|[60]|Bytes:5
16:04:58.0 (36540101)|VARIABLE_ASSIGNMENT|[60]|this.isSAUser|false|0xddd4c20
16:04:58.0 (47088943)|SYSTEM_MODE_ENTER|true
16:04:58.0 (47164363)|HEAP_ALLOCATE|[EXTERNAL]|Bytes:260
16:04:58.0 (47174460)|HEAP_ALLOCATE|[EXTERNAL]|Bytes:52
16:04:58.0 (47185943)|METHOD_ENTRY|[1]|01p6F0000084OtZ|auSwitchScreenCtrl.auSwitchScreenCtrl()
16:04:58.0 (47191481)|STATEMENT_EXECUTE|[1]
16:04:58.0 (47195826)|STATEMENT_EXECUTE|[1]
16:04:58.0 (47202111)|SYSTEM_MODE_ENTER|false
16:04:58.0 (47210170)|HEAP_ALLOCATE|[EXTERNAL]|Bytes:5
16:04:58.0 (47217939)|SYSTEM_MODE_EXIT|false
16:04:58.0 (47225471)|METHOD_EXIT|[1]|auSwitchScreenCtrl
16:04:58.0 (47239738)|HEAP_ALLOCATE|[EXTERNAL]|Bytes:32
16:04:58.0 (47246286)|VARIABLE_SCOPE_BEGIN|[13]|this|auSwitchScreenCtrl|true|false
16:04:58.0 (47285142)|VARIABLE_ASSIGNMENT|[13]|this|{}|0x71dc0ca2
16:04:58.0 (47296733)|SYSTEM_MODE_ENTER|false
16:04:58.0 (47301684)|HEAP_ALLOCATE|[15]|Bytes:5
16:04:58.0 (47306215)|STATEMENT_EXECUTE|[1]
16:04:58.0 (47309088)|HEAP_ALLOCATE|[15]|Bytes:5
16:04:58.0 (47312552)|STATEMENT_EXECUTE|[3]
16:04:58.0 (47314247)|STATEMENT_EXECUTE|[4]
16:04:58.0 (47315629)|STATEMENT_EXECUTE|[5]
16:04:58.0 (47317151)|STATEMENT_EXECUTE|[6]
16:04:58.0 (47318560)|STATEMENT_EXECUTE|[7]
16:04:58.0 (47319944)|STATEMENT_EXECUTE|[8]
16:04:58.0 (47321442)|STATEMENT_EXECUTE|[9]
16:04:58.0 (47343368)|STATEMENT_EXECUTE|[13]
16:04:58.0 (47345302)|STATEMENT_EXECUTE|[15]
16:04:58.0 (47441484)|HEAP_ALLOCATE|[15]|Bytes:28
16:04:58.0 (47490504)|HEAP_ALLOCATE|[15]|Bytes:631
16:04:58.0 (47529578)|HEAP_ALLOCATE|[15]|Bytes:10
16:04:58.0 (47559446)|VARIABLE_SCOPE_BEGIN|[15]|userAgent|String|false|false
16:04:58.0 (47576388)|VARIABLE_ASSIGNMENT|[15]|userAgent|"Mozilla/5.0 (Macinto (100 more) ..."
16:04:58.0 (47582406)|STATEMENT_EXECUTE|[16]
16:04:58.0 (47586417)|HEAP_ALLOCATE|[16]|Bytes:6
16:04:58.0 (47682806)|VARIABLE_ASSIGNMENT|[EXTERNAL]|this|{}|0x71dc0ca2
16:04:58.0 (47695853)|VARIABLE_ASSIGNMENT|[EXTERNAL]|value|false
16:04:58.0 (47704934)|HEAP_ALLOCATE|[9]|Bytes:5
16:04:58.0 (47718204)|VARIABLE_ASSIGNMENT|[9]|this.isIPhone|false|0x71dc0ca2
16:04:58.0 (47732315)|STATEMENT_EXECUTE|[18]
16:04:58.0 (47736814)|HEAP_ALLOCATE|[18]|Bytes:54
16:04:58.0 (47750193)|HEAP_ALLOCATE|[18]|Bytes:4
16:04:58.0 (47763126)|METHOD_ENTRY|[20]||System.UserInfo.getUserId()
16:04:58.0 (47787789)|METHOD_EXIT|[20]||System.UserInfo.getUserId()
16:04:58.0 (47999388)|SOQL_EXECUTE_BEGIN|[18]|Aggregations:0|SELECT Profile.Name FROM User WHERE User.ID = :tmpVar1
16:04:58.0 (51936546)|SOQL_EXECUTE_END|[18]|Rows:1
16:04:58.0 (51957033)|HEAP_ALLOCATE|[18]|Bytes:8
16:04:58.0 (51972131)|HEAP_ALLOCATE|[18]|Bytes:127
16:04:58.0 (51996470)|HEAP_ALLOCATE|[18]|Bytes:8
16:04:58.0 (52020676)|HEAP_ALLOCATE|[18]|Bytes:16
16:04:58.0 (52029798)|VARIABLE_SCOPE_BEGIN|[18]|currentUser|User|true|false
16:04:58.0 (52055137)|VARIABLE_ASSIGNMENT|[18]|currentUser|{"ProfileId":"00e6F000002RS1oQAG","Id":"0056F000006PtYlQAK","Profile":{"Name":"System Administrator","Id":"00e6F000002RS1oQAG"}}|0x3f407233
16:04:58.0 (52062516)|STATEMENT_EXECUTE|[22]
16:04:58.0 (52180873)|VARIABLE_ASSIGNMENT|[EXTERNAL]|this|{"isIPhone":false}|0x71dc0ca2
16:04:58.0 (52193872)|VARIABLE_ASSIGNMENT|[EXTERNAL]|value|false
16:04:58.0 (52201113)|HEAP_ALLOCATE|[3]|Bytes:5
16:04:58.0 (52209293)|VARIABLE_ASSIGNMENT|[3]|this.isCommunityUser|false|0x71dc0ca2
16:04:58.0 (52226208)|STATEMENT_EXECUTE|[26]
16:04:58.0 (52298138)|VARIABLE_ASSIGNMENT|[EXTERNAL]|this|{"isCommunityUser":false,"isIPhone":false}|0x71dc0ca2
16:04:58.0 (52309816)|VARIABLE_ASSIGNMENT|[EXTERNAL]|value|true
16:04:58.0 (52315989)|HEAP_ALLOCATE|[4]|Bytes:5
16:04:58.0 (52323132)|VARIABLE_ASSIGNMENT|[4]|this.isSystemAdministrator|true|0x71dc0ca2
16:04:58.0 (52332320)|STATEMENT_EXECUTE|[30]
16:04:58.0 (52362351)|VARIABLE_ASSIGNMENT|[EXTERNAL]|this|{"isCommunityUser":false,"isIPhone":false,"isSystemAdministrator":true}|0x71dc0ca2
16:04:58.0 (52399237)|VARIABLE_ASSIGNMENT|[EXTERNAL]|this|{"isCommunityUser":false,"isIPhone":false,"isSystemAdministrator":true}|0x71dc0ca2
16:04:58.0 (52409807)|VARIABLE_ASSIGNMENT|[EXTERNAL]|value|true
16:04:58.0 (52415516)|HEAP_ALLOCATE|[5]|Bytes:5
16:04:58.0 (52421566)|VARIABLE_ASSIGNMENT|[5]|this.isKDDIUser|true|0x71dc0ca2
16:04:58.0 (52429276)|STATEMENT_EXECUTE|[38]
16:04:58.0 (52498345)|VARIABLE_ASSIGNMENT|[EXTERNAL]|this|{"isCommunityUser":false,"isIPhone":false,"isKDDIUser":true,"isSystemAdministrator":true}|0x71dc0ca2
16:04:58.0 (52508976)|VARIABLE_ASSIGNMENT|[EXTERNAL]|value|false
16:04:58.0 (52515215)|HEAP_ALLOCATE|[6]|Bytes:5
16:04:58.0 (52521317)|VARIABLE_ASSIGNMENT|[6]|this.isSAorEvolvaUser|false|0x71dc0ca2
16:04:58.0 (52529514)|STATEMENT_EXECUTE|[43]
16:04:58.0 (52577383)|VARIABLE_ASSIGNMENT|[EXTERNAL]|this|{"isCommunityUser":false,"isIPhone":false,"isKDDIUser":true,"isSAorEvolvaUser":false,"isSystemAdministrator":true}|0x71dc0ca2
16:04:58.0 (52588601)|VARIABLE_ASSIGNMENT|[EXTERNAL]|value|false
16:04:58.0 (52594383)|HEAP_ALLOCATE|[7]|Bytes:5
16:04:58.0 (52600656)|VARIABLE_ASSIGNMENT|[7]|this.isKDDIKnowledgeOnly|false|0x71dc0ca2
16:04:58.0 (52609005)|STATEMENT_EXECUTE|[45]
16:04:58.0 (52657377)|VARIABLE_ASSIGNMENT|[EXTERNAL]|this|{"isCommunityUser":false,"isIPhone":false,"isKDDIKnowledgeOnly":false,"isKDDIUser":true,"isSAorEvolvaUser":false,"isSystemAdministrator":true}|0x71dc0ca2
16:04:58.0 (52668926)|VARIABLE_ASSIGNMENT|[EXTERNAL]|value|false
16:04:58.0 (52674079)|HEAP_ALLOCATE|[8]|Bytes:5
16:04:58.0 (52680702)|VARIABLE_ASSIGNMENT|[8]|this.isKDDIKnowledgeActivities|false|0x71dc0ca2
16:04:58.0 (52692090)|SYSTEM_MODE_EXIT|false
16:04:58.0 (52792750)|HEAP_ALLOCATE|[EXTERNAL]|Bytes:32
16:04:58.0 (52802167)|VARIABLE_SCOPE_BEGIN|[50]|this|auSwitchScreenCtrl|true|false
16:04:58.0 (52829523)|VARIABLE_ASSIGNMENT|[50]|this|{"isCommunityUser":false,"isIPhone":false,"isKDDIKnowledgeActivities":false,"isKDDIKnowledgeOnly":false,"isKDDIUser":true,"isSAorEvolvaUser":false,"isSystemAdministrator":true}|0x71dc0ca2
16:04:58.0 (52843360)|SYSTEM_MODE_ENTER|false
16:04:58.0 (52849078)|HEAP_ALLOCATE|[52]|Bytes:5
16:04:58.0 (52853498)|STATEMENT_EXECUTE|[50]
16:04:58.0 (52855300)|STATEMENT_EXECUTE|[52]
16:04:58.0 (52858488)|HEAP_ALLOCATE|[52]|Bytes:63
16:04:58.0 (52871859)|HEAP_ALLOCATE|[52]|Bytes:4
16:04:58.0 (52884494)|METHOD_ENTRY|[54]||System.UserInfo.getUserId()
16:04:58.0 (52905351)|METHOD_EXIT|[54]||System.UserInfo.getUserId()
16:04:58.0 (53056158)|SOQL_EXECUTE_BEGIN|[52]|Aggregations:0|SELECT ForcePasswordReset__c FROM User WHERE User.ID = :tmpVar1
16:04:58.0 (55177631)|SOQL_EXECUTE_END|[52]|Rows:1
16:04:58.0 (55197445)|HEAP_ALLOCATE|[52]|Bytes:8
16:04:58.0 (55210178)|HEAP_ALLOCATE|[52]|Bytes:58
16:04:58.0 (55235527)|HEAP_ALLOCATE|[52]|Bytes:8
16:04:58.0 (55261138)|HEAP_ALLOCATE|[52]|Bytes:12
16:04:58.0 (55271742)|VARIABLE_SCOPE_BEGIN|[52]|currentUser|User|true|false
16:04:58.0 (55298224)|VARIABLE_ASSIGNMENT|[52]|currentUser|{"ForcePasswordReset__c":false,"Id":"0056F000006PtYlQAK"}|0x400fa98b
16:04:58.0 (55336871)|STATEMENT_EXECUTE|[56]
16:04:58.0 (55409033)|VARIABLE_ASSIGNMENT|[EXTERNAL]|this|{"isCommunityUser":false,"isIPhone":false,"isKDDIKnowledgeActivities":false,"isKDDIKnowledgeOnly":false,"isKDDIUser":true,"isSAorEvolvaUser":false,"isSystemAdministrator":true}|0x71dc0ca2
16:04:58.0 (55433494)|STATEMENT_EXECUTE|[61]
16:04:58.0 (55436488)|STATEMENT_EXECUTE|[66]
16:04:58.0 (55443033)|SYSTEM_MODE_EXIT|false
16:04:58.0 (56117080)|SYSTEM_MODE_ENTER|true
16:04:58.0 (56145435)|HEAP_ALLOCATE|[EXTERNAL]|Bytes:44
16:04:58.0 (56153110)|VARIABLE_SCOPE_BEGIN|[48]|this|auMainTopCompCtrl|true|false
16:04:58.0 (56186180)|VARIABLE_ASSIGNMENT|[48]|this|{}|0x9090f0d
16:04:58.0 (56196238)|STATEMENT_EXECUTE|[1]
16:04:58.0 (56198224)|STATEMENT_EXECUTE|[29]
16:04:58.0 (56199933)|STATEMENT_EXECUTE|[30]
16:04:58.0 (56201539)|STATEMENT_EXECUTE|[31]
16:04:58.0 (56203019)|STATEMENT_EXECUTE|[34]
16:04:58.0 (56204528)|STATEMENT_EXECUTE|[35]
16:04:58.0 (56206038)|STATEMENT_EXECUTE|[36]
16:04:58.0 (56207425)|STATEMENT_EXECUTE|[38]
16:04:58.0 (56208887)|STATEMENT_EXECUTE|[39]
16:04:58.0 (56210343)|STATEMENT_EXECUTE|[41]
16:04:58.0 (56211898)|STATEMENT_EXECUTE|[46]
16:04:58.0 (56219558)|HEAP_ALLOCATE|[46]|Bytes:5
16:04:58.0 (56229891)|VARIABLE_ASSIGNMENT|[46]|this.isSAUser|false|0x9090f0d
16:04:58.0 (56247811)|STATEMENT_EXECUTE|[48]
16:04:58.0 (56249632)|STATEMENT_EXECUTE|[49]
16:04:58.0 (56277119)|VARIABLE_ASSIGNMENT|[EXTERNAL]|this|{"isSAUser":false}|0x9090f0d
16:04:58.0 (56287505)|VARIABLE_ASSIGNMENT|[EXTERNAL]|value|0
16:04:58.0 (56292893)|HEAP_ALLOCATE|[34]|Bytes:4
16:04:58.0 (56300277)|VARIABLE_ASSIGNMENT|[34]|this.iTypeOfScreen|0|0x9090f0d
16:04:58.0 (56309692)|STATEMENT_EXECUTE|[51]
16:04:58.0 (56448610)|HEAP_ALLOCATE|[51]|Bytes:136
16:04:58.0 (56494081)|VARIABLE_ASSIGNMENT|[EXTERNAL]|this|{"isSAUser":false,"iTypeOfScreen":0}|0x9090f0d
16:04:58.0 (56506459)|VARIABLE_ASSIGNMENT|[EXTERNAL]|value|"https://au-portal.li (90 more) ..."
16:04:58.0 (56520409)|VARIABLE_ASSIGNMENT|[39]|this.urlReportsSFA|"https://au-portal.li (90 more) ..."|0x9090f0d
16:04:58.0 (56529296)|STATEMENT_EXECUTE|[53]
16:04:58.0 (56540644)|HEAP_ALLOCATE|[53]|Bytes:4
16:04:58.0 (56550811)|METHOD_ENTRY|[58]||System.UserInfo.getUserId()
16:04:58.0 (56564823)|METHOD_EXIT|[58]||System.UserInfo.getUserId()
16:04:58.0 (56946268)|SOQL_EXECUTE_BEGIN|[53]|Aggregations:0|SELECT SmallPhotoUrl, Account.Name, Account.RegionalOfficeId__r.RegionalOfficeName__c, Account.BranchId__r.BranchName__c, Name, Department, UserRole.Name, Profile.Name FROM User WHERE User.ID = :tmpVar1
16:04:58.0 (65501989)|SOQL_EXECUTE_END|[53]|Rows:1
16:04:58.0 (65544049)|HEAP_ALLOCATE|[53]|Bytes:8
16:04:58.0 (65588077)|HEAP_ALLOCATE|[53]|Bytes:276
16:04:58.0 (65639369)|HEAP_ALLOCATE|[53]|Bytes:8
16:04:58.0 (65679934)|HEAP_ALLOCATE|[53]|Bytes:32
16:04:58.0 (65773351)|VARIABLE_ASSIGNMENT|[EXTERNAL]|this|{"isSAUser":false,"iTypeOfScreen":0,"urlReportsSFA":"https://au-portal.li (90 more) ..."}|0x9090f0d
16:04:58.0 (65805033)|VARIABLE_ASSIGNMENT|[EXTERNAL]|value|{"SmallPhotoUrl":"/profilephoto/005/T","Name":"auPortal システム開発","UserRoleId":"00E6F000001SEaUUAW","ProfileId":"00e6F000002RS1oQAG","Id":"0056F000006PtYlQAK","UserRole":{"Name":"コンシューマ事業本部","Id":"00E6F000001SEaUUAW"},"Profile":{"Name":"System Administrator","Id":"00e6F000002RS1oQAG"}}|0x11a40853
16:04:58.0 (65842662)|VARIABLE_ASSIGNMENT|[38]|this.currentUser|{"SmallPhotoUrl":"/profilephoto/005/T","Name":"auPortal システム開発","UserRoleId":"00E6F000001SEaUUAW","ProfileId":"00e6F000002RS1oQAG","Id":"0056F000006PtYlQAK","UserRole":{"Name":"コンシューマ事業本部","Id":"00E6F000001SEaUUAW"},"Profile":{"Name":"System Administrator","Id":"00e6F000002RS1oQAG"}}|0x9090f0d
16:04:58.0 (65860706)|STATEMENT_EXECUTE|[60]
16:04:58.0 (65897380)|VARIABLE_ASSIGNMENT|[EXTERNAL]|this|{"currentUser":"0x11a40853","isSAUser":false,"iTypeOfScreen":0,"urlReportsSFA":"https://au-portal.li (90 more) ..."}|0x9090f0d
16:04:58.0 (65995070)|VARIABLE_ASSIGNMENT|[EXTERNAL]|this|{"currentUser":"0x11a40853","isSAUser":false,"iTypeOfScreen":0,"urlReportsSFA":"https://au-portal.li (90 more) ..."}|0x9090f0d
16:04:58.0 (66046940)|VARIABLE_ASSIGNMENT|[EXTERNAL]|this|{"currentUser":"0x11a40853","isSAUser":false,"iTypeOfScreen":0,"urlReportsSFA":"https://au-portal.li (90 more) ..."}|0x9090f0d
16:04:58.0 (66095116)|VARIABLE_ASSIGNMENT|[EXTERNAL]|this|{"currentUser":"0x11a40853","isSAUser":false,"iTypeOfScreen":0,"urlReportsSFA":"https://au-portal.li (90 more) ..."}|0x9090f0d
16:04:58.0 (66126670)|HEAP_ALLOCATE|[60]|Bytes:5
16:04:58.0 (66136370)|VARIABLE_ASSIGNMENT|[60]|this.isSAUser|false|0x9090f0d
16:04:58.0 (66714703)|SYSTEM_MODE_ENTER|true
16:04:58.0 (66754967)|HEAP_ALLOCATE|[EXTERNAL]|Bytes:44
16:04:58.0 (66774133)|VARIABLE_ASSIGNMENT|[EXTERNAL]|this.iCountComments|null|0x9090f0d
16:04:58.0 (66849256)|SYSTEM_MODE_ENTER|true
16:04:58.0 (66870827)|HEAP_ALLOCATE|[EXTERNAL]|Bytes:44
16:04:58.0 (66880975)|VARIABLE_ASSIGNMENT|[EXTERNAL]|this.iCountLikes|null|0x9090f0d
16:04:58.0 (67088272)|SYSTEM_MODE_ENTER|true
16:04:58.0 (67179099)|HEAP_ALLOCATE|[EXTERNAL]|Bytes:32
16:04:58.0 (67194897)|VARIABLE_SCOPE_BEGIN|[11]|this|auSwitchScreenCtrl|true|false
16:04:58.0 (67256592)|VARIABLE_ASSIGNMENT|[11]|this|{"isCommunityUser":false,"isIPhone":false,"isKDDIKnowledgeActivities":false,"isKDDIKnowledgeOnly":false,"isKDDIUser":true,"isSAorEvolvaUser":false,"isSystemAdministrator":true}|0x71dc0ca2
16:04:58.0 (67278385)|SYSTEM_MODE_ENTER|false
16:04:58.0 (67289190)|HEAP_ALLOCATE|[11]|Bytes:5
16:04:58.0 (67296576)|STATEMENT_EXECUTE|[11]
16:04:58.0 (67299500)|STATEMENT_EXECUTE|[11]
16:04:58.0 (67310883)|SYSTEM_MODE_EXIT|false
16:04:58.0 (67395123)|SYSTEM_MODE_ENTER|true
16:04:58.0 (67416307)|HEAP_ALLOCATE|[EXTERNAL]|Bytes:8
16:04:58.0 (67421980)|HEAP_ALLOCATE|[EXTERNAL]|Bytes:44
16:04:58.0 (67431685)|VARIABLE_ASSIGNMENT|[EXTERNAL]|this.iTypeOfScreen|0|0x9090f0d
16:04:58.0 (67621942)|SYSTEM_MODE_ENTER|true
16:04:58.0 (67678248)|HEAP_ALLOCATE|[EXTERNAL]|Bytes:44
16:04:58.0 (67690462)|VARIABLE_SCOPE_BEGIN|[204]|this|auMainTopCompCtrl|true|false
16:04:58.0 (67750865)|VARIABLE_ASSIGNMENT|[204]|this|{"currentUser":"0x11a40853","isSAUser":false,"iTypeOfScreen":0,"urlReportsSFA":"https://au-portal.li (90 more) ..."}|0x9090f0d
16:04:58.0 (67762994)|STATEMENT_EXECUTE|[204]
16:04:58.0 (67816147)|VARIABLE_ASSIGNMENT|[EXTERNAL]|this|{"currentUser":"0x11a40853","isSAUser":false,"iTypeOfScreen":0,"urlReportsSFA":"https://au-portal.li (90 more) ..."}|0x9090f0d
16:04:58.0 (67867590)|VARIABLE_ASSIGNMENT|[EXTERNAL]|this|{"currentUser":"0x11a40853","isSAUser":false,"iTypeOfScreen":0,"urlReportsSFA":"https://au-portal.li (90 more) ..."}|0x9090f0d
16:04:58.0 (67904873)|VARIABLE_ASSIGNMENT|[EXTERNAL]|this|{"currentUser":"0x11a40853","isSAUser":false,"iTypeOfScreen":0,"urlReportsSFA":"https://au-portal.li (90 more) ..."}|0x9090f0d
16:04:58.0 (67968281)|VARIABLE_ASSIGNMENT|[EXTERNAL]|this|{"currentUser":"0x11a40853","isSAUser":false,"iTypeOfScreen":0,"urlReportsSFA":"https://au-portal.li (90 more) ..."}|0x9090f0d
16:04:58.0 (68022040)|VARIABLE_ASSIGNMENT|[EXTERNAL]|this|{"currentUser":"0x11a40853","isSAUser":false,"iTypeOfScreen":0,"urlReportsSFA":"https://au-portal.li (90 more) ..."}|0x9090f0d
16:04:58.0 (68040875)|STATEMENT_EXECUTE|[213]
16:04:58.0 (68043838)|STATEMENT_EXECUTE|[214]
16:04:58.0 (68159968)|SYSTEM_MODE_ENTER|true
16:04:58.0 (68505906)|HEAP_ALLOCATE|[EXTERNAL]|Bytes:44
16:04:58.0 (68520014)|VARIABLE_SCOPE_BEGIN|[218]|this|auMainTopCompCtrl|true|false
16:04:58.0 (68826935)|VARIABLE_ASSIGNMENT|[218]|this|{"currentUser":"0x11a40853","isSAUser":false,"iTypeOfScreen":0,"urlReportsSFA":"https://au-portal.li (90 more) ..."}|0x9090f0d
16:04:58.0 (68846074)|STATEMENT_EXECUTE|[218]
16:04:58.0 (68928367)|VARIABLE_ASSIGNMENT|[EXTERNAL]|this|{"currentUser":"0x11a40853","isSAUser":false,"iTypeOfScreen":0,"urlReportsSFA":"https://au-portal.li (90 more) ..."}|0x9090f0d
16:04:58.0 (68998864)|VARIABLE_ASSIGNMENT|[EXTERNAL]|this|{"currentUser":"0x11a40853","isSAUser":false,"iTypeOfScreen":0,"urlReportsSFA":"https://au-portal.li (90 more) ..."}|0x9090f0d
16:04:58.0 (69053665)|VARIABLE_ASSIGNMENT|[EXTERNAL]|this|{"currentUser":"0x11a40853","isSAUser":false,"iTypeOfScreen":0,"urlReportsSFA":"https://au-portal.li (90 more) ..."}|0x9090f0d
16:04:58.0 (69115542)|VARIABLE_ASSIGNMENT|[EXTERNAL]|this|{"currentUser":"0x11a40853","isSAUser":false,"iTypeOfScreen":0,"urlReportsSFA":"https://au-portal.li (90 more) ..."}|0x9090f0d
16:04:58.0 (69172430)|VARIABLE_ASSIGNMENT|[EXTERNAL]|this|{"currentUser":"0x11a40853","isSAUser":false,"iTypeOfScreen":0,"urlReportsSFA":"https://au-portal.li (90 more) ..."}|0x9090f0d
16:04:58.0 (69193119)|STATEMENT_EXECUTE|[227]
16:04:58.0 (69196369)|STATEMENT_EXECUTE|[228]
16:04:58.0 (70717816)|SYSTEM_MODE_ENTER|true
16:04:58.0 (72460168)|SYSTEM_MODE_ENTER|true
16:04:58.0 (72508546)|HEAP_ALLOCATE|[EXTERNAL]|Bytes:44
16:04:58.0 (72518902)|VARIABLE_SCOPE_BEGIN|[67]|this|auMainTopCompCtrl|true|false
16:04:58.0 (72561521)|VARIABLE_ASSIGNMENT|[67]|this|{"currentUser":"0x11a40853","isSAUser":false,"iTypeOfScreen":0,"urlReportsSFA":"https://au-portal.li (90 more) ..."}|0x9090f0d
16:04:58.0 (72573005)|STATEMENT_EXECUTE|[67]
16:04:58.0 (72575022)|STATEMENT_EXECUTE|[68]
16:04:58.0 (72618534)|VARIABLE_ASSIGNMENT|[EXTERNAL]|this|{"currentUser":"0x11a40853","isSAUser":false,"iTypeOfScreen":0,"urlReportsSFA":"https://au-portal.li (90 more) ..."}|0x9090f0d
16:04:58.0 (72667293)|VARIABLE_ASSIGNMENT|[EXTERNAL]|this|{"currentUser":"0x11a40853","isSAUser":false,"iTypeOfScreen":0,"urlReportsSFA":"https://au-portal.li (90 more) ..."}|0x9090f0d
16:04:58.0 (72707002)|VARIABLE_ASSIGNMENT|[EXTERNAL]|this|{"currentUser":"0x11a40853","isSAUser":false,"iTypeOfScreen":0,"urlReportsSFA":"https://au-portal.li (90 more) ..."}|0x9090f0d
16:04:58.0 (72722804)|HEAP_ALLOCATE|[68]|Bytes:5
16:04:58.0 (72800828)|SYSTEM_MODE_ENTER|true
16:04:58.0 (72836217)|HEAP_ALLOCATE|[EXTERNAL]|Bytes:44
16:04:58.0 (72844806)|VARIABLE_SCOPE_BEGIN|[73]|this|auMainTopCompCtrl|true|false
16:04:58.0 (72878033)|VARIABLE_ASSIGNMENT|[73]|this|{"currentUser":"0x11a40853","isSAUser":false,"iTypeOfScreen":0,"urlReportsSFA":"https://au-portal.li (90 more) ..."}|0x9090f0d
16:04:58.0 (72887422)|STATEMENT_EXECUTE|[73]
16:04:58.0 (72889383)|STATEMENT_EXECUTE|[74]
16:04:58.0 (72925027)|VARIABLE_ASSIGNMENT|[EXTERNAL]|this|{"currentUser":"0x11a40853","isSAUser":false,"iTypeOfScreen":0,"urlReportsSFA":"https://au-portal.li (90 more) ..."}|0x9090f0d
16:04:58.0 (72965693)|VARIABLE_ASSIGNMENT|[EXTERNAL]|this|{"currentUser":"0x11a40853","isSAUser":false,"iTypeOfScreen":0,"urlReportsSFA":"https://au-portal.li (90 more) ..."}|0x9090f0d
16:04:58.0 (72979417)|HEAP_ALLOCATE|[74]|Bytes:5
16:04:58.0 (73047138)|SYSTEM_MODE_ENTER|true
16:04:58.0 (73079922)|HEAP_ALLOCATE|[EXTERNAL]|Bytes:44
16:04:58.0 (73087790)|VARIABLE_SCOPE_BEGIN|[83]|this|auMainTopCompCtrl|true|false
16:04:58.0 (73120091)|VARIABLE_ASSIGNMENT|[83]|this|{"currentUser":"0x11a40853","isSAUser":false,"iTypeOfScreen":0,"urlReportsSFA":"https://au-portal.li (90 more) ..."}|0x9090f0d
16:04:58.0 (73128912)|STATEMENT_EXECUTE|[83]
16:04:58.0 (73130631)|STATEMENT_EXECUTE|[84]
16:04:58.0 (73169292)|VARIABLE_ASSIGNMENT|[EXTERNAL]|this|{"currentUser":"0x11a40853","isSAUser":false,"iTypeOfScreen":0,"urlReportsSFA":"https://au-portal.li (90 more) ..."}|0x9090f0d
16:04:58.0 (73211838)|VARIABLE_ASSIGNMENT|[EXTERNAL]|this|{"currentUser":"0x11a40853","isSAUser":false,"iTypeOfScreen":0,"urlReportsSFA":"https://au-portal.li (90 more) ..."}|0x9090f0d
16:04:58.0 (73226311)|HEAP_ALLOCATE|[84]|Bytes:5
16:04:58.0 (73292107)|SYSTEM_MODE_ENTER|true
16:04:58.0 (73323247)|HEAP_ALLOCATE|[EXTERNAL]|Bytes:44
16:04:58.0 (73330973)|VARIABLE_SCOPE_BEGIN|[100]|this|auMainTopCompCtrl|true|false
16:04:58.0 (73362091)|VARIABLE_ASSIGNMENT|[100]|this|{"currentUser":"0x11a40853","isSAUser":false,"iTypeOfScreen":0,"urlReportsSFA":"https://au-portal.li (90 more) ..."}|0x9090f0d
16:04:58.0 (73371129)|STATEMENT_EXECUTE|[100]
16:04:58.0 (73373087)|STATEMENT_EXECUTE|[101]
16:04:58.0 (73406594)|VARIABLE_ASSIGNMENT|[EXTERNAL]|this|{"currentUser":"0x11a40853","isSAUser":false,"iTypeOfScreen":0,"urlReportsSFA":"https://au-portal.li (90 more) ..."}|0x9090f0d
16:04:58.0 (73446250)|VARIABLE_ASSIGNMENT|[EXTERNAL]|this|{"currentUser":"0x11a40853","isSAUser":false,"iTypeOfScreen":0,"urlReportsSFA":"https://au-portal.li (90 more) ..."}|0x9090f0d
16:04:58.0 (73485353)|VARIABLE_ASSIGNMENT|[EXTERNAL]|this|{"currentUser":"0x11a40853","isSAUser":false,"iTypeOfScreen":0,"urlReportsSFA":"https://au-portal.li (90 more) ..."}|0x9090f0d
16:04:58.0 (73499425)|HEAP_ALLOCATE|[101]|Bytes:5
16:04:58.0 (73588800)|SYSTEM_MODE_ENTER|true
16:04:58.0 (73620216)|HEAP_ALLOCATE|[EXTERNAL]|Bytes:32
16:04:58.0 (73627571)|VARIABLE_SCOPE_BEGIN|[69]|this|auSwitchScreenCtrl|true|false
16:04:58.0 (73657514)|VARIABLE_ASSIGNMENT|[69]|this|{"isCommunityUser":false,"isIPhone":false,"isKDDIKnowledgeActivities":false,"isKDDIKnowledgeOnly":false,"isKDDIUser":true,"isSAorEvolvaUser":false,"isSystemAdministrator":true}|0x71dc0ca2
16:04:58.0 (73670963)|SYSTEM_MODE_ENTER|false
16:04:58.0 (73676592)|HEAP_ALLOCATE|[71]|Bytes:5
16:04:58.0 (73681168)|STATEMENT_EXECUTE|[69]
16:04:58.0 (73682890)|STATEMENT_EXECUTE|[71]
16:04:58.0 (73721434)|VARIABLE_ASSIGNMENT|[EXTERNAL]|this|{"isCommunityUser":false,"isIPhone":false,"isKDDIKnowledgeActivities":false,"isKDDIKnowledgeOnly":false,"isKDDIUser":true,"isSAorEvolvaUser":false,"isSystemAdministrator":true}|0x71dc0ca2
16:04:58.0 (73737337)|HEAP_ALLOCATE|[71]|Bytes:5
16:04:58.0 (73743651)|SYSTEM_MODE_EXIT|false
16:04:58.0 (73749396)|HEAP_ALLOCATE|[71]|Bytes:5
16:04:58.0 (73819035)|SYSTEM_MODE_ENTER|true
16:04:58.0 (73849251)|HEAP_ALLOCATE|[EXTERNAL]|Bytes:32
16:04:58.0 (73856397)|VARIABLE_SCOPE_BEGIN|[75]|this|auSwitchScreenCtrl|true|false
16:04:58.0 (73883239)|VARIABLE_ASSIGNMENT|[75]|this|{"isCommunityUser":false,"isIPhone":false,"isKDDIKnowledgeActivities":false,"isKDDIKnowledgeOnly":false,"isKDDIUser":true,"isSAorEvolvaUser":false,"isSystemAdministrator":true}|0x71dc0ca2
16:04:58.0 (73896144)|SYSTEM_MODE_ENTER|false
16:04:58.0 (73901240)|HEAP_ALLOCATE|[77]|Bytes:5
16:04:58.0 (73905689)|STATEMENT_EXECUTE|[75]
16:04:58.0 (73907371)|STATEMENT_EXECUTE|[77]
16:04:58.0 (73940353)|VARIABLE_ASSIGNMENT|[EXTERNAL]|this|{"isCommunityUser":false,"isIPhone":false,"isKDDIKnowledgeActivities":false,"isKDDIKnowledgeOnly":false,"isKDDIUser":true,"isSAorEvolvaUser":false,"isSystemAdministrator":true}|0x71dc0ca2
16:04:58.0 (73976507)|VARIABLE_ASSIGNMENT|[EXTERNAL]|this|{"isCommunityUser":false,"isIPhone":false,"isKDDIKnowledgeActivities":false,"isKDDIKnowledgeOnly":false,"isKDDIUser":true,"isSAorEvolvaUser":false,"isSystemAdministrator":true}|0x71dc0ca2
16:04:58.0 (73990965)|HEAP_ALLOCATE|[77]|Bytes:5
16:04:58.0 (73996761)|SYSTEM_MODE_EXIT|false
16:04:58.0 (74001750)|HEAP_ALLOCATE|[77]|Bytes:5
16:04:58.0 (74071583)|SYSTEM_MODE_ENTER|true
16:04:58.0 (74101681)|HEAP_ALLOCATE|[EXTERNAL]|Bytes:32
16:04:58.0 (74108690)|VARIABLE_SCOPE_BEGIN|[81]|this|auSwitchScreenCtrl|true|false
16:04:58.0 (74134511)|VARIABLE_ASSIGNMENT|[81]|this|{"isCommunityUser":false,"isIPhone":false,"isKDDIKnowledgeActivities":false,"isKDDIKnowledgeOnly":false,"isKDDIUser":true,"isSAorEvolvaUser":false,"isSystemAdministrator":true}|0x71dc0ca2
16:04:58.0 (74151317)|SYSTEM_MODE_ENTER|false
16:04:58.0 (74156551)|HEAP_ALLOCATE|[83]|Bytes:5
16:04:58.0 (74161752)|STATEMENT_EXECUTE|[81]
16:04:58.0 (74163466)|STATEMENT_EXECUTE|[83]
16:04:58.0 (74195400)|VARIABLE_ASSIGNMENT|[EXTERNAL]|this|{"isCommunityUser":false,"isIPhone":false,"isKDDIKnowledgeActivities":false,"isKDDIKnowledgeOnly":false,"isKDDIUser":true,"isSAorEvolvaUser":false,"isSystemAdministrator":true}|0x71dc0ca2
16:04:58.0 (74227642)|VARIABLE_ASSIGNMENT|[EXTERNAL]|this|{"isCommunityUser":false,"isIPhone":false,"isKDDIKnowledgeActivities":false,"isKDDIKnowledgeOnly":false,"isKDDIUser":true,"isSAorEvolvaUser":false,"isSystemAdministrator":true}|0x71dc0ca2
16:04:58.0 (74239404)|HEAP_ALLOCATE|[83]|Bytes:5
16:04:58.0 (74244944)|SYSTEM_MODE_EXIT|false
16:04:58.0 (74249338)|HEAP_ALLOCATE|[83]|Bytes:5
16:04:58.0 (74315507)|SYSTEM_MODE_ENTER|true
16:04:58.0 (74344733)|HEAP_ALLOCATE|[EXTERNAL]|Bytes:32
16:04:58.0 (74351705)|VARIABLE_SCOPE_BEGIN|[99]|this|auSwitchScreenCtrl|true|false
16:04:58.0 (74377561)|VARIABLE_ASSIGNMENT|[99]|this|{"isCommunityUser":false,"isIPhone":false,"isKDDIKnowledgeActivities":false,"isKDDIKnowledgeOnly":false,"isKDDIUser":true,"isSAorEvolvaUser":false,"isSystemAdministrator":true}|0x71dc0ca2
16:04:58.0 (74389391)|SYSTEM_MODE_ENTER|false
16:04:58.0 (74394430)|HEAP_ALLOCATE|[101]|Bytes:5
16:04:58.0 (74398695)|STATEMENT_EXECUTE|[99]
16:04:58.0 (74400276)|STATEMENT_EXECUTE|[101]
16:04:58.0 (74431188)|VARIABLE_ASSIGNMENT|[EXTERNAL]|this|{"isCommunityUser":false,"isIPhone":false,"isKDDIKnowledgeActivities":false,"isKDDIKnowledgeOnly":false,"isKDDIUser":true,"isSAorEvolvaUser":false,"isSystemAdministrator":true}|0x71dc0ca2
16:04:58.0 (74443563)|SYSTEM_MODE_EXIT|false
16:04:58.0 (74521365)|SYSTEM_MODE_ENTER|true
16:04:58.0 (74562909)|HEAP_ALLOCATE|[EXTERNAL]|Bytes:32
16:04:58.0 (74570937)|VARIABLE_SCOPE_BEGIN|[93]|this|auSwitchScreenCtrl|true|false
16:04:58.0 (74598967)|VARIABLE_ASSIGNMENT|[93]|this|{"isCommunityUser":false,"isIPhone":false,"isKDDIKnowledgeActivities":false,"isKDDIKnowledgeOnly":false,"isKDDIUser":true,"isSAorEvolvaUser":false,"isSystemAdministrator":true}|0x71dc0ca2
16:04:58.0 (74611588)|SYSTEM_MODE_ENTER|false
16:04:58.0 (74617028)|HEAP_ALLOCATE|[95]|Bytes:5
16:04:58.0 (74622114)|STATEMENT_EXECUTE|[93]
16:04:58.0 (74623997)|STATEMENT_EXECUTE|[95]
16:04:58.0 (74655280)|VARIABLE_ASSIGNMENT|[EXTERNAL]|this|{"isCommunityUser":false,"isIPhone":false,"isKDDIKnowledgeActivities":false,"isKDDIKnowledgeOnly":false,"isKDDIUser":true,"isSAorEvolvaUser":false,"isSystemAdministrator":true}|0x71dc0ca2
16:04:58.0 (74668375)|SYSTEM_MODE_EXIT|false
16:04:58.0 (74736248)|SYSTEM_MODE_ENTER|true
16:04:58.0 (74764881)|HEAP_ALLOCATE|[EXTERNAL]|Bytes:32
16:04:58.0 (74775398)|VARIABLE_SCOPE_BEGIN|[105]|this|auSwitchScreenCtrl|true|false
16:04:58.0 (74801429)|VARIABLE_ASSIGNMENT|[105]|this|{"isCommunityUser":false,"isIPhone":false,"isKDDIKnowledgeActivities":false,"isKDDIKnowledgeOnly":false,"isKDDIUser":true,"isSAorEvolvaUser":false,"isSystemAdministrator":true}|0x71dc0ca2
16:04:58.0 (74812749)|SYSTEM_MODE_ENTER|false
16:04:58.0 (74817702)|HEAP_ALLOCATE|[107]|Bytes:5
16:04:58.0 (74821811)|STATEMENT_EXECUTE|[105]
16:04:58.0 (74823555)|STATEMENT_EXECUTE|[107]
16:04:58.0 (74854584)|VARIABLE_ASSIGNMENT|[EXTERNAL]|this|{"isCommunityUser":false,"isIPhone":false,"isKDDIKnowledgeActivities":false,"isKDDIKnowledgeOnly":false,"isKDDIUser":true,"isSAorEvolvaUser":false,"isSystemAdministrator":true}|0x71dc0ca2
16:04:58.0 (74866913)|SYSTEM_MODE_EXIT|false
16:04:58.0 (74931852)|SYSTEM_MODE_ENTER|true
16:04:58.0 (74960273)|HEAP_ALLOCATE|[EXTERNAL]|Bytes:32
16:04:58.0 (74967561)|VARIABLE_SCOPE_BEGIN|[87]|this|auSwitchScreenCtrl|true|false
16:04:58.0 (74993975)|VARIABLE_ASSIGNMENT|[87]|this|{"isCommunityUser":false,"isIPhone":false,"isKDDIKnowledgeActivities":false,"isKDDIKnowledgeOnly":false,"isKDDIUser":true,"isSAorEvolvaUser":false,"isSystemAdministrator":true}|0x71dc0ca2
16:04:58.0 (75004736)|SYSTEM_MODE_ENTER|false
16:04:58.0 (75010327)|HEAP_ALLOCATE|[89]|Bytes:5
16:04:58.0 (75014596)|STATEMENT_EXECUTE|[87]
16:04:58.0 (75016351)|STATEMENT_EXECUTE|[89]
16:04:58.0 (75047578)|VARIABLE_ASSIGNMENT|[EXTERNAL]|this|{"isCommunityUser":false,"isIPhone":false,"isKDDIKnowledgeActivities":false,"isKDDIKnowledgeOnly":false,"isKDDIUser":true,"isSAorEvolvaUser":false,"isSystemAdministrator":true}|0x71dc0ca2
16:04:58.0 (75059222)|SYSTEM_MODE_EXIT|false
16:04:58.0 (75122838)|SYSTEM_MODE_ENTER|true
16:04:58.0 (75156152)|HEAP_ALLOCATE|[EXTERNAL]|Bytes:32
16:04:58.0 (75163722)|VARIABLE_SCOPE_BEGIN|[111]|this|auSwitchScreenCtrl|true|false
16:04:58.0 (75189397)|VARIABLE_ASSIGNMENT|[111]|this|{"isCommunityUser":false,"isIPhone":false,"isKDDIKnowledgeActivities":false,"isKDDIKnowledgeOnly":false,"isKDDIUser":true,"isSAorEvolvaUser":false,"isSystemAdministrator":true}|0x71dc0ca2
16:04:58.0 (75201065)|SYSTEM_MODE_ENTER|false
16:04:58.0 (75206348)|HEAP_ALLOCATE|[113]|Bytes:5
16:04:58.0 (75210435)|STATEMENT_EXECUTE|[111]
16:04:58.0 (75212146)|STATEMENT_EXECUTE|[113]
16:04:58.0 (75242395)|VARIABLE_ASSIGNMENT|[EXTERNAL]|this|{"isCommunityUser":false,"isIPhone":false,"isKDDIKnowledgeActivities":false,"isKDDIKnowledgeOnly":false,"isKDDIUser":true,"isSAorEvolvaUser":false,"isSystemAdministrator":true}|0x71dc0ca2
16:04:58.0 (75274528)|VARIABLE_ASSIGNMENT|[EXTERNAL]|this|{"isCommunityUser":false,"isIPhone":false,"isKDDIKnowledgeActivities":false,"isKDDIKnowledgeOnly":false,"isKDDIUser":true,"isSAorEvolvaUser":false,"isSystemAdministrator":true}|0x71dc0ca2
16:04:58.0 (75286287)|HEAP_ALLOCATE|[113]|Bytes:5
16:04:58.0 (75291277)|SYSTEM_MODE_EXIT|false
16:04:58.0 (75295600)|HEAP_ALLOCATE|[113]|Bytes:5
16:04:58.0 (75358451)|SYSTEM_MODE_ENTER|true
16:04:58.0 (75386537)|HEAP_ALLOCATE|[EXTERNAL]|Bytes:32
16:04:58.0 (75393521)|VARIABLE_SCOPE_BEGIN|[117]|this|auSwitchScreenCtrl|true|false
16:04:58.0 (75419835)|VARIABLE_ASSIGNMENT|[117]|this|{"isCommunityUser":false,"isIPhone":false,"isKDDIKnowledgeActivities":false,"isKDDIKnowledgeOnly":false,"isKDDIUser":true,"isSAorEvolvaUser":false,"isSystemAdministrator":true}|0x71dc0ca2
16:04:58.0 (75430827)|SYSTEM_MODE_ENTER|false
16:04:58.0 (75436662)|HEAP_ALLOCATE|[119]|Bytes:5
16:04:58.0 (75441144)|STATEMENT_EXECUTE|[117]
16:04:58.0 (75442903)|STATEMENT_EXECUTE|[119]
16:04:58.0 (75474186)|VARIABLE_ASSIGNMENT|[EXTERNAL]|this|{"isCommunityUser":false,"isIPhone":false,"isKDDIKnowledgeActivities":false,"isKDDIKnowledgeOnly":false,"isKDDIUser":true,"isSAorEvolvaUser":false,"isSystemAdministrator":true}|0x71dc0ca2
16:04:58.0 (75506563)|VARIABLE_ASSIGNMENT|[EXTERNAL]|this|{"isCommunityUser":false,"isIPhone":false,"isKDDIKnowledgeActivities":false,"isKDDIKnowledgeOnly":false,"isKDDIUser":true,"isSAorEvolvaUser":false,"isSystemAdministrator":true}|0x71dc0ca2
16:04:58.0 (75517865)|HEAP_ALLOCATE|[119]|Bytes:5
16:04:58.0 (75523191)|SYSTEM_MODE_EXIT|false
16:04:58.0 (75528009)|HEAP_ALLOCATE|[119]|Bytes:5
16:04:58.0 (75599019)|SYSTEM_MODE_ENTER|true
16:04:58.0 (77257143)|SYSTEM_MODE_ENTER|true
16:04:58.0 (77306486)|HEAP_ALLOCATE|[EXTERNAL]|Bytes:240
16:04:58.0 (77314575)|HEAP_ALLOCATE|[EXTERNAL]|Bytes:14
16:04:58.0 (77325831)|METHOD_ENTRY|[1]|01p6F000006ymET|auSwitchScreenBtmCompCtrl.auSwitchScreenBtmCompCtrl()
16:04:58.0 (77331429)|STATEMENT_EXECUTE|[1]
16:04:58.0 (77335388)|STATEMENT_EXECUTE|[1]
16:04:58.0 (77339981)|METHOD_EXIT|[1]|auSwitchScreenBtmCompCtrl
16:04:58.0 (77355269)|HEAP_ALLOCATE|[EXTERNAL]|Bytes:28
16:04:58.0 (77360711)|VARIABLE_SCOPE_BEGIN|[10]|this|auSwitchScreenBtmCompCtrl|true|false
16:04:58.0 (77397683)|VARIABLE_ASSIGNMENT|[10]|this|{}|0x634b7477
16:04:58.0 (77406956)|STATEMENT_EXECUTE|[1]
16:04:58.0 (77408940)|STATEMENT_EXECUTE|[3]
16:04:58.0 (77410558)|STATEMENT_EXECUTE|[4]
16:04:58.0 (77411948)|STATEMENT_EXECUTE|[5]
16:04:58.0 (77413418)|STATEMENT_EXECUTE|[6]
16:04:58.0 (77414815)|STATEMENT_EXECUTE|[7]
16:04:58.0 (77416224)|STATEMENT_EXECUTE|[8]
16:04:58.0 (77432503)|STATEMENT_EXECUTE|[10]
16:04:58.0 (77434737)|STATEMENT_EXECUTE|[12]
16:04:58.0 (77602804)|HEAP_ALLOCATE|[12]|Bytes:136
16:04:58.0 (77663433)|VARIABLE_ASSIGNMENT|[EXTERNAL]|this|{}|0x634b7477
16:04:58.0 (77678480)|VARIABLE_ASSIGNMENT|[EXTERNAL]|value|"https://c.ap4.conten (102 more) ..."
16:04:58.0 (77690872)|VARIABLE_ASSIGNMENT|[4]|this.urlDailyReportManual|"https://c.ap4.conten (102 more) ..."|0x634b7477
16:04:58.0 (77701022)|STATEMENT_EXECUTE|[13]
16:04:58.0 (77795258)|HEAP_ALLOCATE|[13]|Bytes:136
16:04:58.0 (77848473)|VARIABLE_ASSIGNMENT|[EXTERNAL]|this|{"urlDailyReportManual":"https://c.ap4.conten (102 more) ..."}|0x634b7477
16:04:58.0 (77860844)|VARIABLE_ASSIGNMENT|[EXTERNAL]|value|"https://ap4.salesfor (84 more) ..."
16:04:58.0 (77871384)|VARIABLE_ASSIGNMENT|[5]|this.urlExternalCxSTPDManual|"https://ap4.salesfor (84 more) ..."|0x634b7477
16:04:58.0 (77880907)|STATEMENT_EXECUTE|[14]
16:04:58.0 (77966721)|HEAP_ALLOCATE|[14]|Bytes:136
16:04:58.0 (78019347)|VARIABLE_ASSIGNMENT|[EXTERNAL]|this|{"urlDailyReportManual":"https://c.ap4.conten (102 more) ...","urlExternalCxSTPDManual":"https://ap4.salesfor (84 more) ..."}|0x634b7477
16:04:58.0 (78032126)|VARIABLE_ASSIGNMENT|[EXTERNAL]|value|"https://c.ap4.conten (102 more) ..."
16:04:58.0 (78042717)|VARIABLE_ASSIGNMENT|[6]|this.urlInternalCxSTPDManual|"https://c.ap4.conten (102 more) ..."|0x634b7477
16:04:58.0 (78051282)|STATEMENT_EXECUTE|[16]
16:04:58.0 (78064124)|HEAP_ALLOCATE|[16]|Bytes:4
16:04:58.0 (78077390)|METHOD_ENTRY|[18]||System.UserInfo.getUserId()
16:04:58.0 (78102421)|METHOD_EXIT|[18]||System.UserInfo.getUserId()
16:04:58.0 (78297380)|SOQL_EXECUTE_BEGIN|[16]|Aggregations:0|SELECT Profile.Name FROM User WHERE User.ID = :tmpVar1
16:04:58.0 (82808453)|SOQL_EXECUTE_END|[16]|Rows:1
16:04:58.0 (82835991)|HEAP_ALLOCATE|[16]|Bytes:8
16:04:58.0 (82854211)|HEAP_ALLOCATE|[16]|Bytes:127
16:04:58.0 (82878992)|HEAP_ALLOCATE|[16]|Bytes:8
16:04:58.0 (82902368)|HEAP_ALLOCATE|[16]|Bytes:16
16:04:58.0 (82911032)|VARIABLE_SCOPE_BEGIN|[16]|currentUser|User|true|false
16:04:58.0 (82937223)|VARIABLE_ASSIGNMENT|[16]|currentUser|{"ProfileId":"00e6F000002RS1oQAG","Id":"0056F000006PtYlQAK","Profile":{"Name":"System Administrator","Id":"00e6F000002RS1oQAG"}}|0x54fe3bd3
16:04:58.0 (82944565)|STATEMENT_EXECUTE|[20]
16:04:58.0 (83133338)|VARIABLE_ASSIGNMENT|[EXTERNAL]|this|{"urlDailyReportManual":"https://c.ap4.conten (102 more) ...","urlExternalCxSTPDManual":"https://ap4.salesfor (84 more) ...","urlInternalCxSTPDManual":"https://c.ap4.conten (102 more) ..."}|0x634b7477
16:04:58.0 (83155751)|VARIABLE_ASSIGNMENT|[EXTERNAL]|value|false
16:04:58.0 (83163780)|HEAP_ALLOCATE|[7]|Bytes:5
16:04:58.0 (83172987)|VARIABLE_ASSIGNMENT|[7]|this.isCommunityUser|false|0x634b7477
16:04:58.0 (83187754)|STATEMENT_EXECUTE|[24]
16:04:58.0 (83259412)|VARIABLE_ASSIGNMENT|[EXTERNAL]|this|{"isCommunityUser":false,"urlDailyReportManual":"https://c.ap4.conten (102 more) ...","urlExternalCxSTPDManual":"https://ap4.salesfor (84 more) ...","urlInternalCxSTPDManual":"https://c.ap4.conten (102 more) ..."}|0x634b7477
16:04:58.0 (83274155)|VARIABLE_ASSIGNMENT|[EXTERNAL]|value|""
16:04:58.0 (83284306)|VARIABLE_ASSIGNMENT|[3]|this.urlSFDCHome|""|0x634b7477
16:04:58.0 (83331476)|VARIABLE_ASSIGNMENT|[EXTERNAL]|this|{"isCommunityUser":false,"urlDailyReportManual":"https://c.ap4.conten (102 more) ...","urlExternalCxSTPDManual":"https://ap4.salesfor (84 more) ...","urlInternalCxSTPDManual":"https://c.ap4.conten (102 more) ...","urlSFDCHome":""}|0x634b7477
16:04:58.0 (83349869)|STATEMENT_EXECUTE|[25]
16:04:58.0 (83352504)|STATEMENT_EXECUTE|[26]
16:04:58.0 (83516482)|HEAP_ALLOCATE|[26]|Bytes:136
16:04:58.0 (83601301)|VARIABLE_ASSIGNMENT|[EXTERNAL]|this|{"isCommunityUser":false,"urlDailyReportManual":"https://c.ap4.conten (102 more) ...","urlExternalCxSTPDManual":"https://ap4.salesfor (84 more) ...","urlInternalCxSTPDManual":"https://c.ap4.conten (102 more) ...","urlSFDCHome":""}|0x634b7477
16:04:58.0 (83623155)|VARIABLE_ASSIGNMENT|[EXTERNAL]|value|"https://au-portal.li (49 more) ..."
16:04:58.0 (83639530)|VARIABLE_ASSIGNMENT|[3]|this.urlSFDCHome|"https://au-portal.li (49 more) ..."|0x634b7477
16:04:58.0 (83653974)|STATEMENT_EXECUTE|[27]
16:04:58.0 (83796859)|HEAP_ALLOCATE|[27]|Bytes:136
16:04:58.0 (83890925)|VARIABLE_ASSIGNMENT|[EXTERNAL]|this|{"isCommunityUser":false,"urlDailyReportManual":"https://c.ap4.conten (102 more) ...","urlExternalCxSTPDManual":"https://ap4.salesfor (84 more) ...","urlInternalCxSTPDManual":"https://c.ap4.conten (102 more) ...","urlSFDCHome":"https://au-portal.li (49 more) ..."}|0x634b7477
16:04:58.0 (83915856)|VARIABLE_ASSIGNMENT|[EXTERNAL]|value|"http://lucas-idp.kdd (77 more) ..."
16:04:58.0 (83933197)|VARIABLE_ASSIGNMENT|[8]|this.urlSingleSignOn|"http://lucas-idp.kdd (77 more) ..."|0x634b7477
16:04:58.0 (84484136)|SYSTEM_MODE_ENTER|true
16:04:58.0 (84609811)|SYSTEM_MODE_ENTER|true
16:04:58.0 (86039162)|SYSTEM_MODE_ENTER|true
16:04:58.0 (86076237)|HEAP_ALLOCATE|[EXTERNAL]|Bytes:44
16:04:58.0 (86092857)|VARIABLE_ASSIGNMENT|[EXTERNAL]|this.iCountComments|null|0x9090f0d
16:04:58.0 (86158625)|SYSTEM_MODE_ENTER|true
16:04:58.0 (86181864)|HEAP_ALLOCATE|[EXTERNAL]|Bytes:44
16:04:58.0 (86194415)|VARIABLE_ASSIGNMENT|[EXTERNAL]|this.iCountLikes|null|0x9090f0d
16:04:58.0 (86296875)|SYSTEM_MODE_ENTER|true
16:04:58.0 (86316404)|HEAP_ALLOCATE|[EXTERNAL]|Bytes:8
16:04:58.0 (86321958)|HEAP_ALLOCATE|[EXTERNAL]|Bytes:44
16:04:58.0 (86331617)|VARIABLE_ASSIGNMENT|[EXTERNAL]|this.iTypeOfScreen|0|0x9090f0d
16:04:58.0 (86571274)|SYSTEM_MODE_ENTER|true
16:04:58.0 (86615476)|HEAP_ALLOCATE|[EXTERNAL]|Bytes:44
16:04:58.0 (86624098)|VARIABLE_SCOPE_BEGIN|[204]|this|auMainTopCompCtrl|true|false
16:04:58.0 (86690857)|VARIABLE_ASSIGNMENT|[204]|this|{"currentUser":"0x11a40853","isSAUser":false,"iTypeOfScreen":0,"urlReportsSFA":"https://au-portal.li (90 more) ..."}|0x9090f0d
16:04:58.0 (86707811)|STATEMENT_EXECUTE|[204]
16:04:58.0 (86754788)|VARIABLE_ASSIGNMENT|[EXTERNAL]|this|{"currentUser":"0x11a40853","isSAUser":false,"iTypeOfScreen":0,"urlReportsSFA":"https://au-portal.li (90 more) ..."}|0x9090f0d
16:04:58.0 (86798456)|VARIABLE_ASSIGNMENT|[EXTERNAL]|this|{"currentUser":"0x11a40853","isSAUser":false,"iTypeOfScreen":0,"urlReportsSFA":"https://au-portal.li (90 more) ..."}|0x9090f0d
16:04:58.0 (86832189)|VARIABLE_ASSIGNMENT|[EXTERNAL]|this|{"currentUser":"0x11a40853","isSAUser":false,"iTypeOfScreen":0,"urlReportsSFA":"https://au-portal.li (90 more) ..."}|0x9090f0d
16:04:58.0 (86909167)|VARIABLE_ASSIGNMENT|[EXTERNAL]|this|{"currentUser":"0x11a40853","isSAUser":false,"iTypeOfScreen":0,"urlReportsSFA":"https://au-portal.li (90 more) ..."}|0x9090f0d
16:04:58.0 (86967444)|VARIABLE_ASSIGNMENT|[EXTERNAL]|this|{"currentUser":"0x11a40853","isSAUser":false,"iTypeOfScreen":0,"urlReportsSFA":"https://au-portal.li (90 more) ..."}|0x9090f0d
16:04:58.0 (86987654)|STATEMENT_EXECUTE|[213]
16:04:58.0 (86990709)|STATEMENT_EXECUTE|[214]
16:04:58.0 (87083875)|SYSTEM_MODE_ENTER|true
16:04:58.0 (87137276)|HEAP_ALLOCATE|[EXTERNAL]|Bytes:44
16:04:58.0 (87148036)|VARIABLE_SCOPE_BEGIN|[218]|this|auMainTopCompCtrl|true|false
16:04:58.0 (87195704)|VARIABLE_ASSIGNMENT|[218]|this|{"currentUser":"0x11a40853","isSAUser":false,"iTypeOfScreen":0,"urlReportsSFA":"https://au-portal.li (90 more) ..."}|0x9090f0d
16:04:58.0 (87210852)|STATEMENT_EXECUTE|[218]
16:04:58.0 (87261587)|VARIABLE_ASSIGNMENT|[EXTERNAL]|this|{"currentUser":"0x11a40853","isSAUser":false,"iTypeOfScreen":0,"urlReportsSFA":"https://au-portal.li (90 more) ..."}|0x9090f0d
16:04:58.0 (87320957)|VARIABLE_ASSIGNMENT|[EXTERNAL]|this|{"currentUser":"0x11a40853","isSAUser":false,"iTypeOfScreen":0,"urlReportsSFA":"https://au-portal.li (90 more) ..."}|0x9090f0d
16:04:58.0 (87377997)|VARIABLE_ASSIGNMENT|[EXTERNAL]|this|{"currentUser":"0x11a40853","isSAUser":false,"iTypeOfScreen":0,"urlReportsSFA":"https://au-portal.li (90 more) ..."}|0x9090f0d
16:04:58.0 (87433392)|VARIABLE_ASSIGNMENT|[EXTERNAL]|this|{"currentUser":"0x11a40853","isSAUser":false,"iTypeOfScreen":0,"urlReportsSFA":"https://au-portal.li (90 more) ..."}|0x9090f0d
16:04:58.0 (87486326)|VARIABLE_ASSIGNMENT|[EXTERNAL]|this|{"currentUser":"0x11a40853","isSAUser":false,"iTypeOfScreen":0,"urlReportsSFA":"https://au-portal.li (90 more) ..."}|0x9090f0d
16:04:58.0 (87503186)|STATEMENT_EXECUTE|[227]
16:04:58.0 (87506072)|STATEMENT_EXECUTE|[228]
16:04:58.0 (87759634)|SYSTEM_MODE_ENTER|true
16:04:58.0 (95859205)|SYSTEM_MODE_ENTER|true
16:04:58.0 (95943189)|HEAP_ALLOCATE|[EXTERNAL]|Bytes:44
16:04:58.0 (95956897)|VARIABLE_SCOPE_BEGIN|[67]|this|auMainTopCompCtrl|true|false
16:04:58.0 (96022287)|VARIABLE_ASSIGNMENT|[67]|this|{"currentUser":"0x11a40853","isSAUser":false,"iTypeOfScreen":0,"urlReportsSFA":"https://au-portal.li (90 more) ..."}|0x9090f0d
16:04:58.0 (96038806)|STATEMENT_EXECUTE|[67]
16:04:58.0 (96041529)|STATEMENT_EXECUTE|[68]
16:04:58.0 (96109107)|VARIABLE_ASSIGNMENT|[EXTERNAL]|this|{"currentUser":"0x11a40853","isSAUser":false,"iTypeOfScreen":0,"urlReportsSFA":"https://au-portal.li (90 more) ..."}|0x9090f0d
16:04:58.0 (96172584)|VARIABLE_ASSIGNMENT|[EXTERNAL]|this|{"currentUser":"0x11a40853","isSAUser":false,"iTypeOfScreen":0,"urlReportsSFA":"https://au-portal.li (90 more) ..."}|0x9090f0d
16:04:58.0 (96233997)|VARIABLE_ASSIGNMENT|[EXTERNAL]|this|{"currentUser":"0x11a40853","isSAUser":false,"iTypeOfScreen":0,"urlReportsSFA":"https://au-portal.li (90 more) ..."}|0x9090f0d
16:04:58.0 (96256924)|HEAP_ALLOCATE|[68]|Bytes:5
16:04:58.0 (96339728)|SYSTEM_MODE_ENTER|true
16:04:58.0 (96387989)|HEAP_ALLOCATE|[EXTERNAL]|Bytes:44
16:04:58.0 (96399164)|VARIABLE_SCOPE_BEGIN|[73]|this|auMainTopCompCtrl|true|false
16:04:58.0 (96446756)|VARIABLE_ASSIGNMENT|[73]|this|{"currentUser":"0x11a40853","isSAUser":false,"iTypeOfScreen":0,"urlReportsSFA":"https://au-portal.li (90 more) ..."}|0x9090f0d
16:04:58.0 (96461108)|STATEMENT_EXECUTE|[73]
16:04:58.0 (96463728)|STATEMENT_EXECUTE|[74]
16:04:58.0 (96507021)|VARIABLE_ASSIGNMENT|[EXTERNAL]|this|{"currentUser":"0x11a40853","isSAUser":false,"iTypeOfScreen":0,"urlReportsSFA":"https://au-portal.li (90 more) ..."}|0x9090f0d
16:04:58.0 (96562667)|VARIABLE_ASSIGNMENT|[EXTERNAL]|this|{"currentUser":"0x11a40853","isSAUser":false,"iTypeOfScreen":0,"urlReportsSFA":"https://au-portal.li (90 more) ..."}|0x9090f0d
16:04:58.0 (96583677)|HEAP_ALLOCATE|[74]|Bytes:5
16:04:58.0 (96656440)|SYSTEM_MODE_ENTER|true
16:04:58.0 (96692265)|HEAP_ALLOCATE|[EXTERNAL]|Bytes:44
16:04:58.0 (96699543)|VARIABLE_SCOPE_BEGIN|[83]|this|auMainTopCompCtrl|true|false
16:04:58.0 (96750506)|VARIABLE_ASSIGNMENT|[83]|this|{"currentUser":"0x11a40853","isSAUser":false,"iTypeOfScreen":0,"urlReportsSFA":"https://au-portal.li (90 more) ..."}|0x9090f0d
16:04:58.0 (96764287)|STATEMENT_EXECUTE|[83]
16:04:58.0 (96767087)|STATEMENT_EXECUTE|[84]
16:04:58.0 (96811717)|VARIABLE_ASSIGNMENT|[EXTERNAL]|this|{"currentUser":"0x11a40853","isSAUser":false,"iTypeOfScreen":0,"urlReportsSFA":"https://au-portal.li (90 more) ..."}|0x9090f0d
16:04:58.0 (96866595)|VARIABLE_ASSIGNMENT|[EXTERNAL]|this|{"currentUser":"0x11a40853","isSAUser":false,"iTypeOfScreen":0,"urlReportsSFA":"https://au-portal.li (90 more) ..."}|0x9090f0d
16:04:58.0 (96888037)|HEAP_ALLOCATE|[84]|Bytes:5
16:04:58.0 (96965554)|SYSTEM_MODE_ENTER|true
16:04:58.0 (97009368)|HEAP_ALLOCATE|[EXTERNAL]|Bytes:44
16:04:58.0 (97019342)|VARIABLE_SCOPE_BEGIN|[100]|this|auMainTopCompCtrl|true|false
16:04:58.0 (97066843)|VARIABLE_ASSIGNMENT|[100]|this|{"currentUser":"0x11a40853","isSAUser":false,"iTypeOfScreen":0,"urlReportsSFA":"https://au-portal.li (90 more) ..."}|0x9090f0d
16:04:58.0 (97081428)|STATEMENT_EXECUTE|[100]
16:04:58.0 (97084166)|STATEMENT_EXECUTE|[101]
16:04:58.0 (97125799)|VARIABLE_ASSIGNMENT|[EXTERNAL]|this|{"currentUser":"0x11a40853","isSAUser":false,"iTypeOfScreen":0,"urlReportsSFA":"https://au-portal.li (90 more) ..."}|0x9090f0d
16:04:58.0 (97182158)|VARIABLE_ASSIGNMENT|[EXTERNAL]|this|{"currentUser":"0x11a40853","isSAUser":false,"iTypeOfScreen":0,"urlReportsSFA":"https://au-portal.li (90 more) ..."}|0x9090f0d
16:04:58.0 (97243066)|VARIABLE_ASSIGNMENT|[EXTERNAL]|this|{"currentUser":"0x11a40853","isSAUser":false,"iTypeOfScreen":0,"urlReportsSFA":"https://au-portal.li (90 more) ..."}|0x9090f0d
16:04:58.0 (97264825)|HEAP_ALLOCATE|[101]|Bytes:5
16:04:58.0 (99907838)|SYSTEM_MODE_ENTER|true
16:04:58.0 (100419656)|SYSTEM_MODE_ENTER|true
16:04:58.0 (100964780)|VF_SERIALIZE_VIEWSTATE_BEGIN|0666F000006TarA
16:04:58.0 (104210223)|VF_SERIALIZE_VIEWSTATE_END
16:04:58.111 (111197726)|CUMULATIVE_LIMIT_USAGE
16:04:58.111 (111197726)|LIMIT_USAGE_FOR_NS|(default)|
  Number of SOQL queries: 5 out of 100
  Number of query rows: 5 out of 50000
  Number of SOSL queries: 0 out of 20
  Number of DML statements: 0 out of 150
  Number of DML rows: 0 out of 10000
  Maximum CPU time: 0 out of 10000
  Maximum heap size: 0 out of 6000000
  Number of callouts: 0 out of 100
  Number of Email Invocations: 0 out of 10
  Number of future calls: 0 out of 50
  Number of queueable jobs added to the queue: 0 out of 50
  Number of Mobile Apex push calls: 0 out of 10

16:04:58.111 (111197726)|CUMULATIVE_LIMIT_USAGE_END

16:04:58.0 (111241173)|CODE_UNIT_FINISHED|VF: /apex/auSwitchScreenPage
16:04:58.0 (112117082)|EXECUTION_FINISHED
