38.0 APEX_CODE,FINEST;APEX_PROFILING,INFO;CALLOUT,INFO;DB,INFO;NBA,INFO;SYSTEM,DEBUG;VALIDATION,INFO;VISUALFORCE,INFO;WAVE,INFO;WORKFLOW,INFO
17:17:43.0 (91928)|USER_INFO|[EXTERNAL]|0056F000008202z|s023879@au-portal.local.fullsand|日本標準時|GMT+09:00
17:17:43.0 (127186)|EXECUTION_STARTED
17:17:43.0 (133347)|CODE_UNIT_STARTED|[EXTERNAL]|0666F000006TarA|VF: /apex/auSwitchScreenPage
17:17:43.0 (19348880)|SYSTEM_MODE_ENTER|true
17:17:43.0 (19691479)|VARIABLE_SCOPE_BEGIN|[25]|auMainTopCompCtrl.TYPE_SCREEN_ACCOUNT_LIST|Integer|false|true
17:17:43.0 (19705762)|VARIABLE_SCOPE_BEGIN|[26]|auMainTopCompCtrl.TYPE_SCREEN_ACTIVITY_LIST|Integer|false|true
17:17:43.0 (19713288)|VARIABLE_SCOPE_BEGIN|[7]|auMainTopCompCtrl.TYPE_SCREEN_CX_SCREEN|Integer|false|true
17:17:43.0 (19720555)|VARIABLE_SCOPE_BEGIN|[8]|auMainTopCompCtrl.TYPE_SCREEN_CX_TIMELINE|Integer|false|true
17:17:43.0 (19727665)|VARIABLE_SCOPE_BEGIN|[9]|auMainTopCompCtrl.TYPE_SCREEN_EVENT_SCHEDULE|Integer|false|true
17:17:43.0 (19734756)|VARIABLE_SCOPE_BEGIN|[10]|auMainTopCompCtrl.TYPE_SCREEN_EVENT_SCHEDULE_LIST|Integer|false|true
17:17:43.0 (19742334)|VARIABLE_SCOPE_BEGIN|[27]|auMainTopCompCtrl.TYPE_SCREEN_FILE_LIST|Integer|false|true
17:17:43.0 (19749787)|VARIABLE_SCOPE_BEGIN|[24]|auMainTopCompCtrl.TYPE_SCREEN_HONBU_DIRECT|Integer|false|true
17:17:43.0 (19756659)|VARIABLE_SCOPE_BEGIN|[11]|auMainTopCompCtrl.TYPE_SCREEN_KNOWLEDGE_DASHBOARD|Integer|false|true
17:17:43.0 (19763964)|VARIABLE_SCOPE_BEGIN|[12]|auMainTopCompCtrl.TYPE_SCREEN_KNOWLEDGE_LIST|Integer|false|true
17:17:43.0 (19771081)|VARIABLE_SCOPE_BEGIN|[15]|auMainTopCompCtrl.TYPE_SCREEN_SA_CHATTER|Integer|false|true
17:17:43.0 (19778184)|VARIABLE_SCOPE_BEGIN|[16]|auMainTopCompCtrl.TYPE_SCREEN_SA_DAILYREPORT|Integer|false|true
17:17:43.0 (19785234)|VARIABLE_SCOPE_BEGIN|[22]|auMainTopCompCtrl.TYPE_SCREEN_SA_DAILYREPORTLIST|Integer|false|true
17:17:43.0 (19792572)|VARIABLE_SCOPE_BEGIN|[18]|auMainTopCompCtrl.TYPE_SCREEN_SA_DOCUMENTS|Integer|false|true
17:17:43.0 (19799746)|VARIABLE_SCOPE_BEGIN|[17]|auMainTopCompCtrl.TYPE_SCREEN_SA_ENQUETE|Integer|false|true
17:17:43.0 (19807004)|VARIABLE_SCOPE_BEGIN|[20]|auMainTopCompCtrl.TYPE_SCREEN_SA_LINKS|Integer|false|true
17:17:43.0 (19814239)|VARIABLE_SCOPE_BEGIN|[13]|auMainTopCompCtrl.TYPE_SCREEN_SA_MESSAGES|Integer|false|true
17:17:43.0 (19821651)|VARIABLE_SCOPE_BEGIN|[19]|auMainTopCompCtrl.TYPE_SCREEN_SA_RANKING|Integer|false|true
17:17:43.0 (19829041)|VARIABLE_SCOPE_BEGIN|[14]|auMainTopCompCtrl.TYPE_SCREEN_SA_REPORTS|Integer|false|true
17:17:43.0 (19836574)|VARIABLE_SCOPE_BEGIN|[23]|auMainTopCompCtrl.TYPE_SCREEN_SA_TODO|Integer|false|true
17:17:43.0 (19844188)|VARIABLE_SCOPE_BEGIN|[21]|auMainTopCompCtrl.TYPE_SCREEN_SA_USRSETTINGS|Integer|false|true
17:17:43.0 (19858158)|VARIABLE_SCOPE_BEGIN|[4]|auMainTopCompCtrl.TYPE_SCREEN_STPD_EVENT|Integer|false|true
17:17:43.0 (19866219)|VARIABLE_SCOPE_BEGIN|[6]|auMainTopCompCtrl.TYPE_SCREEN_STPD_SCREEN|Integer|false|true
17:17:43.0 (19874071)|VARIABLE_SCOPE_BEGIN|[5]|auMainTopCompCtrl.TYPE_SCREEN_STPD_TIMELINE|Integer|false|true
17:17:43.0 (19881984)|VARIABLE_SCOPE_BEGIN|[3]|auMainTopCompCtrl.TYPE_SCREEN_SWITCH|Integer|false|true
17:17:43.0 (20022560)|HEAP_ALLOCATE|[72]|Bytes:3
17:17:43.0 (20067353)|HEAP_ALLOCATE|[77]|Bytes:152
17:17:43.0 (20080969)|HEAP_ALLOCATE|[342]|Bytes:408
17:17:43.0 (20093167)|HEAP_ALLOCATE|[355]|Bytes:408
17:17:43.0 (20105311)|HEAP_ALLOCATE|[467]|Bytes:48
17:17:43.0 (20133515)|HEAP_ALLOCATE|[139]|Bytes:6
17:17:43.0 (20150068)|HEAP_ALLOCATE|[EXTERNAL]|Bytes:284
17:17:43.0 (20158090)|HEAP_ALLOCATE|[EXTERNAL]|Bytes:160
17:17:43.0 (20172817)|METHOD_ENTRY|[1]|01p6F0000084OtI|auMainTopCompCtrl.auMainTopCompCtrl()
17:17:43.0 (20179470)|STATEMENT_EXECUTE|[1]
17:17:43.0 (20185805)|STATEMENT_EXECUTE|[1]
17:17:43.0 (20187687)|STATEMENT_EXECUTE|[3]
17:17:43.0 (20194486)|HEAP_ALLOCATE|[3]|Bytes:4
17:17:43.0 (20222856)|VARIABLE_ASSIGNMENT|[3]|auMainTopCompCtrl.TYPE_SCREEN_SWITCH|0
17:17:43.0 (20228539)|STATEMENT_EXECUTE|[4]
17:17:43.0 (20231572)|HEAP_ALLOCATE|[4]|Bytes:4
17:17:43.0 (20240224)|VARIABLE_ASSIGNMENT|[4]|auMainTopCompCtrl.TYPE_SCREEN_STPD_EVENT|11
17:17:43.0 (20244369)|STATEMENT_EXECUTE|[5]
17:17:43.0 (20246866)|HEAP_ALLOCATE|[5]|Bytes:4
17:17:43.0 (20254013)|VARIABLE_ASSIGNMENT|[5]|auMainTopCompCtrl.TYPE_SCREEN_STPD_TIMELINE|12
17:17:43.0 (20257857)|STATEMENT_EXECUTE|[6]
17:17:43.0 (20260221)|HEAP_ALLOCATE|[6]|Bytes:4
17:17:43.0 (20267137)|VARIABLE_ASSIGNMENT|[6]|auMainTopCompCtrl.TYPE_SCREEN_STPD_SCREEN|13
17:17:43.0 (20270968)|STATEMENT_EXECUTE|[7]
17:17:43.0 (20273625)|HEAP_ALLOCATE|[7]|Bytes:4
17:17:43.0 (20279749)|VARIABLE_ASSIGNMENT|[7]|auMainTopCompCtrl.TYPE_SCREEN_CX_SCREEN|21
17:17:43.0 (20283544)|STATEMENT_EXECUTE|[8]
17:17:43.0 (20285852)|HEAP_ALLOCATE|[8]|Bytes:4
17:17:43.0 (20291565)|VARIABLE_ASSIGNMENT|[8]|auMainTopCompCtrl.TYPE_SCREEN_CX_TIMELINE|22
17:17:43.0 (20295104)|STATEMENT_EXECUTE|[9]
17:17:43.0 (20297404)|HEAP_ALLOCATE|[9]|Bytes:4
17:17:43.0 (20303573)|VARIABLE_ASSIGNMENT|[9]|auMainTopCompCtrl.TYPE_SCREEN_EVENT_SCHEDULE|31
17:17:43.0 (20307344)|STATEMENT_EXECUTE|[10]
17:17:43.0 (20309958)|HEAP_ALLOCATE|[10]|Bytes:4
17:17:43.0 (20316011)|VARIABLE_ASSIGNMENT|[10]|auMainTopCompCtrl.TYPE_SCREEN_EVENT_SCHEDULE_LIST|32
17:17:43.0 (20320318)|STATEMENT_EXECUTE|[11]
17:17:43.0 (20322902)|HEAP_ALLOCATE|[11]|Bytes:4
17:17:43.0 (20329338)|VARIABLE_ASSIGNMENT|[11]|auMainTopCompCtrl.TYPE_SCREEN_KNOWLEDGE_DASHBOARD|41
17:17:43.0 (20333209)|STATEMENT_EXECUTE|[12]
17:17:43.0 (20335746)|HEAP_ALLOCATE|[12]|Bytes:4
17:17:43.0 (20342032)|VARIABLE_ASSIGNMENT|[12]|auMainTopCompCtrl.TYPE_SCREEN_KNOWLEDGE_LIST|42
17:17:43.0 (20346038)|STATEMENT_EXECUTE|[13]
17:17:43.0 (20348205)|HEAP_ALLOCATE|[13]|Bytes:4
17:17:43.0 (20354547)|VARIABLE_ASSIGNMENT|[13]|auMainTopCompCtrl.TYPE_SCREEN_SA_MESSAGES|51
17:17:43.0 (20358202)|STATEMENT_EXECUTE|[14]
17:17:43.0 (20360499)|HEAP_ALLOCATE|[14]|Bytes:4
17:17:43.0 (20367051)|VARIABLE_ASSIGNMENT|[14]|auMainTopCompCtrl.TYPE_SCREEN_SA_REPORTS|52
17:17:43.0 (20370758)|STATEMENT_EXECUTE|[15]
17:17:43.0 (20373196)|HEAP_ALLOCATE|[15]|Bytes:4
17:17:43.0 (20379221)|VARIABLE_ASSIGNMENT|[15]|auMainTopCompCtrl.TYPE_SCREEN_SA_CHATTER|53
17:17:43.0 (20383203)|STATEMENT_EXECUTE|[16]
17:17:43.0 (20385457)|HEAP_ALLOCATE|[16]|Bytes:4
17:17:43.0 (20391631)|VARIABLE_ASSIGNMENT|[16]|auMainTopCompCtrl.TYPE_SCREEN_SA_DAILYREPORT|54
17:17:43.0 (20395522)|STATEMENT_EXECUTE|[17]
17:17:43.0 (20397826)|HEAP_ALLOCATE|[17]|Bytes:4
17:17:43.0 (20404207)|VARIABLE_ASSIGNMENT|[17]|auMainTopCompCtrl.TYPE_SCREEN_SA_ENQUETE|55
17:17:43.0 (20407802)|STATEMENT_EXECUTE|[18]
17:17:43.0 (20410079)|HEAP_ALLOCATE|[18]|Bytes:4
17:17:43.0 (20416782)|VARIABLE_ASSIGNMENT|[18]|auMainTopCompCtrl.TYPE_SCREEN_SA_DOCUMENTS|56
17:17:43.0 (20420393)|STATEMENT_EXECUTE|[19]
17:17:43.0 (20422750)|HEAP_ALLOCATE|[19]|Bytes:4
17:17:43.0 (20429274)|VARIABLE_ASSIGNMENT|[19]|auMainTopCompCtrl.TYPE_SCREEN_SA_RANKING|57
17:17:43.0 (20432892)|STATEMENT_EXECUTE|[20]
17:17:43.0 (20435344)|HEAP_ALLOCATE|[20]|Bytes:4
17:17:43.0 (20441840)|VARIABLE_ASSIGNMENT|[20]|auMainTopCompCtrl.TYPE_SCREEN_SA_LINKS|58
17:17:43.0 (20445575)|STATEMENT_EXECUTE|[21]
17:17:43.0 (20447819)|HEAP_ALLOCATE|[21]|Bytes:4
17:17:43.0 (20461474)|VARIABLE_ASSIGNMENT|[21]|auMainTopCompCtrl.TYPE_SCREEN_SA_USRSETTINGS|59
17:17:43.0 (20466064)|STATEMENT_EXECUTE|[22]
17:17:43.0 (20468733)|HEAP_ALLOCATE|[22]|Bytes:4
17:17:43.0 (20475259)|VARIABLE_ASSIGNMENT|[22]|auMainTopCompCtrl.TYPE_SCREEN_SA_DAILYREPORTLIST|60
17:17:43.0 (20479034)|STATEMENT_EXECUTE|[23]
17:17:43.0 (20481341)|HEAP_ALLOCATE|[23]|Bytes:4
17:17:43.0 (20487767)|VARIABLE_ASSIGNMENT|[23]|auMainTopCompCtrl.TYPE_SCREEN_SA_TODO|61
17:17:43.0 (20492021)|STATEMENT_EXECUTE|[24]
17:17:43.0 (20494742)|HEAP_ALLOCATE|[24]|Bytes:4
17:17:43.0 (20500606)|VARIABLE_ASSIGNMENT|[24]|auMainTopCompCtrl.TYPE_SCREEN_HONBU_DIRECT|71
17:17:43.0 (20504360)|STATEMENT_EXECUTE|[25]
17:17:43.0 (20506703)|HEAP_ALLOCATE|[25]|Bytes:4
17:17:43.0 (20512373)|VARIABLE_ASSIGNMENT|[25]|auMainTopCompCtrl.TYPE_SCREEN_ACCOUNT_LIST|81
17:17:43.0 (20515944)|STATEMENT_EXECUTE|[26]
17:17:43.0 (20518239)|HEAP_ALLOCATE|[26]|Bytes:4
17:17:43.0 (20523753)|VARIABLE_ASSIGNMENT|[26]|auMainTopCompCtrl.TYPE_SCREEN_ACTIVITY_LIST|82
17:17:43.0 (20527491)|STATEMENT_EXECUTE|[27]
17:17:43.0 (20529655)|HEAP_ALLOCATE|[27]|Bytes:4
17:17:43.0 (20537054)|VARIABLE_ASSIGNMENT|[27]|auMainTopCompCtrl.TYPE_SCREEN_FILE_LIST|83
17:17:43.0 (20544843)|METHOD_EXIT|[1]|auMainTopCompCtrl
17:17:43.0 (20635141)|HEAP_ALLOCATE|[EXTERNAL]|Bytes:44
17:17:43.0 (20645884)|VARIABLE_SCOPE_BEGIN|[48]|this|auMainTopCompCtrl|true|false
17:17:43.0 (20712964)|VARIABLE_ASSIGNMENT|[48]|this|{}|0x4cd0cb6a
17:17:43.0 (20723329)|STATEMENT_EXECUTE|[1]
17:17:43.0 (20725330)|STATEMENT_EXECUTE|[29]
17:17:43.0 (20727381)|STATEMENT_EXECUTE|[30]
17:17:43.0 (20729046)|STATEMENT_EXECUTE|[31]
17:17:43.0 (20730750)|STATEMENT_EXECUTE|[34]
17:17:43.0 (20732368)|STATEMENT_EXECUTE|[35]
17:17:43.0 (20734059)|STATEMENT_EXECUTE|[36]
17:17:43.0 (20735752)|STATEMENT_EXECUTE|[38]
17:17:43.0 (20737447)|STATEMENT_EXECUTE|[39]
17:17:43.0 (20739274)|STATEMENT_EXECUTE|[41]
17:17:43.0 (20740899)|STATEMENT_EXECUTE|[46]
17:17:43.0 (20768235)|HEAP_ALLOCATE|[50]|Bytes:5
17:17:43.0 (20791599)|HEAP_ALLOCATE|[56]|Bytes:5
17:17:43.0 (20800387)|HEAP_ALLOCATE|[64]|Bytes:7
17:17:43.0 (20820608)|HEAP_ALLOCATE|[46]|Bytes:5
17:17:43.0 (20835378)|VARIABLE_ASSIGNMENT|[46]|this.isSAUser|false|0x4cd0cb6a
17:17:43.0 (20843863)|HEAP_ALLOCATE|[46]|Bytes:6
17:17:43.0 (20913742)|STATEMENT_EXECUTE|[48]
17:17:43.0 (20917024)|STATEMENT_EXECUTE|[49]
17:17:43.0 (21062976)|VARIABLE_ASSIGNMENT|[EXTERNAL]|this|{"isSAUser":false}|0x4cd0cb6a
17:17:43.0 (21077418)|VARIABLE_ASSIGNMENT|[EXTERNAL]|value|0
17:17:43.0 (21083999)|HEAP_ALLOCATE|[34]|Bytes:4
17:17:43.0 (21093649)|VARIABLE_ASSIGNMENT|[34]|this.iTypeOfScreen|0|0x4cd0cb6a
17:17:43.0 (21106061)|STATEMENT_EXECUTE|[51]
17:17:43.0 (22541890)|HEAP_ALLOCATE|[51]|Bytes:136
17:17:43.0 (22660363)|VARIABLE_ASSIGNMENT|[EXTERNAL]|this|{"isSAUser":false,"iTypeOfScreen":0}|0x4cd0cb6a
17:17:43.0 (22678769)|VARIABLE_ASSIGNMENT|[EXTERNAL]|value|"https://au-portal.li (90 more) ..."
17:17:43.0 (22696025)|VARIABLE_ASSIGNMENT|[39]|this.urlReportsSFA|"https://au-portal.li (90 more) ..."|0x4cd0cb6a
17:17:43.0 (22707683)|STATEMENT_EXECUTE|[53]
17:17:43.0 (22712217)|HEAP_ALLOCATE|[53]|Bytes:202
17:17:43.0 (22735762)|HEAP_ALLOCATE|[53]|Bytes:4
17:17:43.0 (22749040)|HEAP_ALLOCATE|[53]|Bytes:7
17:17:43.0 (22791469)|HEAP_ALLOCATE|[58]|Bytes:89
17:17:43.0 (22803376)|SYSTEM_METHOD_ENTRY|[1]|UserInfo.UserInfo()
17:17:43.0 (22807964)|STATEMENT_EXECUTE|[1]
17:17:43.0 (22814512)|SYSTEM_METHOD_EXIT|[1]|UserInfo
17:17:43.0 (22827058)|METHOD_ENTRY|[58]||System.UserInfo.getUserId()
17:17:43.0 (22876031)|METHOD_EXIT|[58]||System.UserInfo.getUserId()
17:17:43.0 (26777374)|SOQL_EXECUTE_BEGIN|[53]|Aggregations:0|SELECT SmallPhotoUrl, Account.Name, Account.RegionalOfficeId__r.RegionalOfficeName__c, Account.BranchId__r.BranchName__c, Name, Department, UserRole.Name, Profile.Name FROM User WHERE User.ID = :tmpVar1
17:17:43.0 (35556826)|SOQL_EXECUTE_END|[53]|Rows:1
17:17:43.0 (35598250)|HEAP_ALLOCATE|[53]|Bytes:8
17:17:43.0 (35633954)|HEAP_ALLOCATE|[53]|Bytes:278
17:17:43.0 (35770812)|HEAP_ALLOCATE|[53]|Bytes:8
17:17:43.0 (35796387)|HEAP_ALLOCATE|[53]|Bytes:30
17:17:43.0 (35877601)|HEAP_ALLOCATE|[53]|Bytes:36
17:17:43.0 (35990416)|VARIABLE_ASSIGNMENT|[EXTERNAL]|this|{"isSAUser":false,"iTypeOfScreen":0,"urlReportsSFA":"https://au-portal.li (90 more) ..."}|0x4cd0cb6a
17:17:43.0 (36026668)|VARIABLE_ASSIGNMENT|[EXTERNAL]|value|{"SmallPhotoUrl":"/profilephoto/005/T","Name":"高橋 賢悦","Department":"東北量販支店","UserRoleId":"00E6F000001edMbUAI","ProfileId":"00e6F000002FIslQAG","Id":"0056F000008202zQAA","UserRole":{"Name":"W060 - 東北量販支店","Id":"00E6F000001edMbUAI"},"Profile":{"Name":"KDDI - 支店","Id":"00e6F000002FIslQAG"}}|0x739ca843
17:17:43.0 (36065818)|VARIABLE_ASSIGNMENT|[38]|this.currentUser|{"SmallPhotoUrl":"/profilephoto/005/T","Name":"高橋 賢悦","Department":"東北量販支店","UserRoleId":"00E6F000001edMbUAI","ProfileId":"00e6F000002FIslQAG","Id":"0056F000008202zQAA","UserRole":{"Name":"W060 - 東北量販支店","Id":"00E6F000001edMbUAI"},"Profile":{"Name":"KDDI - 支店","Id":"00e6F000002FIslQAG"}}|0x4cd0cb6a
17:17:43.0 (36084191)|STATEMENT_EXECUTE|[60]
17:17:43.0 (36151255)|VARIABLE_ASSIGNMENT|[EXTERNAL]|this|{"currentUser":"0x739ca843","isSAUser":false,"iTypeOfScreen":0,"urlReportsSFA":"https://au-portal.li (90 more) ..."}|0x4cd0cb6a
17:17:43.0 (36358698)|VARIABLE_SCOPE_BEGIN|[131]|auConstantCmn.ACCESS_TYPE_KDDI|String|false|true
17:17:43.0 (36370509)|VARIABLE_SCOPE_BEGIN|[130]|auConstantCmn.ACCESS_TYPE_SA|String|false|true
17:17:43.0 (36377948)|VARIABLE_SCOPE_BEGIN|[132]|auConstantCmn.ACCESS_TYPE_SHOP|String|false|true
17:17:43.0 (36385041)|VARIABLE_SCOPE_BEGIN|[56]|auConstantCmn.ACCOUNT_CHANNEL_DAIRITEN|String|false|true
17:17:43.0 (36392481)|VARIABLE_SCOPE_BEGIN|[54]|auConstantCmn.ACCOUNT_CHANNEL_SHOP|String|false|true
17:17:43.0 (36399532)|VARIABLE_SCOPE_BEGIN|[55]|auConstantCmn.ACCOUNT_CHANNEL_UNEIHOJIN|String|false|true
17:17:43.0 (36406254)|VARIABLE_SCOPE_BEGIN|[107]|auConstantCmn.CX_KNOWLEDGE_SHARING_NATIONAL|String|false|true
17:17:43.0 (36413505)|VARIABLE_SCOPE_BEGIN|[106]|auConstantCmn.CX_KNOWLEDGE_SHARING_REGIONAL_OFFICE|String|false|true
17:17:43.0 (36420658)|VARIABLE_SCOPE_BEGIN|[112]|auConstantCmn.CX_KNOWLEDGE_STATUS_APPROVED|String|false|true
17:17:43.0 (36427595)|VARIABLE_SCOPE_BEGIN|[113]|auConstantCmn.CX_KNOWLEDGE_STATUS_NATIONAL_APPROVED|String|false|true
17:17:43.0 (36434489)|VARIABLE_SCOPE_BEGIN|[114]|auConstantCmn.CX_KNOWLEDGE_STATUS_REJECTED|String|false|true
17:17:43.0 (36441526)|VARIABLE_SCOPE_BEGIN|[111]|auConstantCmn.CX_KNOWLEDGE_STATUS_SAVED|String|false|true
17:17:43.0 (36448656)|VARIABLE_SCOPE_BEGIN|[110]|auConstantCmn.CX_KNOWLEDGE_STATUS_TEMPORARY_SAVED|String|false|true
17:17:43.0 (36455784)|VARIABLE_SCOPE_BEGIN|[20]|auConstantCmn.FORGOT_PASSWORD_ERR_MESSAGE001|String|false|true
17:17:43.0 (36463259)|VARIABLE_SCOPE_BEGIN|[127]|auConstantCmn.HONBU_DIRECT_DETAIL_TYPE_FAVORITE|String|false|true
17:17:43.0 (36470510)|VARIABLE_SCOPE_BEGIN|[126]|auConstantCmn.HONBU_DIRECT_DETAIL_TYPE_READ|String|false|true
17:17:43.0 (36477675)|VARIABLE_SCOPE_BEGIN|[118]|auConstantCmn.KDDI_KNOWLEDGE_STATUS_SAVED|String|false|true
17:17:43.0 (36485147)|VARIABLE_SCOPE_BEGIN|[117]|auConstantCmn.KDDI_KNOWLEDGE_STATUS_TEMPORARY_SAVED|String|false|true
17:17:43.0 (36492329)|VARIABLE_SCOPE_BEGIN|[14]|auConstantCmn.LOGIN_ERR_MESSAGE001|String|false|true
17:17:43.0 (36499642)|VARIABLE_SCOPE_BEGIN|[15]|auConstantCmn.LOGIN_ERR_MESSAGE002|String|false|true
17:17:43.0 (36519059)|VARIABLE_SCOPE_BEGIN|[16]|auConstantCmn.LOGIN_ERR_MESSAGE003|String|false|true
17:17:43.0 (36527182)|VARIABLE_SCOPE_BEGIN|[17]|auConstantCmn.LOGIN_ERR_MESSAGE004|String|false|true
17:17:43.0 (36534877)|VARIABLE_SCOPE_BEGIN|[93]|auConstantCmn.PAGE_ALIAS_SHOP_CX|String|false|true
17:17:43.0 (36542940)|VARIABLE_SCOPE_BEGIN|[84]|auConstantCmn.PAGE_ALIAS_SHOP_EVENTS|String|false|true
17:17:43.0 (36550498)|VARIABLE_SCOPE_BEGIN|[70]|auConstantCmn.PAGE_ALIAS_SHOP_FORGOTPW|String|false|true
17:17:43.0 (36558003)|VARIABLE_SCOPE_BEGIN|[74]|auConstantCmn.PAGE_ALIAS_SHOP_FORGOTPWCOMP|String|false|true
17:17:43.0 (36565584)|VARIABLE_SCOPE_BEGIN|[81]|auConstantCmn.PAGE_ALIAS_SHOP_HOME|String|false|true
17:17:43.0 (36572831)|VARIABLE_SCOPE_BEGIN|[62]|auConstantCmn.PAGE_ALIAS_SHOP_LOGIN|String|false|true
17:17:43.0 (36580093)|VARIABLE_SCOPE_BEGIN|[66]|auConstantCmn.PAGE_ALIAS_SHOP_LOGOUT|String|false|true
17:17:43.0 (36587669)|VARIABLE_SCOPE_BEGIN|[78]|auConstantCmn.PAGE_ALIAS_SHOP_PASSWORDSIGNUP|String|false|true
17:17:43.0 (36595065)|VARIABLE_SCOPE_BEGIN|[99]|auConstantCmn.PAGE_ALIAS_SHOP_SCHEDULE|String|false|true
17:17:43.0 (36602496)|VARIABLE_SCOPE_BEGIN|[102]|auConstantCmn.PAGE_ALIAS_SHOP_SCHEDULE_LIST|String|false|true
17:17:43.0 (36609789)|VARIABLE_SCOPE_BEGIN|[87]|auConstantCmn.PAGE_ALIAS_SHOP_STPD|String|false|true
17:17:43.0 (36617098)|VARIABLE_SCOPE_BEGIN|[96]|auConstantCmn.PAGE_ALIAS_SHOP_TIMELINE_CX|String|false|true
17:17:43.0 (36624743)|VARIABLE_SCOPE_BEGIN|[90]|auConstantCmn.PAGE_ALIAS_SHOP_TIMELINE_STPD|String|false|true
17:17:43.0 (36632503)|VARIABLE_SCOPE_BEGIN|[92]|auConstantCmn.PAGE_VF_SHOP_CX|String|false|true
17:17:43.0 (36640579)|VARIABLE_SCOPE_BEGIN|[83]|auConstantCmn.PAGE_VF_SHOP_EVENTS|String|false|true
17:17:43.0 (36648480)|VARIABLE_SCOPE_BEGIN|[69]|auConstantCmn.PAGE_VF_SHOP_FORGOTPW|String|false|true
17:17:43.0 (36656219)|VARIABLE_SCOPE_BEGIN|[73]|auConstantCmn.PAGE_VF_SHOP_FORGOTPWCOMP|String|false|true
17:17:43.0 (36664066)|VARIABLE_SCOPE_BEGIN|[80]|auConstantCmn.PAGE_VF_SHOP_HOME|String|false|true
17:17:43.0 (36671881)|VARIABLE_SCOPE_BEGIN|[61]|auConstantCmn.PAGE_VF_SHOP_LOGIN|String|false|true
17:17:43.0 (36679718)|VARIABLE_SCOPE_BEGIN|[65]|auConstantCmn.PAGE_VF_SHOP_LOGOUT|String|false|true
17:17:43.0 (36687979)|VARIABLE_SCOPE_BEGIN|[77]|auConstantCmn.PAGE_VF_SHOP_PASSWORDSIGNUP|String|false|true
17:17:43.0 (36696178)|VARIABLE_SCOPE_BEGIN|[98]|auConstantCmn.PAGE_VF_SHOP_SCHEDULE|String|false|true
17:17:43.0 (36704220)|VARIABLE_SCOPE_BEGIN|[101]|auConstantCmn.PAGE_VF_SHOP_SCHEDULE_LIST|String|false|true
17:17:43.0 (36712387)|VARIABLE_SCOPE_BEGIN|[86]|auConstantCmn.PAGE_VF_SHOP_STPD|String|false|true
17:17:43.0 (36720482)|VARIABLE_SCOPE_BEGIN|[95]|auConstantCmn.PAGE_VF_SHOP_TIMELINE_CX|String|false|true
17:17:43.0 (36728468)|VARIABLE_SCOPE_BEGIN|[89]|auConstantCmn.PAGE_VF_SHOP_TIMELINE_STPD|String|false|true
17:17:43.0 (36736750)|VARIABLE_SCOPE_BEGIN|[28]|auConstantCmn.PASSWORD_SIGNUP_ERR_EXPIREDURL|String|false|true
17:17:43.0 (36745415)|VARIABLE_SCOPE_BEGIN|[31]|auConstantCmn.PASSWORD_SIGNUP_ERR_INTERNAL|String|false|true
17:17:43.0 (36753916)|VARIABLE_SCOPE_BEGIN|[29]|auConstantCmn.PASSWORD_SIGNUP_ERR_INVALIDURL|String|false|true
17:17:43.0 (36762550)|VARIABLE_SCOPE_BEGIN|[23]|auConstantCmn.PASSWORD_SIGNUP_ERR_MESSAGE001|String|false|true
17:17:43.0 (36770613)|VARIABLE_SCOPE_BEGIN|[24]|auConstantCmn.PASSWORD_SIGNUP_ERR_MESSAGE002|String|false|true
17:17:43.0 (36779320)|VARIABLE_SCOPE_BEGIN|[25]|auConstantCmn.PASSWORD_SIGNUP_ERR_MESSAGE003|String|false|true
17:17:43.0 (36788140)|VARIABLE_SCOPE_BEGIN|[26]|auConstantCmn.PASSWORD_SIGNUP_ERR_MESSAGE004|String|false|true
17:17:43.0 (36796941)|VARIABLE_SCOPE_BEGIN|[27]|auConstantCmn.PASSWORD_SIGNUP_ERR_MESSAGE005|String|false|true
17:17:43.0 (36805560)|VARIABLE_SCOPE_BEGIN|[30]|auConstantCmn.PASSWORD_SIGNUP_ERR_OLDURL|String|false|true
17:17:43.0 (36814547)|VARIABLE_SCOPE_BEGIN|[35]|auConstantCmn.PROFILE_COMMUNITY_MANAGEMENT|String|false|true
17:17:43.0 (36823815)|VARIABLE_SCOPE_BEGIN|[36]|auConstantCmn.PROFILE_COMMUNITY_PRIMARY_AGENT|String|false|true
17:17:43.0 (36832874)|VARIABLE_SCOPE_BEGIN|[34]|auConstantCmn.PROFILE_COMMUNITY_SHOP|String|false|true
17:17:43.0 (36842125)|VARIABLE_SCOPE_BEGIN|[48]|auConstantCmn.PROFILE_EVOLVA_ADMIN_USER|String|false|true
17:17:43.0 (36851504)|VARIABLE_SCOPE_BEGIN|[47]|auConstantCmn.PROFILE_EVOLVA_USER|String|false|true
17:17:43.0 (36860487)|VARIABLE_SCOPE_BEGIN|[37]|auConstantCmn.PROFILE_KDDI_BRANCH|String|false|true
17:17:43.0 (36869369)|VARIABLE_SCOPE_BEGIN|[38]|auConstantCmn.PROFILE_KDDI_BRANCH_V2|String|false|true
17:17:43.0 (36878307)|VARIABLE_SCOPE_BEGIN|[41]|auConstantCmn.PROFILE_KDDI_HEADQUARTERS|String|false|true
17:17:43.0 (36887586)|VARIABLE_SCOPE_BEGIN|[42]|auConstantCmn.PROFILE_KDDI_HEADQUARTERS_V2|String|false|true
17:17:43.0 (36896866)|VARIABLE_SCOPE_BEGIN|[44]|auConstantCmn.PROFILE_KDDI_KNOWLEDGE_ACTIVITIES|String|false|true
17:17:43.0 (36906168)|VARIABLE_SCOPE_BEGIN|[43]|auConstantCmn.PROFILE_KDDI_KNOWLEDGE_ONLY|String|false|true
17:17:43.0 (36920934)|VARIABLE_SCOPE_BEGIN|[39]|auConstantCmn.PROFILE_KDDI_REGIONAL_OFFICE|String|false|true
17:17:43.0 (36930878)|VARIABLE_SCOPE_BEGIN|[40]|auConstantCmn.PROFILE_KDDI_REGIONAL_OFFICE_V2|String|false|true
17:17:43.0 (36940443)|VARIABLE_SCOPE_BEGIN|[46]|auConstantCmn.PROFILE_SA_USER_CSA|String|false|true
17:17:43.0 (36949994)|VARIABLE_SCOPE_BEGIN|[45]|auConstantCmn.PROFILE_SA_USER_SA|String|false|true
17:17:43.0 (36959610)|VARIABLE_SCOPE_BEGIN|[49]|auConstantCmn.PROFILE_SYSADMIN_CUSTOM|String|false|true
17:17:43.0 (36969464)|VARIABLE_SCOPE_BEGIN|[50]|auConstantCmn.PROFILE_SYSADMIN_DEFAULT_EN|String|false|true
17:17:43.0 (36978753)|VARIABLE_SCOPE_BEGIN|[51]|auConstantCmn.PROFILE_SYSADMIN_DEFAULT_JP|String|false|true
17:17:43.0 (36988594)|VARIABLE_SCOPE_BEGIN|[9]|auConstantCmn.ROLE_CODE_EVOLVA_HONBU|String|false|true
17:17:43.0 (36998257)|VARIABLE_SCOPE_BEGIN|[10]|auConstantCmn.ROLE_CODE_EVOLVA_SHISHA|String|false|true
17:17:43.0 (37007840)|VARIABLE_SCOPE_BEGIN|[11]|auConstantCmn.ROLE_CODE_EVOLVA_SHITEN|String|false|true
17:17:43.0 (37018914)|VARIABLE_SCOPE_BEGIN|[7]|auConstantCmn.ROLE_CODE_HONBU|String|false|true
17:17:43.0 (37029620)|VARIABLE_SCOPE_BEGIN|[8]|auConstantCmn.ROLE_CODE_SA_HONBU|String|false|true
17:17:43.0 (37039632)|VARIABLE_SCOPE_BEGIN|[123]|auConstantCmn.USER_CLASSIFICATION_CONTRACTOR|String|false|true
17:17:43.0 (37049421)|VARIABLE_SCOPE_BEGIN|[122]|auConstantCmn.USER_CLASSIFICATION_CSA|String|false|true
17:17:43.0 (37059115)|VARIABLE_SCOPE_BEGIN|[121]|auConstantCmn.USER_CLASSIFICATION_SA|String|false|true
17:17:43.0 (37073092)|HEAP_ALLOCATE|[60]|Bytes:11
17:17:43.0 (37090437)|VARIABLE_ASSIGNMENT|[60]|auConstantCmn.ACCESS_TYPE_KDDI|"KDDI_ACCESS"
17:17:43.0 (37096259)|HEAP_ALLOCATE|[60]|Bytes:9
17:17:43.0 (37103402)|VARIABLE_ASSIGNMENT|[60]|auConstantCmn.ACCESS_TYPE_SA|"SA_ACCESS"
17:17:43.0 (37107971)|HEAP_ALLOCATE|[60]|Bytes:11
17:17:43.0 (37114818)|VARIABLE_ASSIGNMENT|[60]|auConstantCmn.ACCESS_TYPE_SHOP|"SHOP_ACCESS"
17:17:43.0 (37119071)|HEAP_ALLOCATE|[60]|Bytes:5
17:17:43.0 (37125325)|VARIABLE_ASSIGNMENT|[60]|auConstantCmn.ACCOUNT_CHANNEL_DAIRITEN|"一次代理店"
17:17:43.0 (37129808)|HEAP_ALLOCATE|[60]|Bytes:6
17:17:43.0 (37135920)|VARIABLE_ASSIGNMENT|[60]|auConstantCmn.ACCOUNT_CHANNEL_SHOP|"auショップ"
17:17:43.0 (37140101)|HEAP_ALLOCATE|[60]|Bytes:4
17:17:43.0 (37146261)|VARIABLE_ASSIGNMENT|[60]|auConstantCmn.ACCOUNT_CHANNEL_UNEIHOJIN|"運営法人"
17:17:43.0 (37150361)|HEAP_ALLOCATE|[60]|Bytes:8
17:17:43.0 (37156579)|VARIABLE_ASSIGNMENT|[60]|auConstantCmn.CX_KNOWLEDGE_SHARING_NATIONAL|"National"
17:17:43.0 (37160629)|HEAP_ALLOCATE|[60]|Bytes:14
17:17:43.0 (37167424)|VARIABLE_ASSIGNMENT|[60]|auConstantCmn.CX_KNOWLEDGE_SHARING_REGIONAL_OFFICE|"RegionalOffice"
17:17:43.0 (37171852)|HEAP_ALLOCATE|[60]|Bytes:8
17:17:43.0 (37178415)|VARIABLE_ASSIGNMENT|[60]|auConstantCmn.CX_KNOWLEDGE_STATUS_APPROVED|"Approved"
17:17:43.0 (37182558)|HEAP_ALLOCATE|[60]|Bytes:16
17:17:43.0 (37190083)|VARIABLE_ASSIGNMENT|[60]|auConstantCmn.CX_KNOWLEDGE_STATUS_NATIONAL_APPROVED|"NationalApproved"
17:17:43.0 (37194289)|HEAP_ALLOCATE|[60]|Bytes:8
17:17:43.0 (37200882)|VARIABLE_ASSIGNMENT|[60]|auConstantCmn.CX_KNOWLEDGE_STATUS_REJECTED|"Rejected"
17:17:43.0 (37204790)|HEAP_ALLOCATE|[60]|Bytes:5
17:17:43.0 (37211087)|VARIABLE_ASSIGNMENT|[60]|auConstantCmn.CX_KNOWLEDGE_STATUS_SAVED|"Saved"
17:17:43.0 (37215157)|HEAP_ALLOCATE|[60]|Bytes:14
17:17:43.0 (37222089)|VARIABLE_ASSIGNMENT|[60]|auConstantCmn.CX_KNOWLEDGE_STATUS_TEMPORARY_SAVED|"TemporarySaved"
17:17:43.0 (37226345)|HEAP_ALLOCATE|[60]|Bytes:12
17:17:43.0 (37233224)|VARIABLE_ASSIGNMENT|[60]|auConstantCmn.FORGOT_PASSWORD_ERR_MESSAGE001|"IDを入力してください。"
17:17:43.0 (37237582)|HEAP_ALLOCATE|[60]|Bytes:8
17:17:43.0 (37244844)|VARIABLE_ASSIGNMENT|[60]|auConstantCmn.HONBU_DIRECT_DETAIL_TYPE_FAVORITE|"FAVORITE"
17:17:43.0 (37248887)|HEAP_ALLOCATE|[60]|Bytes:4
17:17:43.0 (37255688)|VARIABLE_ASSIGNMENT|[60]|auConstantCmn.HONBU_DIRECT_DETAIL_TYPE_READ|"READ"
17:17:43.0 (37259753)|HEAP_ALLOCATE|[60]|Bytes:5
17:17:43.0 (37266321)|VARIABLE_ASSIGNMENT|[60]|auConstantCmn.KDDI_KNOWLEDGE_STATUS_SAVED|"Saved"
17:17:43.0 (37270363)|HEAP_ALLOCATE|[60]|Bytes:14
17:17:43.0 (37277690)|VARIABLE_ASSIGNMENT|[60]|auConstantCmn.KDDI_KNOWLEDGE_STATUS_TEMPORARY_SAVED|"TemporarySaved"
17:17:43.0 (37281911)|HEAP_ALLOCATE|[60]|Bytes:15
17:17:43.0 (37289543)|VARIABLE_ASSIGNMENT|[60]|auConstantCmn.LOGIN_ERR_MESSAGE001|"パスワードを入力してください。"
17:17:43.0 (37294064)|HEAP_ALLOCATE|[60]|Bytes:27
17:17:43.0 (37303525)|VARIABLE_ASSIGNMENT|[60]|auConstantCmn.LOGIN_ERR_MESSAGE002|"8文字以上の英数字混在のパスワードを指定 (7 more) ..."
17:17:43.0 (37308505)|HEAP_ALLOCATE|[60]|Bytes:19
17:17:43.0 (37316438)|VARIABLE_ASSIGNMENT|[60]|auConstantCmn.LOGIN_ERR_MESSAGE003|"ID或いはパスワードが間違っています。"
17:17:43.0 (37320970)|HEAP_ALLOCATE|[60]|Bytes:46
17:17:43.0 (37329791)|VARIABLE_ASSIGNMENT|[60]|auConstantCmn.LOGIN_ERR_MESSAGE004|"ログイン失敗回数を超えた為、ロックされま (26 more) ..."
17:17:43.0 (37334495)|HEAP_ALLOCATE|[60]|Bytes:3
17:17:43.0 (37341563)|VARIABLE_ASSIGNMENT|[60]|auConstantCmn.PAGE_ALIAS_SHOP_CX|"/CX"
17:17:43.0 (37345759)|HEAP_ALLOCATE|[60]|Bytes:7
17:17:43.0 (37353079)|VARIABLE_ASSIGNMENT|[60]|auConstantCmn.PAGE_ALIAS_SHOP_EVENTS|"/events"
17:17:43.0 (37357248)|HEAP_ALLOCATE|[60]|Bytes:16
17:17:43.0 (37364955)|VARIABLE_ASSIGNMENT|[60]|auConstantCmn.PAGE_ALIAS_SHOP_FORGOTPW|"/forgot-password"
17:17:43.0 (37369186)|HEAP_ALLOCATE|[60]|Bytes:25
17:17:43.0 (37378138)|VARIABLE_ASSIGNMENT|[60]|auConstantCmn.PAGE_ALIAS_SHOP_FORGOTPWCOMP|"/forgot-password-com (5 more) ..."
17:17:43.0 (37382432)|HEAP_ALLOCATE|[60]|Bytes:5
17:17:43.0 (37389942)|VARIABLE_ASSIGNMENT|[60]|auConstantCmn.PAGE_ALIAS_SHOP_HOME|"/home"
17:17:43.0 (37394322)|HEAP_ALLOCATE|[60]|Bytes:6
17:17:43.0 (37401575)|VARIABLE_ASSIGNMENT|[60]|auConstantCmn.PAGE_ALIAS_SHOP_LOGIN|"/login"
17:17:43.0 (37405744)|HEAP_ALLOCATE|[60]|Bytes:7
17:17:43.0 (37431263)|VARIABLE_ASSIGNMENT|[60]|auConstantCmn.PAGE_ALIAS_SHOP_LOGOUT|"/logout"
17:17:43.0 (37437157)|HEAP_ALLOCATE|[60]|Bytes:16
17:17:43.0 (37446539)|VARIABLE_ASSIGNMENT|[60]|auConstantCmn.PAGE_ALIAS_SHOP_PASSWORDSIGNUP|"/password-signup"
17:17:43.0 (37453569)|HEAP_ALLOCATE|[60]|Bytes:9
17:17:43.0 (37461736)|VARIABLE_ASSIGNMENT|[60]|auConstantCmn.PAGE_ALIAS_SHOP_SCHEDULE|"/calendar"
17:17:43.0 (37466012)|HEAP_ALLOCATE|[60]|Bytes:11
17:17:43.0 (37473717)|VARIABLE_ASSIGNMENT|[60]|auConstantCmn.PAGE_ALIAS_SHOP_SCHEDULE_LIST|"/activities"
17:17:43.0 (37478008)|HEAP_ALLOCATE|[60]|Bytes:5
17:17:43.0 (37485833)|VARIABLE_ASSIGNMENT|[60]|auConstantCmn.PAGE_ALIAS_SHOP_STPD|"/STPD"
17:17:43.0 (37490107)|HEAP_ALLOCATE|[60]|Bytes:11
17:17:43.0 (37497942)|VARIABLE_ASSIGNMENT|[60]|auConstantCmn.PAGE_ALIAS_SHOP_TIMELINE_CX|"/timelineCX"
17:17:43.0 (37502521)|HEAP_ALLOCATE|[60]|Bytes:13
17:17:43.0 (37510435)|VARIABLE_ASSIGNMENT|[60]|auConstantCmn.PAGE_ALIAS_SHOP_TIMELINE_STPD|"/timelineSTPD"
17:17:43.0 (37514775)|HEAP_ALLOCATE|[60]|Bytes:27
17:17:43.0 (37524279)|VARIABLE_ASSIGNMENT|[60]|auConstantCmn.PAGE_VF_SHOP_CX|"/apex/auCXKnowledgeL (7 more) ..."
17:17:43.0 (37528626)|HEAP_ALLOCATE|[60]|Bytes:22
17:17:43.0 (37537776)|VARIABLE_ASSIGNMENT|[60]|auConstantCmn.PAGE_VF_SHOP_EVENTS|"/apex/auEventsListPa (2 more) ..."
17:17:43.0 (37542067)|HEAP_ALLOCATE|[60]|Bytes:21
17:17:43.0 (37551603)|VARIABLE_ASSIGNMENT|[60]|auConstantCmn.PAGE_VF_SHOP_FORGOTPW|"/auForgotPasswordPag (1 more) ..."
17:17:43.0 (37555965)|HEAP_ALLOCATE|[60]|Bytes:29
17:17:43.0 (37565279)|VARIABLE_ASSIGNMENT|[60]|auConstantCmn.PAGE_VF_SHOP_FORGOTPWCOMP|"/auForgotPasswordCom (9 more) ..."
17:17:43.0 (37569675)|HEAP_ALLOCATE|[60]|Bytes:24
17:17:43.0 (37578942)|VARIABLE_ASSIGNMENT|[60]|auConstantCmn.PAGE_VF_SHOP_HOME|"/apex/auSwitchScreen (4 more) ..."
17:17:43.0 (37583718)|HEAP_ALLOCATE|[60]|Bytes:12
17:17:43.0 (37592229)|VARIABLE_ASSIGNMENT|[60]|auConstantCmn.PAGE_VF_SHOP_LOGIN|"/auLoginPage"
17:17:43.0 (37596784)|HEAP_ALLOCATE|[60]|Bytes:13
17:17:43.0 (37611010)|VARIABLE_ASSIGNMENT|[60]|auConstantCmn.PAGE_VF_SHOP_LOGOUT|"/auLogoutPage"
17:17:43.0 (37615495)|HEAP_ALLOCATE|[60]|Bytes:21
17:17:43.0 (37625233)|VARIABLE_ASSIGNMENT|[60]|auConstantCmn.PAGE_VF_SHOP_PASSWORDSIGNUP|"/auPasswordSignupPag (1 more) ..."
17:17:43.0 (37629338)|HEAP_ALLOCATE|[60]|Bytes:16
17:17:43.0 (37637866)|VARIABLE_ASSIGNMENT|[60]|auConstantCmn.PAGE_VF_SHOP_SCHEDULE|"/apex/auSchedule"
17:17:43.0 (37642107)|HEAP_ALLOCATE|[60]|Bytes:20
17:17:43.0 (37651049)|VARIABLE_ASSIGNMENT|[60]|auConstantCmn.PAGE_VF_SHOP_SCHEDULE_LIST|"/apex/auScheduleList"
17:17:43.0 (37655245)|HEAP_ALLOCATE|[60]|Bytes:20
17:17:43.0 (37664384)|VARIABLE_ASSIGNMENT|[60]|auConstantCmn.PAGE_VF_SHOP_STPD|"/apex/auSTPDListPage"
17:17:43.0 (37668441)|HEAP_ALLOCATE|[60]|Bytes:31
17:17:43.0 (37678669)|VARIABLE_ASSIGNMENT|[60]|auConstantCmn.PAGE_VF_SHOP_TIMELINE_CX|"/apex/auCxKnowledgeT (11 more) ..."
17:17:43.0 (37682941)|HEAP_ALLOCATE|[60]|Bytes:24
17:17:43.0 (37692934)|VARIABLE_ASSIGNMENT|[60]|auConstantCmn.PAGE_VF_SHOP_TIMELINE_STPD|"/apex/auSTPDTimeline (4 more) ..."
17:17:43.0 (37697354)|HEAP_ALLOCATE|[60]|Bytes:55
17:17:43.0 (37707370)|VARIABLE_ASSIGNMENT|[60]|auConstantCmn.PASSWORD_SIGNUP_ERR_EXPIREDURL|"パスワードリセットの有効期限が切れていま (35 more) ..."
17:17:43.0 (37712019)|HEAP_ALLOCATE|[60]|Bytes:27
17:17:43.0 (37722318)|VARIABLE_ASSIGNMENT|[60]|auConstantCmn.PASSWORD_SIGNUP_ERR_INTERNAL|"内部エラーが発生しました。サイト管理者に (7 more) ..."
17:17:43.0 (37727205)|HEAP_ALLOCATE|[60]|Bytes:51
17:17:43.0 (37737154)|VARIABLE_ASSIGNMENT|[60]|auConstantCmn.PASSWORD_SIGNUP_ERR_INVALIDURL|"不正なパスワードリセットURLです。<b (31 more) ..."
17:17:43.0 (37741721)|HEAP_ALLOCATE|[60]|Bytes:15
17:17:43.0 (37750904)|VARIABLE_ASSIGNMENT|[60]|auConstantCmn.PASSWORD_SIGNUP_ERR_MESSAGE001|"パスワードを入力してください。"
17:17:43.0 (37755360)|HEAP_ALLOCATE|[60]|Bytes:19
17:17:43.0 (37764695)|VARIABLE_ASSIGNMENT|[60]|auConstantCmn.PASSWORD_SIGNUP_ERR_MESSAGE002|"確認用のパスワードを入力してください。"
17:17:43.0 (37769399)|HEAP_ALLOCATE|[60]|Bytes:27
17:17:43.0 (37779328)|VARIABLE_ASSIGNMENT|[60]|auConstantCmn.PASSWORD_SIGNUP_ERR_MESSAGE003|"8文字以上の英数字混在のパスワードを指定 (7 more) ..."
17:17:43.0 (37784119)|HEAP_ALLOCATE|[60]|Bytes:22
17:17:43.0 (37794363)|VARIABLE_ASSIGNMENT|[60]|auConstantCmn.PASSWORD_SIGNUP_ERR_MESSAGE004|"パスワードと確認用のパスワードが不一致で (2 more) ..."
17:17:43.0 (37798831)|HEAP_ALLOCATE|[60]|Bytes:21
17:17:43.0 (37808852)|VARIABLE_ASSIGNMENT|[60]|auConstantCmn.PASSWORD_SIGNUP_ERR_MESSAGE005|"以前利用したパスワードはご利用できません (1 more) ..."
17:17:43.0 (37813619)|HEAP_ALLOCATE|[60]|Bytes:46
17:17:43.0 (37824184)|VARIABLE_ASSIGNMENT|[60]|auConstantCmn.PASSWORD_SIGNUP_ERR_OLDURL|"以前のパスワードリセットURLは利用でき (26 more) ..."
17:17:43.0 (37828704)|HEAP_ALLOCATE|[60]|Bytes:14
17:17:43.0 (37838053)|VARIABLE_ASSIGNMENT|[60]|auConstantCmn.PROFILE_COMMUNITY_MANAGEMENT|"au ショップ - 運営法人"
17:17:43.0 (37842523)|HEAP_ALLOCATE|[60]|Bytes:15
17:17:43.0 (37851801)|VARIABLE_ASSIGNMENT|[60]|auConstantCmn.PROFILE_COMMUNITY_PRIMARY_AGENT|"au ショップ - 一次代理店"
17:17:43.0 (37856160)|HEAP_ALLOCATE|[60]|Bytes:12
17:17:43.0 (37865672)|VARIABLE_ASSIGNMENT|[60]|auConstantCmn.PROFILE_COMMUNITY_SHOP|"au ショップ - 店舗"
17:17:43.0 (37870080)|HEAP_ALLOCATE|[60]|Bytes:17
17:17:43.0 (37879856)|VARIABLE_ASSIGNMENT|[60]|auConstantCmn.PROFILE_EVOLVA_ADMIN_USER|"Evolva Admin User"
17:17:43.0 (37884271)|HEAP_ALLOCATE|[60]|Bytes:11
17:17:43.0 (37893790)|VARIABLE_ASSIGNMENT|[60]|auConstantCmn.PROFILE_EVOLVA_USER|"Evolva User"
17:17:43.0 (37898175)|HEAP_ALLOCATE|[60]|Bytes:9
17:17:43.0 (37907509)|VARIABLE_ASSIGNMENT|[60]|auConstantCmn.PROFILE_KDDI_BRANCH|"KDDI - 支店"
17:17:43.0 (37911728)|HEAP_ALLOCATE|[60]|Bytes:12
17:17:43.0 (37927383)|VARIABLE_ASSIGNMENT|[60]|auConstantCmn.PROFILE_KDDI_BRANCH_V2|"KDDI - 支店 v2"
17:17:43.0 (37931883)|HEAP_ALLOCATE|[60]|Bytes:9
17:17:43.0 (37941163)|VARIABLE_ASSIGNMENT|[60]|auConstantCmn.PROFILE_KDDI_HEADQUARTERS|"KDDI - 本部"
17:17:43.0 (37945429)|HEAP_ALLOCATE|[60]|Bytes:12
17:17:43.0 (37955088)|VARIABLE_ASSIGNMENT|[60]|auConstantCmn.PROFILE_KDDI_HEADQUARTERS_V2|"KDDI - 本部 v2"
17:17:43.0 (37959305)|HEAP_ALLOCATE|[60]|Bytes:29
17:17:43.0 (37970435)|VARIABLE_ASSIGNMENT|[60]|auConstantCmn.PROFILE_KDDI_KNOWLEDGE_ACTIVITIES|"KDDI - Knowledge & A (9 more) ..."
17:17:43.0 (37974815)|HEAP_ALLOCATE|[60]|Bytes:21
17:17:43.0 (37986071)|VARIABLE_ASSIGNMENT|[60]|auConstantCmn.PROFILE_KDDI_KNOWLEDGE_ONLY|"KDDI - Knowledge onl (1 more) ..."
17:17:43.0 (37990544)|HEAP_ALLOCATE|[60]|Bytes:9
17:17:43.0 (38000524)|VARIABLE_ASSIGNMENT|[60]|auConstantCmn.PROFILE_KDDI_REGIONAL_OFFICE|"KDDI - 支社"
17:17:43.0 (38006089)|HEAP_ALLOCATE|[60]|Bytes:12
17:17:43.0 (38016205)|VARIABLE_ASSIGNMENT|[60]|auConstantCmn.PROFILE_KDDI_REGIONAL_OFFICE_V2|"KDDI - 支社 v2"
17:17:43.0 (38020516)|HEAP_ALLOCATE|[60]|Bytes:13
17:17:43.0 (38030759)|VARIABLE_ASSIGNMENT|[60]|auConstantCmn.PROFILE_SA_USER_CSA|"SA User - CSA"
17:17:43.0 (38035163)|HEAP_ALLOCATE|[60]|Bytes:12
17:17:43.0 (38045366)|VARIABLE_ASSIGNMENT|[60]|auConstantCmn.PROFILE_SA_USER_SA|"SA User - SA"
17:17:43.0 (38049538)|HEAP_ALLOCATE|[60]|Bytes:12
17:17:43.0 (38059571)|VARIABLE_ASSIGNMENT|[60]|auConstantCmn.PROFILE_SYSADMIN_CUSTOM|"System Admin"
17:17:43.0 (38063760)|HEAP_ALLOCATE|[60]|Bytes:20
17:17:43.0 (38074148)|VARIABLE_ASSIGNMENT|[60]|auConstantCmn.PROFILE_SYSADMIN_DEFAULT_EN|"System Administrator"
17:17:43.0 (38078458)|HEAP_ALLOCATE|[60]|Bytes:7
17:17:43.0 (38088507)|VARIABLE_ASSIGNMENT|[60]|auConstantCmn.PROFILE_SYSADMIN_DEFAULT_JP|"システム管理者"
17:17:43.0 (38092715)|HEAP_ALLOCATE|[60]|Bytes:7
17:17:43.0 (38102569)|VARIABLE_ASSIGNMENT|[60]|auConstantCmn.ROLE_CODE_EVOLVA_HONBU|"E000000"
17:17:43.0 (38106734)|HEAP_ALLOCATE|[60]|Bytes:6
17:17:43.0 (38116589)|VARIABLE_ASSIGNMENT|[60]|auConstantCmn.ROLE_CODE_EVOLVA_SHISHA|"EKEV01"
17:17:43.0 (38120615)|HEAP_ALLOCATE|[60]|Bytes:8
17:17:43.0 (38130505)|VARIABLE_ASSIGNMENT|[60]|auConstantCmn.ROLE_CODE_EVOLVA_SHITEN|"EKEV0101"
17:17:43.0 (38134905)|HEAP_ALLOCATE|[60]|Bytes:7
17:17:43.0 (38145361)|VARIABLE_ASSIGNMENT|[60]|auConstantCmn.ROLE_CODE_HONBU|"C000000"
17:17:43.0 (38149625)|HEAP_ALLOCATE|[60]|Bytes:7
17:17:43.0 (38159730)|VARIABLE_ASSIGNMENT|[60]|auConstantCmn.ROLE_CODE_SA_HONBU|"S000000"
17:17:43.0 (38164083)|HEAP_ALLOCATE|[60]|Bytes:10
17:17:43.0 (38174591)|VARIABLE_ASSIGNMENT|[60]|auConstantCmn.USER_CLASSIFICATION_CONTRACTOR|"CONTRACTOR"
17:17:43.0 (38178951)|HEAP_ALLOCATE|[60]|Bytes:3
17:17:43.0 (38189309)|VARIABLE_ASSIGNMENT|[60]|auConstantCmn.USER_CLASSIFICATION_CSA|"CSA"
17:17:43.0 (38193730)|HEAP_ALLOCATE|[60]|Bytes:2
17:17:43.0 (38203747)|VARIABLE_ASSIGNMENT|[60]|auConstantCmn.USER_CLASSIFICATION_SA|"SA"
17:17:43.0 (38219620)|METHOD_ENTRY|[4]|01p6F0000084Osz|auConstantCmn.auConstantCmn()
17:17:43.0 (38226194)|STATEMENT_EXECUTE|[4]
17:17:43.0 (38231558)|STATEMENT_EXECUTE|[4]
17:17:43.0 (38617530)|SYSTEM_MODE_ENTER|false
17:17:43.0 (38637743)|HEAP_ALLOCATE|[60]|Bytes:5
17:17:43.0 (38648090)|SYSTEM_MODE_EXIT|false
17:17:43.0 (38661257)|METHOD_EXIT|[4]|auConstantCmn
17:17:43.0 (38765439)|VARIABLE_ASSIGNMENT|[EXTERNAL]|this|{"currentUser":"0x739ca843","isSAUser":false,"iTypeOfScreen":0,"urlReportsSFA":"https://au-portal.li (90 more) ..."}|0x4cd0cb6a
17:17:43.0 (38848698)|VARIABLE_ASSIGNMENT|[EXTERNAL]|this|{"currentUser":"0x739ca843","isSAUser":false,"iTypeOfScreen":0,"urlReportsSFA":"https://au-portal.li (90 more) ..."}|0x4cd0cb6a
17:17:43.0 (38912273)|VARIABLE_ASSIGNMENT|[EXTERNAL]|this|{"currentUser":"0x739ca843","isSAUser":false,"iTypeOfScreen":0,"urlReportsSFA":"https://au-portal.li (90 more) ..."}|0x4cd0cb6a
17:17:43.0 (38947152)|HEAP_ALLOCATE|[60]|Bytes:5
17:17:43.0 (38962152)|VARIABLE_ASSIGNMENT|[60]|this.isSAUser|false|0x4cd0cb6a
17:17:43.0 (49134598)|SYSTEM_MODE_ENTER|true
17:17:43.0 (49217378)|HEAP_ALLOCATE|[EXTERNAL]|Bytes:260
17:17:43.0 (49231346)|HEAP_ALLOCATE|[EXTERNAL]|Bytes:52
17:17:43.0 (49251905)|METHOD_ENTRY|[1]|01p6F0000084OtZ|auSwitchScreenCtrl.auSwitchScreenCtrl()
17:17:43.0 (49258901)|STATEMENT_EXECUTE|[1]
17:17:43.0 (49266914)|STATEMENT_EXECUTE|[1]
17:17:43.0 (49276406)|SYSTEM_MODE_ENTER|false
17:17:43.0 (49291196)|HEAP_ALLOCATE|[EXTERNAL]|Bytes:5
17:17:43.0 (49302349)|SYSTEM_MODE_EXIT|false
17:17:43.0 (49313136)|METHOD_EXIT|[1]|auSwitchScreenCtrl
17:17:43.0 (49323756)|HEAP_ALLOCATE|[EXTERNAL]|Bytes:32
17:17:43.0 (49332665)|VARIABLE_SCOPE_BEGIN|[13]|this|auSwitchScreenCtrl|true|false
17:17:43.0 (49399519)|VARIABLE_ASSIGNMENT|[13]|this|{}|0x517fa584
17:17:43.0 (49418381)|SYSTEM_MODE_ENTER|false
17:17:43.0 (49425077)|HEAP_ALLOCATE|[15]|Bytes:5
17:17:43.0 (49430215)|STATEMENT_EXECUTE|[1]
17:17:43.0 (49433729)|HEAP_ALLOCATE|[15]|Bytes:5
17:17:43.0 (49437084)|STATEMENT_EXECUTE|[3]
17:17:43.0 (49439154)|STATEMENT_EXECUTE|[4]
17:17:43.0 (49440748)|STATEMENT_EXECUTE|[5]
17:17:43.0 (49442631)|STATEMENT_EXECUTE|[6]
17:17:43.0 (49444239)|STATEMENT_EXECUTE|[7]
17:17:43.0 (49445806)|STATEMENT_EXECUTE|[8]
17:17:43.0 (49447372)|STATEMENT_EXECUTE|[9]
17:17:43.0 (49479433)|STATEMENT_EXECUTE|[13]
17:17:43.0 (49482083)|STATEMENT_EXECUTE|[15]
17:17:43.0 (49563882)|HEAP_ALLOCATE|[15]|Bytes:28
17:17:43.0 (49624405)|HEAP_ALLOCATE|[15]|Bytes:631
17:17:43.0 (49681679)|HEAP_ALLOCATE|[15]|Bytes:10
17:17:43.0 (49715514)|VARIABLE_SCOPE_BEGIN|[15]|userAgent|String|false|false
17:17:43.0 (49736433)|VARIABLE_ASSIGNMENT|[15]|userAgent|"Mozilla/5.0 (Macinto (100 more) ..."
17:17:43.0 (49743778)|STATEMENT_EXECUTE|[16]
17:17:43.0 (49747843)|HEAP_ALLOCATE|[16]|Bytes:6
17:17:43.0 (49849714)|VARIABLE_ASSIGNMENT|[EXTERNAL]|this|{}|0x517fa584
17:17:43.0 (49869175)|VARIABLE_ASSIGNMENT|[EXTERNAL]|value|false
17:17:43.0 (49877438)|HEAP_ALLOCATE|[9]|Bytes:5
17:17:43.0 (49888190)|VARIABLE_ASSIGNMENT|[9]|this.isIPhone|false|0x517fa584
17:17:43.0 (49898741)|STATEMENT_EXECUTE|[18]
17:17:43.0 (49901986)|HEAP_ALLOCATE|[18]|Bytes:54
17:17:43.0 (49923041)|HEAP_ALLOCATE|[18]|Bytes:4
17:17:43.0 (49941542)|METHOD_ENTRY|[20]||System.UserInfo.getUserId()
17:17:43.0 (49973996)|METHOD_EXIT|[20]||System.UserInfo.getUserId()
17:17:43.0 (50329489)|SOQL_EXECUTE_BEGIN|[18]|Aggregations:0|SELECT Profile.Name FROM User WHERE User.ID = :tmpVar1
17:17:43.0 (55494800)|SOQL_EXECUTE_END|[18]|Rows:1
17:17:43.0 (55542020)|HEAP_ALLOCATE|[18]|Bytes:8
17:17:43.0 (55573574)|HEAP_ALLOCATE|[18]|Bytes:116
17:17:43.0 (55655811)|HEAP_ALLOCATE|[18]|Bytes:8
17:17:43.0 (55714790)|HEAP_ALLOCATE|[18]|Bytes:16
17:17:43.0 (55753960)|VARIABLE_SCOPE_BEGIN|[18]|currentUser|User|true|false
17:17:43.0 (55805766)|VARIABLE_ASSIGNMENT|[18]|currentUser|{"ProfileId":"00e6F000002FIslQAG","Id":"0056F000008202zQAA","Profile":{"Name":"KDDI - 支店","Id":"00e6F000002FIslQAG"}}|0x338c9565
17:17:43.0 (55818605)|STATEMENT_EXECUTE|[22]
17:17:43.0 (56085098)|VARIABLE_ASSIGNMENT|[EXTERNAL]|this|{"isIPhone":false}|0x517fa584
17:17:43.0 (56112722)|VARIABLE_ASSIGNMENT|[EXTERNAL]|value|false
17:17:43.0 (56127167)|HEAP_ALLOCATE|[3]|Bytes:5
17:17:43.0 (56144288)|VARIABLE_ASSIGNMENT|[3]|this.isCommunityUser|false|0x517fa584
17:17:43.0 (56166140)|STATEMENT_EXECUTE|[26]
17:17:43.0 (56289670)|VARIABLE_ASSIGNMENT|[EXTERNAL]|this|{"isCommunityUser":false,"isIPhone":false}|0x517fa584
17:17:43.0 (56304588)|VARIABLE_ASSIGNMENT|[EXTERNAL]|value|false
17:17:43.0 (56312016)|HEAP_ALLOCATE|[4]|Bytes:5
17:17:43.0 (56321175)|VARIABLE_ASSIGNMENT|[4]|this.isSystemAdministrator|false|0x517fa584
17:17:43.0 (56333310)|STATEMENT_EXECUTE|[30]
17:17:43.0 (56369482)|VARIABLE_ASSIGNMENT|[EXTERNAL]|this|{"isCommunityUser":false,"isIPhone":false,"isSystemAdministrator":false}|0x517fa584
17:17:43.0 (56437411)|VARIABLE_ASSIGNMENT|[EXTERNAL]|this|{"isCommunityUser":false,"isIPhone":false,"isSystemAdministrator":false}|0x517fa584
17:17:43.0 (56449180)|VARIABLE_ASSIGNMENT|[EXTERNAL]|value|true
17:17:43.0 (56455527)|HEAP_ALLOCATE|[5]|Bytes:5
17:17:43.0 (56463335)|VARIABLE_ASSIGNMENT|[5]|this.isKDDIUser|true|0x517fa584
17:17:43.0 (56472589)|STATEMENT_EXECUTE|[38]
17:17:43.0 (56610693)|VARIABLE_ASSIGNMENT|[EXTERNAL]|this|{"isCommunityUser":false,"isIPhone":false,"isKDDIUser":true,"isSystemAdministrator":false}|0x517fa584
17:17:43.0 (56626148)|VARIABLE_ASSIGNMENT|[EXTERNAL]|value|false
17:17:43.0 (56633720)|HEAP_ALLOCATE|[6]|Bytes:5
17:17:43.0 (56642501)|VARIABLE_ASSIGNMENT|[6]|this.isSAorEvolvaUser|false|0x517fa584
17:17:43.0 (56654259)|STATEMENT_EXECUTE|[43]
17:17:43.0 (56723932)|VARIABLE_ASSIGNMENT|[EXTERNAL]|this|{"isCommunityUser":false,"isIPhone":false,"isKDDIUser":true,"isSAorEvolvaUser":false,"isSystemAdministrator":false}|0x517fa584
17:17:43.0 (56737534)|VARIABLE_ASSIGNMENT|[EXTERNAL]|value|false
17:17:43.0 (56743676)|HEAP_ALLOCATE|[7]|Bytes:5
17:17:43.0 (56750780)|VARIABLE_ASSIGNMENT|[7]|this.isKDDIKnowledgeOnly|false|0x517fa584
17:17:43.0 (56760204)|STATEMENT_EXECUTE|[45]
17:17:43.0 (56822540)|VARIABLE_ASSIGNMENT|[EXTERNAL]|this|{"isCommunityUser":false,"isIPhone":false,"isKDDIKnowledgeOnly":false,"isKDDIUser":true,"isSAorEvolvaUser":false,"isSystemAdministrator":false}|0x517fa584
17:17:43.0 (56835168)|VARIABLE_ASSIGNMENT|[EXTERNAL]|value|false
17:17:43.0 (56841462)|HEAP_ALLOCATE|[8]|Bytes:5
17:17:43.0 (56848982)|VARIABLE_ASSIGNMENT|[8]|this.isKDDIKnowledgeActivities|false|0x517fa584
17:17:43.0 (56862931)|SYSTEM_MODE_EXIT|false
17:17:43.0 (57018998)|HEAP_ALLOCATE|[EXTERNAL]|Bytes:32
17:17:43.0 (57036358)|VARIABLE_SCOPE_BEGIN|[50]|this|auSwitchScreenCtrl|true|false
17:17:43.0 (57085682)|VARIABLE_ASSIGNMENT|[50]|this|{"isCommunityUser":false,"isIPhone":false,"isKDDIKnowledgeActivities":false,"isKDDIKnowledgeOnly":false,"isKDDIUser":true,"isSAorEvolvaUser":false,"isSystemAdministrator":false}|0x517fa584
17:17:43.0 (57111012)|SYSTEM_MODE_ENTER|false
17:17:43.0 (57121917)|HEAP_ALLOCATE|[52]|Bytes:5
17:17:43.0 (57129772)|STATEMENT_EXECUTE|[50]
17:17:43.0 (57132497)|STATEMENT_EXECUTE|[52]
17:17:43.0 (57137511)|HEAP_ALLOCATE|[52]|Bytes:63
17:17:43.0 (57189892)|HEAP_ALLOCATE|[52]|Bytes:4
17:17:43.0 (57221448)|METHOD_ENTRY|[54]||System.UserInfo.getUserId()
17:17:43.0 (57253738)|METHOD_EXIT|[54]||System.UserInfo.getUserId()
17:17:43.0 (57644435)|SOQL_EXECUTE_BEGIN|[52]|Aggregations:0|SELECT ForcePasswordReset__c FROM User WHERE User.ID = :tmpVar1
17:17:43.0 (61482074)|SOQL_EXECUTE_END|[52]|Rows:1
17:17:43.0 (61516658)|HEAP_ALLOCATE|[52]|Bytes:8
17:17:43.0 (61534340)|HEAP_ALLOCATE|[52]|Bytes:58
17:17:43.0 (61583836)|HEAP_ALLOCATE|[52]|Bytes:8
17:17:43.0 (61622733)|HEAP_ALLOCATE|[52]|Bytes:12
17:17:43.0 (61634532)|VARIABLE_SCOPE_BEGIN|[52]|currentUser|User|true|false
17:17:43.0 (61665664)|VARIABLE_ASSIGNMENT|[52]|currentUser|{"ForcePasswordReset__c":false,"Id":"0056F000008202zQAA"}|0x646409b2
17:17:43.0 (61706511)|STATEMENT_EXECUTE|[56]
17:17:43.0 (61789460)|VARIABLE_ASSIGNMENT|[EXTERNAL]|this|{"isCommunityUser":false,"isIPhone":false,"isKDDIKnowledgeActivities":false,"isKDDIKnowledgeOnly":false,"isKDDIUser":true,"isSAorEvolvaUser":false,"isSystemAdministrator":false}|0x517fa584
17:17:43.0 (61809493)|STATEMENT_EXECUTE|[61]
17:17:43.0 (61811912)|STATEMENT_EXECUTE|[66]
17:17:43.0 (61818606)|SYSTEM_MODE_EXIT|false
17:17:43.0 (62394702)|SYSTEM_MODE_ENTER|true
17:17:43.0 (62423777)|HEAP_ALLOCATE|[EXTERNAL]|Bytes:44
17:17:43.0 (62431874)|VARIABLE_SCOPE_BEGIN|[48]|this|auMainTopCompCtrl|true|false
17:17:43.0 (62470366)|VARIABLE_ASSIGNMENT|[48]|this|{}|0x2dc39e6a
17:17:43.0 (62481952)|STATEMENT_EXECUTE|[1]
17:17:43.0 (62484314)|STATEMENT_EXECUTE|[29]
17:17:43.0 (62486452)|STATEMENT_EXECUTE|[30]
17:17:43.0 (62488080)|STATEMENT_EXECUTE|[31]
17:17:43.0 (62489788)|STATEMENT_EXECUTE|[34]
17:17:43.0 (62491484)|STATEMENT_EXECUTE|[35]
17:17:43.0 (62493212)|STATEMENT_EXECUTE|[36]
17:17:43.0 (62494895)|STATEMENT_EXECUTE|[38]
17:17:43.0 (62496581)|STATEMENT_EXECUTE|[39]
17:17:43.0 (62498352)|STATEMENT_EXECUTE|[41]
17:17:43.0 (62500463)|STATEMENT_EXECUTE|[46]
17:17:43.0 (62508004)|HEAP_ALLOCATE|[46]|Bytes:5
17:17:43.0 (62521583)|VARIABLE_ASSIGNMENT|[46]|this.isSAUser|false|0x2dc39e6a
17:17:43.0 (62546010)|STATEMENT_EXECUTE|[48]
17:17:43.0 (62548128)|STATEMENT_EXECUTE|[49]
17:17:43.0 (62579257)|VARIABLE_ASSIGNMENT|[EXTERNAL]|this|{"isSAUser":false}|0x2dc39e6a
17:17:43.0 (62591126)|VARIABLE_ASSIGNMENT|[EXTERNAL]|value|0
17:17:43.0 (62596640)|HEAP_ALLOCATE|[34]|Bytes:4
17:17:43.0 (62604495)|VARIABLE_ASSIGNMENT|[34]|this.iTypeOfScreen|0|0x2dc39e6a
17:17:43.0 (62614334)|STATEMENT_EXECUTE|[51]
17:17:43.0 (62786269)|HEAP_ALLOCATE|[51]|Bytes:136
17:17:43.0 (62842531)|VARIABLE_ASSIGNMENT|[EXTERNAL]|this|{"isSAUser":false,"iTypeOfScreen":0}|0x2dc39e6a
17:17:43.0 (62857417)|VARIABLE_ASSIGNMENT|[EXTERNAL]|value|"https://au-portal.li (90 more) ..."
17:17:43.0 (62874744)|VARIABLE_ASSIGNMENT|[39]|this.urlReportsSFA|"https://au-portal.li (90 more) ..."|0x2dc39e6a
17:17:43.0 (62884301)|STATEMENT_EXECUTE|[53]
17:17:43.0 (62902571)|HEAP_ALLOCATE|[53]|Bytes:4
17:17:43.0 (62922619)|METHOD_ENTRY|[58]||System.UserInfo.getUserId()
17:17:43.0 (62943372)|METHOD_EXIT|[58]||System.UserInfo.getUserId()
17:17:43.0 (63485270)|SOQL_EXECUTE_BEGIN|[53]|Aggregations:0|SELECT SmallPhotoUrl, Account.Name, Account.RegionalOfficeId__r.RegionalOfficeName__c, Account.BranchId__r.BranchName__c, Name, Department, UserRole.Name, Profile.Name FROM User WHERE User.ID = :tmpVar1
17:17:43.0 (70483502)|SOQL_EXECUTE_END|[53]|Rows:1
17:17:43.0 (70518546)|HEAP_ALLOCATE|[53]|Bytes:8
17:17:43.0 (70553115)|HEAP_ALLOCATE|[53]|Bytes:278
17:17:43.0 (70603023)|HEAP_ALLOCATE|[53]|Bytes:8
17:17:43.0 (70637824)|HEAP_ALLOCATE|[53]|Bytes:36
17:17:43.0 (70717046)|VARIABLE_ASSIGNMENT|[EXTERNAL]|this|{"isSAUser":false,"iTypeOfScreen":0,"urlReportsSFA":"https://au-portal.li (90 more) ..."}|0x2dc39e6a
17:17:43.0 (70750304)|VARIABLE_ASSIGNMENT|[EXTERNAL]|value|{"SmallPhotoUrl":"/profilephoto/005/T","Name":"高橋 賢悦","Department":"東北量販支店","UserRoleId":"00E6F000001edMbUAI","ProfileId":"00e6F000002FIslQAG","Id":"0056F000008202zQAA","UserRole":{"Name":"W060 - 東北量販支店","Id":"00E6F000001edMbUAI"},"Profile":{"Name":"KDDI - 支店","Id":"00e6F000002FIslQAG"}}|0x6943f680
17:17:43.0 (70785985)|VARIABLE_ASSIGNMENT|[38]|this.currentUser|{"SmallPhotoUrl":"/profilephoto/005/T","Name":"高橋 賢悦","Department":"東北量販支店","UserRoleId":"00E6F000001edMbUAI","ProfileId":"00e6F000002FIslQAG","Id":"0056F000008202zQAA","UserRole":{"Name":"W060 - 東北量販支店","Id":"00E6F000001edMbUAI"},"Profile":{"Name":"KDDI - 支店","Id":"00e6F000002FIslQAG"}}|0x2dc39e6a
17:17:43.0 (70803716)|STATEMENT_EXECUTE|[60]
17:17:43.0 (70837279)|VARIABLE_ASSIGNMENT|[EXTERNAL]|this|{"currentUser":"0x6943f680","isSAUser":false,"iTypeOfScreen":0,"urlReportsSFA":"https://au-portal.li (90 more) ..."}|0x2dc39e6a
17:17:43.0 (70935202)|VARIABLE_ASSIGNMENT|[EXTERNAL]|this|{"currentUser":"0x6943f680","isSAUser":false,"iTypeOfScreen":0,"urlReportsSFA":"https://au-portal.li (90 more) ..."}|0x2dc39e6a
17:17:43.0 (70988392)|VARIABLE_ASSIGNMENT|[EXTERNAL]|this|{"currentUser":"0x6943f680","isSAUser":false,"iTypeOfScreen":0,"urlReportsSFA":"https://au-portal.li (90 more) ..."}|0x2dc39e6a
17:17:43.0 (71035308)|VARIABLE_ASSIGNMENT|[EXTERNAL]|this|{"currentUser":"0x6943f680","isSAUser":false,"iTypeOfScreen":0,"urlReportsSFA":"https://au-portal.li (90 more) ..."}|0x2dc39e6a
17:17:43.0 (71064109)|HEAP_ALLOCATE|[60]|Bytes:5
17:17:43.0 (71075967)|VARIABLE_ASSIGNMENT|[60]|this.isSAUser|false|0x2dc39e6a
17:17:43.0 (71738408)|SYSTEM_MODE_ENTER|true
17:17:43.0 (71770748)|HEAP_ALLOCATE|[EXTERNAL]|Bytes:44
17:17:43.0 (71784467)|VARIABLE_ASSIGNMENT|[EXTERNAL]|this.iCountComments|null|0x2dc39e6a
17:17:43.0 (71843032)|SYSTEM_MODE_ENTER|true
17:17:43.0 (71860413)|HEAP_ALLOCATE|[EXTERNAL]|Bytes:44
17:17:43.0 (71870709)|VARIABLE_ASSIGNMENT|[EXTERNAL]|this.iCountLikes|null|0x2dc39e6a
17:17:43.0 (72070540)|SYSTEM_MODE_ENTER|true
17:17:43.0 (72140080)|HEAP_ALLOCATE|[EXTERNAL]|Bytes:32
17:17:43.0 (72151195)|VARIABLE_SCOPE_BEGIN|[11]|this|auSwitchScreenCtrl|true|false
17:17:43.0 (72190178)|VARIABLE_ASSIGNMENT|[11]|this|{"isCommunityUser":false,"isIPhone":false,"isKDDIKnowledgeActivities":false,"isKDDIKnowledgeOnly":false,"isKDDIUser":true,"isSAorEvolvaUser":false,"isSystemAdministrator":false}|0x517fa584
17:17:43.0 (72209872)|SYSTEM_MODE_ENTER|false
17:17:43.0 (72218248)|HEAP_ALLOCATE|[11]|Bytes:5
17:17:43.0 (72223932)|STATEMENT_EXECUTE|[11]
17:17:43.0 (72226299)|STATEMENT_EXECUTE|[11]
17:17:43.0 (72234088)|SYSTEM_MODE_EXIT|false
17:17:43.0 (72301881)|SYSTEM_MODE_ENTER|true
17:17:43.0 (72322939)|HEAP_ALLOCATE|[EXTERNAL]|Bytes:8
17:17:43.0 (72328069)|HEAP_ALLOCATE|[EXTERNAL]|Bytes:44
17:17:43.0 (72339031)|VARIABLE_ASSIGNMENT|[EXTERNAL]|this.iTypeOfScreen|0|0x2dc39e6a
17:17:43.0 (72512948)|SYSTEM_MODE_ENTER|true
17:17:43.0 (72556511)|HEAP_ALLOCATE|[EXTERNAL]|Bytes:44
17:17:43.0 (72565388)|VARIABLE_SCOPE_BEGIN|[204]|this|auMainTopCompCtrl|true|false
17:17:43.0 (72607067)|VARIABLE_ASSIGNMENT|[204]|this|{"currentUser":"0x6943f680","isSAUser":false,"iTypeOfScreen":0,"urlReportsSFA":"https://au-portal.li (90 more) ..."}|0x2dc39e6a
17:17:43.0 (72618311)|STATEMENT_EXECUTE|[204]
17:17:43.0 (72675133)|VARIABLE_ASSIGNMENT|[EXTERNAL]|this|{"currentUser":"0x6943f680","isSAUser":false,"iTypeOfScreen":0,"urlReportsSFA":"https://au-portal.li (90 more) ..."}|0x2dc39e6a
17:17:43.0 (72732591)|VARIABLE_ASSIGNMENT|[EXTERNAL]|this|{"currentUser":"0x6943f680","isSAUser":false,"iTypeOfScreen":0,"urlReportsSFA":"https://au-portal.li (90 more) ..."}|0x2dc39e6a
17:17:43.0 (72773179)|VARIABLE_ASSIGNMENT|[EXTERNAL]|this|{"currentUser":"0x6943f680","isSAUser":false,"iTypeOfScreen":0,"urlReportsSFA":"https://au-portal.li (90 more) ..."}|0x2dc39e6a
17:17:43.0 (72817278)|VARIABLE_ASSIGNMENT|[EXTERNAL]|this|{"currentUser":"0x6943f680","isSAUser":false,"iTypeOfScreen":0,"urlReportsSFA":"https://au-portal.li (90 more) ..."}|0x2dc39e6a
17:17:43.0 (72854546)|VARIABLE_ASSIGNMENT|[EXTERNAL]|this|{"currentUser":"0x6943f680","isSAUser":false,"iTypeOfScreen":0,"urlReportsSFA":"https://au-portal.li (90 more) ..."}|0x2dc39e6a
17:17:43.0 (72867018)|STATEMENT_EXECUTE|[213]
17:17:43.0 (72869092)|STATEMENT_EXECUTE|[214]
17:17:43.0 (72975050)|SYSTEM_MODE_ENTER|true
17:17:43.0 (73035383)|HEAP_ALLOCATE|[EXTERNAL]|Bytes:44
17:17:43.0 (73045252)|VARIABLE_SCOPE_BEGIN|[218]|this|auMainTopCompCtrl|true|false
17:17:43.0 (73082537)|VARIABLE_ASSIGNMENT|[218]|this|{"currentUser":"0x6943f680","isSAUser":false,"iTypeOfScreen":0,"urlReportsSFA":"https://au-portal.li (90 more) ..."}|0x2dc39e6a
17:17:43.0 (73093307)|STATEMENT_EXECUTE|[218]
17:17:43.0 (73134181)|VARIABLE_ASSIGNMENT|[EXTERNAL]|this|{"currentUser":"0x6943f680","isSAUser":false,"iTypeOfScreen":0,"urlReportsSFA":"https://au-portal.li (90 more) ..."}|0x2dc39e6a
17:17:43.0 (73178904)|VARIABLE_ASSIGNMENT|[EXTERNAL]|this|{"currentUser":"0x6943f680","isSAUser":false,"iTypeOfScreen":0,"urlReportsSFA":"https://au-portal.li (90 more) ..."}|0x2dc39e6a
17:17:43.0 (73214421)|VARIABLE_ASSIGNMENT|[EXTERNAL]|this|{"currentUser":"0x6943f680","isSAUser":false,"iTypeOfScreen":0,"urlReportsSFA":"https://au-portal.li (90 more) ..."}|0x2dc39e6a
17:17:43.0 (73254589)|VARIABLE_ASSIGNMENT|[EXTERNAL]|this|{"currentUser":"0x6943f680","isSAUser":false,"iTypeOfScreen":0,"urlReportsSFA":"https://au-portal.li (90 more) ..."}|0x2dc39e6a
17:17:43.0 (73289995)|VARIABLE_ASSIGNMENT|[EXTERNAL]|this|{"currentUser":"0x6943f680","isSAUser":false,"iTypeOfScreen":0,"urlReportsSFA":"https://au-portal.li (90 more) ..."}|0x2dc39e6a
17:17:43.0 (73301433)|STATEMENT_EXECUTE|[227]
17:17:43.0 (73303200)|STATEMENT_EXECUTE|[228]
17:17:43.0 (75192166)|SYSTEM_MODE_ENTER|true
17:17:43.0 (78249834)|SYSTEM_MODE_ENTER|true
17:17:43.0 (78315202)|HEAP_ALLOCATE|[EXTERNAL]|Bytes:44
17:17:43.0 (78328775)|VARIABLE_SCOPE_BEGIN|[67]|this|auMainTopCompCtrl|true|false
17:17:43.0 (78396537)|VARIABLE_ASSIGNMENT|[67]|this|{"currentUser":"0x6943f680","isSAUser":false,"iTypeOfScreen":0,"urlReportsSFA":"https://au-portal.li (90 more) ..."}|0x2dc39e6a
17:17:43.0 (78419125)|STATEMENT_EXECUTE|[67]
17:17:43.0 (78422684)|STATEMENT_EXECUTE|[68]
17:17:43.0 (78489892)|VARIABLE_ASSIGNMENT|[EXTERNAL]|this|{"currentUser":"0x6943f680","isSAUser":false,"iTypeOfScreen":0,"urlReportsSFA":"https://au-portal.li (90 more) ..."}|0x2dc39e6a
17:17:43.0 (78554587)|VARIABLE_ASSIGNMENT|[EXTERNAL]|this|{"currentUser":"0x6943f680","isSAUser":false,"iTypeOfScreen":0,"urlReportsSFA":"https://au-portal.li (90 more) ..."}|0x2dc39e6a
17:17:43.0 (78639753)|VARIABLE_ASSIGNMENT|[EXTERNAL]|this|{"currentUser":"0x6943f680","isSAUser":false,"iTypeOfScreen":0,"urlReportsSFA":"https://au-portal.li (90 more) ..."}|0x2dc39e6a
17:17:43.0 (78677239)|HEAP_ALLOCATE|[68]|Bytes:5
17:17:43.0 (78832606)|SYSTEM_MODE_ENTER|true
17:17:43.0 (78904855)|HEAP_ALLOCATE|[EXTERNAL]|Bytes:44
17:17:43.0 (78918501)|VARIABLE_SCOPE_BEGIN|[73]|this|auMainTopCompCtrl|true|false
17:17:43.0 (78976636)|VARIABLE_ASSIGNMENT|[73]|this|{"currentUser":"0x6943f680","isSAUser":false,"iTypeOfScreen":0,"urlReportsSFA":"https://au-portal.li (90 more) ..."}|0x2dc39e6a
17:17:43.0 (78994074)|STATEMENT_EXECUTE|[73]
17:17:43.0 (78996523)|STATEMENT_EXECUTE|[74]
17:17:43.0 (79044431)|VARIABLE_ASSIGNMENT|[EXTERNAL]|this|{"currentUser":"0x6943f680","isSAUser":false,"iTypeOfScreen":0,"urlReportsSFA":"https://au-portal.li (90 more) ..."}|0x2dc39e6a
17:17:43.0 (79098518)|VARIABLE_ASSIGNMENT|[EXTERNAL]|this|{"currentUser":"0x6943f680","isSAUser":false,"iTypeOfScreen":0,"urlReportsSFA":"https://au-portal.li (90 more) ..."}|0x2dc39e6a
17:17:43.0 (79126684)|HEAP_ALLOCATE|[74]|Bytes:5
17:17:43.0 (79241320)|SYSTEM_MODE_ENTER|true
17:17:43.0 (79304038)|HEAP_ALLOCATE|[EXTERNAL]|Bytes:44
17:17:43.0 (79316573)|VARIABLE_SCOPE_BEGIN|[83]|this|auMainTopCompCtrl|true|false
17:17:43.0 (79355633)|VARIABLE_ASSIGNMENT|[83]|this|{"currentUser":"0x6943f680","isSAUser":false,"iTypeOfScreen":0,"urlReportsSFA":"https://au-portal.li (90 more) ..."}|0x2dc39e6a
17:17:43.0 (79366284)|STATEMENT_EXECUTE|[83]
17:17:43.0 (79368551)|STATEMENT_EXECUTE|[84]
17:17:43.0 (79416331)|VARIABLE_ASSIGNMENT|[EXTERNAL]|this|{"currentUser":"0x6943f680","isSAUser":false,"iTypeOfScreen":0,"urlReportsSFA":"https://au-portal.li (90 more) ..."}|0x2dc39e6a
17:17:43.0 (79504370)|VARIABLE_ASSIGNMENT|[EXTERNAL]|this|{"currentUser":"0x6943f680","isSAUser":false,"iTypeOfScreen":0,"urlReportsSFA":"https://au-portal.li (90 more) ..."}|0x2dc39e6a
17:17:43.0 (79538153)|HEAP_ALLOCATE|[84]|Bytes:5
17:17:43.0 (79685942)|SYSTEM_MODE_ENTER|true
17:17:43.0 (79750642)|HEAP_ALLOCATE|[EXTERNAL]|Bytes:44
17:17:43.0 (79764252)|VARIABLE_SCOPE_BEGIN|[100]|this|auMainTopCompCtrl|true|false
17:17:43.0 (79819396)|VARIABLE_ASSIGNMENT|[100]|this|{"currentUser":"0x6943f680","isSAUser":false,"iTypeOfScreen":0,"urlReportsSFA":"https://au-portal.li (90 more) ..."}|0x2dc39e6a
17:17:43.0 (79831964)|STATEMENT_EXECUTE|[100]
17:17:43.0 (79834228)|STATEMENT_EXECUTE|[101]
17:17:43.0 (79894105)|VARIABLE_ASSIGNMENT|[EXTERNAL]|this|{"currentUser":"0x6943f680","isSAUser":false,"iTypeOfScreen":0,"urlReportsSFA":"https://au-portal.li (90 more) ..."}|0x2dc39e6a
17:17:43.0 (79972144)|VARIABLE_ASSIGNMENT|[EXTERNAL]|this|{"currentUser":"0x6943f680","isSAUser":false,"iTypeOfScreen":0,"urlReportsSFA":"https://au-portal.li (90 more) ..."}|0x2dc39e6a
17:17:43.0 (80025251)|VARIABLE_ASSIGNMENT|[EXTERNAL]|this|{"currentUser":"0x6943f680","isSAUser":false,"iTypeOfScreen":0,"urlReportsSFA":"https://au-portal.li (90 more) ..."}|0x2dc39e6a
17:17:43.0 (80045722)|HEAP_ALLOCATE|[101]|Bytes:5
17:17:43.0 (80228859)|SYSTEM_MODE_ENTER|true
17:17:43.0 (80299219)|HEAP_ALLOCATE|[EXTERNAL]|Bytes:32
17:17:43.0 (80313308)|VARIABLE_SCOPE_BEGIN|[69]|this|auSwitchScreenCtrl|true|false
17:17:43.0 (80366839)|VARIABLE_ASSIGNMENT|[69]|this|{"isCommunityUser":false,"isIPhone":false,"isKDDIKnowledgeActivities":false,"isKDDIKnowledgeOnly":false,"isKDDIUser":true,"isSAorEvolvaUser":false,"isSystemAdministrator":false}|0x517fa584
17:17:43.0 (80394823)|SYSTEM_MODE_ENTER|false
17:17:43.0 (80407632)|HEAP_ALLOCATE|[71]|Bytes:5
17:17:43.0 (80415827)|STATEMENT_EXECUTE|[69]
17:17:43.0 (80418572)|STATEMENT_EXECUTE|[71]
17:17:43.0 (80491479)|VARIABLE_ASSIGNMENT|[EXTERNAL]|this|{"isCommunityUser":false,"isIPhone":false,"isKDDIKnowledgeActivities":false,"isKDDIKnowledgeOnly":false,"isKDDIUser":true,"isSAorEvolvaUser":false,"isSystemAdministrator":false}|0x517fa584
17:17:43.0 (80514751)|HEAP_ALLOCATE|[71]|Bytes:5
17:17:43.0 (80524068)|SYSTEM_MODE_EXIT|false
17:17:43.0 (80531139)|HEAP_ALLOCATE|[71]|Bytes:5
17:17:43.0 (80654298)|SYSTEM_MODE_ENTER|true
17:17:43.0 (80699484)|HEAP_ALLOCATE|[EXTERNAL]|Bytes:32
17:17:43.0 (80708395)|VARIABLE_SCOPE_BEGIN|[75]|this|auSwitchScreenCtrl|true|false
17:17:43.0 (80751556)|VARIABLE_ASSIGNMENT|[75]|this|{"isCommunityUser":false,"isIPhone":false,"isKDDIKnowledgeActivities":false,"isKDDIKnowledgeOnly":false,"isKDDIUser":true,"isSAorEvolvaUser":false,"isSystemAdministrator":false}|0x517fa584
17:17:43.0 (80775274)|SYSTEM_MODE_ENTER|false
17:17:43.0 (80785026)|HEAP_ALLOCATE|[77]|Bytes:5
17:17:43.0 (80791384)|STATEMENT_EXECUTE|[75]
17:17:43.0 (80793540)|STATEMENT_EXECUTE|[77]
17:17:43.0 (80837645)|VARIABLE_ASSIGNMENT|[EXTERNAL]|this|{"isCommunityUser":false,"isIPhone":false,"isKDDIKnowledgeActivities":false,"isKDDIKnowledgeOnly":false,"isKDDIUser":true,"isSAorEvolvaUser":false,"isSystemAdministrator":false}|0x517fa584
17:17:43.0 (80904093)|VARIABLE_ASSIGNMENT|[EXTERNAL]|this|{"isCommunityUser":false,"isIPhone":false,"isKDDIKnowledgeActivities":false,"isKDDIKnowledgeOnly":false,"isKDDIUser":true,"isSAorEvolvaUser":false,"isSystemAdministrator":false}|0x517fa584
17:17:43.0 (80932836)|HEAP_ALLOCATE|[77]|Bytes:5
17:17:43.0 (80944962)|SYSTEM_MODE_EXIT|false
17:17:43.0 (80955011)|HEAP_ALLOCATE|[77]|Bytes:5
17:17:43.0 (81104651)|SYSTEM_MODE_ENTER|true
17:17:43.0 (81168672)|HEAP_ALLOCATE|[EXTERNAL]|Bytes:32
17:17:43.0 (81182613)|VARIABLE_SCOPE_BEGIN|[81]|this|auSwitchScreenCtrl|true|false
17:17:43.0 (81232345)|VARIABLE_ASSIGNMENT|[81]|this|{"isCommunityUser":false,"isIPhone":false,"isKDDIKnowledgeActivities":false,"isKDDIKnowledgeOnly":false,"isKDDIUser":true,"isSAorEvolvaUser":false,"isSystemAdministrator":false}|0x517fa584
17:17:43.0 (81258844)|SYSTEM_MODE_ENTER|false
17:17:43.0 (81270285)|HEAP_ALLOCATE|[83]|Bytes:5
17:17:43.0 (81279217)|STATEMENT_EXECUTE|[81]
17:17:43.0 (81282169)|STATEMENT_EXECUTE|[83]
17:17:43.0 (81344906)|VARIABLE_ASSIGNMENT|[EXTERNAL]|this|{"isCommunityUser":false,"isIPhone":false,"isKDDIKnowledgeActivities":false,"isKDDIKnowledgeOnly":false,"isKDDIUser":true,"isSAorEvolvaUser":false,"isSystemAdministrator":false}|0x517fa584
17:17:43.0 (81389675)|VARIABLE_ASSIGNMENT|[EXTERNAL]|this|{"isCommunityUser":false,"isIPhone":false,"isKDDIKnowledgeActivities":false,"isKDDIKnowledgeOnly":false,"isKDDIUser":true,"isSAorEvolvaUser":false,"isSystemAdministrator":false}|0x517fa584
17:17:43.0 (81405599)|HEAP_ALLOCATE|[83]|Bytes:5
17:17:43.0 (81412833)|SYSTEM_MODE_EXIT|false
17:17:43.0 (81418517)|HEAP_ALLOCATE|[83]|Bytes:5
17:17:43.0 (81538860)|SYSTEM_MODE_ENTER|true
17:17:43.0 (81601675)|HEAP_ALLOCATE|[EXTERNAL]|Bytes:32
17:17:43.0 (81615941)|VARIABLE_SCOPE_BEGIN|[99]|this|auSwitchScreenCtrl|true|false
17:17:43.0 (81659736)|VARIABLE_ASSIGNMENT|[99]|this|{"isCommunityUser":false,"isIPhone":false,"isKDDIKnowledgeActivities":false,"isKDDIKnowledgeOnly":false,"isKDDIUser":true,"isSAorEvolvaUser":false,"isSystemAdministrator":false}|0x517fa584
17:17:43.0 (81677598)|SYSTEM_MODE_ENTER|false
17:17:43.0 (81684346)|HEAP_ALLOCATE|[101]|Bytes:5
17:17:43.0 (81689653)|STATEMENT_EXECUTE|[99]
17:17:43.0 (81691733)|STATEMENT_EXECUTE|[101]
17:17:43.0 (81732565)|VARIABLE_ASSIGNMENT|[EXTERNAL]|this|{"isCommunityUser":false,"isIPhone":false,"isKDDIKnowledgeActivities":false,"isKDDIKnowledgeOnly":false,"isKDDIUser":true,"isSAorEvolvaUser":false,"isSystemAdministrator":false}|0x517fa584
17:17:43.0 (81749223)|SYSTEM_MODE_EXIT|false
17:17:43.0 (81842683)|SYSTEM_MODE_ENTER|true
17:17:43.0 (81898533)|HEAP_ALLOCATE|[EXTERNAL]|Bytes:32
17:17:43.0 (81911814)|VARIABLE_SCOPE_BEGIN|[93]|this|auSwitchScreenCtrl|true|false
17:17:43.0 (81959604)|VARIABLE_ASSIGNMENT|[93]|this|{"isCommunityUser":false,"isIPhone":false,"isKDDIKnowledgeActivities":false,"isKDDIKnowledgeOnly":false,"isKDDIUser":true,"isSAorEvolvaUser":false,"isSystemAdministrator":false}|0x517fa584
17:17:43.0 (81982250)|SYSTEM_MODE_ENTER|false
17:17:43.0 (81990475)|HEAP_ALLOCATE|[95]|Bytes:5
17:17:43.0 (81998487)|STATEMENT_EXECUTE|[93]
17:17:43.0 (82001439)|STATEMENT_EXECUTE|[95]
17:17:43.0 (82060962)|VARIABLE_ASSIGNMENT|[EXTERNAL]|this|{"isCommunityUser":false,"isIPhone":false,"isKDDIKnowledgeActivities":false,"isKDDIKnowledgeOnly":false,"isKDDIUser":true,"isSAorEvolvaUser":false,"isSystemAdministrator":false}|0x517fa584
17:17:43.0 (82079824)|SYSTEM_MODE_EXIT|false
17:17:43.0 (82188948)|SYSTEM_MODE_ENTER|true
17:17:43.0 (82254845)|HEAP_ALLOCATE|[EXTERNAL]|Bytes:32
17:17:43.0 (82273907)|VARIABLE_SCOPE_BEGIN|[105]|this|auSwitchScreenCtrl|true|false
17:17:43.0 (82325315)|VARIABLE_ASSIGNMENT|[105]|this|{"isCommunityUser":false,"isIPhone":false,"isKDDIKnowledgeActivities":false,"isKDDIKnowledgeOnly":false,"isKDDIUser":true,"isSAorEvolvaUser":false,"isSystemAdministrator":false}|0x517fa584
17:17:43.0 (82353672)|SYSTEM_MODE_ENTER|false
17:17:43.0 (82365315)|HEAP_ALLOCATE|[107]|Bytes:5
17:17:43.0 (82373588)|STATEMENT_EXECUTE|[105]
17:17:43.0 (82376612)|STATEMENT_EXECUTE|[107]
17:17:43.0 (82437617)|VARIABLE_ASSIGNMENT|[EXTERNAL]|this|{"isCommunityUser":false,"isIPhone":false,"isKDDIKnowledgeActivities":false,"isKDDIKnowledgeOnly":false,"isKDDIUser":true,"isSAorEvolvaUser":false,"isSystemAdministrator":false}|0x517fa584
17:17:43.0 (82466656)|SYSTEM_MODE_EXIT|false
17:17:43.0 (82587170)|SYSTEM_MODE_ENTER|true
17:17:43.0 (82631942)|HEAP_ALLOCATE|[EXTERNAL]|Bytes:32
17:17:43.0 (82648193)|VARIABLE_SCOPE_BEGIN|[87]|this|auSwitchScreenCtrl|true|false
17:17:43.0 (82690784)|VARIABLE_ASSIGNMENT|[87]|this|{"isCommunityUser":false,"isIPhone":false,"isKDDIKnowledgeActivities":false,"isKDDIKnowledgeOnly":false,"isKDDIUser":true,"isSAorEvolvaUser":false,"isSystemAdministrator":false}|0x517fa584
17:17:43.0 (82707975)|SYSTEM_MODE_ENTER|false
17:17:43.0 (82715012)|HEAP_ALLOCATE|[89]|Bytes:5
17:17:43.0 (82719911)|STATEMENT_EXECUTE|[87]
17:17:43.0 (82721988)|STATEMENT_EXECUTE|[89]
17:17:43.0 (82761876)|VARIABLE_ASSIGNMENT|[EXTERNAL]|this|{"isCommunityUser":false,"isIPhone":false,"isKDDIKnowledgeActivities":false,"isKDDIKnowledgeOnly":false,"isKDDIUser":true,"isSAorEvolvaUser":false,"isSystemAdministrator":false}|0x517fa584
17:17:43.0 (82776941)|SYSTEM_MODE_EXIT|false
17:17:43.0 (82871723)|SYSTEM_MODE_ENTER|true
17:17:43.0 (82912867)|HEAP_ALLOCATE|[EXTERNAL]|Bytes:32
17:17:43.0 (82923506)|VARIABLE_SCOPE_BEGIN|[111]|this|auSwitchScreenCtrl|true|false
17:17:43.0 (82956153)|VARIABLE_ASSIGNMENT|[111]|this|{"isCommunityUser":false,"isIPhone":false,"isKDDIKnowledgeActivities":false,"isKDDIKnowledgeOnly":false,"isKDDIUser":true,"isSAorEvolvaUser":false,"isSystemAdministrator":false}|0x517fa584
17:17:43.0 (82972509)|SYSTEM_MODE_ENTER|false
17:17:43.0 (82982173)|HEAP_ALLOCATE|[113]|Bytes:5
17:17:43.0 (82989810)|STATEMENT_EXECUTE|[111]
17:17:43.0 (82992849)|STATEMENT_EXECUTE|[113]
17:17:43.0 (83052535)|VARIABLE_ASSIGNMENT|[EXTERNAL]|this|{"isCommunityUser":false,"isIPhone":false,"isKDDIKnowledgeActivities":false,"isKDDIKnowledgeOnly":false,"isKDDIUser":true,"isSAorEvolvaUser":false,"isSystemAdministrator":false}|0x517fa584
17:17:43.0 (83111744)|VARIABLE_ASSIGNMENT|[EXTERNAL]|this|{"isCommunityUser":false,"isIPhone":false,"isKDDIKnowledgeActivities":false,"isKDDIKnowledgeOnly":false,"isKDDIUser":true,"isSAorEvolvaUser":false,"isSystemAdministrator":false}|0x517fa584
17:17:43.0 (83127527)|HEAP_ALLOCATE|[113]|Bytes:5
17:17:43.0 (83134270)|SYSTEM_MODE_EXIT|false
17:17:43.0 (83140163)|HEAP_ALLOCATE|[113]|Bytes:5
17:17:43.0 (83241298)|SYSTEM_MODE_ENTER|true
17:17:43.0 (83300870)|HEAP_ALLOCATE|[EXTERNAL]|Bytes:32
17:17:43.0 (83309775)|VARIABLE_SCOPE_BEGIN|[117]|this|auSwitchScreenCtrl|true|false
17:17:43.0 (83341599)|VARIABLE_ASSIGNMENT|[117]|this|{"isCommunityUser":false,"isIPhone":false,"isKDDIKnowledgeActivities":false,"isKDDIKnowledgeOnly":false,"isKDDIUser":true,"isSAorEvolvaUser":false,"isSystemAdministrator":false}|0x517fa584
17:17:43.0 (83357336)|SYSTEM_MODE_ENTER|false
17:17:43.0 (83363936)|HEAP_ALLOCATE|[119]|Bytes:5
17:17:43.0 (83368792)|STATEMENT_EXECUTE|[117]
17:17:43.0 (83371023)|STATEMENT_EXECUTE|[119]
17:17:43.0 (83407713)|VARIABLE_ASSIGNMENT|[EXTERNAL]|this|{"isCommunityUser":false,"isIPhone":false,"isKDDIKnowledgeActivities":false,"isKDDIKnowledgeOnly":false,"isKDDIUser":true,"isSAorEvolvaUser":false,"isSystemAdministrator":false}|0x517fa584
17:17:43.0 (83444079)|VARIABLE_ASSIGNMENT|[EXTERNAL]|this|{"isCommunityUser":false,"isIPhone":false,"isKDDIKnowledgeActivities":false,"isKDDIKnowledgeOnly":false,"isKDDIUser":true,"isSAorEvolvaUser":false,"isSystemAdministrator":false}|0x517fa584
17:17:43.0 (83457010)|HEAP_ALLOCATE|[119]|Bytes:5
17:17:43.0 (83462800)|SYSTEM_MODE_EXIT|false
17:17:43.0 (83470051)|HEAP_ALLOCATE|[119]|Bytes:5
17:17:43.0 (83575614)|SYSTEM_MODE_ENTER|true
17:17:43.0 (84875756)|SYSTEM_MODE_ENTER|true
17:17:43.0 (84925237)|HEAP_ALLOCATE|[EXTERNAL]|Bytes:240
17:17:43.0 (84934087)|HEAP_ALLOCATE|[EXTERNAL]|Bytes:14
17:17:43.0 (84949689)|METHOD_ENTRY|[1]|01p6F000006ymET|auSwitchScreenBtmCompCtrl.auSwitchScreenBtmCompCtrl()
17:17:43.0 (84956377)|STATEMENT_EXECUTE|[1]
17:17:43.0 (84960761)|STATEMENT_EXECUTE|[1]
17:17:43.0 (84967920)|METHOD_EXIT|[1]|auSwitchScreenBtmCompCtrl
17:17:43.0 (84978595)|HEAP_ALLOCATE|[EXTERNAL]|Bytes:28
17:17:43.0 (84984332)|VARIABLE_SCOPE_BEGIN|[10]|this|auSwitchScreenBtmCompCtrl|true|false
17:17:43.0 (85022203)|VARIABLE_ASSIGNMENT|[10]|this|{}|0x42ad9b7d
17:17:43.0 (85031825)|STATEMENT_EXECUTE|[1]
17:17:43.0 (85033887)|STATEMENT_EXECUTE|[3]
17:17:43.0 (85035672)|STATEMENT_EXECUTE|[4]
17:17:43.0 (85037262)|STATEMENT_EXECUTE|[5]
17:17:43.0 (85039013)|STATEMENT_EXECUTE|[6]
17:17:43.0 (85040926)|STATEMENT_EXECUTE|[7]
17:17:43.0 (85042621)|STATEMENT_EXECUTE|[8]
17:17:43.0 (85065077)|STATEMENT_EXECUTE|[10]
17:17:43.0 (85067320)|STATEMENT_EXECUTE|[12]
17:17:43.0 (85275157)|HEAP_ALLOCATE|[12]|Bytes:136
17:17:43.0 (85356938)|VARIABLE_ASSIGNMENT|[EXTERNAL]|this|{}|0x42ad9b7d
17:17:43.0 (85375140)|VARIABLE_ASSIGNMENT|[EXTERNAL]|value|"https://c.ap4.conten (102 more) ..."
17:17:43.0 (85391044)|VARIABLE_ASSIGNMENT|[4]|this.urlDailyReportManual|"https://c.ap4.conten (102 more) ..."|0x42ad9b7d
17:17:43.0 (85401739)|STATEMENT_EXECUTE|[13]
17:17:43.0 (85568659)|HEAP_ALLOCATE|[13]|Bytes:136
17:17:43.0 (85675628)|VARIABLE_ASSIGNMENT|[EXTERNAL]|this|{"urlDailyReportManual":"https://c.ap4.conten (102 more) ..."}|0x42ad9b7d
17:17:43.0 (85691387)|VARIABLE_ASSIGNMENT|[EXTERNAL]|value|"https://ap4.salesfor (84 more) ..."
17:17:43.0 (85704235)|VARIABLE_ASSIGNMENT|[5]|this.urlExternalCxSTPDManual|"https://ap4.salesfor (84 more) ..."|0x42ad9b7d
17:17:43.0 (85715461)|STATEMENT_EXECUTE|[14]
17:17:43.0 (85835300)|HEAP_ALLOCATE|[14]|Bytes:136
17:17:43.0 (85911451)|VARIABLE_ASSIGNMENT|[EXTERNAL]|this|{"urlDailyReportManual":"https://c.ap4.conten (102 more) ...","urlExternalCxSTPDManual":"https://ap4.salesfor (84 more) ..."}|0x42ad9b7d
17:17:43.0 (85928341)|VARIABLE_ASSIGNMENT|[EXTERNAL]|value|"https://c.ap4.conten (102 more) ..."
17:17:43.0 (85940940)|VARIABLE_ASSIGNMENT|[6]|this.urlInternalCxSTPDManual|"https://c.ap4.conten (102 more) ..."|0x42ad9b7d
17:17:43.0 (85951147)|STATEMENT_EXECUTE|[16]
17:17:43.0 (85976244)|HEAP_ALLOCATE|[16]|Bytes:4
17:17:43.0 (85994496)|METHOD_ENTRY|[18]||System.UserInfo.getUserId()
17:17:43.0 (86025264)|METHOD_EXIT|[18]||System.UserInfo.getUserId()
17:17:43.0 (86350351)|SOQL_EXECUTE_BEGIN|[16]|Aggregations:0|SELECT Profile.Name FROM User WHERE User.ID = :tmpVar1
17:17:43.0 (91876799)|SOQL_EXECUTE_END|[16]|Rows:1
17:17:43.0 (91919735)|HEAP_ALLOCATE|[16]|Bytes:8
17:17:43.0 (91943390)|HEAP_ALLOCATE|[16]|Bytes:116
17:17:43.0 (91994138)|HEAP_ALLOCATE|[16]|Bytes:8
17:17:43.0 (92032042)|HEAP_ALLOCATE|[16]|Bytes:16
17:17:43.0 (92043934)|VARIABLE_SCOPE_BEGIN|[16]|currentUser|User|true|false
17:17:43.0 (92078043)|VARIABLE_ASSIGNMENT|[16]|currentUser|{"ProfileId":"00e6F000002FIslQAG","Id":"0056F000008202zQAA","Profile":{"Name":"KDDI - 支店","Id":"00e6F000002FIslQAG"}}|0x301356a6
17:17:43.0 (92086948)|STATEMENT_EXECUTE|[20]
17:17:43.0 (92287427)|VARIABLE_ASSIGNMENT|[EXTERNAL]|this|{"urlDailyReportManual":"https://c.ap4.conten (102 more) ...","urlExternalCxSTPDManual":"https://ap4.salesfor (84 more) ...","urlInternalCxSTPDManual":"https://c.ap4.conten (102 more) ..."}|0x42ad9b7d
17:17:43.0 (92309375)|VARIABLE_ASSIGNMENT|[EXTERNAL]|value|false
17:17:43.0 (92318425)|HEAP_ALLOCATE|[7]|Bytes:5
17:17:43.0 (92328556)|VARIABLE_ASSIGNMENT|[7]|this.isCommunityUser|false|0x42ad9b7d
17:17:43.0 (92340940)|STATEMENT_EXECUTE|[24]
17:17:43.0 (92399396)|VARIABLE_ASSIGNMENT|[EXTERNAL]|this|{"isCommunityUser":false,"urlDailyReportManual":"https://c.ap4.conten (102 more) ...","urlExternalCxSTPDManual":"https://ap4.salesfor (84 more) ...","urlInternalCxSTPDManual":"https://c.ap4.conten (102 more) ..."}|0x42ad9b7d
17:17:43.0 (92413104)|VARIABLE_ASSIGNMENT|[EXTERNAL]|value|""
17:17:43.0 (92422709)|VARIABLE_ASSIGNMENT|[3]|this.urlSFDCHome|""|0x42ad9b7d
17:17:43.0 (92472905)|VARIABLE_ASSIGNMENT|[EXTERNAL]|this|{"isCommunityUser":false,"urlDailyReportManual":"https://c.ap4.conten (102 more) ...","urlExternalCxSTPDManual":"https://ap4.salesfor (84 more) ...","urlInternalCxSTPDManual":"https://c.ap4.conten (102 more) ...","urlSFDCHome":""}|0x42ad9b7d
17:17:43.0 (92490822)|STATEMENT_EXECUTE|[25]
17:17:43.0 (92493249)|STATEMENT_EXECUTE|[26]
17:17:43.0 (92653554)|HEAP_ALLOCATE|[26]|Bytes:136
17:17:43.0 (92729099)|VARIABLE_ASSIGNMENT|[EXTERNAL]|this|{"isCommunityUser":false,"urlDailyReportManual":"https://c.ap4.conten (102 more) ...","urlExternalCxSTPDManual":"https://ap4.salesfor (84 more) ...","urlInternalCxSTPDManual":"https://c.ap4.conten (102 more) ...","urlSFDCHome":""}|0x42ad9b7d
17:17:43.0 (92742780)|VARIABLE_ASSIGNMENT|[EXTERNAL]|value|"https://au-portal.li (49 more) ..."
17:17:43.0 (92754334)|VARIABLE_ASSIGNMENT|[3]|this.urlSFDCHome|"https://au-portal.li (49 more) ..."|0x42ad9b7d
17:17:43.0 (92764474)|STATEMENT_EXECUTE|[27]
17:17:43.0 (92877099)|HEAP_ALLOCATE|[27]|Bytes:136
17:17:43.0 (92957341)|VARIABLE_ASSIGNMENT|[EXTERNAL]|this|{"isCommunityUser":false,"urlDailyReportManual":"https://c.ap4.conten (102 more) ...","urlExternalCxSTPDManual":"https://ap4.salesfor (84 more) ...","urlInternalCxSTPDManual":"https://c.ap4.conten (102 more) ...","urlSFDCHome":"https://au-portal.li (49 more) ..."}|0x42ad9b7d
17:17:43.0 (92973095)|VARIABLE_ASSIGNMENT|[EXTERNAL]|value|"http://lucas-idp.kdd (77 more) ..."
17:17:43.0 (92985217)|VARIABLE_ASSIGNMENT|[8]|this.urlSingleSignOn|"http://lucas-idp.kdd (77 more) ..."|0x42ad9b7d
17:17:43.0 (93580628)|SYSTEM_MODE_ENTER|true
17:17:43.0 (93691202)|SYSTEM_MODE_ENTER|true
17:17:43.0 (95042793)|SYSTEM_MODE_ENTER|true
17:17:43.0 (95074766)|HEAP_ALLOCATE|[EXTERNAL]|Bytes:44
17:17:43.0 (95091454)|VARIABLE_ASSIGNMENT|[EXTERNAL]|this.iCountComments|null|0x2dc39e6a
17:17:43.0 (95145177)|SYSTEM_MODE_ENTER|true
17:17:43.0 (95161771)|HEAP_ALLOCATE|[EXTERNAL]|Bytes:44
17:17:43.0 (95171845)|VARIABLE_ASSIGNMENT|[EXTERNAL]|this.iCountLikes|null|0x2dc39e6a
17:17:43.0 (95248450)|SYSTEM_MODE_ENTER|true
17:17:43.0 (95268822)|HEAP_ALLOCATE|[EXTERNAL]|Bytes:8
17:17:43.0 (95273861)|HEAP_ALLOCATE|[EXTERNAL]|Bytes:44
17:17:43.0 (95285690)|VARIABLE_ASSIGNMENT|[EXTERNAL]|this.iTypeOfScreen|0|0x2dc39e6a
17:17:43.0 (95512337)|SYSTEM_MODE_ENTER|true
17:17:43.0 (95570230)|HEAP_ALLOCATE|[EXTERNAL]|Bytes:44
17:17:43.0 (95580380)|VARIABLE_SCOPE_BEGIN|[204]|this|auMainTopCompCtrl|true|false
17:17:43.0 (95630190)|VARIABLE_ASSIGNMENT|[204]|this|{"currentUser":"0x6943f680","isSAUser":false,"iTypeOfScreen":0,"urlReportsSFA":"https://au-portal.li (90 more) ..."}|0x2dc39e6a
17:17:43.0 (95643378)|STATEMENT_EXECUTE|[204]
17:17:43.0 (95680428)|VARIABLE_ASSIGNMENT|[EXTERNAL]|this|{"currentUser":"0x6943f680","isSAUser":false,"iTypeOfScreen":0,"urlReportsSFA":"https://au-portal.li (90 more) ..."}|0x2dc39e6a
17:17:43.0 (95725097)|VARIABLE_ASSIGNMENT|[EXTERNAL]|this|{"currentUser":"0x6943f680","isSAUser":false,"iTypeOfScreen":0,"urlReportsSFA":"https://au-portal.li (90 more) ..."}|0x2dc39e6a
17:17:43.0 (95761068)|VARIABLE_ASSIGNMENT|[EXTERNAL]|this|{"currentUser":"0x6943f680","isSAUser":false,"iTypeOfScreen":0,"urlReportsSFA":"https://au-portal.li (90 more) ..."}|0x2dc39e6a
17:17:43.0 (95798148)|VARIABLE_ASSIGNMENT|[EXTERNAL]|this|{"currentUser":"0x6943f680","isSAUser":false,"iTypeOfScreen":0,"urlReportsSFA":"https://au-portal.li (90 more) ..."}|0x2dc39e6a
17:17:43.0 (95832304)|VARIABLE_ASSIGNMENT|[EXTERNAL]|this|{"currentUser":"0x6943f680","isSAUser":false,"iTypeOfScreen":0,"urlReportsSFA":"https://au-portal.li (90 more) ..."}|0x2dc39e6a
17:17:43.0 (95844005)|STATEMENT_EXECUTE|[213]
17:17:43.0 (95845986)|STATEMENT_EXECUTE|[214]
17:17:43.0 (95927033)|SYSTEM_MODE_ENTER|true
17:17:43.0 (95966749)|HEAP_ALLOCATE|[EXTERNAL]|Bytes:44
17:17:43.0 (95974393)|VARIABLE_SCOPE_BEGIN|[218]|this|auMainTopCompCtrl|true|false
17:17:43.0 (96011018)|VARIABLE_ASSIGNMENT|[218]|this|{"currentUser":"0x6943f680","isSAUser":false,"iTypeOfScreen":0,"urlReportsSFA":"https://au-portal.li (90 more) ..."}|0x2dc39e6a
17:17:43.0 (96021932)|STATEMENT_EXECUTE|[218]
17:17:43.0 (96053656)|VARIABLE_ASSIGNMENT|[EXTERNAL]|this|{"currentUser":"0x6943f680","isSAUser":false,"iTypeOfScreen":0,"urlReportsSFA":"https://au-portal.li (90 more) ..."}|0x2dc39e6a
17:17:43.0 (96090218)|VARIABLE_ASSIGNMENT|[EXTERNAL]|this|{"currentUser":"0x6943f680","isSAUser":false,"iTypeOfScreen":0,"urlReportsSFA":"https://au-portal.li (90 more) ..."}|0x2dc39e6a
17:17:43.0 (96123995)|VARIABLE_ASSIGNMENT|[EXTERNAL]|this|{"currentUser":"0x6943f680","isSAUser":false,"iTypeOfScreen":0,"urlReportsSFA":"https://au-portal.li (90 more) ..."}|0x2dc39e6a
17:17:43.0 (96158041)|VARIABLE_ASSIGNMENT|[EXTERNAL]|this|{"currentUser":"0x6943f680","isSAUser":false,"iTypeOfScreen":0,"urlReportsSFA":"https://au-portal.li (90 more) ..."}|0x2dc39e6a
17:17:43.0 (96191747)|VARIABLE_ASSIGNMENT|[EXTERNAL]|this|{"currentUser":"0x6943f680","isSAUser":false,"iTypeOfScreen":0,"urlReportsSFA":"https://au-portal.li (90 more) ..."}|0x2dc39e6a
17:17:43.0 (96202308)|STATEMENT_EXECUTE|[227]
17:17:43.0 (96204135)|STATEMENT_EXECUTE|[228]
17:17:43.0 (96428928)|SYSTEM_MODE_ENTER|true
17:17:43.0 (102230421)|SYSTEM_MODE_ENTER|true
17:17:43.0 (102295767)|HEAP_ALLOCATE|[EXTERNAL]|Bytes:44
17:17:43.0 (102308419)|VARIABLE_SCOPE_BEGIN|[67]|this|auMainTopCompCtrl|true|false
17:17:43.0 (102369471)|VARIABLE_ASSIGNMENT|[67]|this|{"currentUser":"0x6943f680","isSAUser":false,"iTypeOfScreen":0,"urlReportsSFA":"https://au-portal.li (90 more) ..."}|0x2dc39e6a
17:17:43.0 (102384557)|STATEMENT_EXECUTE|[67]
17:17:43.0 (102387009)|STATEMENT_EXECUTE|[68]
17:17:43.0 (102427459)|VARIABLE_ASSIGNMENT|[EXTERNAL]|this|{"currentUser":"0x6943f680","isSAUser":false,"iTypeOfScreen":0,"urlReportsSFA":"https://au-portal.li (90 more) ..."}|0x2dc39e6a
17:17:43.0 (102474592)|VARIABLE_ASSIGNMENT|[EXTERNAL]|this|{"currentUser":"0x6943f680","isSAUser":false,"iTypeOfScreen":0,"urlReportsSFA":"https://au-portal.li (90 more) ..."}|0x2dc39e6a
17:17:43.0 (102510777)|VARIABLE_ASSIGNMENT|[EXTERNAL]|this|{"currentUser":"0x6943f680","isSAUser":false,"iTypeOfScreen":0,"urlReportsSFA":"https://au-portal.li (90 more) ..."}|0x2dc39e6a
17:17:43.0 (102530122)|HEAP_ALLOCATE|[68]|Bytes:5
17:17:43.0 (102600310)|SYSTEM_MODE_ENTER|true
17:17:43.0 (102639770)|HEAP_ALLOCATE|[EXTERNAL]|Bytes:44
17:17:43.0 (102647340)|VARIABLE_SCOPE_BEGIN|[73]|this|auMainTopCompCtrl|true|false
17:17:43.0 (102683526)|VARIABLE_ASSIGNMENT|[73]|this|{"currentUser":"0x6943f680","isSAUser":false,"iTypeOfScreen":0,"urlReportsSFA":"https://au-portal.li (90 more) ..."}|0x2dc39e6a
17:17:43.0 (102693352)|STATEMENT_EXECUTE|[73]
17:17:43.0 (102695441)|STATEMENT_EXECUTE|[74]
17:17:43.0 (102725896)|VARIABLE_ASSIGNMENT|[EXTERNAL]|this|{"currentUser":"0x6943f680","isSAUser":false,"iTypeOfScreen":0,"urlReportsSFA":"https://au-portal.li (90 more) ..."}|0x2dc39e6a
17:17:43.0 (102763650)|VARIABLE_ASSIGNMENT|[EXTERNAL]|this|{"currentUser":"0x6943f680","isSAUser":false,"iTypeOfScreen":0,"urlReportsSFA":"https://au-portal.li (90 more) ..."}|0x2dc39e6a
17:17:43.0 (102777559)|HEAP_ALLOCATE|[74]|Bytes:5
17:17:43.0 (102838504)|SYSTEM_MODE_ENTER|true
17:17:43.0 (102879294)|HEAP_ALLOCATE|[EXTERNAL]|Bytes:44
17:17:43.0 (102886396)|VARIABLE_SCOPE_BEGIN|[83]|this|auMainTopCompCtrl|true|false
17:17:43.0 (102924181)|VARIABLE_ASSIGNMENT|[83]|this|{"currentUser":"0x6943f680","isSAUser":false,"iTypeOfScreen":0,"urlReportsSFA":"https://au-portal.li (90 more) ..."}|0x2dc39e6a
17:17:43.0 (102933597)|STATEMENT_EXECUTE|[83]
17:17:43.0 (102935820)|STATEMENT_EXECUTE|[84]
17:17:43.0 (102966206)|VARIABLE_ASSIGNMENT|[EXTERNAL]|this|{"currentUser":"0x6943f680","isSAUser":false,"iTypeOfScreen":0,"urlReportsSFA":"https://au-portal.li (90 more) ..."}|0x2dc39e6a
17:17:43.0 (103002208)|VARIABLE_ASSIGNMENT|[EXTERNAL]|this|{"currentUser":"0x6943f680","isSAUser":false,"iTypeOfScreen":0,"urlReportsSFA":"https://au-portal.li (90 more) ..."}|0x2dc39e6a
17:17:43.0 (103016105)|HEAP_ALLOCATE|[84]|Bytes:5
17:17:43.0 (103074635)|SYSTEM_MODE_ENTER|true
17:17:43.0 (103108636)|HEAP_ALLOCATE|[EXTERNAL]|Bytes:44
17:17:43.0 (103115613)|VARIABLE_SCOPE_BEGIN|[100]|this|auMainTopCompCtrl|true|false
17:17:43.0 (103149605)|VARIABLE_ASSIGNMENT|[100]|this|{"currentUser":"0x6943f680","isSAUser":false,"iTypeOfScreen":0,"urlReportsSFA":"https://au-portal.li (90 more) ..."}|0x2dc39e6a
17:17:43.0 (103158663)|STATEMENT_EXECUTE|[100]
17:17:43.0 (103160920)|STATEMENT_EXECUTE|[101]
17:17:43.0 (103189904)|VARIABLE_ASSIGNMENT|[EXTERNAL]|this|{"currentUser":"0x6943f680","isSAUser":false,"iTypeOfScreen":0,"urlReportsSFA":"https://au-portal.li (90 more) ..."}|0x2dc39e6a
17:17:43.0 (103225060)|VARIABLE_ASSIGNMENT|[EXTERNAL]|this|{"currentUser":"0x6943f680","isSAUser":false,"iTypeOfScreen":0,"urlReportsSFA":"https://au-portal.li (90 more) ..."}|0x2dc39e6a
17:17:43.0 (103259244)|VARIABLE_ASSIGNMENT|[EXTERNAL]|this|{"currentUser":"0x6943f680","isSAUser":false,"iTypeOfScreen":0,"urlReportsSFA":"https://au-portal.li (90 more) ..."}|0x2dc39e6a
17:17:43.0 (103272259)|HEAP_ALLOCATE|[101]|Bytes:5
17:17:43.0 (107785573)|SYSTEM_MODE_ENTER|true
17:17:43.0 (108764899)|SYSTEM_MODE_ENTER|true
17:17:43.0 (109754785)|VF_SERIALIZE_VIEWSTATE_BEGIN|0666F000006TarA
17:17:43.0 (113643763)|VF_SERIALIZE_VIEWSTATE_END
17:17:43.121 (121910309)|CUMULATIVE_LIMIT_USAGE
17:17:43.121 (121910309)|LIMIT_USAGE_FOR_NS|(default)|
  Number of SOQL queries: 5 out of 100
  Number of query rows: 5 out of 50000
  Number of SOSL queries: 0 out of 20
  Number of DML statements: 0 out of 150
  Number of DML rows: 0 out of 10000
  Maximum CPU time: 0 out of 10000
  Maximum heap size: 0 out of 6000000
  Number of callouts: 0 out of 100
  Number of Email Invocations: 0 out of 10
  Number of future calls: 0 out of 50
  Number of queueable jobs added to the queue: 0 out of 50
  Number of Mobile Apex push calls: 0 out of 10

17:17:43.121 (121910309)|CUMULATIVE_LIMIT_USAGE_END

17:17:43.0 (121959761)|CODE_UNIT_FINISHED|VF: /apex/auSwitchScreenPage
17:17:43.0 (122829440)|EXECUTION_FINISHED
